2019-08-20 21:05:32,962 : INFO : Machine : Mission Pinball Framework Core Engine v0.53.0-dev.52
2019-08-20 21:05:32,962 : INFO : Machine : Command line arguments: {'no_load_cache': False, 'create_config_cache': True, 'bcp': True, 'configfile': ['config.yaml'], 'mpfconfigfile': 'c:\\program files\\python36\\lib\\site-packages\\mpf\\mpfconfig.yaml', 'force_assets_load': False, 'jsonlogging': False, 'logfile': 'logs\\2019-08-20-21-05-32-mpf-LOLTH.log', 'pause': False, 'production': False, 'text_ui': True, 'loglevel': 15, 'consoleloglevel': 20, 'force_platform': 'smart_virtual', 'syslog_address': None, 'mc_file_name': None, 'no_sound': False}
2019-08-20 21:05:32,962 : INFO : Machine : MPF path: c:\program files\python36\lib\site-packages\mpf
2019-08-20 21:05:32,962 : INFO : Machine : Machine path: C:\Users\jgbcross\Desktop\github\WoW_Classic-Pinball
2019-08-20 21:05:32,962 : INFO : Machine : Platform: win32
2019-08-20 21:05:32,962 : INFO : Machine : Python executable location: c:\program files\python36\python.exe
2019-08-20 21:05:32,962 : INFO : Machine : Python version: 3.6.4 (64-bit)
2019-08-20 21:05:32,962 : INFO : Machine : Machine config file #1: config.yaml
2019-08-20 21:05:32,964 : INFO : ConfigProcessor : Loading config from cache: C:\Users\jgbcross\AppData\Local\Temp\b888024debe8f75c3226150033d0b8f8.mpf_cache
2019-08-20 21:05:32,966 : INFO : Machine : Initialise MPF.
2019-08-20 21:05:33,112 : INFO : EventManager : Event: ======'machine_var_credits_string'====== Args={'value': 'FREE PLAY', 'prev_value': None, 'change': True}
2019-08-20 21:05:33,136 : INFO : EventManager : Event: ======'machine_var_player1_score'====== Args={'value': 330, 'prev_value': None, 'change': True}
2019-08-20 21:05:33,136 : INFO : EventManager : Event: ======'machine_var_mpf_version'====== Args={'value': 'MPF v0.53.0-dev.52', 'prev_value': None, 'change': True}
2019-08-20 21:05:33,136 : INFO : EventManager : Event: ======'machine_var_mpf_extended_version'====== Args={'value': 'MPF v0.53.0-dev.52, Config version:5, Show version: 5, BCP version:1.1', 'prev_value': None, 'change': True}
2019-08-20 21:05:33,136 : INFO : EventManager : Event: ======'machine_var_python_version'====== Args={'value': '3.6.4', 'prev_value': None, 'change': True}
2019-08-20 21:05:33,136 : INFO : EventManager : Event: ======'machine_var_platform'====== Args={'value': 'Windows-10-10.0.18362-SP0', 'prev_value': None, 'change': True}
2019-08-20 21:05:33,137 : INFO : EventManager : Event: ======'machine_var_platform_system'====== Args={'value': 'Windows', 'prev_value': None, 'change': True}
2019-08-20 21:05:33,137 : INFO : EventManager : Event: ======'machine_var_platform_release'====== Args={'value': '10', 'prev_value': None, 'change': True}
2019-08-20 21:05:33,137 : INFO : EventManager : Event: ======'machine_var_platform_version'====== Args={'value': '10.0.18362', 'prev_value': None, 'change': True}
2019-08-20 21:05:33,137 : INFO : EventManager : Event: ======'machine_var_platform_machine'====== Args={'value': 'AMD64', 'prev_value': None, 'change': True}
2019-08-20 21:05:33,137 : INFO : EventManager : Event: ======'init_phase_1'====== Args={}
2019-08-20 21:05:33,157 : INFO : ConfigProcessor : Loading config from cache: C:\Users\jgbcross\AppData\Local\Temp\8e1a6a6e716428615d3205ffe45b9b4d.mpf_cache
2019-08-20 21:05:33,161 : INFO : ConfigProcessor : Loading config from cache: C:\Users\jgbcross\AppData\Local\Temp\c309900c81551d04caee6839600d76c5.mpf_cache
2019-08-20 21:05:33,163 : INFO : ConfigProcessor : Loading config from cache: C:\Users\jgbcross\AppData\Local\Temp\e140c0164a05ad5fcc304ee02ad77dad.mpf_cache
2019-08-20 21:05:33,165 : INFO : ConfigProcessor : Loading config from cache: C:\Users\jgbcross\AppData\Local\Temp\0d78f0fb76ce90413442c2b7a196c7da.mpf_cache
2019-08-20 21:05:33,167 : INFO : ConfigProcessor : Loading config from cache: C:\Users\jgbcross\AppData\Local\Temp\54ec261b09bad8c6580a7abaec866ef7.mpf_cache
2019-08-20 21:05:33,170 : INFO : ConfigProcessor : Loading config from cache: C:\Users\jgbcross\AppData\Local\Temp\c7ba1d60bed6701f21aa70c0b597f7ff.mpf_cache
2019-08-20 21:05:33,172 : WARNING : ConfigProcessor : Config file in cache changed: C:\Users\jgbcross\Desktop\github\WoW_Classic-Pinball\modes\super_gold_watchdog\config\super_gold_watchdog.yaml
2019-08-20 21:05:33,172 : INFO : ConfigProcessor : Loading config from file C:\Users\jgbcross\Desktop\github\WoW_Classic-Pinball\modes\super_gold_watchdog\config\super_gold_watchdog.yaml.
2019-08-20 21:05:33,178 : INFO : ConfigProcessor : Loading config: C:\Users\jgbcross\Desktop\github\WoW_Classic-Pinball\modes\super_gold_watchdog\config\super_gold_watchdog.yaml
2019-08-20 21:05:33,178 : INFO : ConfigProcessor : Config file cache created: C:\Users\jgbcross\AppData\Local\Temp\773e72d6711483bbecf425ac3ab79443.mpf_cache
2019-08-20 21:05:33,180 : INFO : ConfigProcessor : Loading config from cache: C:\Users\jgbcross\AppData\Local\Temp\3d1b8a74ec65a169731f17cfe06cf938.mpf_cache
2019-08-20 21:05:33,182 : INFO : ConfigProcessor : Loading config from cache: C:\Users\jgbcross\AppData\Local\Temp\f59debb651560443703eed438ef87128.mpf_cache
2019-08-20 21:05:33,221 : INFO : EventManager : Event: ======'init_phase_2'====== Args={}
2019-08-20 21:05:33,221 : INFO : SwitchController : Found active switch: ('8-32', <Platform.SmartVirtual>)
2019-08-20 21:05:33,222 : INFO : SwitchController : Found active switch: ('8-33', <Platform.SmartVirtual>)
2019-08-20 21:05:33,222 : INFO : SwitchController : Found active switch: ('8-34', <Platform.SmartVirtual>)
2019-08-20 21:05:33,222 : INFO : SwitchController : Found active switch: ('8-35', <Platform.SmartVirtual>)
2019-08-20 21:05:33,222 : INFO : SwitchController : Found active switch: ('8-36', <Platform.SmartVirtual>)
2019-08-20 21:05:33,222 : INFO : SwitchController : Found active switch: ('8-37', <Platform.SmartVirtual>)
2019-08-20 21:05:33,230 : INFO : EventManager : Event: ======'bcp_connection_attempt'====== Args={'name': 'local_display', 'host': 'localhost', 'port': 5050}
2019-08-20 21:05:33,231 : INFO : BCPClientSocket : Connecting BCP to 'local_display' at localhost:5050...
2019-08-20 21:05:35,243 : INFO : BCPClientSocket : Connected BCP to 'local_display' localhost:5050
2019-08-20 21:05:35,244 : INFO : EventManager : Event: ======'bcp_clients_connected'====== Args={}
2019-08-20 21:05:35,252 : INFO : EventManager : Event: ======'machine_var_master_volume'====== Args={'value': 0.5, 'prev_value': None, 'change': True}
2019-08-20 21:05:35,276 : INFO : EventManager : Event: ======'init_phase_3'====== Args={}
2019-08-20 21:05:35,277 : INFO : AssetManager : Registering Asset: super_gold_acheived, File: super_gold_acheived.yaml, Default Group: default, Final Config: {'load': 'preload', 'file': 'C:\\Users\\jgbcross\\Desktop\\github\\WoW_Classic-Pinball\\modes\\super_gold\\shows\\super_gold_acheived.yaml'}
2019-08-20 21:05:35,277 : INFO : AssetManager : Registering Asset: super_gold_started, File: super_gold_started.yaml, Default Group: default, Final Config: {'load': 'preload', 'file': 'C:\\Users\\jgbcross\\Desktop\\github\\WoW_Classic-Pinball\\modes\\super_gold\\shows\\super_gold_started.yaml'}
2019-08-20 21:05:35,277 : INFO : AssetManager : Registering Asset: attract_display_loop, File: attract_display_loop.yaml, Default Group: default, Final Config: {'load': 'preload', 'file': 'C:\\Users\\jgbcross\\Desktop\\github\\WoW_Classic-Pinball\\modes\\attract\\shows\\attract_display_loop.yaml'}
2019-08-20 21:05:35,278 : INFO : AssetManager : Registering Asset: attract_light_show, File: attract_light_show.yaml, Default Group: default, Final Config: {'load': 'preload', 'file': 'C:\\Users\\jgbcross\\Desktop\\github\\WoW_Classic-Pinball\\modes\\attract\\shows\\attract_light_show.yaml'}
2019-08-20 21:05:35,280 : INFO : ConfigProcessor : Loading config from cache: C:\Users\jgbcross\AppData\Local\Temp\7ea283a0c9db94b9910e856d2b83198c.mpf_cache
2019-08-20 21:05:35,280 : INFO : EventManager : Event: ======'loading_assets'====== Args={'total': 4, 'loaded': 1, 'remaining': 3, 'percent': 25}
2019-08-20 21:05:35,280 : INFO : AssetManager : Loading assets: 1/4 (25%)
2019-08-20 21:05:35,281 : INFO : ConfigProcessor : Loading config from cache: C:\Users\jgbcross\AppData\Local\Temp\52d6b6454cac10b256882698b3caa8c9.mpf_cache
2019-08-20 21:05:35,282 : INFO : ConfigProcessor : Loading config from cache: C:\Users\jgbcross\AppData\Local\Temp\49149998d6049df690f544dddbe8abef.mpf_cache
2019-08-20 21:05:35,287 : INFO : ConfigProcessor : Loading config from cache: C:\Users\jgbcross\AppData\Local\Temp\6b2572f3de420627f613d21597967d85.mpf_cache
2019-08-20 21:05:35,288 : INFO : EventManager : Event: ======'loading_assets'====== Args={'total': 4, 'loaded': 4, 'remaining': 0, 'percent': 100}
2019-08-20 21:05:35,288 : INFO : EventManager : Event: ======'asset_loading_complete'====== Args={}
2019-08-20 21:05:35,288 : INFO : AssetManager : Loading assets: 4/4 (100%)
2019-08-20 21:05:35,288 : INFO : EventManager : Event: ======'init_phase_4'====== Args={}
2019-08-20 21:05:35,293 : INFO : EventManager : Event: ======'machine_var_audits_events_game_ended'====== Args={'value': 1, 'prev_value': None, 'change': True}
2019-08-20 21:05:35,294 : INFO : EventManager : Event: ======'machine_var_audits_events_game_started'====== Args={'value': 16, 'prev_value': None, 'change': True}
2019-08-20 21:05:35,294 : INFO : EventManager : Event: ======'machine_var_audits_player_score'====== Args={'value': {'average': 330.0, 'top': [330], 'total': 1}, 'prev_value': None, 'change': True}
2019-08-20 21:05:35,294 : INFO : EventManager : Event: ======'machine_var_audits_shots_bumpers'====== Args={'value': 173, 'prev_value': None, 'change': True}
2019-08-20 21:05:35,294 : INFO : EventManager : Event: ======'machine_var_audits_shots_shot_left_return_lane_left'====== Args={'value': 1, 'prev_value': None, 'change': True}
2019-08-20 21:05:35,294 : INFO : EventManager : Event: ======'machine_var_audits_shots_shot_left_return_lane_right'====== Args={'value': 2, 'prev_value': None, 'change': True}
2019-08-20 21:05:35,295 : INFO : EventManager : Event: ======'machine_var_audits_shots_shot_quest_target_1'====== Args={'value': 5, 'prev_value': None, 'change': True}
2019-08-20 21:05:35,295 : INFO : EventManager : Event: ======'machine_var_audits_shots_shot_quest_target_2'====== Args={'value': 3, 'prev_value': None, 'change': True}
2019-08-20 21:05:35,295 : INFO : EventManager : Event: ======'machine_var_audits_shots_shot_quest_target_3'====== Args={'value': 3, 'prev_value': None, 'change': True}
2019-08-20 21:05:35,295 : INFO : EventManager : Event: ======'machine_var_audits_shots_shot_quest_target_4'====== Args={'value': 3, 'prev_value': None, 'change': True}
2019-08-20 21:05:35,295 : INFO : EventManager : Event: ======'machine_var_audits_shots_shot_quest_target_5'====== Args={'value': 3, 'prev_value': None, 'change': True}
2019-08-20 21:05:35,296 : INFO : EventManager : Event: ======'machine_var_audits_shots_shot_top_lane_left'====== Args={'value': 4, 'prev_value': None, 'change': True}
2019-08-20 21:05:35,296 : INFO : EventManager : Event: ======'machine_var_audits_shots_shot_top_lane_right'====== Args={'value': 7, 'prev_value': None, 'change': True}
2019-08-20 21:05:35,296 : INFO : EventManager : Event: ======'machine_var_audits_switches_s_ah_standup_target'====== Args={'value': 0, 'prev_value': None, 'change': True}
2019-08-20 21:05:35,296 : INFO : EventManager : Event: ======'machine_var_audits_switches_s_arena_motor_away'====== Args={'value': 0, 'prev_value': None, 'change': True}
2019-08-20 21:05:35,297 : INFO : EventManager : Event: ======'machine_var_audits_switches_s_arena_motor_home'====== Args={'value': 0, 'prev_value': None, 'change': True}
2019-08-20 21:05:35,297 : INFO : EventManager : Event: ======'machine_var_audits_switches_s_arena_opto'====== Args={'value': 0, 'prev_value': None, 'change': True}
2019-08-20 21:05:35,297 : INFO : EventManager : Event: ======'machine_var_audits_switches_s_arena_trough_1'====== Args={'value': 0, 'prev_value': None, 'change': True}
2019-08-20 21:05:35,297 : INFO : EventManager : Event: ======'machine_var_audits_switches_s_arena_trough_2'====== Args={'value': 0, 'prev_value': None, 'change': True}
2019-08-20 21:05:35,297 : INFO : EventManager : Event: ======'machine_var_audits_switches_s_arena_trough_3'====== Args={'value': 0, 'prev_value': None, 'change': True}
2019-08-20 21:05:35,298 : INFO : EventManager : Event: ======'machine_var_audits_switches_s_arena_trough_4'====== Args={'value': 0, 'prev_value': None, 'change': True}
2019-08-20 21:05:35,298 : INFO : EventManager : Event: ======'machine_var_audits_switches_s_bottom_pop_bumper'====== Args={'value': 74, 'prev_value': None, 'change': True}
2019-08-20 21:05:35,298 : INFO : EventManager : Event: ======'machine_var_audits_switches_s_center_coin'====== Args={'value': 0, 'prev_value': None, 'change': True}
2019-08-20 21:05:35,298 : INFO : EventManager : Event: ======'machine_var_audits_switches_s_center_drop_target'====== Args={'value': 0, 'prev_value': None, 'change': True}
2019-08-20 21:05:35,298 : INFO : EventManager : Event: ======'machine_var_audits_switches_s_kickback_opto'====== Args={'value': 0, 'prev_value': None, 'change': True}
2019-08-20 21:05:35,299 : INFO : EventManager : Event: ======'machine_var_audits_switches_s_left_coin'====== Args={'value': 0, 'prev_value': None, 'change': True}
2019-08-20 21:05:35,299 : INFO : EventManager : Event: ======'machine_var_audits_switches_s_left_flipper_button'====== Args={'value': 8, 'prev_value': None, 'change': True}
2019-08-20 21:05:35,299 : INFO : EventManager : Event: ======'machine_var_audits_switches_s_left_flipper_eos'====== Args={'value': 0, 'prev_value': None, 'change': True}
2019-08-20 21:05:35,299 : INFO : EventManager : Event: ======'machine_var_audits_switches_s_left_lane'====== Args={'value': 0, 'prev_value': None, 'change': True}
2019-08-20 21:05:35,299 : INFO : EventManager : Event: ======'machine_var_audits_switches_s_left_lane_target'====== Args={'value': 0, 'prev_value': None, 'change': True}
2019-08-20 21:05:35,299 : INFO : EventManager : Event: ======'machine_var_audits_switches_s_left_orbit'====== Args={'value': 0, 'prev_value': None, 'change': True}
2019-08-20 21:05:35,300 : INFO : EventManager : Event: ======'machine_var_audits_switches_s_left_outlane'====== Args={'value': 0, 'prev_value': None, 'change': True}
2019-08-20 21:05:35,300 : INFO : EventManager : Event: ======'machine_var_audits_switches_s_left_pop_bumper'====== Args={'value': 42, 'prev_value': None, 'change': True}
2019-08-20 21:05:35,300 : INFO : EventManager : Event: ======'machine_var_audits_switches_s_left_ramp_exit'====== Args={'value': 0, 'prev_value': None, 'change': True}
2019-08-20 21:05:35,300 : INFO : EventManager : Event: ======'machine_var_audits_switches_s_left_return_lane_left'====== Args={'value': 1, 'prev_value': None, 'change': True}
2019-08-20 21:05:35,300 : INFO : EventManager : Event: ======'machine_var_audits_switches_s_left_return_lane_right'====== Args={'value': 2, 'prev_value': None, 'change': True}
2019-08-20 21:05:35,301 : INFO : EventManager : Event: ======'machine_var_audits_switches_s_left_slingshot'====== Args={'value': 0, 'prev_value': None, 'change': True}
2019-08-20 21:05:35,301 : INFO : EventManager : Event: ======'machine_var_audits_switches_s_lockdown_button'====== Args={'value': 14, 'prev_value': None, 'change': True}
2019-08-20 21:05:35,301 : INFO : EventManager : Event: ======'machine_var_audits_switches_s_loot_target_bottom'====== Args={'value': 0, 'prev_value': None, 'change': True}
2019-08-20 21:05:35,301 : INFO : EventManager : Event: ======'machine_var_audits_switches_s_loot_target_top'====== Args={'value': 0, 'prev_value': None, 'change': True}
2019-08-20 21:05:35,301 : INFO : EventManager : Event: ======'machine_var_audits_switches_s_quest_target_1'====== Args={'value': 5, 'prev_value': None, 'change': True}
2019-08-20 21:05:35,302 : INFO : EventManager : Event: ======'machine_var_audits_switches_s_quest_target_2'====== Args={'value': 3, 'prev_value': None, 'change': True}
2019-08-20 21:05:35,302 : INFO : EventManager : Event: ======'machine_var_audits_switches_s_quest_target_3'====== Args={'value': 3, 'prev_value': None, 'change': True}
2019-08-20 21:05:35,302 : INFO : EventManager : Event: ======'machine_var_audits_switches_s_quest_target_4'====== Args={'value': 3, 'prev_value': None, 'change': True}
2019-08-20 21:05:35,302 : INFO : EventManager : Event: ======'machine_var_audits_switches_s_quest_target_5'====== Args={'value': 3, 'prev_value': None, 'change': True}
2019-08-20 21:05:35,303 : INFO : EventManager : Event: ======'machine_var_audits_switches_s_right_coin'====== Args={'value': 0, 'prev_value': None, 'change': True}
2019-08-20 21:05:35,303 : INFO : EventManager : Event: ======'machine_var_audits_switches_s_right_flipper_button'====== Args={'value': 6, 'prev_value': None, 'change': True}
2019-08-20 21:05:35,303 : INFO : EventManager : Event: ======'machine_var_audits_switches_s_right_flipper_eos'====== Args={'value': 0, 'prev_value': None, 'change': True}
2019-08-20 21:05:35,303 : INFO : EventManager : Event: ======'machine_var_audits_switches_s_right_orbit'====== Args={'value': 0, 'prev_value': None, 'change': True}
2019-08-20 21:05:35,303 : INFO : EventManager : Event: ======'machine_var_audits_switches_s_right_outlane'====== Args={'value': 0, 'prev_value': None, 'change': True}
2019-08-20 21:05:35,304 : INFO : EventManager : Event: ======'machine_var_audits_switches_s_right_pop_bumper'====== Args={'value': 57, 'prev_value': None, 'change': True}
2019-08-20 21:05:35,304 : INFO : EventManager : Event: ======'machine_var_audits_switches_s_right_ramp_exit'====== Args={'value': 0, 'prev_value': None, 'change': True}
2019-08-20 21:05:35,304 : INFO : EventManager : Event: ======'machine_var_audits_switches_s_right_return_lane'====== Args={'value': 0, 'prev_value': None, 'change': True}
2019-08-20 21:05:35,305 : INFO : EventManager : Event: ======'machine_var_audits_switches_s_right_scoop'====== Args={'value': 0, 'prev_value': None, 'change': True}
2019-08-20 21:05:35,305 : INFO : EventManager : Event: ======'machine_var_audits_switches_s_right_slingshot'====== Args={'value': 0, 'prev_value': None, 'change': True}
2019-08-20 21:05:35,305 : INFO : EventManager : Event: ======'machine_var_audits_switches_s_service_back'====== Args={'value': 0, 'prev_value': None, 'change': True}
2019-08-20 21:05:35,305 : INFO : EventManager : Event: ======'machine_var_audits_switches_s_service_minus'====== Args={'value': 0, 'prev_value': None, 'change': True}
2019-08-20 21:05:35,306 : INFO : EventManager : Event: ======'machine_var_audits_switches_s_service_plus'====== Args={'value': 0, 'prev_value': None, 'change': True}
2019-08-20 21:05:35,306 : INFO : EventManager : Event: ======'machine_var_audits_switches_s_service_select'====== Args={'value': 0, 'prev_value': None, 'change': True}
2019-08-20 21:05:35,306 : INFO : EventManager : Event: ======'machine_var_audits_switches_s_shooter_lane'====== Args={'value': 22, 'prev_value': None, 'change': True}
2019-08-20 21:05:35,306 : INFO : EventManager : Event: ======'machine_var_audits_switches_s_slam_tilt'====== Args={'value': 0, 'prev_value': None, 'change': True}
2019-08-20 21:05:35,307 : INFO : EventManager : Event: ======'machine_var_audits_switches_s_soulstone_target_left'====== Args={'value': 0, 'prev_value': None, 'change': True}
2019-08-20 21:05:35,307 : INFO : EventManager : Event: ======'machine_var_audits_switches_s_soulstone_target_right'====== Args={'value': 0, 'prev_value': None, 'change': True}
2019-08-20 21:05:35,307 : INFO : EventManager : Event: ======'machine_var_audits_switches_s_start_button'====== Args={'value': 0, 'prev_value': None, 'change': True}
2019-08-20 21:05:35,307 : INFO : EventManager : Event: ======'machine_var_audits_switches_s_tilt_pendulum'====== Args={'value': 0, 'prev_value': None, 'change': True}
2019-08-20 21:05:35,308 : INFO : EventManager : Event: ======'machine_var_audits_switches_s_top_lane_left'====== Args={'value': 4, 'prev_value': None, 'change': True}
2019-08-20 21:05:35,308 : INFO : EventManager : Event: ======'machine_var_audits_switches_s_top_lane_right'====== Args={'value': 7, 'prev_value': None, 'change': True}
2019-08-20 21:05:35,308 : INFO : EventManager : Event: ======'machine_var_audits_switches_s_tournament_start_button'====== Args={'value': 0, 'prev_value': None, 'change': True}
2019-08-20 21:05:35,308 : INFO : EventManager : Event: ======'machine_var_audits_switches_s_trough_1'====== Args={'value': 8, 'prev_value': None, 'change': True}
2019-08-20 21:05:35,309 : INFO : EventManager : Event: ======'machine_var_audits_switches_s_trough_2'====== Args={'value': 0, 'prev_value': None, 'change': True}
2019-08-20 21:05:35,309 : INFO : EventManager : Event: ======'machine_var_audits_switches_s_trough_3'====== Args={'value': 0, 'prev_value': None, 'change': True}
2019-08-20 21:05:35,310 : INFO : EventManager : Event: ======'machine_var_audits_switches_s_trough_4'====== Args={'value': 0, 'prev_value': None, 'change': True}
2019-08-20 21:05:35,310 : INFO : EventManager : Event: ======'machine_var_audits_switches_s_trough_5'====== Args={'value': 0, 'prev_value': None, 'change': True}
2019-08-20 21:05:35,310 : INFO : EventManager : Event: ======'machine_var_audits_switches_s_trough_6'====== Args={'value': 0, 'prev_value': None, 'change': True}
2019-08-20 21:05:35,310 : INFO : EventManager : Event: ======'machine_var_audits_switches_s_trough_jam'====== Args={'value': 0, 'prev_value': None, 'change': True}
2019-08-20 21:05:35,311 : INFO : EventManager : Event: ======'init_phase_5'====== Args={}
2019-08-20 21:05:35,322 : INFO : EventManager : Event: ======'init_done'====== Args={}
2019-08-20 21:05:35,323 : INFO : EventManager : Event: ======'machine_reset_phase_1'====== Args={}
2019-08-20 21:05:35,334 : INFO : EventManager : Event: ======'machine_reset_phase_2'====== Args={}
2019-08-20 21:05:35,334 : INFO : EventManager : Event: ======'machine_reset_phase_3'====== Args={}
2019-08-20 21:05:35,334 : INFO : EventManager : Event: ======'mode_tilt_will_start'====== Args={'queue': <QueuedEvent>}
2019-08-20 21:05:35,335 : INFO : EventManager : Event: ======'mode_tilt_starting'====== Args={'queue': <QueuedEvent>}
2019-08-20 21:05:35,335 : INFO : Mode.tilt : Started. Priority: 1000000
2019-08-20 21:05:35,335 : INFO : EventManager : Event: ======'mode_tilt_started'====== Args={'queue': <QueuedEvent>}
2019-08-20 21:05:35,335 : INFO : EventManager : Event: ======'reset_complete'====== Args={}
2019-08-20 21:05:35,336 : INFO : EventManager : Event: ======'mode_attract_will_start'====== Args={}
2019-08-20 21:05:35,336 : INFO : EventManager : Event: ======'mode_attract_starting'====== Args={}
2019-08-20 21:05:35,336 : INFO : Mode.attract : Started. Priority: 10
2019-08-20 21:05:35,336 : INFO : EventManager : Event: ======'mode_attract_started'====== Args={}
2019-08-20 21:05:35,337 : INFO : EventManager : Event: ======'collecting_balls_complete'====== Args={}
2019-08-20 21:05:35,351 : INFO : Machine : Starting the main run loop.
2019-08-20 21:05:35,353 : INFO : EventManager : Event: ======'slide_press_start_created'====== Args={'_from_bcp': True}
2019-08-20 21:05:35,357 : INFO : EventManager : Event: ======'slide_press_start_active'====== Args={'_from_bcp': True}
2019-08-20 21:05:35,530 : INFO : BcpServer : New client connected.
2019-08-20 21:05:38,335 : INFO : EventManager : Event: ======'slide_last_game_score_slide_created'====== Args={'_from_bcp': True}
2019-08-20 21:05:38,346 : INFO : EventManager : Event: ======'slide_last_game_score_slide_active'====== Args={'_from_bcp': True}
2019-08-20 21:05:39,560 : INFO : SwitchController : <<<<<<< 's_start_button' active >>>>>>>
2019-08-20 21:05:40,621 : INFO : SwitchController : <<<<<<< 's_start_button' inactive >>>>>>>
2019-08-20 21:05:40,621 : INFO : EventManager : Event: ======'request_to_start_game'====== Args={}
2019-08-20 21:05:40,622 : INFO : EventManager : Event: ======'game_start'====== Args={'buttons': [], 'hold_time': 1.062999999994645}
2019-08-20 21:05:40,622 : INFO : EventManager : Event: ======'mode_game_will_start'====== Args={'buttons': [], 'hold_time': 1.062999999994645}
2019-08-20 21:05:40,622 : INFO : EventManager : Event: ======'mode_game_starting'====== Args={'buttons': [], 'hold_time': 1.062999999994645}
2019-08-20 21:05:40,623 : INFO : EventManager : Event: ======'mode_attract_will_stop'====== Args={}
2019-08-20 21:05:40,623 : INFO : EventManager : Event: ======'mode_attract_stopping'====== Args={}
2019-08-20 21:05:40,623 : INFO : Mode.attract : Stopped.
2019-08-20 21:05:40,623 : INFO : EventManager : Event: ======'mode_attract_stopped'====== Args={}
2019-08-20 21:05:40,623 : INFO : EventManager : Event: ======'clear'====== Args={'key': 'attract'}
2019-08-20 21:05:40,624 : INFO : Mode.game : Started. Priority: 20
2019-08-20 21:05:40,624 : INFO : EventManager : Event: ======'mode_game_started'====== Args={'buttons': [], 'hold_time': 1.062999999994645}
2019-08-20 21:05:40,631 : INFO : EventManager : Event: ======'game_will_start'====== Args={}
2019-08-20 21:05:40,632 : INFO : EventManager : Event: ======'game_starting'====== Args={'game': <Mode.game>}
2019-08-20 21:05:40,632 : INFO : EventManager : Event: ======'player_add_request'====== Args={}
2019-08-20 21:05:40,632 : INFO : EventManager : Event: ======'player_will_add'====== Args={'number': 1}
2019-08-20 21:05:40,633 : INFO : EventManager : Event: ======'player_adding'====== Args={'player': <Player 1>, 'number': 1}
2019-08-20 21:05:40,633 : INFO : EventManager : Event: ======'player_added'====== Args={'player': <Player 1>, 'num': 1}
2019-08-20 21:05:40,633 : INFO : Mode.game : Player added successfully. Total players: 1
2019-08-20 21:05:40,633 : INFO : EventManager : Event: ======'player_index'====== Args={'value': 0, 'prev_value': 0, 'change': 0, 'player_num': 1}
2019-08-20 21:05:40,633 : INFO : EventManager : Event: ======'player_number'====== Args={'value': 1, 'prev_value': 1, 'change': 0, 'player_num': 1}
2019-08-20 21:05:40,634 : INFO : EventManager : Event: ======'player_gold'====== Args={'value': 0, 'prev_value': 0, 'change': 0, 'player_num': 1}
2019-08-20 21:05:40,634 : INFO : EventManager : Event: ======'player_super_gold_acheived'====== Args={'value': 0, 'prev_value': 0, 'change': 0, 'player_num': 1}
2019-08-20 21:05:40,634 : INFO : EventManager : Event: ======'player_reputation'====== Args={'value': 0, 'prev_value': 0, 'change': 0, 'player_num': 1}
2019-08-20 21:05:40,634 : INFO : EventManager : Event: ======'player_rep_multiplier'====== Args={'value': 1.0, 'prev_value': 1.0, 'change': 0, 'player_num': 1}
2019-08-20 21:05:40,634 : INFO : EventManager : Event: ======'player_pvp_lanes_completed'====== Args={'value': 0, 'prev_value': 0, 'change': 0, 'player_num': 1}
2019-08-20 21:05:40,635 : INFO : EventManager : Event: ======'player_xp_lanes_completed'====== Args={'value': 0, 'prev_value': 0, 'change': 0, 'player_num': 1}
2019-08-20 21:05:40,635 : INFO : EventManager : Event: ======'player_quest_targets_completed'====== Args={'value': 0, 'prev_value': 0, 'change': 0, 'player_num': 1}
2019-08-20 21:05:40,635 : INFO : EventManager : Event: ======'player_score'====== Args={'value': 0, 'prev_value': 0, 'change': 0, 'player_num': 1}
2019-08-20 21:05:40,636 : INFO : EventManager : Event: ======'game_started'====== Args={}
2019-08-20 21:05:40,648 : INFO : EventManager : Event: ======'player_turn_will_start'====== Args={'player': <Player 1>, 'number': 1}
2019-08-20 21:05:40,653 : INFO : EventManager : Event: ======'slide_press_start_removed'====== Args={'_from_bcp': True}
2019-08-20 21:05:40,653 : INFO : EventManager : Event: ======'slide_last_game_score_slide_removed'====== Args={'_from_bcp': True}
2019-08-20 21:05:40,653 : INFO : EventManager : Event: ======'slide_window_blank_active'====== Args={'_from_bcp': True}
2019-08-20 21:05:40,654 : INFO : EventManager : Event: ======'player_turn_starting'====== Args={'player': <Player 1>, 'number': 1}
2019-08-20 21:05:40,655 : INFO : EventManager : Event: ======'player_ball'====== Args={'value': 1, 'prev_value': 0, 'change': 1, 'player_num': 1}
2019-08-20 21:05:40,655 : INFO : EventManager : Event: ======'player_turn_started'====== Args={'player': <Player 1>, 'number': 1}
2019-08-20 21:05:40,655 : INFO : EventManager : Event: ======'ball_will_start'====== Args={'player': 1, 'ball': 1, 'balls_remaining': 2, 'is_extra_ball': False}
2019-08-20 21:05:40,662 : INFO : EventManager : Event: ======'ball_starting'====== Args={'player': 1, 'ball': 1, 'balls_remaining': 2, 'is_extra_ball': False}
2019-08-20 21:05:40,663 : INFO : EventManager : Event: ======'mode_xp_lanes_watchdog_will_start'====== Args={'queue': <QueuedEvent>, 'player': 1, 'ball': 1, 'balls_remaining': 2, 'is_extra_ball': False}
2019-08-20 21:05:40,663 : INFO : EventManager : Event: ======'player_shot_shot_top_lane_left_enabled'====== Args={'value': True, 'prev_value': 0, 'change': 1, 'player_num': 1}
2019-08-20 21:05:40,664 : INFO : EventManager : Event: ======'player_shot_shot_top_lane_right_enabled'====== Args={'value': True, 'prev_value': 0, 'change': 1, 'player_num': 1}
2019-08-20 21:05:40,664 : INFO : EventManager : Event: ======'sg_xp_lanes_complete'====== Args={'state': 'unlit'}
2019-08-20 21:05:40,665 : INFO : EventManager : Event: ======'sg_xp_lanes_unlit_complete'====== Args={}
2019-08-20 21:05:40,666 : INFO : EventManager : Event: ======'mode_xp_lanes_watchdog_starting'====== Args={'queue': <QueuedEvent>, 'player': 1, 'ball': 1, 'balls_remaining': 2, 'is_extra_ball': False}
2019-08-20 21:05:40,666 : INFO : EventManager : Event: ======'mode_pvp_lanes_watchdog_will_start'====== Args={'queue': <QueuedEvent>, 'player': 1, 'ball': 1, 'balls_remaining': 2, 'is_extra_ball': False}
2019-08-20 21:05:40,666 : INFO : EventManager : Event: ======'player_shot_shot_left_return_lane_left_enabled'====== Args={'value': True, 'prev_value': 0, 'change': 1, 'player_num': 1}
2019-08-20 21:05:40,666 : INFO : EventManager : Event: ======'player_shot_shot_left_return_lane_right_enabled'====== Args={'value': True, 'prev_value': 0, 'change': 1, 'player_num': 1}
2019-08-20 21:05:40,667 : INFO : EventManager : Event: ======'player_shot_shot_right_return_lane_enabled'====== Args={'value': True, 'prev_value': 0, 'change': 1, 'player_num': 1}
2019-08-20 21:05:40,667 : INFO : EventManager : Event: ======'sg_pvp_lanes_complete'====== Args={'state': 'unlit'}
2019-08-20 21:05:40,667 : INFO : EventManager : Event: ======'sg_pvp_lanes_unlit_complete'====== Args={}
2019-08-20 21:05:40,668 : INFO : EventManager : Event: ======'mode_pvp_lanes_watchdog_starting'====== Args={'queue': <QueuedEvent>, 'player': 1, 'ball': 1, 'balls_remaining': 2, 'is_extra_ball': False}
2019-08-20 21:05:40,669 : INFO : EventManager : Event: ======'mode_quest_targets_watchdog_will_start'====== Args={'queue': <QueuedEvent>, 'player': 1, 'ball': 1, 'balls_remaining': 2, 'is_extra_ball': False}
2019-08-20 21:05:40,669 : INFO : EventManager : Event: ======'player_shot_shot_quest_target_1_enabled'====== Args={'value': True, 'prev_value': 0, 'change': 1, 'player_num': 1}
2019-08-20 21:05:40,669 : INFO : EventManager : Event: ======'player_shot_shot_quest_target_2_enabled'====== Args={'value': True, 'prev_value': 0, 'change': 1, 'player_num': 1}
2019-08-20 21:05:40,670 : INFO : EventManager : Event: ======'player_shot_shot_quest_target_3_enabled'====== Args={'value': True, 'prev_value': 0, 'change': 1, 'player_num': 1}
2019-08-20 21:05:40,670 : INFO : EventManager : Event: ======'player_shot_shot_quest_target_4_enabled'====== Args={'value': True, 'prev_value': 0, 'change': 1, 'player_num': 1}
2019-08-20 21:05:40,671 : INFO : EventManager : Event: ======'player_shot_shot_quest_target_5_enabled'====== Args={'value': True, 'prev_value': 0, 'change': 1, 'player_num': 1}
2019-08-20 21:05:40,671 : INFO : EventManager : Event: ======'sg_quest_targets_complete'====== Args={'state': 'unlit'}
2019-08-20 21:05:40,672 : INFO : EventManager : Event: ======'sg_quest_targets_unlit_complete'====== Args={}
2019-08-20 21:05:40,672 : INFO : EventManager : Event: ======'mode_quest_targets_watchdog_starting'====== Args={'queue': <QueuedEvent>, 'player': 1, 'ball': 1, 'balls_remaining': 2, 'is_extra_ball': False}
2019-08-20 21:05:40,673 : INFO : EventManager : Event: ======'mode_super_gold_watchdog_will_start'====== Args={'queue': <QueuedEvent>, 'player': 1, 'ball': 1, 'balls_remaining': 2, 'is_extra_ball': False}
2019-08-20 21:05:40,673 : INFO : EventManager : Event: ======'player_shot_bumpers_enabled'====== Args={'value': True, 'prev_value': 0, 'change': 1, 'player_num': 1}
2019-08-20 21:05:40,674 : INFO : EventManager : Event: ======'mode_super_gold_watchdog_starting'====== Args={'queue': <QueuedEvent>, 'player': 1, 'ball': 1, 'balls_remaining': 2, 'is_extra_ball': False}
2019-08-20 21:05:40,674 : INFO : EventManager : Event: ======'mode_base_will_start'====== Args={'queue': <QueuedEvent>, 'player': 1, 'ball': 1, 'balls_remaining': 2, 'is_extra_ball': False}
2019-08-20 21:05:40,674 : INFO : EventManager : Event: ======'mode_base_starting'====== Args={'queue': <QueuedEvent>, 'player': 1, 'ball': 1, 'balls_remaining': 2, 'is_extra_ball': False}
2019-08-20 21:05:40,675 : INFO : Mode.base : Started. Priority: 100
2019-08-20 21:05:40,675 : INFO : EventManager : Event: ======'mode_base_started'====== Args={'queue': <QueuedEvent>, 'player': 1, 'ball': 1, 'balls_remaining': 2, 'is_extra_ball': False}
2019-08-20 21:05:40,675 : INFO : Mode.quest_targets_watchdog : Started. Priority: 200
2019-08-20 21:05:40,675 : INFO : EventManager : Event: ======'mode_quest_targets_watchdog_started'====== Args={'queue': <QueuedEvent>, 'player': 1, 'ball': 1, 'balls_remaining': 2, 'is_extra_ball': False}
2019-08-20 21:05:40,676 : INFO : Mode.pvp_lanes_watchdog : Started. Priority: 200
2019-08-20 21:05:40,676 : INFO : EventManager : Event: ======'mode_pvp_lanes_watchdog_started'====== Args={'queue': <QueuedEvent>, 'player': 1, 'ball': 1, 'balls_remaining': 2, 'is_extra_ball': False}
2019-08-20 21:05:40,676 : INFO : Mode.xp_lanes_watchdog : Started. Priority: 200
2019-08-20 21:05:40,676 : INFO : EventManager : Event: ======'mode_xp_lanes_watchdog_started'====== Args={'queue': <QueuedEvent>, 'player': 1, 'ball': 1, 'balls_remaining': 2, 'is_extra_ball': False}
2019-08-20 21:05:40,676 : INFO : EventManager : Event: ======'balls_in_play'====== Args={'balls': 1}
2019-08-20 21:05:40,677 : INFO : EventManager : Event: ======'ball_started'====== Args={'player': 1, 'ball': 1, 'balls_remaining': 2, 'is_extra_ball': False}
2019-08-20 21:05:40,677 : INFO : EventManager : Event: ======'logicblock_lb_bumpers_count_updated'====== Args={'value': 0, 'enabled': True}
2019-08-20 21:05:40,677 : INFO : EventManager : Event: ======'logicblock_lb_bumpers_count_updated'====== Args={'value': 0, 'enabled': True}
2019-08-20 21:05:40,677 : INFO : EventManager : Event: ======'logicblock_lb_bumpers_resume_updated'====== Args={'value': 0, 'enabled': False}
2019-08-20 21:05:40,677 : INFO : Mode.super_gold_watchdog : Started. Priority: 200
2019-08-20 21:05:40,677 : INFO : EventManager : Event: ======'mode_super_gold_watchdog_started'====== Args={'queue': <QueuedEvent>, 'player': 1, 'ball': 1, 'balls_remaining': 2, 'is_extra_ball': False}
2019-08-20 21:05:40,700 : INFO : EventManager : Event: ======'single_player_ball_started'====== Args={}
2019-08-20 21:05:40,701 : INFO : EventManager : Event: ======'slide_base.slide_player-mode_base_started_created'====== Args={'_from_bcp': True}
2019-08-20 21:05:40,701 : INFO : EventManager : Event: ======'slide_base.slide_player-mode_base_started_active'====== Args={'_from_bcp': True}
2019-08-20 21:05:40,701 : INFO : EventManager : Event: ======'balldevice_balls_available'====== Args={}
2019-08-20 21:05:40,702 : INFO : EventManager : Event: ======'balldevice_bd_trough_ball_eject_attempt'====== Args={'balls': 1, 'target': <ball_device.bd_plunger>, 'source': <ball_device.bd_trough>, 'mechanical_eject': True, 'num_attempts': 0}
2019-08-20 21:05:40,703 : INFO : ball_device.bd_trough : Ejecting ball to <ball_device.bd_plunger>
2019-08-20 21:05:40,703 : INFO : EventManager : Event: ======'balldevice_bd_trough_ejecting_ball'====== Args={'balls': 1, 'target': <ball_device.bd_plunger>, 'source': <ball_device.bd_trough>, 'mechanical_eject': True, 'num_attempts': 0}
2019-08-20 21:05:40,703 : INFO : coil.c_trough_eject : Pulsing Driver for 20ms (1.0 pulse_power)
2019-08-20 21:05:40,704 : INFO : SwitchController : <<<<<<< 's_trough_1' inactive >>>>>>>
2019-08-20 21:05:40,793 : INFO : SwitchController : <<<<<<< 's_shooter_lane' active >>>>>>>
2019-08-20 21:05:40,793 : INFO : EventManager : Event: ======'machine_var_audits_switches_s_shooter_lane'====== Args={'value': 23, 'prev_value': 22, 'change': 1}
2019-08-20 21:05:41,295 : INFO : EventManager : Event: ======'balldevice_bd_plunger_ball_enter'====== Args={'new_balls': 1, 'unclaimed_balls': 0, 'new_available_balls': 0, 'device': <ball_device.bd_plunger>}
2019-08-20 21:05:41,295 : INFO : EventManager : Event: ======'balldevice_bd_plunger_ball_entered'====== Args={'new_balls': 0, 'device': <ball_device.bd_plunger>}
2019-08-20 21:05:41,296 : INFO : EventManager : Event: ======'balldevice_bd_plunger_ball_count_changed'====== Args={'balls': 1}
2019-08-20 21:05:41,296 : INFO : EventManager : Event: ======'balldevice_bd_trough_ball_eject_success'====== Args={'balls': 1, 'target': <ball_device.bd_plunger>}
2019-08-20 21:05:41,296 : INFO : EventManager : Event: ======'balldevice_bd_trough_ball_count_changed'====== Args={'balls': 5}
2019-08-20 21:05:41,296 : INFO : EventManager : Event: ======'balldevice_bd_plunger_ball_eject_attempt'====== Args={'balls': 1, 'target': <playfield.playfield>, 'source': <ball_device.bd_plunger>, 'mechanical_eject': True, 'num_attempts': 0}
2019-08-20 21:05:41,297 : INFO : ball_device.bd_plunger : Ejecting ball to <playfield.playfield>
2019-08-20 21:05:41,297 : INFO : EventManager : Event: ======'balldevice_bd_plunger_ejecting_ball'====== Args={'balls': 1, 'target': <playfield.playfield>, 'source': <ball_device.bd_plunger>, 'mechanical_eject': True, 'num_attempts': 0}
2019-08-20 21:05:47,868 : INFO : SwitchController : <<<<<<< 's_lockdown_button' active >>>>>>>
2019-08-20 21:05:47,869 : INFO : EventManager : Event: ======'s_lockdown_button_active'====== Args={}
2019-08-20 21:05:47,869 : INFO : EventManager : Event: ======'machine_var_audits_switches_s_lockdown_button'====== Args={'value': 15, 'prev_value': 14, 'change': 1}
2019-08-20 21:05:47,878 : INFO : coil.c_auto_plunger : Pulsing Driver for 20ms (1.0 pulse_power)
2019-08-20 21:05:47,883 : INFO : SwitchController : <<<<<<< 's_shooter_lane' inactive >>>>>>>
2019-08-20 21:05:48,884 : INFO : SwitchController : <<<<<<< 's_lockdown_button' inactive >>>>>>>
2019-08-20 21:05:50,978 : INFO : EventManager : Event: ======'balldevice_bd_plunger_ball_eject_success'====== Args={'balls': 1, 'target': <playfield.playfield>}
2019-08-20 21:05:50,978 : INFO : EventManager : Event: ======'balldevice_playfield_ball_enter'====== Args={'new_balls': 1, 'unclaimed_balls': 1, 'device': <playfield.playfield>}
2019-08-20 21:05:50,978 : INFO : EventManager : Event: ======'playfield_ball_count_change'====== Args={'balls': 1, 'change': 1}
2019-08-20 21:05:50,979 : INFO : EventManager : Event: ======'balldevice_bd_plunger_ball_count_changed'====== Args={'balls': 0}
2019-08-20 21:05:53,052 : INFO : SwitchController : <<<<<<< 's_left_pop_bumper' active >>>>>>>
2019-08-20 21:05:53,052 : INFO : EventManager : Event: ======'s_left_pop_bumper_active'====== Args={}
2019-08-20 21:05:53,053 : INFO : EventManager : Event: ======'machine_var_audits_switches_s_left_pop_bumper'====== Args={'value': 43, 'prev_value': 42, 'change': 1}
2019-08-20 21:05:53,054 : INFO : EventManager : Event: ======'player_shot_bumpers'====== Args={'value': 1, 'prev_value': 0, 'change': 1, 'player_num': 1}
2019-08-20 21:05:53,054 : INFO : EventManager : Event: ======'machine_var_audits_shots_bumpers'====== Args={'value': 174, 'prev_value': 173, 'change': 1}
2019-08-20 21:05:53,060 : INFO : EventManager : Event: ======'bumpers_hit'====== Args={'profile': 'default', 'state': 'unlit', 'advancing': True}
2019-08-20 21:05:53,061 : INFO : EventManager : Event: ======'bumpers_default_hit'====== Args={'profile': 'default', 'state': 'unlit', 'advancing': True}
2019-08-20 21:05:53,061 : INFO : EventManager : Event: ======'bumpers_default_unlit_hit'====== Args={'profile': 'default', 'state': 'unlit', 'advancing': True}
2019-08-20 21:05:53,062 : INFO : EventManager : Event: ======'bumpers_unlit_hit'====== Args={'profile': 'default', 'state': 'unlit', 'advancing': True}
2019-08-20 21:05:53,062 : INFO : EventManager : Event: ======'logicblock_lb_bumpers_count_updated'====== Args={'value': 1, 'enabled': True}
2019-08-20 21:05:53,062 : INFO : EventManager : Event: ======'counter_lb_bumpers_count_hit'====== Args={'count': 1, 'remaining': 9}
2019-08-20 21:05:53,062 : INFO : EventManager : Event: ======'logicblock_lb_bumpers_count_hit'====== Args={'count': 1, 'remaining': 9}
2019-08-20 21:05:53,063 : INFO : EventManager : Event: ======'player_gold'====== Args={'value': 10, 'prev_value': 0, 'change': 10, 'player_num': 1}
2019-08-20 21:05:53,063 : INFO : EventManager : Event: ======'player_score'====== Args={'value': 10, 'prev_value': 0, 'change': 10, 'player_num': 1}
2019-08-20 21:05:53,159 : INFO : SwitchController : <<<<<<< 's_left_pop_bumper' inactive >>>>>>>
2019-08-20 21:05:54,069 : INFO : SwitchController : <<<<<<< 's_left_pop_bumper' active >>>>>>>
2019-08-20 21:05:54,069 : INFO : EventManager : Event: ======'s_left_pop_bumper_active'====== Args={}
2019-08-20 21:05:54,069 : INFO : EventManager : Event: ======'machine_var_audits_switches_s_left_pop_bumper'====== Args={'value': 44, 'prev_value': 43, 'change': 1}
2019-08-20 21:05:54,070 : INFO : EventManager : Event: ======'machine_var_audits_shots_bumpers'====== Args={'value': 175, 'prev_value': 174, 'change': 1}
2019-08-20 21:05:54,071 : INFO : EventManager : Event: ======'bumpers_hit'====== Args={'profile': 'default', 'state': 'lit', 'advancing': False}
2019-08-20 21:05:54,071 : INFO : EventManager : Event: ======'bumpers_default_hit'====== Args={'profile': 'default', 'state': 'lit', 'advancing': False}
2019-08-20 21:05:54,071 : INFO : EventManager : Event: ======'bumpers_default_lit_hit'====== Args={'profile': 'default', 'state': 'lit', 'advancing': False}
2019-08-20 21:05:54,071 : INFO : EventManager : Event: ======'bumpers_lit_hit'====== Args={'profile': 'default', 'state': 'lit', 'advancing': False}
2019-08-20 21:05:54,071 : INFO : EventManager : Event: ======'logicblock_lb_bumpers_count_updated'====== Args={'value': 2, 'enabled': True}
2019-08-20 21:05:54,071 : INFO : EventManager : Event: ======'counter_lb_bumpers_count_hit'====== Args={'count': 2, 'remaining': 8}
2019-08-20 21:05:54,071 : INFO : EventManager : Event: ======'logicblock_lb_bumpers_count_hit'====== Args={'count': 2, 'remaining': 8}
2019-08-20 21:05:54,072 : INFO : EventManager : Event: ======'player_gold'====== Args={'value': 20, 'prev_value': 10, 'change': 10, 'player_num': 1}
2019-08-20 21:05:54,072 : INFO : EventManager : Event: ======'player_score'====== Args={'value': 20, 'prev_value': 10, 'change': 10, 'player_num': 1}
2019-08-20 21:05:54,151 : INFO : SwitchController : <<<<<<< 's_left_pop_bumper' inactive >>>>>>>
2019-08-20 21:05:54,554 : INFO : SwitchController : <<<<<<< 's_left_pop_bumper' active >>>>>>>
2019-08-20 21:05:54,554 : INFO : EventManager : Event: ======'s_left_pop_bumper_active'====== Args={}
2019-08-20 21:05:54,554 : INFO : EventManager : Event: ======'machine_var_audits_switches_s_left_pop_bumper'====== Args={'value': 45, 'prev_value': 44, 'change': 1}
2019-08-20 21:05:54,555 : INFO : EventManager : Event: ======'machine_var_audits_shots_bumpers'====== Args={'value': 176, 'prev_value': 175, 'change': 1}
2019-08-20 21:05:54,555 : INFO : EventManager : Event: ======'bumpers_hit'====== Args={'profile': 'default', 'state': 'lit', 'advancing': False}
2019-08-20 21:05:54,555 : INFO : EventManager : Event: ======'bumpers_default_hit'====== Args={'profile': 'default', 'state': 'lit', 'advancing': False}
2019-08-20 21:05:54,555 : INFO : EventManager : Event: ======'bumpers_default_lit_hit'====== Args={'profile': 'default', 'state': 'lit', 'advancing': False}
2019-08-20 21:05:54,555 : INFO : EventManager : Event: ======'bumpers_lit_hit'====== Args={'profile': 'default', 'state': 'lit', 'advancing': False}
2019-08-20 21:05:54,555 : INFO : EventManager : Event: ======'logicblock_lb_bumpers_count_updated'====== Args={'value': 3, 'enabled': True}
2019-08-20 21:05:54,556 : INFO : EventManager : Event: ======'counter_lb_bumpers_count_hit'====== Args={'count': 3, 'remaining': 7}
2019-08-20 21:05:54,556 : INFO : EventManager : Event: ======'logicblock_lb_bumpers_count_hit'====== Args={'count': 3, 'remaining': 7}
2019-08-20 21:05:54,556 : INFO : EventManager : Event: ======'player_gold'====== Args={'value': 30, 'prev_value': 20, 'change': 10, 'player_num': 1}
2019-08-20 21:05:54,556 : INFO : EventManager : Event: ======'player_score'====== Args={'value': 30, 'prev_value': 20, 'change': 10, 'player_num': 1}
2019-08-20 21:05:54,632 : INFO : SwitchController : <<<<<<< 's_left_pop_bumper' inactive >>>>>>>
2019-08-20 21:05:55,251 : INFO : SwitchController : <<<<<<< 's_left_pop_bumper' active >>>>>>>
2019-08-20 21:05:55,251 : INFO : EventManager : Event: ======'s_left_pop_bumper_active'====== Args={}
2019-08-20 21:05:55,251 : INFO : EventManager : Event: ======'machine_var_audits_switches_s_left_pop_bumper'====== Args={'value': 46, 'prev_value': 45, 'change': 1}
2019-08-20 21:05:55,252 : INFO : EventManager : Event: ======'machine_var_audits_shots_bumpers'====== Args={'value': 177, 'prev_value': 176, 'change': 1}
2019-08-20 21:05:55,252 : INFO : EventManager : Event: ======'bumpers_hit'====== Args={'profile': 'default', 'state': 'lit', 'advancing': False}
2019-08-20 21:05:55,252 : INFO : EventManager : Event: ======'bumpers_default_hit'====== Args={'profile': 'default', 'state': 'lit', 'advancing': False}
2019-08-20 21:05:55,252 : INFO : EventManager : Event: ======'bumpers_default_lit_hit'====== Args={'profile': 'default', 'state': 'lit', 'advancing': False}
2019-08-20 21:05:55,252 : INFO : EventManager : Event: ======'bumpers_lit_hit'====== Args={'profile': 'default', 'state': 'lit', 'advancing': False}
2019-08-20 21:05:55,253 : INFO : EventManager : Event: ======'logicblock_lb_bumpers_count_updated'====== Args={'value': 4, 'enabled': True}
2019-08-20 21:05:55,253 : INFO : EventManager : Event: ======'counter_lb_bumpers_count_hit'====== Args={'count': 4, 'remaining': 6}
2019-08-20 21:05:55,253 : INFO : EventManager : Event: ======'logicblock_lb_bumpers_count_hit'====== Args={'count': 4, 'remaining': 6}
2019-08-20 21:05:55,253 : INFO : EventManager : Event: ======'player_gold'====== Args={'value': 40, 'prev_value': 30, 'change': 10, 'player_num': 1}
2019-08-20 21:05:55,253 : INFO : EventManager : Event: ======'player_score'====== Args={'value': 40, 'prev_value': 30, 'change': 10, 'player_num': 1}
2019-08-20 21:05:55,363 : INFO : SwitchController : <<<<<<< 's_left_pop_bumper' inactive >>>>>>>
2019-08-20 21:05:55,491 : INFO : SwitchController : <<<<<<< 's_left_pop_bumper' active >>>>>>>
2019-08-20 21:05:55,492 : INFO : EventManager : Event: ======'s_left_pop_bumper_active'====== Args={}
2019-08-20 21:05:55,493 : INFO : EventManager : Event: ======'machine_var_audits_switches_s_left_pop_bumper'====== Args={'value': 47, 'prev_value': 46, 'change': 1}
2019-08-20 21:05:55,496 : INFO : EventManager : Event: ======'machine_var_audits_shots_bumpers'====== Args={'value': 178, 'prev_value': 177, 'change': 1}
2019-08-20 21:05:55,498 : INFO : EventManager : Event: ======'bumpers_hit'====== Args={'profile': 'default', 'state': 'lit', 'advancing': False}
2019-08-20 21:05:55,499 : INFO : EventManager : Event: ======'bumpers_default_hit'====== Args={'profile': 'default', 'state': 'lit', 'advancing': False}
2019-08-20 21:05:55,500 : INFO : EventManager : Event: ======'bumpers_default_lit_hit'====== Args={'profile': 'default', 'state': 'lit', 'advancing': False}
2019-08-20 21:05:55,501 : INFO : EventManager : Event: ======'bumpers_lit_hit'====== Args={'profile': 'default', 'state': 'lit', 'advancing': False}
2019-08-20 21:05:55,502 : INFO : EventManager : Event: ======'logicblock_lb_bumpers_count_updated'====== Args={'value': 5, 'enabled': True}
2019-08-20 21:05:55,502 : INFO : EventManager : Event: ======'counter_lb_bumpers_count_hit'====== Args={'count': 5, 'remaining': 5}
2019-08-20 21:05:55,503 : INFO : EventManager : Event: ======'logicblock_lb_bumpers_count_hit'====== Args={'count': 5, 'remaining': 5}
2019-08-20 21:05:55,504 : INFO : EventManager : Event: ======'player_gold'====== Args={'value': 50, 'prev_value': 40, 'change': 10, 'player_num': 1}
2019-08-20 21:05:55,505 : INFO : EventManager : Event: ======'player_score'====== Args={'value': 50, 'prev_value': 40, 'change': 10, 'player_num': 1}
2019-08-20 21:05:55,571 : INFO : SwitchController : <<<<<<< 's_left_pop_bumper' inactive >>>>>>>
2019-08-20 21:05:55,672 : INFO : SwitchController : <<<<<<< 's_left_pop_bumper' active >>>>>>>
2019-08-20 21:05:55,672 : INFO : EventManager : Event: ======'s_left_pop_bumper_active'====== Args={}
2019-08-20 21:05:55,672 : INFO : EventManager : Event: ======'machine_var_audits_switches_s_left_pop_bumper'====== Args={'value': 48, 'prev_value': 47, 'change': 1}
2019-08-20 21:05:55,673 : INFO : EventManager : Event: ======'machine_var_audits_shots_bumpers'====== Args={'value': 179, 'prev_value': 178, 'change': 1}
2019-08-20 21:05:55,673 : INFO : EventManager : Event: ======'bumpers_hit'====== Args={'profile': 'default', 'state': 'lit', 'advancing': False}
2019-08-20 21:05:55,674 : INFO : EventManager : Event: ======'bumpers_default_hit'====== Args={'profile': 'default', 'state': 'lit', 'advancing': False}
2019-08-20 21:05:55,674 : INFO : EventManager : Event: ======'bumpers_default_lit_hit'====== Args={'profile': 'default', 'state': 'lit', 'advancing': False}
2019-08-20 21:05:55,674 : INFO : EventManager : Event: ======'bumpers_lit_hit'====== Args={'profile': 'default', 'state': 'lit', 'advancing': False}
2019-08-20 21:05:55,674 : INFO : EventManager : Event: ======'logicblock_lb_bumpers_count_updated'====== Args={'value': 6, 'enabled': True}
2019-08-20 21:05:55,674 : INFO : EventManager : Event: ======'counter_lb_bumpers_count_hit'====== Args={'count': 6, 'remaining': 4}
2019-08-20 21:05:55,674 : INFO : EventManager : Event: ======'logicblock_lb_bumpers_count_hit'====== Args={'count': 6, 'remaining': 4}
2019-08-20 21:05:55,675 : INFO : EventManager : Event: ======'player_gold'====== Args={'value': 60, 'prev_value': 50, 'change': 10, 'player_num': 1}
2019-08-20 21:05:55,675 : INFO : EventManager : Event: ======'player_score'====== Args={'value': 60, 'prev_value': 50, 'change': 10, 'player_num': 1}
2019-08-20 21:05:55,750 : INFO : SwitchController : <<<<<<< 's_left_pop_bumper' inactive >>>>>>>
2019-08-20 21:05:55,842 : INFO : SwitchController : <<<<<<< 's_left_pop_bumper' active >>>>>>>
2019-08-20 21:05:55,842 : INFO : EventManager : Event: ======'s_left_pop_bumper_active'====== Args={}
2019-08-20 21:05:55,843 : INFO : EventManager : Event: ======'machine_var_audits_switches_s_left_pop_bumper'====== Args={'value': 49, 'prev_value': 48, 'change': 1}
2019-08-20 21:05:55,843 : INFO : EventManager : Event: ======'machine_var_audits_shots_bumpers'====== Args={'value': 180, 'prev_value': 179, 'change': 1}
2019-08-20 21:05:55,844 : INFO : EventManager : Event: ======'bumpers_hit'====== Args={'profile': 'default', 'state': 'lit', 'advancing': False}
2019-08-20 21:05:55,844 : INFO : EventManager : Event: ======'bumpers_default_hit'====== Args={'profile': 'default', 'state': 'lit', 'advancing': False}
2019-08-20 21:05:55,844 : INFO : EventManager : Event: ======'bumpers_default_lit_hit'====== Args={'profile': 'default', 'state': 'lit', 'advancing': False}
2019-08-20 21:05:55,844 : INFO : EventManager : Event: ======'bumpers_lit_hit'====== Args={'profile': 'default', 'state': 'lit', 'advancing': False}
2019-08-20 21:05:55,844 : INFO : EventManager : Event: ======'logicblock_lb_bumpers_count_updated'====== Args={'value': 7, 'enabled': True}
2019-08-20 21:05:55,845 : INFO : EventManager : Event: ======'counter_lb_bumpers_count_hit'====== Args={'count': 7, 'remaining': 3}
2019-08-20 21:05:55,845 : INFO : EventManager : Event: ======'logicblock_lb_bumpers_count_hit'====== Args={'count': 7, 'remaining': 3}
2019-08-20 21:05:55,845 : INFO : EventManager : Event: ======'player_gold'====== Args={'value': 70, 'prev_value': 60, 'change': 10, 'player_num': 1}
2019-08-20 21:05:55,845 : INFO : EventManager : Event: ======'player_score'====== Args={'value': 70, 'prev_value': 60, 'change': 10, 'player_num': 1}
2019-08-20 21:05:55,910 : INFO : SwitchController : <<<<<<< 's_left_pop_bumper' inactive >>>>>>>
2019-08-20 21:05:56,003 : INFO : SwitchController : <<<<<<< 's_left_pop_bumper' active >>>>>>>
2019-08-20 21:05:56,003 : INFO : EventManager : Event: ======'s_left_pop_bumper_active'====== Args={}
2019-08-20 21:05:56,004 : INFO : EventManager : Event: ======'machine_var_audits_switches_s_left_pop_bumper'====== Args={'value': 50, 'prev_value': 49, 'change': 1}
2019-08-20 21:05:56,023 : INFO : EventManager : Event: ======'machine_var_audits_shots_bumpers'====== Args={'value': 181, 'prev_value': 180, 'change': 1}
2019-08-20 21:05:56,024 : INFO : EventManager : Event: ======'bumpers_hit'====== Args={'profile': 'default', 'state': 'lit', 'advancing': False}
2019-08-20 21:05:56,024 : INFO : EventManager : Event: ======'bumpers_default_hit'====== Args={'profile': 'default', 'state': 'lit', 'advancing': False}
2019-08-20 21:05:56,024 : INFO : EventManager : Event: ======'bumpers_default_lit_hit'====== Args={'profile': 'default', 'state': 'lit', 'advancing': False}
2019-08-20 21:05:56,025 : INFO : EventManager : Event: ======'bumpers_lit_hit'====== Args={'profile': 'default', 'state': 'lit', 'advancing': False}
2019-08-20 21:05:56,025 : INFO : EventManager : Event: ======'logicblock_lb_bumpers_count_updated'====== Args={'value': 8, 'enabled': True}
2019-08-20 21:05:56,025 : INFO : EventManager : Event: ======'counter_lb_bumpers_count_hit'====== Args={'count': 8, 'remaining': 2}
2019-08-20 21:05:56,025 : INFO : EventManager : Event: ======'logicblock_lb_bumpers_count_hit'====== Args={'count': 8, 'remaining': 2}
2019-08-20 21:05:56,025 : INFO : EventManager : Event: ======'player_gold'====== Args={'value': 80, 'prev_value': 70, 'change': 10, 'player_num': 1}
2019-08-20 21:05:56,025 : INFO : EventManager : Event: ======'player_score'====== Args={'value': 80, 'prev_value': 70, 'change': 10, 'player_num': 1}
2019-08-20 21:05:56,072 : INFO : SwitchController : <<<<<<< 's_left_pop_bumper' inactive >>>>>>>
2019-08-20 21:05:56,331 : INFO : SwitchController : <<<<<<< 's_left_pop_bumper' active >>>>>>>
2019-08-20 21:05:56,332 : INFO : EventManager : Event: ======'s_left_pop_bumper_active'====== Args={}
2019-08-20 21:05:56,333 : INFO : EventManager : Event: ======'machine_var_audits_switches_s_left_pop_bumper'====== Args={'value': 51, 'prev_value': 50, 'change': 1}
2019-08-20 21:05:56,336 : INFO : EventManager : Event: ======'machine_var_audits_shots_bumpers'====== Args={'value': 182, 'prev_value': 181, 'change': 1}
2019-08-20 21:05:56,338 : INFO : EventManager : Event: ======'bumpers_hit'====== Args={'profile': 'default', 'state': 'lit', 'advancing': False}
2019-08-20 21:05:56,339 : INFO : EventManager : Event: ======'bumpers_default_hit'====== Args={'profile': 'default', 'state': 'lit', 'advancing': False}
2019-08-20 21:05:56,340 : INFO : EventManager : Event: ======'bumpers_default_lit_hit'====== Args={'profile': 'default', 'state': 'lit', 'advancing': False}
2019-08-20 21:05:56,341 : INFO : EventManager : Event: ======'bumpers_lit_hit'====== Args={'profile': 'default', 'state': 'lit', 'advancing': False}
2019-08-20 21:05:56,342 : INFO : EventManager : Event: ======'logicblock_lb_bumpers_count_updated'====== Args={'value': 9, 'enabled': True}
2019-08-20 21:05:56,343 : INFO : EventManager : Event: ======'counter_lb_bumpers_count_hit'====== Args={'count': 9, 'remaining': 1}
2019-08-20 21:05:56,344 : INFO : EventManager : Event: ======'logicblock_lb_bumpers_count_hit'====== Args={'count': 9, 'remaining': 1}
2019-08-20 21:05:56,345 : INFO : EventManager : Event: ======'player_gold'====== Args={'value': 90, 'prev_value': 80, 'change': 10, 'player_num': 1}
2019-08-20 21:05:56,346 : INFO : EventManager : Event: ======'player_score'====== Args={'value': 90, 'prev_value': 80, 'change': 10, 'player_num': 1}
2019-08-20 21:05:56,409 : INFO : SwitchController : <<<<<<< 's_left_pop_bumper' inactive >>>>>>>
2019-08-20 21:05:56,631 : INFO : SwitchController : <<<<<<< 's_left_pop_bumper' active >>>>>>>
2019-08-20 21:05:56,631 : INFO : EventManager : Event: ======'s_left_pop_bumper_active'====== Args={}
2019-08-20 21:05:56,632 : INFO : EventManager : Event: ======'machine_var_audits_switches_s_left_pop_bumper'====== Args={'value': 52, 'prev_value': 51, 'change': 1}
2019-08-20 21:05:56,636 : INFO : EventManager : Event: ======'machine_var_audits_shots_bumpers'====== Args={'value': 183, 'prev_value': 182, 'change': 1}
2019-08-20 21:05:56,638 : INFO : EventManager : Event: ======'bumpers_hit'====== Args={'profile': 'default', 'state': 'lit', 'advancing': False}
2019-08-20 21:05:56,640 : INFO : EventManager : Event: ======'bumpers_default_hit'====== Args={'profile': 'default', 'state': 'lit', 'advancing': False}
2019-08-20 21:05:56,641 : INFO : EventManager : Event: ======'bumpers_default_lit_hit'====== Args={'profile': 'default', 'state': 'lit', 'advancing': False}
2019-08-20 21:05:56,642 : INFO : EventManager : Event: ======'bumpers_lit_hit'====== Args={'profile': 'default', 'state': 'lit', 'advancing': False}
2019-08-20 21:05:56,643 : INFO : EventManager : Event: ======'logicblock_lb_bumpers_count_updated'====== Args={'value': 10, 'enabled': True}
2019-08-20 21:05:56,644 : INFO : EventManager : Event: ======'counter_lb_bumpers_count_hit'====== Args={'count': 10, 'remaining': 0}
2019-08-20 21:05:56,645 : INFO : EventManager : Event: ======'logicblock_lb_bumpers_count_hit'====== Args={'count': 10, 'remaining': 0}
2019-08-20 21:05:56,646 : INFO : EventManager : Event: ======'super_gold_go'====== Args={}
2019-08-20 21:05:56,647 : INFO : EventManager : Event: ======'logicblock_lb_bumpers_count_updated'====== Args={'value': 0, 'enabled': True}
2019-08-20 21:05:56,649 : INFO : EventManager : Event: ======'logicblock_lb_bumpers_count_updated'====== Args={'value': 0, 'enabled': False}
2019-08-20 21:05:56,650 : INFO : EventManager : Event: ======'player_gold'====== Args={'value': 100, 'prev_value': 90, 'change': 10, 'player_num': 1}
2019-08-20 21:05:56,651 : INFO : EventManager : Event: ======'player_score'====== Args={'value': 100, 'prev_value': 90, 'change': 10, 'player_num': 1}
2019-08-20 21:05:56,652 : INFO : EventManager : Event: ======'mode_super_gold_will_start'====== Args={}
2019-08-20 21:05:56,653 : INFO : EventManager : Event: ======'mode_super_gold_starting'====== Args={}
2019-08-20 21:05:56,654 : INFO : EventManager : Event: ======'start_mode_super_gold'====== Args={'priority': 0}
2019-08-20 21:05:56,655 : INFO : Mode.super_gold : Started. Priority: 300
2019-08-20 21:05:56,655 : INFO : EventManager : Event: ======'mode_super_gold_started'====== Args={}
2019-08-20 21:05:56,657 : INFO : EventManager : Event: ======'player_super_gold_acheived'====== Args={'value': 1, 'prev_value': 0, 'change': 1, 'player_num': 1}
2019-08-20 21:05:56,679 : INFO : EventManager : Event: ======'slide_super_gold_started_created'====== Args={'_from_bcp': True}
2019-08-20 21:05:56,679 : INFO : EventManager : Event: ======'slide_super_gold_started_active'====== Args={'_from_bcp': True}
2019-08-20 21:05:56,698 : INFO : SwitchController : <<<<<<< 's_left_pop_bumper' inactive >>>>>>>
2019-08-20 21:05:59,668 : INFO : EventManager : Event: ======'slide_super_gold_started_removed'====== Args={'_from_bcp': True}
2019-08-20 21:05:59,668 : INFO : EventManager : Event: ======'slide_base.slide_player-mode_base_started_active'====== Args={'_from_bcp': True}
2019-08-20 21:06:01,678 : INFO : SwitchController : <<<<<<< 's_left_pop_bumper' active >>>>>>>
2019-08-20 21:06:01,678 : INFO : EventManager : Event: ======'s_left_pop_bumper_active'====== Args={}
2019-08-20 21:06:01,679 : INFO : EventManager : Event: ======'machine_var_audits_switches_s_left_pop_bumper'====== Args={'value': 53, 'prev_value': 52, 'change': 1}
2019-08-20 21:06:01,679 : INFO : EventManager : Event: ======'machine_var_audits_shots_bumpers'====== Args={'value': 184, 'prev_value': 183, 'change': 1}
2019-08-20 21:06:01,680 : INFO : EventManager : Event: ======'bumpers_hit'====== Args={'profile': 'default', 'state': 'lit', 'advancing': False}
2019-08-20 21:06:01,680 : INFO : EventManager : Event: ======'bumpers_default_hit'====== Args={'profile': 'default', 'state': 'lit', 'advancing': False}
2019-08-20 21:06:01,680 : INFO : EventManager : Event: ======'bumpers_default_lit_hit'====== Args={'profile': 'default', 'state': 'lit', 'advancing': False}
2019-08-20 21:06:01,680 : INFO : EventManager : Event: ======'bumpers_lit_hit'====== Args={'profile': 'default', 'state': 'lit', 'advancing': False}
2019-08-20 21:06:01,686 : INFO : EventManager : Event: ======'player_gold'====== Args={'value': 130, 'prev_value': 100, 'change': 30, 'player_num': 1}
2019-08-20 21:06:01,686 : INFO : EventManager : Event: ======'player_score'====== Args={'value': 110, 'prev_value': 100, 'change': 10, 'player_num': 1}
2019-08-20 21:06:01,895 : INFO : SwitchController : <<<<<<< 's_left_pop_bumper' inactive >>>>>>>
2019-08-20 21:06:56,007 : INFO : Machine : Shutting down...
2019-08-20 21:06:56,007 : INFO : EventManager : Event: ======'shutdown'====== Args={}
2019-08-20 21:06:56,009 : INFO : root : MPF run loop ended.
