2019-08-20 20:46:18,169 : kivy : Factory: 194 symbols loaded
2019-08-20 20:46:18,241 : kivy : Image: Providers: img_tex, img_dds, img_sdl2, img_pil, img_gif (img_ffpyplayer ignored)
2019-08-20 20:46:18,280 : kivy : VideoGstplayer: Using Gstreamer 1.10.2.0
2019-08-20 20:46:18,280 : kivy : Video: Provider: gstplayer
2019-08-20 20:46:18,319 : kivy : Loading MPF-MC controller
2019-08-20 20:46:18,319 : mpfmc : Mission Pinball Framework Media Controller v0.53.0-dev.9
2019-08-20 20:46:18,319 : mpfmc : Mission Pinball Framework Game Engine v0.53.0-dev.52
2019-08-20 20:46:18,319 : mpfmc : Machine path: C:\Users\jgbcross\Desktop\github\WoW_Classic-Pinball
2019-08-20 20:46:18,321 : ConfigProcessor : Config file in cache changed: C:\Users\jgbcross\Desktop\github\WoW_Classic-Pinball\config\config
2019-08-20 20:46:18,321 : ConfigProcessor : Loading config from file c:\program files\python36\lib\site-packages\mpfmc\mcconfig.yaml.
2019-08-20 20:46:18,363 : ConfigProcessor : Loading config: c:\program files\python36\lib\site-packages\mpfmc\mcconfig.yaml
2019-08-20 20:46:18,369 : ConfigProcessor : Loading config from file C:\Users\jgbcross\Desktop\github\WoW_Classic-Pinball\config\config.
2019-08-20 20:46:18,466 : ConfigProcessor : Loading config: C:\Users\jgbcross\Desktop\github\WoW_Classic-Pinball\config\config
2019-08-20 20:46:18,468 : ConfigProcessor : Config file cache created: C:\Users\jgbcross\AppData\Local\Temp\a08c787954a315c79b58c86a86de328a.mpf_cache
2019-08-20 20:46:18,468 : mpfmc : Starting clock at 60.0Hz
2019-08-20 20:46:18,476 : kivy : Text: Provider: sdl2
2019-08-20 20:46:18,497 : kivy : Window: Provider: sdl2
2019-08-20 20:46:18,782 : kivy : GL: Using the "OpenGL" graphics system
2019-08-20 20:46:18,784 : kivy : GL: GLEW initialization succeeded
2019-08-20 20:46:18,784 : kivy : GL: Backend used <glew>
2019-08-20 20:46:18,784 : kivy : GL: OpenGL version <b'4.6.0 NVIDIA 431.60'>
2019-08-20 20:46:18,784 : kivy : GL: OpenGL vendor <b'NVIDIA Corporation'>
2019-08-20 20:46:18,784 : kivy : GL: OpenGL renderer <b'GeForce GTX 1080 Ti/PCIe/SSE2'>
2019-08-20 20:46:18,784 : kivy : GL: OpenGL parsed version: 4, 6
2019-08-20 20:46:18,784 : kivy : GL: Shading version <b'4.60 NVIDIA'>
2019-08-20 20:46:18,785 : kivy : GL: Texture max size <32768>
2019-08-20 20:46:18,785 : kivy : GL: Texture max units <32>
2019-08-20 20:46:18,796 : kivy : Window: auto add sdl2 input provider
2019-08-20 20:46:18,796 : kivy : Window: virtual keyboard not allowed, single mode, not docked
2019-08-20 20:46:18,800 : SoundSystem : SoundSystem: Using default 'sound_system' settings
2019-08-20 20:46:19,475 : AudioInterface : Initialized
2019-08-20 20:46:19,475 : SoundSystem : No audio tracks are specified in your machine config file. a track named 'default' has been created.
2019-08-20 20:46:19,476 : kivy : Base: Start application main loop
2019-08-20 20:46:19,477 : EventManager : Event: ======'display_window_initialized'====== Args={}
2019-08-20 20:46:19,489 : mpfmc : Display: Setting 'window' as default display
2019-08-20 20:46:19,494 : EventManager : Event: ======'displays_initialized'====== Args={}
2019-08-20 20:46:19,495 : EventManager : Event: ======'slide_window_blank_created'====== Args={}
2019-08-20 20:46:19,495 : EventManager : Event: ======'display_window_ready'====== Args={}
2019-08-20 20:46:19,502 : EventManager : Event: ======'init_phase_1'====== Args={}
2019-08-20 20:46:19,521 : EventManager : Event: ======'mc_ready'====== Args={}
2019-08-20 20:46:19,521 : EventManager : Event: ======'init_phase_2'====== Args={}
2019-08-20 20:46:19,522 : ConfigProcessor : Loading config from cache: C:\Users\jgbcross\AppData\Local\Temp\773e72d6711483bbecf425ac3ab79443.mpf_cache
2019-08-20 20:46:19,523 : ConfigProcessor : Loading config from cache: C:\Users\jgbcross\AppData\Local\Temp\c309900c81551d04caee6839600d76c5.mpf_cache
2019-08-20 20:46:19,523 : ConfigProcessor : Loading config from cache: C:\Users\jgbcross\AppData\Local\Temp\0d78f0fb76ce90413442c2b7a196c7da.mpf_cache
2019-08-20 20:46:19,524 : ConfigProcessor : Loading config from cache: C:\Users\jgbcross\AppData\Local\Temp\e140c0164a05ad5fcc304ee02ad77dad.mpf_cache
2019-08-20 20:46:19,524 : ConfigProcessor : Loading config from cache: C:\Users\jgbcross\AppData\Local\Temp\f59debb651560443703eed438ef87128.mpf_cache
2019-08-20 20:46:19,529 : ConfigProcessor : Loading config from cache: C:\Users\jgbcross\AppData\Local\Temp\c7ba1d60bed6701f21aa70c0b597f7ff.mpf_cache
2019-08-20 20:46:19,530 : ConfigProcessor : Loading config from cache: C:\Users\jgbcross\AppData\Local\Temp\8e1a6a6e716428615d3205ffe45b9b4d.mpf_cache
2019-08-20 20:46:19,530 : ConfigProcessor : Loading config from cache: C:\Users\jgbcross\AppData\Local\Temp\54ec261b09bad8c6580a7abaec866ef7.mpf_cache
2019-08-20 20:46:19,531 : ConfigProcessor : Loading config from cache: C:\Users\jgbcross\AppData\Local\Temp\3d1b8a74ec65a169731f17cfe06cf938.mpf_cache
2019-08-20 20:46:19,534 : EventManager : Event: ======'init_phase_3'====== Args={}
2019-08-20 20:46:19,535 : EventManager : Event: ======'init_phase_4'====== Args={}
2019-08-20 20:46:19,535 : EventManager : Event: ======'init_phase_5'====== Args={}
2019-08-20 20:46:19,536 : EventManager : Event: ======'init_done'====== Args={}
2019-08-20 20:46:19,536 : MPF-MC BCP Server : Starting up on localhost port 5050
2019-08-20 20:46:19,538 : MPF-MC BCP Server : Waiting for a connection...
2019-08-20 20:46:19,540 : EventManager : Event: ======'client_disconnected'====== Args={'host': '127.0.0.1', 'port': 5050}
2019-08-20 20:46:20,267 : MPF-MC BCP Server : Received connection from: 127.0.0.1:58372
2019-08-20 20:46:20,278 : EventManager : Event: ======'client_connected'====== Args={'host': '127.0.0.1', 'port': 58372}
2019-08-20 20:46:20,303 : EventManager : Event: ======'machine_var_credits_string'====== Args={'value': 'FREE PLAY', 'prev_value': None, 'change': True}
2019-08-20 20:46:20,303 : EventManager : Event: ======'machine_var_player1_score'====== Args={'value': 330, 'prev_value': None, 'change': True}
2019-08-20 20:46:20,303 : EventManager : Event: ======'machine_var_mpf_version'====== Args={'value': 'MPF v0.53.0-dev.52', 'prev_value': None, 'change': True}
2019-08-20 20:46:20,303 : EventManager : Event: ======'machine_var_mpf_extended_version'====== Args={'value': 'MPF v0.53.0-dev.52, Config version:5, Show version: 5, BCP version:1.1', 'prev_value': None, 'change': True}
2019-08-20 20:46:20,303 : EventManager : Event: ======'machine_var_python_version'====== Args={'value': '3.6.4', 'prev_value': None, 'change': True}
2019-08-20 20:46:20,303 : EventManager : Event: ======'machine_var_platform'====== Args={'value': 'Windows-10-10.0.18362-SP0', 'prev_value': None, 'change': True}
2019-08-20 20:46:20,303 : EventManager : Event: ======'machine_var_platform_system'====== Args={'value': 'Windows', 'prev_value': None, 'change': True}
2019-08-20 20:46:20,303 : EventManager : Event: ======'machine_var_platform_release'====== Args={'value': '10', 'prev_value': None, 'change': True}
2019-08-20 20:46:20,303 : EventManager : Event: ======'machine_var_platform_version'====== Args={'value': '10.0.18362', 'prev_value': None, 'change': True}
2019-08-20 20:46:20,303 : EventManager : Event: ======'machine_var_platform_machine'====== Args={'value': 'AMD64', 'prev_value': None, 'change': True}
2019-08-20 20:46:20,303 : EventManager : Event: ======'machine_var_master_volume'====== Args={'value': 0.5, 'prev_value': None, 'change': True}
2019-08-20 20:46:20,328 : EventManager : Event: ======'machine_var_audits_events_game_ended'====== Args={'value': 1, 'prev_value': None, 'change': True}
2019-08-20 20:46:20,328 : EventManager : Event: ======'machine_var_audits_events_game_started'====== Args={'value': 10, 'prev_value': None, 'change': True}
2019-08-20 20:46:20,328 : EventManager : Event: ======'machine_var_audits_player_score'====== Args={'value': {'average': 330.0, 'top': [330], 'total': 1}, 'prev_value': None, 'change': True}
2019-08-20 20:46:20,328 : EventManager : Event: ======'machine_var_audits_shots_bumpers'====== Args={'value': 80, 'prev_value': None, 'change': True}
2019-08-20 20:46:20,328 : EventManager : Event: ======'machine_var_audits_shots_shot_left_return_lane_left'====== Args={'value': 1, 'prev_value': None, 'change': True}
2019-08-20 20:46:20,328 : EventManager : Event: ======'machine_var_audits_shots_shot_left_return_lane_right'====== Args={'value': 2, 'prev_value': None, 'change': True}
2019-08-20 20:46:20,328 : EventManager : Event: ======'machine_var_audits_shots_shot_quest_target_1'====== Args={'value': 5, 'prev_value': None, 'change': True}
2019-08-20 20:46:20,328 : EventManager : Event: ======'machine_var_audits_shots_shot_quest_target_2'====== Args={'value': 3, 'prev_value': None, 'change': True}
2019-08-20 20:46:20,328 : EventManager : Event: ======'machine_var_audits_shots_shot_quest_target_3'====== Args={'value': 3, 'prev_value': None, 'change': True}
2019-08-20 20:46:20,328 : EventManager : Event: ======'machine_var_audits_shots_shot_quest_target_4'====== Args={'value': 3, 'prev_value': None, 'change': True}
2019-08-20 20:46:20,328 : EventManager : Event: ======'machine_var_audits_shots_shot_quest_target_5'====== Args={'value': 3, 'prev_value': None, 'change': True}
2019-08-20 20:46:20,328 : EventManager : Event: ======'machine_var_audits_shots_shot_top_lane_left'====== Args={'value': 4, 'prev_value': None, 'change': True}
2019-08-20 20:46:20,328 : EventManager : Event: ======'machine_var_audits_shots_shot_top_lane_right'====== Args={'value': 7, 'prev_value': None, 'change': True}
2019-08-20 20:46:20,329 : EventManager : Event: ======'machine_var_audits_switches_s_ah_standup_target'====== Args={'value': 0, 'prev_value': None, 'change': True}
2019-08-20 20:46:20,329 : EventManager : Event: ======'machine_var_audits_switches_s_arena_motor_away'====== Args={'value': 0, 'prev_value': None, 'change': True}
2019-08-20 20:46:20,329 : EventManager : Event: ======'machine_var_audits_switches_s_arena_motor_home'====== Args={'value': 0, 'prev_value': None, 'change': True}
2019-08-20 20:46:20,329 : EventManager : Event: ======'machine_var_audits_switches_s_arena_opto'====== Args={'value': 0, 'prev_value': None, 'change': True}
2019-08-20 20:46:20,329 : EventManager : Event: ======'machine_var_audits_switches_s_arena_trough_1'====== Args={'value': 0, 'prev_value': None, 'change': True}
2019-08-20 20:46:20,329 : EventManager : Event: ======'machine_var_audits_switches_s_arena_trough_2'====== Args={'value': 0, 'prev_value': None, 'change': True}
2019-08-20 20:46:20,329 : EventManager : Event: ======'machine_var_audits_switches_s_arena_trough_3'====== Args={'value': 0, 'prev_value': None, 'change': True}
2019-08-20 20:46:20,329 : EventManager : Event: ======'machine_var_audits_switches_s_arena_trough_4'====== Args={'value': 0, 'prev_value': None, 'change': True}
2019-08-20 20:46:20,329 : EventManager : Event: ======'machine_var_audits_switches_s_bottom_pop_bumper'====== Args={'value': 60, 'prev_value': None, 'change': True}
2019-08-20 20:46:20,329 : EventManager : Event: ======'machine_var_audits_switches_s_center_coin'====== Args={'value': 0, 'prev_value': None, 'change': True}
2019-08-20 20:46:20,329 : EventManager : Event: ======'machine_var_audits_switches_s_center_drop_target'====== Args={'value': 0, 'prev_value': None, 'change': True}
2019-08-20 20:46:20,329 : EventManager : Event: ======'machine_var_audits_switches_s_kickback_opto'====== Args={'value': 0, 'prev_value': None, 'change': True}
2019-08-20 20:46:20,329 : EventManager : Event: ======'machine_var_audits_switches_s_left_coin'====== Args={'value': 0, 'prev_value': None, 'change': True}
2019-08-20 20:46:20,329 : EventManager : Event: ======'machine_var_audits_switches_s_left_flipper_button'====== Args={'value': 8, 'prev_value': None, 'change': True}
2019-08-20 20:46:20,329 : EventManager : Event: ======'machine_var_audits_switches_s_left_flipper_eos'====== Args={'value': 0, 'prev_value': None, 'change': True}
2019-08-20 20:46:20,329 : EventManager : Event: ======'machine_var_audits_switches_s_left_lane'====== Args={'value': 0, 'prev_value': None, 'change': True}
2019-08-20 20:46:20,329 : EventManager : Event: ======'machine_var_audits_switches_s_left_lane_target'====== Args={'value': 0, 'prev_value': None, 'change': True}
2019-08-20 20:46:20,330 : EventManager : Event: ======'machine_var_audits_switches_s_left_orbit'====== Args={'value': 0, 'prev_value': None, 'change': True}
2019-08-20 20:46:20,330 : EventManager : Event: ======'machine_var_audits_switches_s_left_outlane'====== Args={'value': 0, 'prev_value': None, 'change': True}
2019-08-20 20:46:20,330 : EventManager : Event: ======'machine_var_audits_switches_s_left_pop_bumper'====== Args={'value': 8, 'prev_value': None, 'change': True}
2019-08-20 20:46:20,330 : EventManager : Event: ======'machine_var_audits_switches_s_left_ramp_exit'====== Args={'value': 0, 'prev_value': None, 'change': True}
2019-08-20 20:46:20,330 : EventManager : Event: ======'machine_var_audits_switches_s_left_return_lane_left'====== Args={'value': 1, 'prev_value': None, 'change': True}
2019-08-20 20:46:20,330 : EventManager : Event: ======'machine_var_audits_switches_s_left_return_lane_right'====== Args={'value': 2, 'prev_value': None, 'change': True}
2019-08-20 20:46:20,330 : EventManager : Event: ======'machine_var_audits_switches_s_left_slingshot'====== Args={'value': 0, 'prev_value': None, 'change': True}
2019-08-20 20:46:20,330 : EventManager : Event: ======'machine_var_audits_switches_s_lockdown_button'====== Args={'value': 7, 'prev_value': None, 'change': True}
2019-08-20 20:46:20,330 : EventManager : Event: ======'machine_var_audits_switches_s_loot_target_bottom'====== Args={'value': 0, 'prev_value': None, 'change': True}
2019-08-20 20:46:20,330 : EventManager : Event: ======'machine_var_audits_switches_s_loot_target_top'====== Args={'value': 0, 'prev_value': None, 'change': True}
2019-08-20 20:46:20,330 : EventManager : Event: ======'machine_var_audits_switches_s_quest_target_1'====== Args={'value': 5, 'prev_value': None, 'change': True}
2019-08-20 20:46:20,330 : EventManager : Event: ======'machine_var_audits_switches_s_quest_target_2'====== Args={'value': 3, 'prev_value': None, 'change': True}
2019-08-20 20:46:20,330 : EventManager : Event: ======'machine_var_audits_switches_s_quest_target_3'====== Args={'value': 3, 'prev_value': None, 'change': True}
2019-08-20 20:46:20,330 : EventManager : Event: ======'machine_var_audits_switches_s_quest_target_4'====== Args={'value': 3, 'prev_value': None, 'change': True}
2019-08-20 20:46:20,331 : EventManager : Event: ======'machine_var_audits_switches_s_quest_target_5'====== Args={'value': 3, 'prev_value': None, 'change': True}
2019-08-20 20:46:20,331 : EventManager : Event: ======'machine_var_audits_switches_s_right_coin'====== Args={'value': 0, 'prev_value': None, 'change': True}
2019-08-20 20:46:20,331 : EventManager : Event: ======'machine_var_audits_switches_s_right_flipper_button'====== Args={'value': 6, 'prev_value': None, 'change': True}
2019-08-20 20:46:20,331 : EventManager : Event: ======'machine_var_audits_switches_s_right_flipper_eos'====== Args={'value': 0, 'prev_value': None, 'change': True}
2019-08-20 20:46:20,331 : EventManager : Event: ======'machine_var_audits_switches_s_right_orbit'====== Args={'value': 0, 'prev_value': None, 'change': True}
2019-08-20 20:46:20,331 : EventManager : Event: ======'machine_var_audits_switches_s_right_outlane'====== Args={'value': 0, 'prev_value': None, 'change': True}
2019-08-20 20:46:20,331 : EventManager : Event: ======'machine_var_audits_switches_s_right_pop_bumper'====== Args={'value': 12, 'prev_value': None, 'change': True}
2019-08-20 20:46:20,331 : EventManager : Event: ======'machine_var_audits_switches_s_right_ramp_exit'====== Args={'value': 0, 'prev_value': None, 'change': True}
2019-08-20 20:46:20,331 : EventManager : Event: ======'machine_var_audits_switches_s_right_return_lane'====== Args={'value': 0, 'prev_value': None, 'change': True}
2019-08-20 20:46:20,331 : EventManager : Event: ======'machine_var_audits_switches_s_right_scoop'====== Args={'value': 0, 'prev_value': None, 'change': True}
2019-08-20 20:46:20,331 : EventManager : Event: ======'machine_var_audits_switches_s_right_slingshot'====== Args={'value': 0, 'prev_value': None, 'change': True}
2019-08-20 20:46:20,331 : EventManager : Event: ======'machine_var_audits_switches_s_service_back'====== Args={'value': 0, 'prev_value': None, 'change': True}
2019-08-20 20:46:20,332 : EventManager : Event: ======'machine_var_audits_switches_s_service_minus'====== Args={'value': 0, 'prev_value': None, 'change': True}
2019-08-20 20:46:20,332 : EventManager : Event: ======'machine_var_audits_switches_s_service_plus'====== Args={'value': 0, 'prev_value': None, 'change': True}
2019-08-20 20:46:20,332 : EventManager : Event: ======'machine_var_audits_switches_s_service_select'====== Args={'value': 0, 'prev_value': None, 'change': True}
2019-08-20 20:46:20,332 : EventManager : Event: ======'machine_var_audits_switches_s_shooter_lane'====== Args={'value': 12, 'prev_value': None, 'change': True}
2019-08-20 20:46:20,332 : EventManager : Event: ======'machine_var_audits_switches_s_slam_tilt'====== Args={'value': 0, 'prev_value': None, 'change': True}
2019-08-20 20:46:20,332 : EventManager : Event: ======'machine_var_audits_switches_s_soulstone_target_left'====== Args={'value': 0, 'prev_value': None, 'change': True}
2019-08-20 20:46:20,332 : EventManager : Event: ======'machine_var_audits_switches_s_soulstone_target_right'====== Args={'value': 0, 'prev_value': None, 'change': True}
2019-08-20 20:46:20,332 : EventManager : Event: ======'machine_var_audits_switches_s_start_button'====== Args={'value': 0, 'prev_value': None, 'change': True}
2019-08-20 20:46:20,332 : EventManager : Event: ======'machine_var_audits_switches_s_tilt_pendulum'====== Args={'value': 0, 'prev_value': None, 'change': True}
2019-08-20 20:46:20,332 : EventManager : Event: ======'machine_var_audits_switches_s_top_lane_left'====== Args={'value': 4, 'prev_value': None, 'change': True}
2019-08-20 20:46:20,332 : EventManager : Event: ======'machine_var_audits_switches_s_top_lane_right'====== Args={'value': 7, 'prev_value': None, 'change': True}
2019-08-20 20:46:20,332 : EventManager : Event: ======'machine_var_audits_switches_s_tournament_start_button'====== Args={'value': 0, 'prev_value': None, 'change': True}
2019-08-20 20:46:20,332 : EventManager : Event: ======'machine_var_audits_switches_s_trough_1'====== Args={'value': 4, 'prev_value': None, 'change': True}
2019-08-20 20:46:20,333 : EventManager : Event: ======'machine_var_audits_switches_s_trough_2'====== Args={'value': 0, 'prev_value': None, 'change': True}
2019-08-20 20:46:20,333 : EventManager : Event: ======'machine_var_audits_switches_s_trough_3'====== Args={'value': 0, 'prev_value': None, 'change': True}
2019-08-20 20:46:20,333 : EventManager : Event: ======'machine_var_audits_switches_s_trough_4'====== Args={'value': 0, 'prev_value': None, 'change': True}
2019-08-20 20:46:20,333 : EventManager : Event: ======'machine_var_audits_switches_s_trough_5'====== Args={'value': 0, 'prev_value': None, 'change': True}
2019-08-20 20:46:20,333 : EventManager : Event: ======'machine_var_audits_switches_s_trough_6'====== Args={'value': 0, 'prev_value': None, 'change': True}
2019-08-20 20:46:20,340 : EventManager : Event: ======'machine_var_audits_switches_s_trough_jam'====== Args={'value': 0, 'prev_value': None, 'change': True}
2019-08-20 20:46:20,353 : EventManager : Event: ======'mc_reset_phase_1'====== Args={}
2019-08-20 20:46:20,353 : EventManager : Event: ======'mc_reset_phase_2'====== Args={}
2019-08-20 20:46:20,353 : EventManager : Event: ======'mc_reset_phase_3'====== Args={}
2019-08-20 20:46:20,353 : EventManager : Event: ======'mc_reset_complete'====== Args={}
2019-08-20 20:46:20,365 : EventManager : Event: ======'slides_play'====== Args={'settings': {'press_start': {'widgets': [{'type': 'Text', 'text': 'PRESS START', 'font_size': 100, 'font_name': 'FRIZQT__', 'animations': {'pre_show_slide': [{'property': ['opacity'], 'value': ['0'], 'duration': 0.5, 'relative': False, 'timing': 'after_previous', 'repeat': False, 'easing': 'linear'}, {'property': ['opacity'], 'value': ['1'], 'duration': 0.5, 'repeat': True, 'relative': False, 'timing': 'after_previous', 'easing': 'linear'}]}, '_default_settings': ['type', 'text', 'font_size', 'font_name', 'animations'], 'x': None, 'y': None, 'anchor_x': 'center', 'anchor_y': 'center', 'round_anchor_x': None, 'round_anchor_y': None, 'opacity': 1.0, 'z': 0, 'reset_animations_events': {}, 'color': [1.0, 1.0, 1.0, 1.0], 'style': [], 'adjust_top': 0, 'adjust_bottom': 0, 'adjust_left': 0, 'adjust_right': 0, 'expire': None, 'key': None, 'widget': None, 'events_when_added': [], 'events_when_removed': [], 'bitmap_font': False, 'font_kerning': True, 'bold': False, 'italic': False, 'number_grouping': False, 'min_digits': 0, 'halign': 'center', 'valign': 'middle', 'rotation': 0, 'scale': 1.0, 'casing': None}, {'type': 'Text', 'text': 'FREE PLAY', 'color': [1.0, 0.8431372549019608, 0.0, 1], 'font_name': 'FRIZQT__', 'y': '10', 'anchor_y': 'bottom', '_default_settings': ['type', 'text', 'color', 'font_name', 'y', 'anchor_y'], 'x': None, 'anchor_x': 'center', 'round_anchor_x': None, 'round_anchor_y': None, 'opacity': 1.0, 'z': 0, 'reset_animations_events': {}, 'style': [], 'adjust_top': 0, 'adjust_bottom': 0, 'adjust_left': 0, 'adjust_right': 0, 'expire': None, 'key': None, 'widget': None, 'events_when_added': [], 'events_when_removed': [], 'font_size': 15, 'bitmap_font': False, 'font_kerning': True, 'bold': False, 'italic': False, 'number_grouping': False, 'min_digits': 0, 'halign': 'center', 'valign': 'middle', 'rotation': 0, 'scale': 1.0, 'casing': None, 'animations': None}], 'transition': {'type': 'move_in', 'duration': 1.0, 'direction': 'right', 'easing': 'out_quad'}, 'target': None, 'background_color': [0.0, 0.0, 0.0, 1.0], 'priority': None, 'show': True, 'force': False, 'expire': None, 'slide': None, 'tokens': {}, 'action': 'play'}}, 'context': 'show_1', 'calling_context': 0, 'priority': 10, 'show_tokens': {}, 'start_time': 92781.062}
2019-08-20 20:46:20,365 : mpfmc : SlidePlayer: Play called with settings={'press_start': {'widgets': [{'type': 'Text', 'text': 'PRESS START', 'font_size': 100, 'font_name': 'FRIZQT__', 'animations': {'pre_show_slide': [{'property': ['opacity'], 'value': ['0'], 'duration': 0.5, 'relative': False, 'timing': 'after_previous', 'repeat': False, 'easing': 'linear'}, {'property': ['opacity'], 'value': ['1'], 'duration': 0.5, 'repeat': True, 'relative': False, 'timing': 'after_previous', 'easing': 'linear'}]}, '_default_settings': ['type', 'text', 'font_size', 'font_name', 'animations'], 'x': None, 'y': None, 'anchor_x': 'center', 'anchor_y': 'center', 'round_anchor_x': None, 'round_anchor_y': None, 'opacity': 1.0, 'z': 0, 'reset_animations_events': {}, 'color': [1.0, 1.0, 1.0, 1.0], 'style': [], 'adjust_top': 0, 'adjust_bottom': 0, 'adjust_left': 0, 'adjust_right': 0, 'expire': None, 'key': None, 'widget': None, 'events_when_added': [], 'events_when_removed': [], 'bitmap_font': False, 'font_kerning': True, 'bold': False, 'italic': False, 'number_grouping': False, 'min_digits': 0, 'halign': 'center', 'valign': 'middle', 'rotation': 0, 'scale': 1.0, 'casing': None}, {'type': 'Text', 'text': 'FREE PLAY', 'color': [1.0, 0.8431372549019608, 0.0, 1], 'font_name': 'FRIZQT__', 'y': '10', 'anchor_y': 'bottom', '_default_settings': ['type', 'text', 'color', 'font_name', 'y', 'anchor_y'], 'x': None, 'anchor_x': 'center', 'round_anchor_x': None, 'round_anchor_y': None, 'opacity': 1.0, 'z': 0, 'reset_animations_events': {}, 'style': [], 'adjust_top': 0, 'adjust_bottom': 0, 'adjust_left': 0, 'adjust_right': 0, 'expire': None, 'key': None, 'widget': None, 'events_when_added': [], 'events_when_removed': [], 'font_size': 15, 'bitmap_font': False, 'font_kerning': True, 'bold': False, 'italic': False, 'number_grouping': False, 'min_digits': 0, 'halign': 'center', 'valign': 'middle', 'rotation': 0, 'scale': 1.0, 'casing': None, 'animations': None}], 'transition': {'type': 'move_in', 'duration': 1.0, 'direction': 'right', 'easing': 'out_quad'}, 'target': None, 'background_color': [0.0, 0.0, 0.0, 1.0], 'priority': None, 'show': True, 'force': False, 'expire': None, 'slide': None, 'tokens': {}, 'action': 'play'}}
2019-08-20 20:46:20,369 : kivy : GL: NPOT texture support is available
2019-08-20 20:46:20,371 : EventManager : Event: ======'slide_press_start_created'====== Args={}
2019-08-20 20:46:20,374 : EventManager : Event: ======'slide_press_start_active'====== Args={}
2019-08-20 20:46:23,363 : EventManager : Event: ======'slides_play'====== Args={'settings': {'last_game_score_slide': {'widgets': [{'type': 'text', 'text': 'LAST GAME', 'font_size': 50, 'font_name': 'FRIZQT__', 'y': '60%', '_default_settings': ['type', 'text', 'font_size', 'font_name', 'y'], 'x': None, 'anchor_x': 'center', 'anchor_y': 'center', 'round_anchor_x': None, 'round_anchor_y': None, 'opacity': 1.0, 'z': 0, 'reset_animations_events': {}, 'color': [1.0, 1.0, 1.0, 1.0], 'style': [], 'adjust_top': 0, 'adjust_bottom': 0, 'adjust_left': 0, 'adjust_right': 0, 'expire': None, 'key': None, 'widget': None, 'events_when_added': [], 'events_when_removed': [], 'bitmap_font': False, 'font_kerning': True, 'bold': False, 'italic': False, 'number_grouping': False, 'min_digits': 0, 'halign': 'center', 'valign': 'middle', 'rotation': 0, 'scale': 1.0, 'casing': None, 'animations': None}, {'type': 'text', 'text': '(machine|player1_score)', 'number_grouping': True, 'min_digits': 2, 'font_size': 50, 'font_name': 'FRIZQT__', 'y': '40%', '_default_settings': ['type', 'text', 'number_grouping', 'min_digits', 'font_size', 'font_name', 'y'], 'x': None, 'anchor_x': 'center', 'anchor_y': 'center', 'round_anchor_x': None, 'round_anchor_y': None, 'opacity': 1.0, 'z': 0, 'reset_animations_events': {}, 'color': [1.0, 1.0, 1.0, 1.0], 'style': [], 'adjust_top': 0, 'adjust_bottom': 0, 'adjust_left': 0, 'adjust_right': 0, 'expire': None, 'key': None, 'widget': None, 'events_when_added': [], 'events_when_removed': [], 'bitmap_font': False, 'font_kerning': True, 'bold': False, 'italic': False, 'halign': 'center', 'valign': 'middle', 'rotation': 0, 'scale': 1.0, 'casing': None, 'animations': None}], 'target': None, 'background_color': [0.0, 0.0, 0.0, 1.0], 'priority': None, 'show': True, 'force': False, 'expire': None, 'slide': None, 'tokens': {}, 'action': 'play'}}, 'context': 'show_1', 'calling_context': 1, 'priority': 10, 'show_tokens': {}, 'start_time': 92784.062}
2019-08-20 20:46:23,364 : mpfmc : SlidePlayer: Play called with settings={'last_game_score_slide': {'widgets': [{'type': 'text', 'text': 'LAST GAME', 'font_size': 50, 'font_name': 'FRIZQT__', 'y': '60%', '_default_settings': ['type', 'text', 'font_size', 'font_name', 'y'], 'x': None, 'anchor_x': 'center', 'anchor_y': 'center', 'round_anchor_x': None, 'round_anchor_y': None, 'opacity': 1.0, 'z': 0, 'reset_animations_events': {}, 'color': [1.0, 1.0, 1.0, 1.0], 'style': [], 'adjust_top': 0, 'adjust_bottom': 0, 'adjust_left': 0, 'adjust_right': 0, 'expire': None, 'key': None, 'widget': None, 'events_when_added': [], 'events_when_removed': [], 'bitmap_font': False, 'font_kerning': True, 'bold': False, 'italic': False, 'number_grouping': False, 'min_digits': 0, 'halign': 'center', 'valign': 'middle', 'rotation': 0, 'scale': 1.0, 'casing': None, 'animations': None}, {'type': 'text', 'text': '(machine|player1_score)', 'number_grouping': True, 'min_digits': 2, 'font_size': 50, 'font_name': 'FRIZQT__', 'y': '40%', '_default_settings': ['type', 'text', 'number_grouping', 'min_digits', 'font_size', 'font_name', 'y'], 'x': None, 'anchor_x': 'center', 'anchor_y': 'center', 'round_anchor_x': None, 'round_anchor_y': None, 'opacity': 1.0, 'z': 0, 'reset_animations_events': {}, 'color': [1.0, 1.0, 1.0, 1.0], 'style': [], 'adjust_top': 0, 'adjust_bottom': 0, 'adjust_left': 0, 'adjust_right': 0, 'expire': None, 'key': None, 'widget': None, 'events_when_added': [], 'events_when_removed': [], 'bitmap_font': False, 'font_kerning': True, 'bold': False, 'italic': False, 'halign': 'center', 'valign': 'middle', 'rotation': 0, 'scale': 1.0, 'casing': None, 'animations': None}], 'target': None, 'background_color': [0.0, 0.0, 0.0, 1.0], 'priority': None, 'show': True, 'force': False, 'expire': None, 'slide': None, 'tokens': {}, 'action': 'play'}}
2019-08-20 20:46:23,368 : EventManager : Event: ======'slide_last_game_score_slide_created'====== Args={}
2019-08-20 20:46:23,368 : EventManager : Unordered handler for class <Text Widget text=330> on event machine_var_player1_score with priority 1. Handlers: [RegisteredHandler(callback=<bound method Text._machine_var_change of <Text Widget text=330>>, priority=1, kwargs={}, key=UUID('9c6f70d0-d870-49fd-a615-246241bf5884'), condition=None, blocking_facility=None), RegisteredHandler(callback=<bound method Text._machine_var_change of <Text Widget text=330>>, priority=1, kwargs={}, key=UUID('76c74b12-c67d-4b3f-bbb7-328e95f76dbd'), condition=None, blocking_facility=None)]. The order of those handlers is not defined and they will be executed in random order. This might lead to race conditions and potential bugs.
2019-08-20 20:46:23,371 : EventManager : Event: ======'slide_last_game_score_slide_active'====== Args={}
2019-08-20 20:46:24,434 : EventManager : Event: ======'game_started'====== Args={}
2019-08-20 20:46:24,434 : EventManager : Event: ======'slides_clear'====== Args={'context': 'show_1'}
2019-08-20 20:46:24,434 : EventManager : Event: ======'player_added'====== Args={'player': <Player 1>, 'num': 1}
2019-08-20 20:46:24,434 : EventManager : Event: ======'player_index'====== Args={'value': 0, 'prev_value': 0, 'change': 0, 'player_num': 1}
2019-08-20 20:46:24,434 : EventManager : Event: ======'player_number'====== Args={'value': 1, 'prev_value': 1, 'change': 0, 'player_num': 1}
2019-08-20 20:46:24,434 : EventManager : Event: ======'player_score'====== Args={'value': 0, 'prev_value': 0, 'change': 0, 'player_num': 1}
2019-08-20 20:46:24,434 : EventManager : Event: ======'player_gold'====== Args={'value': 0, 'prev_value': 0, 'change': 0, 'player_num': 1}
2019-08-20 20:46:24,435 : EventManager : Event: ======'slide_press_start_removed'====== Args={}
2019-08-20 20:46:24,436 : EventManager : Event: ======'slide_last_game_score_slide_removed'====== Args={}
2019-08-20 20:46:24,436 : EventManager : Event: ======'slide_window_blank_active'====== Args={}
2019-08-20 20:46:24,447 : EventManager : Event: ======'player_super_gold_acheived'====== Args={'value': 0, 'prev_value': 0, 'change': 0, 'player_num': 1}
2019-08-20 20:46:24,447 : EventManager : Event: ======'player_reputation'====== Args={'value': 0, 'prev_value': 0, 'change': 0, 'player_num': 1}
2019-08-20 20:46:24,447 : EventManager : Event: ======'player_rep_multiplier'====== Args={'value': 1.0, 'prev_value': 0, 'change': 1.0, 'player_num': 1}
2019-08-20 20:46:24,447 : EventManager : Event: ======'player_pvp_lanes_completed'====== Args={'value': 0, 'prev_value': 0, 'change': 0, 'player_num': 1}
2019-08-20 20:46:24,447 : EventManager : Event: ======'player_xp_lanes_completed'====== Args={'value': 0, 'prev_value': 0, 'change': 0, 'player_num': 1}
2019-08-20 20:46:24,447 : EventManager : Event: ======'player_quest_targets_completed'====== Args={'value': 0, 'prev_value': 0, 'change': 0, 'player_num': 1}
2019-08-20 20:46:24,459 : EventManager : Event: ======'player_ball'====== Args={'value': 1, 'prev_value': 0, 'change': 1, 'player_num': 1}
2019-08-20 20:46:24,459 : EventManager : Event: ======'player_turn_start'====== Args={'number': 1, 'player': <Player 1>}
2019-08-20 20:46:24,471 : EventManager : Event: ======'player_shot_shot_left_return_lane_left_enabled'====== Args={'value': True, 'prev_value': 0, 'change': 1, 'player_num': 1}
2019-08-20 20:46:24,471 : EventManager : Event: ======'player_shot_shot_left_return_lane_right_enabled'====== Args={'value': True, 'prev_value': 0, 'change': 1, 'player_num': 1}
2019-08-20 20:46:24,471 : EventManager : Event: ======'player_shot_shot_right_return_lane_enabled'====== Args={'value': True, 'prev_value': 0, 'change': 1, 'player_num': 1}
2019-08-20 20:46:24,471 : EventManager : Event: ======'player_shot_bumpers_enabled'====== Args={'value': True, 'prev_value': 0, 'change': 1, 'player_num': 1}
2019-08-20 20:46:24,483 : EventManager : Event: ======'player_shot_shot_top_lane_left_enabled'====== Args={'value': True, 'prev_value': 0, 'change': 1, 'player_num': 1}
2019-08-20 20:46:24,483 : EventManager : Event: ======'player_shot_shot_top_lane_right_enabled'====== Args={'value': True, 'prev_value': 0, 'change': 1, 'player_num': 1}
2019-08-20 20:46:24,483 : EventManager : Event: ======'player_shot_shot_quest_target_1_enabled'====== Args={'value': True, 'prev_value': 0, 'change': 1, 'player_num': 1}
2019-08-20 20:46:24,483 : EventManager : Event: ======'player_shot_shot_quest_target_2_enabled'====== Args={'value': True, 'prev_value': 0, 'change': 1, 'player_num': 1}
2019-08-20 20:46:24,483 : EventManager : Event: ======'player_shot_shot_quest_target_3_enabled'====== Args={'value': True, 'prev_value': 0, 'change': 1, 'player_num': 1}
2019-08-20 20:46:24,483 : EventManager : Event: ======'player_shot_shot_quest_target_4_enabled'====== Args={'value': True, 'prev_value': 0, 'change': 1, 'player_num': 1}
2019-08-20 20:46:24,483 : EventManager : Event: ======'player_shot_shot_quest_target_5_enabled'====== Args={'value': True, 'prev_value': 0, 'change': 1, 'player_num': 1}
2019-08-20 20:46:24,483 : EventManager : Event: ======'slides_play'====== Args={'settings': {'widgets': {'widgets': [{'type': 'text', 'text': '(score)', 'number_grouping': True, 'min_digits': 2, 'font_size': 100, 'font_name': 'FRIZQT__', '_default_settings': ['type', 'text', 'number_grouping', 'min_digits', 'font_size', 'font_name'], 'x': None, 'y': None, 'anchor_x': 'center', 'anchor_y': 'center', 'round_anchor_x': None, 'round_anchor_y': None, 'opacity': 1.0, 'z': 0, 'reset_animations_events': {}, 'color': [1.0, 1.0, 1.0, 1.0], 'style': [], 'adjust_top': 0, 'adjust_bottom': 0, 'adjust_left': 0, 'adjust_right': 0, 'expire': None, 'key': None, 'widget': None, 'events_when_added': [], 'events_when_removed': [], 'bitmap_font': False, 'font_kerning': True, 'bold': False, 'italic': False, 'halign': 'center', 'valign': 'middle', 'rotation': 0, 'scale': 1.0, 'casing': None, 'animations': None}, {'type': 'text', 'text': 'PLAYER (number)', 'y': '10', 'x': '10', 'font_size': 50, 'font_name': 'FRIZQT__', 'anchor_x': 'left', 'anchor_y': 'bottom', '_default_settings': ['type', 'text', 'y', 'x', 'font_size', 'font_name', 'anchor_x', 'anchor_y'], 'round_anchor_x': None, 'round_anchor_y': None, 'opacity': 1.0, 'z': 0, 'reset_animations_events': {}, 'color': [1.0, 1.0, 1.0, 1.0], 'style': [], 'adjust_top': 0, 'adjust_bottom': 0, 'adjust_left': 0, 'adjust_right': 0, 'expire': None, 'key': None, 'widget': None, 'events_when_added': [], 'events_when_removed': [], 'bitmap_font': False, 'font_kerning': True, 'bold': False, 'italic': False, 'number_grouping': False, 'min_digits': 0, 'halign': 'center', 'valign': 'middle', 'rotation': 0, 'scale': 1.0, 'casing': None, 'animations': None}, {'type': 'text', 'text': 'BALL (ball)', 'y': '10', 'x': 'right-10', 'anchor_x': 'right', 'anchor_y': 'bottom', 'font_size': 50, 'font_name': 'FRIZQT__', '_default_settings': ['type', 'text', 'y', 'x', 'anchor_x', 'anchor_y', 'font_size', 'font_name'], 'round_anchor_x': None, 'round_anchor_y': None, 'opacity': 1.0, 'z': 0, 'reset_animations_events': {}, 'color': [1.0, 1.0, 1.0, 1.0], 'style': [], 'adjust_top': 0, 'adjust_bottom': 0, 'adjust_left': 0, 'adjust_right': 0, 'expire': None, 'key': None, 'widget': None, 'events_when_added': [], 'events_when_removed': [], 'bitmap_font': False, 'font_kerning': True, 'bold': False, 'italic': False, 'number_grouping': False, 'min_digits': 0, 'halign': 'center', 'valign': 'middle', 'rotation': 0, 'scale': 1.0, 'casing': None, 'animations': None}, {'type': 'text', 'text': 'Gold: (gold)', 'y': '40%', 'font_name': 'FRIZQT__', '_default_settings': ['type', 'text', 'y', 'font_name'], 'x': None, 'anchor_x': 'center', 'anchor_y': 'center', 'round_anchor_x': None, 'round_anchor_y': None, 'opacity': 1.0, 'z': 0, 'reset_animations_events': {}, 'color': [1.0, 1.0, 1.0, 1.0], 'style': [], 'adjust_top': 0, 'adjust_bottom': 0, 'adjust_left': 0, 'adjust_right': 0, 'expire': None, 'key': None, 'widget': None, 'events_when_added': [], 'events_when_removed': [], 'font_size': 15, 'bitmap_font': False, 'font_kerning': True, 'bold': False, 'italic': False, 'number_grouping': False, 'min_digits': 0, 'halign': 'center', 'valign': 'middle', 'rotation': 0, 'scale': 1.0, 'casing': None, 'animations': None}], 'target': None, 'background_color': [0.0, 0.0, 0.0, 1.0], 'priority': None, 'show': True, 'force': False, 'expire': None, 'slide': None, 'tokens': {}, 'action': 'play'}}, 'context': 'base', 'calling_context': 'mode_base_started', 'priority': 100, 'queue': '<QueuedEvent>', 'player': 1, 'ball': 1, 'balls_remaining': 2, 'is_extra_ball': False}
2019-08-20 20:46:24,484 : mpfmc : SlidePlayer: Play called with settings={'widgets': {'widgets': [{'type': 'text', 'text': '(score)', 'number_grouping': True, 'min_digits': 2, 'font_size': 100, 'font_name': 'FRIZQT__', '_default_settings': ['type', 'text', 'number_grouping', 'min_digits', 'font_size', 'font_name'], 'x': None, 'y': None, 'anchor_x': 'center', 'anchor_y': 'center', 'round_anchor_x': None, 'round_anchor_y': None, 'opacity': 1.0, 'z': 0, 'reset_animations_events': {}, 'color': [1.0, 1.0, 1.0, 1.0], 'style': [], 'adjust_top': 0, 'adjust_bottom': 0, 'adjust_left': 0, 'adjust_right': 0, 'expire': None, 'key': None, 'widget': None, 'events_when_added': [], 'events_when_removed': [], 'bitmap_font': False, 'font_kerning': True, 'bold': False, 'italic': False, 'halign': 'center', 'valign': 'middle', 'rotation': 0, 'scale': 1.0, 'casing': None, 'animations': None}, {'type': 'text', 'text': 'PLAYER (number)', 'y': '10', 'x': '10', 'font_size': 50, 'font_name': 'FRIZQT__', 'anchor_x': 'left', 'anchor_y': 'bottom', '_default_settings': ['type', 'text', 'y', 'x', 'font_size', 'font_name', 'anchor_x', 'anchor_y'], 'round_anchor_x': None, 'round_anchor_y': None, 'opacity': 1.0, 'z': 0, 'reset_animations_events': {}, 'color': [1.0, 1.0, 1.0, 1.0], 'style': [], 'adjust_top': 0, 'adjust_bottom': 0, 'adjust_left': 0, 'adjust_right': 0, 'expire': None, 'key': None, 'widget': None, 'events_when_added': [], 'events_when_removed': [], 'bitmap_font': False, 'font_kerning': True, 'bold': False, 'italic': False, 'number_grouping': False, 'min_digits': 0, 'halign': 'center', 'valign': 'middle', 'rotation': 0, 'scale': 1.0, 'casing': None, 'animations': None}, {'type': 'text', 'text': 'BALL (ball)', 'y': '10', 'x': 'right-10', 'anchor_x': 'right', 'anchor_y': 'bottom', 'font_size': 50, 'font_name': 'FRIZQT__', '_default_settings': ['type', 'text', 'y', 'x', 'anchor_x', 'anchor_y', 'font_size', 'font_name'], 'round_anchor_x': None, 'round_anchor_y': None, 'opacity': 1.0, 'z': 0, 'reset_animations_events': {}, 'color': [1.0, 1.0, 1.0, 1.0], 'style': [], 'adjust_top': 0, 'adjust_bottom': 0, 'adjust_left': 0, 'adjust_right': 0, 'expire': None, 'key': None, 'widget': None, 'events_when_added': [], 'events_when_removed': [], 'bitmap_font': False, 'font_kerning': True, 'bold': False, 'italic': False, 'number_grouping': False, 'min_digits': 0, 'halign': 'center', 'valign': 'middle', 'rotation': 0, 'scale': 1.0, 'casing': None, 'animations': None}, {'type': 'text', 'text': 'Gold: (gold)', 'y': '40%', 'font_name': 'FRIZQT__', '_default_settings': ['type', 'text', 'y', 'font_name'], 'x': None, 'anchor_x': 'center', 'anchor_y': 'center', 'round_anchor_x': None, 'round_anchor_y': None, 'opacity': 1.0, 'z': 0, 'reset_animations_events': {}, 'color': [1.0, 1.0, 1.0, 1.0], 'style': [], 'adjust_top': 0, 'adjust_bottom': 0, 'adjust_left': 0, 'adjust_right': 0, 'expire': None, 'key': None, 'widget': None, 'events_when_added': [], 'events_when_removed': [], 'font_size': 15, 'bitmap_font': False, 'font_kerning': True, 'bold': False, 'italic': False, 'number_grouping': False, 'min_digits': 0, 'halign': 'center', 'valign': 'middle', 'rotation': 0, 'scale': 1.0, 'casing': None, 'animations': None}], 'target': None, 'background_color': [0.0, 0.0, 0.0, 1.0], 'priority': None, 'show': True, 'force': False, 'expire': None, 'slide': None, 'tokens': {}, 'action': 'play'}}
2019-08-20 20:46:24,490 : EventManager : Event: ======'slide_base.slide_player-mode_base_started_created'====== Args={}
2019-08-20 20:46:24,495 : EventManager : Event: ======'slide_base.slide_player-mode_base_started_active'====== Args={}
2019-08-20 20:46:24,609 : EventManager : Event: ======'machine_var_audits_switches_s_shooter_lane'====== Args={'value': 13, 'prev_value': 12, 'change': 1}
2019-08-20 20:46:25,548 : EventManager : Event: ======'machine_var_audits_switches_s_lockdown_button'====== Args={'value': 8, 'prev_value': 7, 'change': 1}
2019-08-20 20:46:31,376 : EventManager : Event: ======'machine_var_audits_switches_s_left_pop_bumper'====== Args={'value': 9, 'prev_value': 8, 'change': 1}
2019-08-20 20:46:31,376 : EventManager : Event: ======'player_shot_bumpers'====== Args={'value': 1, 'prev_value': 0, 'change': 1, 'player_num': 1}
2019-08-20 20:46:31,388 : EventManager : Event: ======'machine_var_audits_shots_bumpers'====== Args={'value': 81, 'prev_value': 80, 'change': 1}
2019-08-20 20:46:31,388 : EventManager : Event: ======'player_gold'====== Args={'value': 10, 'prev_value': 0, 'change': 10, 'player_num': 1}
2019-08-20 20:46:31,388 : EventManager : Event: ======'player_score'====== Args={'value': 10, 'prev_value': 0, 'change': 10, 'player_num': 1}
2019-08-20 20:46:32,723 : EventManager : Event: ======'machine_var_audits_switches_s_left_pop_bumper'====== Args={'value': 10, 'prev_value': 9, 'change': 1}
2019-08-20 20:46:32,723 : EventManager : Event: ======'machine_var_audits_shots_bumpers'====== Args={'value': 82, 'prev_value': 81, 'change': 1}
2019-08-20 20:46:32,723 : EventManager : Event: ======'player_gold'====== Args={'value': 20, 'prev_value': 10, 'change': 10, 'player_num': 1}
2019-08-20 20:46:32,735 : EventManager : Event: ======'player_score'====== Args={'value': 20, 'prev_value': 10, 'change': 10, 'player_num': 1}
2019-08-20 20:46:33,354 : EventManager : Event: ======'machine_var_audits_switches_s_left_pop_bumper'====== Args={'value': 11, 'prev_value': 10, 'change': 1}
2019-08-20 20:46:33,354 : EventManager : Event: ======'machine_var_audits_shots_bumpers'====== Args={'value': 83, 'prev_value': 82, 'change': 1}
2019-08-20 20:46:33,354 : EventManager : Event: ======'player_gold'====== Args={'value': 30, 'prev_value': 20, 'change': 10, 'player_num': 1}
2019-08-20 20:46:33,354 : EventManager : Event: ======'player_score'====== Args={'value': 30, 'prev_value': 20, 'change': 10, 'player_num': 1}
2019-08-20 20:46:44,954 : EventManager : Event: ======'machine_var_audits_switches_s_left_pop_bumper'====== Args={'value': 12, 'prev_value': 11, 'change': 1}
2019-08-20 20:46:44,954 : EventManager : Event: ======'machine_var_audits_shots_bumpers'====== Args={'value': 84, 'prev_value': 83, 'change': 1}
2019-08-20 20:46:44,966 : EventManager : Event: ======'player_gold'====== Args={'value': 40, 'prev_value': 30, 'change': 10, 'player_num': 1}
2019-08-20 20:46:44,966 : EventManager : Event: ======'player_score'====== Args={'value': 40, 'prev_value': 30, 'change': 10, 'player_num': 1}
2019-08-20 20:46:46,432 : EventManager : Event: ======'machine_var_audits_switches_s_left_pop_bumper'====== Args={'value': 13, 'prev_value': 12, 'change': 1}
2019-08-20 20:46:46,433 : EventManager : Event: ======'machine_var_audits_shots_bumpers'====== Args={'value': 85, 'prev_value': 84, 'change': 1}
2019-08-20 20:46:46,433 : EventManager : Event: ======'player_gold'====== Args={'value': 50, 'prev_value': 40, 'change': 10, 'player_num': 1}
2019-08-20 20:46:46,433 : EventManager : Event: ======'player_score'====== Args={'value': 50, 'prev_value': 40, 'change': 10, 'player_num': 1}
2019-08-20 20:46:46,980 : EventManager : Event: ======'machine_var_audits_switches_s_left_pop_bumper'====== Args={'value': 14, 'prev_value': 13, 'change': 1}
2019-08-20 20:46:46,980 : EventManager : Event: ======'machine_var_audits_shots_bumpers'====== Args={'value': 86, 'prev_value': 85, 'change': 1}
2019-08-20 20:46:46,980 : EventManager : Event: ======'player_gold'====== Args={'value': 60, 'prev_value': 50, 'change': 10, 'player_num': 1}
2019-08-20 20:46:46,980 : EventManager : Event: ======'player_score'====== Args={'value': 60, 'prev_value': 50, 'change': 10, 'player_num': 1}
2019-08-20 20:46:47,808 : EventManager : Event: ======'machine_var_audits_switches_s_left_pop_bumper'====== Args={'value': 15, 'prev_value': 14, 'change': 1}
2019-08-20 20:46:47,809 : EventManager : Event: ======'machine_var_audits_shots_bumpers'====== Args={'value': 87, 'prev_value': 86, 'change': 1}
2019-08-20 20:46:47,809 : EventManager : Event: ======'player_gold'====== Args={'value': 70, 'prev_value': 60, 'change': 10, 'player_num': 1}
2019-08-20 20:46:47,815 : EventManager : Event: ======'player_score'====== Args={'value': 70, 'prev_value': 60, 'change': 10, 'player_num': 1}
2019-08-20 20:46:49,829 : EventManager : Event: ======'machine_var_audits_switches_s_left_pop_bumper'====== Args={'value': 16, 'prev_value': 15, 'change': 1}
2019-08-20 20:46:49,829 : EventManager : Event: ======'machine_var_audits_shots_bumpers'====== Args={'value': 88, 'prev_value': 87, 'change': 1}
2019-08-20 20:46:49,842 : EventManager : Event: ======'player_gold'====== Args={'value': 80, 'prev_value': 70, 'change': 10, 'player_num': 1}
2019-08-20 20:46:49,842 : EventManager : Event: ======'player_score'====== Args={'value': 80, 'prev_value': 70, 'change': 10, 'player_num': 1}
2019-08-20 20:46:51,093 : EventManager : Event: ======'machine_var_audits_switches_s_bottom_pop_bumper'====== Args={'value': 61, 'prev_value': 60, 'change': 1}
2019-08-20 20:46:51,093 : EventManager : Event: ======'machine_var_audits_shots_bumpers'====== Args={'value': 89, 'prev_value': 88, 'change': 1}
2019-08-20 20:46:51,106 : EventManager : Event: ======'player_gold'====== Args={'value': 90, 'prev_value': 80, 'change': 10, 'player_num': 1}
2019-08-20 20:46:51,106 : EventManager : Event: ======'player_score'====== Args={'value': 90, 'prev_value': 80, 'change': 10, 'player_num': 1}
2019-08-20 20:46:53,133 : EventManager : Event: ======'machine_var_audits_switches_s_right_pop_bumper'====== Args={'value': 13, 'prev_value': 12, 'change': 1}
2019-08-20 20:46:53,133 : EventManager : Event: ======'machine_var_audits_shots_bumpers'====== Args={'value': 90, 'prev_value': 89, 'change': 1}
2019-08-20 20:46:53,133 : EventManager : Event: ======'player_gold'====== Args={'value': 100, 'prev_value': 90, 'change': 10, 'player_num': 1}
2019-08-20 20:46:53,133 : EventManager : Event: ======'player_score'====== Args={'value': 100, 'prev_value': 90, 'change': 10, 'player_num': 1}
2019-08-20 20:46:53,145 : EventManager : Event: ======'slides_play'====== Args={'settings': {'super_gold_started': {'widgets': [{'type': 'Text', 'text': 'SUPER GOLD', 'color': [1.0, 0.8431372549019608, 0.0, 1], 'font_size': 100, 'font_name': 'FRIZQT__', 'y': '50', 'anchor_y': 'bottom', '_default_settings': ['type', 'text', 'color', 'font_size', 'font_name', 'y', 'anchor_y'], 'x': None, 'anchor_x': 'center', 'round_anchor_x': None, 'round_anchor_y': None, 'opacity': 1.0, 'z': 0, 'reset_animations_events': {}, 'style': [], 'adjust_top': 0, 'adjust_bottom': 0, 'adjust_left': 0, 'adjust_right': 0, 'expire': None, 'key': None, 'widget': None, 'events_when_added': [], 'events_when_removed': [], 'bitmap_font': False, 'font_kerning': True, 'bold': False, 'italic': False, 'number_grouping': False, 'min_digits': 0, 'halign': 'center', 'valign': 'middle', 'rotation': 0, 'scale': 1.0, 'casing': None, 'animations': None}], 'transition': {'type': 'move_in', 'duration': 1.0, 'direction': 'right', 'easing': 'out_quad'}, 'target': None, 'background_color': [0.0, 0.0, 0.0, 1.0], 'priority': None, 'show': True, 'force': False, 'expire': None, 'slide': None, 'tokens': {}, 'action': 'play'}}, 'context': 'show_15', 'calling_context': 0, 'priority': 300, 'show_tokens': {}, 'start_time': 92813.828}
2019-08-20 20:46:53,145 : mpfmc : SlidePlayer: Play called with settings={'super_gold_started': {'widgets': [{'type': 'Text', 'text': 'SUPER GOLD', 'color': [1.0, 0.8431372549019608, 0.0, 1], 'font_size': 100, 'font_name': 'FRIZQT__', 'y': '50', 'anchor_y': 'bottom', '_default_settings': ['type', 'text', 'color', 'font_size', 'font_name', 'y', 'anchor_y'], 'x': None, 'anchor_x': 'center', 'round_anchor_x': None, 'round_anchor_y': None, 'opacity': 1.0, 'z': 0, 'reset_animations_events': {}, 'style': [], 'adjust_top': 0, 'adjust_bottom': 0, 'adjust_left': 0, 'adjust_right': 0, 'expire': None, 'key': None, 'widget': None, 'events_when_added': [], 'events_when_removed': [], 'bitmap_font': False, 'font_kerning': True, 'bold': False, 'italic': False, 'number_grouping': False, 'min_digits': 0, 'halign': 'center', 'valign': 'middle', 'rotation': 0, 'scale': 1.0, 'casing': None, 'animations': None}], 'transition': {'type': 'move_in', 'duration': 1.0, 'direction': 'right', 'easing': 'out_quad'}, 'target': None, 'background_color': [0.0, 0.0, 0.0, 1.0], 'priority': None, 'show': True, 'force': False, 'expire': None, 'slide': None, 'tokens': {}, 'action': 'play'}}
2019-08-20 20:46:53,147 : EventManager : Event: ======'slide_super_gold_started_created'====== Args={}
2019-08-20 20:46:53,149 : EventManager : Event: ======'slide_super_gold_started_active'====== Args={}
2019-08-20 20:46:56,144 : EventManager : Event: ======'slides_clear'====== Args={'context': 'show_15'}
2019-08-20 20:46:56,147 : EventManager : Event: ======'slide_super_gold_started_removed'====== Args={}
2019-08-20 20:46:56,149 : EventManager : Event: ======'slide_base.slide_player-mode_base_started_active'====== Args={}
2019-08-20 20:46:57,418 : EventManager : Event: ======'machine_var_audits_switches_s_right_pop_bumper'====== Args={'value': 14, 'prev_value': 13, 'change': 1}
2019-08-20 20:46:57,418 : EventManager : Event: ======'machine_var_audits_shots_bumpers'====== Args={'value': 91, 'prev_value': 90, 'change': 1}
2019-08-20 20:46:57,418 : EventManager : Event: ======'player_gold'====== Args={'value': 130, 'prev_value': 100, 'change': 30, 'player_num': 1}
2019-08-20 20:46:57,418 : EventManager : Event: ======'player_score'====== Args={'value': 110, 'prev_value': 100, 'change': 10, 'player_num': 1}
2019-08-20 20:47:00,974 : EventManager : Event: ======'machine_var_audits_switches_s_right_pop_bumper'====== Args={'value': 15, 'prev_value': 14, 'change': 1}
2019-08-20 20:47:00,974 : EventManager : Event: ======'machine_var_audits_shots_bumpers'====== Args={'value': 92, 'prev_value': 91, 'change': 1}
2019-08-20 20:47:00,974 : EventManager : Event: ======'player_gold'====== Args={'value': 160, 'prev_value': 130, 'change': 30, 'player_num': 1}
2019-08-20 20:47:00,987 : EventManager : Event: ======'player_score'====== Args={'value': 120, 'prev_value': 110, 'change': 10, 'player_num': 1}
2019-08-20 20:47:03,301 : EventManager : Event: ======'machine_var_audits_switches_s_right_pop_bumper'====== Args={'value': 16, 'prev_value': 15, 'change': 1}
2019-08-20 20:47:03,301 : EventManager : Event: ======'machine_var_audits_shots_bumpers'====== Args={'value': 93, 'prev_value': 92, 'change': 1}
2019-08-20 20:47:03,301 : EventManager : Event: ======'player_gold'====== Args={'value': 190, 'prev_value': 160, 'change': 30, 'player_num': 1}
2019-08-20 20:47:03,301 : EventManager : Event: ======'player_score'====== Args={'value': 130, 'prev_value': 120, 'change': 10, 'player_num': 1}
2019-08-20 20:47:05,157 : EventManager : Event: ======'machine_var_audits_switches_s_right_pop_bumper'====== Args={'value': 17, 'prev_value': 16, 'change': 1}
2019-08-20 20:47:05,157 : EventManager : Event: ======'machine_var_audits_shots_bumpers'====== Args={'value': 94, 'prev_value': 93, 'change': 1}
2019-08-20 20:47:05,157 : EventManager : Event: ======'player_gold'====== Args={'value': 220, 'prev_value': 190, 'change': 30, 'player_num': 1}
2019-08-20 20:47:05,157 : EventManager : Event: ======'player_score'====== Args={'value': 140, 'prev_value': 130, 'change': 10, 'player_num': 1}
2019-08-20 20:47:07,450 : EventManager : Event: ======'machine_var_audits_switches_s_right_pop_bumper'====== Args={'value': 18, 'prev_value': 17, 'change': 1}
2019-08-20 20:47:07,450 : EventManager : Event: ======'machine_var_audits_shots_bumpers'====== Args={'value': 95, 'prev_value': 94, 'change': 1}
2019-08-20 20:47:07,462 : EventManager : Event: ======'player_gold'====== Args={'value': 250, 'prev_value': 220, 'change': 30, 'player_num': 1}
2019-08-20 20:47:07,462 : EventManager : Event: ======'player_score'====== Args={'value': 150, 'prev_value': 140, 'change': 10, 'player_num': 1}
2019-08-20 20:47:16,578 : kivy : Base: Leaving application in progress...
2019-08-20 20:47:16,578 : mpfmc : Stopping...
2019-08-20 20:47:16,578 : EventManager : Event: ======'shutdown'====== Args={}
2019-08-20 20:47:16,578 : mpfmc : Loop rate 78.67 Hz
2019-08-20 20:47:16,578 : kivy : MC run loop ended.
2019-08-20 20:47:16,578 : kivy : Stopping child threads... (3 remaining)
2019-08-20 20:47:17,045 : mpfmc : Stopping...
2019-08-20 20:47:17,046 : EventManager : Event: ======'shutdown'====== Args={}
2019-08-20 20:47:17,046 : mpfmc : Loop rate 78.03 Hz
2019-08-20 20:47:17,063 : MPF-MC BCP Server : Stopping BCP sending thread
2019-08-20 20:47:17,584 : kivy : All child threads stopped.
