2019-08-20 20:52:52,597 : kivy : Factory: 194 symbols loaded
2019-08-20 20:52:52,670 : kivy : Image: Providers: img_tex, img_dds, img_sdl2, img_pil, img_gif (img_ffpyplayer ignored)
2019-08-20 20:52:52,706 : kivy : VideoGstplayer: Using Gstreamer 1.10.2.0
2019-08-20 20:52:52,706 : kivy : Video: Provider: gstplayer
2019-08-20 20:52:52,745 : kivy : Loading MPF-MC controller
2019-08-20 20:52:52,745 : mpfmc : Mission Pinball Framework Media Controller v0.53.0-dev.9
2019-08-20 20:52:52,745 : mpfmc : Mission Pinball Framework Game Engine v0.53.0-dev.52
2019-08-20 20:52:52,746 : mpfmc : Machine path: C:\Users\jgbcross\Desktop\github\WoW_Classic-Pinball
2019-08-20 20:52:52,762 : ConfigProcessor : Config file in cache changed: C:\Users\jgbcross\Desktop\github\WoW_Classic-Pinball\config\config
2019-08-20 20:52:52,762 : ConfigProcessor : Loading config from file c:\program files\python36\lib\site-packages\mpfmc\mcconfig.yaml.
2019-08-20 20:52:52,804 : ConfigProcessor : Loading config: c:\program files\python36\lib\site-packages\mpfmc\mcconfig.yaml
2019-08-20 20:52:52,810 : ConfigProcessor : Loading config from file C:\Users\jgbcross\Desktop\github\WoW_Classic-Pinball\config\config.
2019-08-20 20:52:52,902 : ConfigProcessor : Loading config: C:\Users\jgbcross\Desktop\github\WoW_Classic-Pinball\config\config
2019-08-20 20:52:52,903 : ConfigProcessor : Config file cache created: C:\Users\jgbcross\AppData\Local\Temp\a08c787954a315c79b58c86a86de328a.mpf_cache
2019-08-20 20:52:52,903 : mpfmc : Starting clock at 60.0Hz
2019-08-20 20:52:52,911 : kivy : Text: Provider: sdl2
2019-08-20 20:52:52,932 : kivy : Window: Provider: sdl2
2019-08-20 20:52:53,212 : kivy : GL: Using the "OpenGL" graphics system
2019-08-20 20:52:53,215 : kivy : GL: GLEW initialization succeeded
2019-08-20 20:52:53,215 : kivy : GL: Backend used <glew>
2019-08-20 20:52:53,215 : kivy : GL: OpenGL version <b'4.6.0 NVIDIA 431.60'>
2019-08-20 20:52:53,215 : kivy : GL: OpenGL vendor <b'NVIDIA Corporation'>
2019-08-20 20:52:53,215 : kivy : GL: OpenGL renderer <b'GeForce GTX 1080 Ti/PCIe/SSE2'>
2019-08-20 20:52:53,215 : kivy : GL: OpenGL parsed version: 4, 6
2019-08-20 20:52:53,215 : kivy : GL: Shading version <b'4.60 NVIDIA'>
2019-08-20 20:52:53,215 : kivy : GL: Texture max size <32768>
2019-08-20 20:52:53,215 : kivy : GL: Texture max units <32>
2019-08-20 20:52:53,227 : kivy : Window: auto add sdl2 input provider
2019-08-20 20:52:53,227 : kivy : Window: virtual keyboard not allowed, single mode, not docked
2019-08-20 20:52:53,231 : SoundSystem : SoundSystem: Using default 'sound_system' settings
2019-08-20 20:52:53,918 : AudioInterface : Initialized
2019-08-20 20:52:53,918 : SoundSystem : No audio tracks are specified in your machine config file. a track named 'default' has been created.
2019-08-20 20:52:53,919 : kivy : Base: Start application main loop
2019-08-20 20:52:53,920 : EventManager : Event: ======'display_window_initialized'====== Args={}
2019-08-20 20:52:53,931 : mpfmc : Display: Setting 'window' as default display
2019-08-20 20:52:53,936 : EventManager : Event: ======'displays_initialized'====== Args={}
2019-08-20 20:52:53,937 : EventManager : Event: ======'slide_window_blank_created'====== Args={}
2019-08-20 20:52:53,937 : EventManager : Event: ======'display_window_ready'====== Args={}
2019-08-20 20:52:53,944 : EventManager : Event: ======'init_phase_1'====== Args={}
2019-08-20 20:52:53,962 : EventManager : Event: ======'mc_ready'====== Args={}
2019-08-20 20:52:53,962 : EventManager : Event: ======'init_phase_2'====== Args={}
2019-08-20 20:52:53,964 : ConfigProcessor : Loading config from cache: C:\Users\jgbcross\AppData\Local\Temp\0d78f0fb76ce90413442c2b7a196c7da.mpf_cache
2019-08-20 20:52:53,964 : ConfigProcessor : Loading config from cache: C:\Users\jgbcross\AppData\Local\Temp\e140c0164a05ad5fcc304ee02ad77dad.mpf_cache
2019-08-20 20:52:53,965 : ConfigProcessor : Loading config from cache: C:\Users\jgbcross\AppData\Local\Temp\54ec261b09bad8c6580a7abaec866ef7.mpf_cache
2019-08-20 20:52:53,965 : ConfigProcessor : Loading config from cache: C:\Users\jgbcross\AppData\Local\Temp\c7ba1d60bed6701f21aa70c0b597f7ff.mpf_cache
2019-08-20 20:52:53,966 : ConfigProcessor : Loading config from cache: C:\Users\jgbcross\AppData\Local\Temp\c309900c81551d04caee6839600d76c5.mpf_cache
2019-08-20 20:52:53,967 : ConfigProcessor : Loading config from cache: C:\Users\jgbcross\AppData\Local\Temp\f59debb651560443703eed438ef87128.mpf_cache
2019-08-20 20:52:53,971 : ConfigProcessor : Loading config from cache: C:\Users\jgbcross\AppData\Local\Temp\3d1b8a74ec65a169731f17cfe06cf938.mpf_cache
2019-08-20 20:52:53,975 : ConfigProcessor : Loading config from cache: C:\Users\jgbcross\AppData\Local\Temp\8e1a6a6e716428615d3205ffe45b9b4d.mpf_cache
2019-08-20 20:52:53,976 : ConfigProcessor : Loading config from cache: C:\Users\jgbcross\AppData\Local\Temp\773e72d6711483bbecf425ac3ab79443.mpf_cache
2019-08-20 20:52:53,976 : EventManager : Event: ======'init_phase_3'====== Args={}
2019-08-20 20:52:53,977 : EventManager : Event: ======'init_phase_4'====== Args={}
2019-08-20 20:52:53,977 : EventManager : Event: ======'init_phase_5'====== Args={}
2019-08-20 20:52:53,977 : EventManager : Event: ======'init_done'====== Args={}
2019-08-20 20:52:53,977 : MPF-MC BCP Server : Starting up on localhost port 5050
2019-08-20 20:52:53,980 : MPF-MC BCP Server : Waiting for a connection...
2019-08-20 20:52:53,982 : EventManager : Event: ======'client_disconnected'====== Args={'host': '127.0.0.1', 'port': 5050}
2019-08-20 20:52:54,858 : MPF-MC BCP Server : Received connection from: 127.0.0.1:58502
2019-08-20 20:52:54,862 : EventManager : Event: ======'client_connected'====== Args={'host': '127.0.0.1', 'port': 58502}
2019-08-20 20:52:54,887 : EventManager : Event: ======'machine_var_credits_string'====== Args={'value': 'FREE PLAY', 'prev_value': None, 'change': True}
2019-08-20 20:52:54,887 : EventManager : Event: ======'machine_var_player1_score'====== Args={'value': 330, 'prev_value': None, 'change': True}
2019-08-20 20:52:54,887 : EventManager : Event: ======'machine_var_mpf_version'====== Args={'value': 'MPF v0.53.0-dev.52', 'prev_value': None, 'change': True}
2019-08-20 20:52:54,887 : EventManager : Event: ======'machine_var_mpf_extended_version'====== Args={'value': 'MPF v0.53.0-dev.52, Config version:5, Show version: 5, BCP version:1.1', 'prev_value': None, 'change': True}
2019-08-20 20:52:54,887 : EventManager : Event: ======'machine_var_python_version'====== Args={'value': '3.6.4', 'prev_value': None, 'change': True}
2019-08-20 20:52:54,887 : EventManager : Event: ======'machine_var_platform'====== Args={'value': 'Windows-10-10.0.18362-SP0', 'prev_value': None, 'change': True}
2019-08-20 20:52:54,887 : EventManager : Event: ======'machine_var_platform_system'====== Args={'value': 'Windows', 'prev_value': None, 'change': True}
2019-08-20 20:52:54,887 : EventManager : Event: ======'machine_var_platform_release'====== Args={'value': '10', 'prev_value': None, 'change': True}
2019-08-20 20:52:54,887 : EventManager : Event: ======'machine_var_platform_version'====== Args={'value': '10.0.18362', 'prev_value': None, 'change': True}
2019-08-20 20:52:54,887 : EventManager : Event: ======'machine_var_platform_machine'====== Args={'value': 'AMD64', 'prev_value': None, 'change': True}
2019-08-20 20:52:54,900 : EventManager : Event: ======'machine_var_master_volume'====== Args={'value': 0.5, 'prev_value': None, 'change': True}
2019-08-20 20:52:54,901 : mpfmc : Stopping...
2019-08-20 20:52:54,901 : EventManager : Event: ======'shutdown'====== Args={}
2019-08-20 20:52:54,963 : mpfmc : Loop rate 74.66 Hz
2019-08-20 20:52:54,964 : kivy : Base: Leaving application in progress...
2019-08-20 20:52:54,976 : mpfmc : Stopping...
2019-08-20 20:52:54,976 : EventManager : Event: ======'shutdown'====== Args={}
2019-08-20 20:52:54,976 : mpfmc : Loop rate 74.69 Hz
2019-08-20 20:52:54,977 : kivy : MC run loop ended.
2019-08-20 20:52:54,977 : kivy : Stopping child threads... (1 remaining)
2019-08-20 20:52:55,862 : MPF-MC BCP Server : Stopping BCP sending thread
2019-08-20 20:52:55,884 : kivy : All child threads stopped.
