2019-08-20 21:06:58,738 : INFO : Machine : Mission Pinball Framework Core Engine v0.53.0-dev.52
2019-08-20 21:06:58,738 : INFO : Machine : Command line arguments: {'no_load_cache': False, 'create_config_cache': True, 'bcp': True, 'configfile': ['config.yaml'], 'mpfconfigfile': 'c:\\program files\\python36\\lib\\site-packages\\mpf\\mpfconfig.yaml', 'force_assets_load': False, 'jsonlogging': False, 'logfile': 'logs\\2019-08-20-21-06-58-mpf-LOLTH.log', 'pause': False, 'production': False, 'text_ui': True, 'loglevel': 15, 'consoleloglevel': 20, 'force_platform': 'smart_virtual', 'syslog_address': None, 'mc_file_name': None, 'no_sound': False}
2019-08-20 21:06:58,738 : INFO : Machine : MPF path: c:\program files\python36\lib\site-packages\mpf
2019-08-20 21:06:58,738 : INFO : Machine : Machine path: C:\Users\jgbcross\Desktop\github\WoW_Classic-Pinball
2019-08-20 21:06:58,738 : INFO : Machine : Platform: win32
2019-08-20 21:06:58,738 : INFO : Machine : Python executable location: c:\program files\python36\python.exe
2019-08-20 21:06:58,738 : INFO : Machine : Python version: 3.6.4 (64-bit)
2019-08-20 21:06:58,738 : INFO : Machine : Machine config file #1: config.yaml
2019-08-20 21:06:58,739 : INFO : ConfigProcessor : Loading config from cache: C:\Users\jgbcross\AppData\Local\Temp\b888024debe8f75c3226150033d0b8f8.mpf_cache
2019-08-20 21:06:58,741 : INFO : Machine : Initialise MPF.
2019-08-20 21:06:58,889 : INFO : EventManager : Event: ======'machine_var_credits_string'====== Args={'value': 'FREE PLAY', 'prev_value': None, 'change': True}
2019-08-20 21:06:58,912 : INFO : EventManager : Event: ======'machine_var_player1_score'====== Args={'value': 330, 'prev_value': None, 'change': True}
2019-08-20 21:06:58,913 : INFO : EventManager : Event: ======'machine_var_mpf_version'====== Args={'value': 'MPF v0.53.0-dev.52', 'prev_value': None, 'change': True}
2019-08-20 21:06:58,913 : INFO : EventManager : Event: ======'machine_var_mpf_extended_version'====== Args={'value': 'MPF v0.53.0-dev.52, Config version:5, Show version: 5, BCP version:1.1', 'prev_value': None, 'change': True}
2019-08-20 21:06:58,913 : INFO : EventManager : Event: ======'machine_var_python_version'====== Args={'value': '3.6.4', 'prev_value': None, 'change': True}
2019-08-20 21:06:58,913 : INFO : EventManager : Event: ======'machine_var_platform'====== Args={'value': 'Windows-10-10.0.18362-SP0', 'prev_value': None, 'change': True}
2019-08-20 21:06:58,913 : INFO : EventManager : Event: ======'machine_var_platform_system'====== Args={'value': 'Windows', 'prev_value': None, 'change': True}
2019-08-20 21:06:58,913 : INFO : EventManager : Event: ======'machine_var_platform_release'====== Args={'value': '10', 'prev_value': None, 'change': True}
2019-08-20 21:06:58,913 : INFO : EventManager : Event: ======'machine_var_platform_version'====== Args={'value': '10.0.18362', 'prev_value': None, 'change': True}
2019-08-20 21:06:58,913 : INFO : EventManager : Event: ======'machine_var_platform_machine'====== Args={'value': 'AMD64', 'prev_value': None, 'change': True}
2019-08-20 21:06:58,913 : INFO : EventManager : Event: ======'init_phase_1'====== Args={}
2019-08-20 21:06:58,934 : INFO : ConfigProcessor : Loading config from cache: C:\Users\jgbcross\AppData\Local\Temp\54ec261b09bad8c6580a7abaec866ef7.mpf_cache
2019-08-20 21:06:58,938 : INFO : ConfigProcessor : Loading config from cache: C:\Users\jgbcross\AppData\Local\Temp\c309900c81551d04caee6839600d76c5.mpf_cache
2019-08-20 21:06:58,940 : INFO : ConfigProcessor : Loading config from cache: C:\Users\jgbcross\AppData\Local\Temp\773e72d6711483bbecf425ac3ab79443.mpf_cache
2019-08-20 21:06:58,942 : INFO : ConfigProcessor : Loading config from cache: C:\Users\jgbcross\AppData\Local\Temp\3d1b8a74ec65a169731f17cfe06cf938.mpf_cache
2019-08-20 21:06:58,944 : INFO : ConfigProcessor : Loading config from cache: C:\Users\jgbcross\AppData\Local\Temp\c7ba1d60bed6701f21aa70c0b597f7ff.mpf_cache
2019-08-20 21:06:58,946 : WARNING : ConfigProcessor : Config file in cache changed: C:\Users\jgbcross\Desktop\github\WoW_Classic-Pinball\modes\super_gold\config\super_gold.yaml
2019-08-20 21:06:58,946 : INFO : ConfigProcessor : Loading config from file C:\Users\jgbcross\Desktop\github\WoW_Classic-Pinball\modes\super_gold\config\super_gold.yaml.
2019-08-20 21:06:58,949 : INFO : ConfigProcessor : Loading config: C:\Users\jgbcross\Desktop\github\WoW_Classic-Pinball\modes\super_gold\config\super_gold.yaml
2019-08-20 21:06:58,949 : INFO : ConfigProcessor : Config file cache created: C:\Users\jgbcross\AppData\Local\Temp\0d78f0fb76ce90413442c2b7a196c7da.mpf_cache
2019-08-20 21:06:58,951 : INFO : ConfigProcessor : Loading config from cache: C:\Users\jgbcross\AppData\Local\Temp\8e1a6a6e716428615d3205ffe45b9b4d.mpf_cache
2019-08-20 21:06:58,955 : INFO : ConfigProcessor : Loading config from cache: C:\Users\jgbcross\AppData\Local\Temp\e140c0164a05ad5fcc304ee02ad77dad.mpf_cache
2019-08-20 21:06:58,957 : INFO : ConfigProcessor : Loading config from cache: C:\Users\jgbcross\AppData\Local\Temp\f59debb651560443703eed438ef87128.mpf_cache
2019-08-20 21:06:58,996 : INFO : EventManager : Event: ======'init_phase_2'====== Args={}
2019-08-20 21:06:58,997 : INFO : SwitchController : Found active switch: ('8-32', <Platform.SmartVirtual>)
2019-08-20 21:06:58,997 : INFO : SwitchController : Found active switch: ('8-33', <Platform.SmartVirtual>)
2019-08-20 21:06:58,997 : INFO : SwitchController : Found active switch: ('8-34', <Platform.SmartVirtual>)
2019-08-20 21:06:58,997 : INFO : SwitchController : Found active switch: ('8-35', <Platform.SmartVirtual>)
2019-08-20 21:06:58,997 : INFO : SwitchController : Found active switch: ('8-36', <Platform.SmartVirtual>)
2019-08-20 21:06:58,997 : INFO : SwitchController : Found active switch: ('8-37', <Platform.SmartVirtual>)
2019-08-20 21:06:59,005 : INFO : EventManager : Event: ======'bcp_connection_attempt'====== Args={'name': 'local_display', 'host': 'localhost', 'port': 5050}
2019-08-20 21:06:59,006 : INFO : BCPClientSocket : Connecting BCP to 'local_display' at localhost:5050...
2019-08-20 21:07:01,031 : INFO : BCPClientSocket : Connected BCP to 'local_display' localhost:5050
2019-08-20 21:07:01,032 : INFO : EventManager : Event: ======'bcp_clients_connected'====== Args={}
2019-08-20 21:07:01,048 : INFO : EventManager : Event: ======'machine_var_master_volume'====== Args={'value': 0.5, 'prev_value': None, 'change': True}
2019-08-20 21:07:01,074 : INFO : EventManager : Event: ======'init_phase_3'====== Args={}
2019-08-20 21:07:01,074 : INFO : AssetManager : Registering Asset: attract_display_loop, File: attract_display_loop.yaml, Default Group: default, Final Config: {'load': 'preload', 'file': 'C:\\Users\\jgbcross\\Desktop\\github\\WoW_Classic-Pinball\\modes\\attract\\shows\\attract_display_loop.yaml'}
2019-08-20 21:07:01,074 : INFO : AssetManager : Registering Asset: attract_light_show, File: attract_light_show.yaml, Default Group: default, Final Config: {'load': 'preload', 'file': 'C:\\Users\\jgbcross\\Desktop\\github\\WoW_Classic-Pinball\\modes\\attract\\shows\\attract_light_show.yaml'}
2019-08-20 21:07:01,075 : INFO : AssetManager : Registering Asset: super_gold_acheived, File: super_gold_acheived.yaml, Default Group: default, Final Config: {'load': 'preload', 'file': 'C:\\Users\\jgbcross\\Desktop\\github\\WoW_Classic-Pinball\\modes\\super_gold\\shows\\super_gold_acheived.yaml'}
2019-08-20 21:07:01,075 : INFO : AssetManager : Registering Asset: super_gold_started, File: super_gold_started.yaml, Default Group: default, Final Config: {'load': 'preload', 'file': 'C:\\Users\\jgbcross\\Desktop\\github\\WoW_Classic-Pinball\\modes\\super_gold\\shows\\super_gold_started.yaml'}
2019-08-20 21:07:01,077 : INFO : ConfigProcessor : Loading config from cache: C:\Users\jgbcross\AppData\Local\Temp\49149998d6049df690f544dddbe8abef.mpf_cache
2019-08-20 21:07:01,082 : INFO : EventManager : Event: ======'loading_assets'====== Args={'total': 4, 'loaded': 1, 'remaining': 3, 'percent': 25}
2019-08-20 21:07:01,083 : INFO : AssetManager : Loading assets: 1/4 (25%)
2019-08-20 21:07:01,083 : INFO : ConfigProcessor : Loading config from cache: C:\Users\jgbcross\AppData\Local\Temp\6b2572f3de420627f613d21597967d85.mpf_cache
2019-08-20 21:07:01,084 : INFO : ConfigProcessor : Loading config from cache: C:\Users\jgbcross\AppData\Local\Temp\7ea283a0c9db94b9910e856d2b83198c.mpf_cache
2019-08-20 21:07:01,084 : INFO : ConfigProcessor : Loading config from cache: C:\Users\jgbcross\AppData\Local\Temp\52d6b6454cac10b256882698b3caa8c9.mpf_cache
2019-08-20 21:07:01,086 : INFO : EventManager : Event: ======'loading_assets'====== Args={'total': 4, 'loaded': 4, 'remaining': 0, 'percent': 100}
2019-08-20 21:07:01,086 : INFO : EventManager : Event: ======'asset_loading_complete'====== Args={}
2019-08-20 21:07:01,086 : INFO : AssetManager : Loading assets: 4/4 (100%)
2019-08-20 21:07:01,086 : INFO : EventManager : Event: ======'init_phase_4'====== Args={}
2019-08-20 21:07:01,091 : INFO : EventManager : Event: ======'machine_var_audits_events_game_ended'====== Args={'value': 1, 'prev_value': None, 'change': True}
2019-08-20 21:07:01,091 : INFO : EventManager : Event: ======'machine_var_audits_events_game_started'====== Args={'value': 17, 'prev_value': None, 'change': True}
2019-08-20 21:07:01,091 : INFO : EventManager : Event: ======'machine_var_audits_player_score'====== Args={'value': {'average': 330.0, 'top': [330], 'total': 1}, 'prev_value': None, 'change': True}
2019-08-20 21:07:01,091 : INFO : EventManager : Event: ======'machine_var_audits_shots_bumpers'====== Args={'value': 184, 'prev_value': None, 'change': True}
2019-08-20 21:07:01,091 : INFO : EventManager : Event: ======'machine_var_audits_shots_shot_left_return_lane_left'====== Args={'value': 1, 'prev_value': None, 'change': True}
2019-08-20 21:07:01,092 : INFO : EventManager : Event: ======'machine_var_audits_shots_shot_left_return_lane_right'====== Args={'value': 2, 'prev_value': None, 'change': True}
2019-08-20 21:07:01,092 : INFO : EventManager : Event: ======'machine_var_audits_shots_shot_quest_target_1'====== Args={'value': 5, 'prev_value': None, 'change': True}
2019-08-20 21:07:01,092 : INFO : EventManager : Event: ======'machine_var_audits_shots_shot_quest_target_2'====== Args={'value': 3, 'prev_value': None, 'change': True}
2019-08-20 21:07:01,092 : INFO : EventManager : Event: ======'machine_var_audits_shots_shot_quest_target_3'====== Args={'value': 3, 'prev_value': None, 'change': True}
2019-08-20 21:07:01,093 : INFO : EventManager : Event: ======'machine_var_audits_shots_shot_quest_target_4'====== Args={'value': 3, 'prev_value': None, 'change': True}
2019-08-20 21:07:01,093 : INFO : EventManager : Event: ======'machine_var_audits_shots_shot_quest_target_5'====== Args={'value': 3, 'prev_value': None, 'change': True}
2019-08-20 21:07:01,093 : INFO : EventManager : Event: ======'machine_var_audits_shots_shot_top_lane_left'====== Args={'value': 4, 'prev_value': None, 'change': True}
2019-08-20 21:07:01,093 : INFO : EventManager : Event: ======'machine_var_audits_shots_shot_top_lane_right'====== Args={'value': 7, 'prev_value': None, 'change': True}
2019-08-20 21:07:01,093 : INFO : EventManager : Event: ======'machine_var_audits_switches_s_ah_standup_target'====== Args={'value': 0, 'prev_value': None, 'change': True}
2019-08-20 21:07:01,093 : INFO : EventManager : Event: ======'machine_var_audits_switches_s_arena_motor_away'====== Args={'value': 0, 'prev_value': None, 'change': True}
2019-08-20 21:07:01,094 : INFO : EventManager : Event: ======'machine_var_audits_switches_s_arena_motor_home'====== Args={'value': 0, 'prev_value': None, 'change': True}
2019-08-20 21:07:01,094 : INFO : EventManager : Event: ======'machine_var_audits_switches_s_arena_opto'====== Args={'value': 0, 'prev_value': None, 'change': True}
2019-08-20 21:07:01,094 : INFO : EventManager : Event: ======'machine_var_audits_switches_s_arena_trough_1'====== Args={'value': 0, 'prev_value': None, 'change': True}
2019-08-20 21:07:01,094 : INFO : EventManager : Event: ======'machine_var_audits_switches_s_arena_trough_2'====== Args={'value': 0, 'prev_value': None, 'change': True}
2019-08-20 21:07:01,094 : INFO : EventManager : Event: ======'machine_var_audits_switches_s_arena_trough_3'====== Args={'value': 0, 'prev_value': None, 'change': True}
2019-08-20 21:07:01,095 : INFO : EventManager : Event: ======'machine_var_audits_switches_s_arena_trough_4'====== Args={'value': 0, 'prev_value': None, 'change': True}
2019-08-20 21:07:01,095 : INFO : EventManager : Event: ======'machine_var_audits_switches_s_bottom_pop_bumper'====== Args={'value': 74, 'prev_value': None, 'change': True}
2019-08-20 21:07:01,095 : INFO : EventManager : Event: ======'machine_var_audits_switches_s_center_coin'====== Args={'value': 0, 'prev_value': None, 'change': True}
2019-08-20 21:07:01,095 : INFO : EventManager : Event: ======'machine_var_audits_switches_s_center_drop_target'====== Args={'value': 0, 'prev_value': None, 'change': True}
2019-08-20 21:07:01,096 : INFO : EventManager : Event: ======'machine_var_audits_switches_s_kickback_opto'====== Args={'value': 0, 'prev_value': None, 'change': True}
2019-08-20 21:07:01,096 : INFO : EventManager : Event: ======'machine_var_audits_switches_s_left_coin'====== Args={'value': 0, 'prev_value': None, 'change': True}
2019-08-20 21:07:01,096 : INFO : EventManager : Event: ======'machine_var_audits_switches_s_left_flipper_button'====== Args={'value': 8, 'prev_value': None, 'change': True}
2019-08-20 21:07:01,096 : INFO : EventManager : Event: ======'machine_var_audits_switches_s_left_flipper_eos'====== Args={'value': 0, 'prev_value': None, 'change': True}
2019-08-20 21:07:01,096 : INFO : EventManager : Event: ======'machine_var_audits_switches_s_left_lane'====== Args={'value': 0, 'prev_value': None, 'change': True}
2019-08-20 21:07:01,097 : INFO : EventManager : Event: ======'machine_var_audits_switches_s_left_lane_target'====== Args={'value': 0, 'prev_value': None, 'change': True}
2019-08-20 21:07:01,097 : INFO : EventManager : Event: ======'machine_var_audits_switches_s_left_orbit'====== Args={'value': 0, 'prev_value': None, 'change': True}
2019-08-20 21:07:01,097 : INFO : EventManager : Event: ======'machine_var_audits_switches_s_left_outlane'====== Args={'value': 0, 'prev_value': None, 'change': True}
2019-08-20 21:07:01,097 : INFO : EventManager : Event: ======'machine_var_audits_switches_s_left_pop_bumper'====== Args={'value': 53, 'prev_value': None, 'change': True}
2019-08-20 21:07:01,097 : INFO : EventManager : Event: ======'machine_var_audits_switches_s_left_ramp_exit'====== Args={'value': 0, 'prev_value': None, 'change': True}
2019-08-20 21:07:01,098 : INFO : EventManager : Event: ======'machine_var_audits_switches_s_left_return_lane_left'====== Args={'value': 1, 'prev_value': None, 'change': True}
2019-08-20 21:07:01,098 : INFO : EventManager : Event: ======'machine_var_audits_switches_s_left_return_lane_right'====== Args={'value': 2, 'prev_value': None, 'change': True}
2019-08-20 21:07:01,098 : INFO : EventManager : Event: ======'machine_var_audits_switches_s_left_slingshot'====== Args={'value': 0, 'prev_value': None, 'change': True}
2019-08-20 21:07:01,098 : INFO : EventManager : Event: ======'machine_var_audits_switches_s_lockdown_button'====== Args={'value': 15, 'prev_value': None, 'change': True}
2019-08-20 21:07:01,098 : INFO : EventManager : Event: ======'machine_var_audits_switches_s_loot_target_bottom'====== Args={'value': 0, 'prev_value': None, 'change': True}
2019-08-20 21:07:01,099 : INFO : EventManager : Event: ======'machine_var_audits_switches_s_loot_target_top'====== Args={'value': 0, 'prev_value': None, 'change': True}
2019-08-20 21:07:01,099 : INFO : EventManager : Event: ======'machine_var_audits_switches_s_quest_target_1'====== Args={'value': 5, 'prev_value': None, 'change': True}
2019-08-20 21:07:01,099 : INFO : EventManager : Event: ======'machine_var_audits_switches_s_quest_target_2'====== Args={'value': 3, 'prev_value': None, 'change': True}
2019-08-20 21:07:01,099 : INFO : EventManager : Event: ======'machine_var_audits_switches_s_quest_target_3'====== Args={'value': 3, 'prev_value': None, 'change': True}
2019-08-20 21:07:01,100 : INFO : EventManager : Event: ======'machine_var_audits_switches_s_quest_target_4'====== Args={'value': 3, 'prev_value': None, 'change': True}
2019-08-20 21:07:01,100 : INFO : EventManager : Event: ======'machine_var_audits_switches_s_quest_target_5'====== Args={'value': 3, 'prev_value': None, 'change': True}
2019-08-20 21:07:01,100 : INFO : EventManager : Event: ======'machine_var_audits_switches_s_right_coin'====== Args={'value': 0, 'prev_value': None, 'change': True}
2019-08-20 21:07:01,100 : INFO : EventManager : Event: ======'machine_var_audits_switches_s_right_flipper_button'====== Args={'value': 6, 'prev_value': None, 'change': True}
2019-08-20 21:07:01,101 : INFO : EventManager : Event: ======'machine_var_audits_switches_s_right_flipper_eos'====== Args={'value': 0, 'prev_value': None, 'change': True}
2019-08-20 21:07:01,101 : INFO : EventManager : Event: ======'machine_var_audits_switches_s_right_orbit'====== Args={'value': 0, 'prev_value': None, 'change': True}
2019-08-20 21:07:01,101 : INFO : EventManager : Event: ======'machine_var_audits_switches_s_right_outlane'====== Args={'value': 0, 'prev_value': None, 'change': True}
2019-08-20 21:07:01,101 : INFO : EventManager : Event: ======'machine_var_audits_switches_s_right_pop_bumper'====== Args={'value': 57, 'prev_value': None, 'change': True}
2019-08-20 21:07:01,102 : INFO : EventManager : Event: ======'machine_var_audits_switches_s_right_ramp_exit'====== Args={'value': 0, 'prev_value': None, 'change': True}
2019-08-20 21:07:01,102 : INFO : EventManager : Event: ======'machine_var_audits_switches_s_right_return_lane'====== Args={'value': 0, 'prev_value': None, 'change': True}
2019-08-20 21:07:01,102 : INFO : EventManager : Event: ======'machine_var_audits_switches_s_right_scoop'====== Args={'value': 0, 'prev_value': None, 'change': True}
2019-08-20 21:07:01,103 : INFO : EventManager : Event: ======'machine_var_audits_switches_s_right_slingshot'====== Args={'value': 0, 'prev_value': None, 'change': True}
2019-08-20 21:07:01,103 : INFO : EventManager : Event: ======'machine_var_audits_switches_s_service_back'====== Args={'value': 0, 'prev_value': None, 'change': True}
2019-08-20 21:07:01,103 : INFO : EventManager : Event: ======'machine_var_audits_switches_s_service_minus'====== Args={'value': 0, 'prev_value': None, 'change': True}
2019-08-20 21:07:01,103 : INFO : EventManager : Event: ======'machine_var_audits_switches_s_service_plus'====== Args={'value': 0, 'prev_value': None, 'change': True}
2019-08-20 21:07:01,104 : INFO : EventManager : Event: ======'machine_var_audits_switches_s_service_select'====== Args={'value': 0, 'prev_value': None, 'change': True}
2019-08-20 21:07:01,104 : INFO : EventManager : Event: ======'machine_var_audits_switches_s_shooter_lane'====== Args={'value': 23, 'prev_value': None, 'change': True}
2019-08-20 21:07:01,104 : INFO : EventManager : Event: ======'machine_var_audits_switches_s_slam_tilt'====== Args={'value': 0, 'prev_value': None, 'change': True}
2019-08-20 21:07:01,105 : INFO : EventManager : Event: ======'machine_var_audits_switches_s_soulstone_target_left'====== Args={'value': 0, 'prev_value': None, 'change': True}
2019-08-20 21:07:01,105 : INFO : EventManager : Event: ======'machine_var_audits_switches_s_soulstone_target_right'====== Args={'value': 0, 'prev_value': None, 'change': True}
2019-08-20 21:07:01,105 : INFO : EventManager : Event: ======'machine_var_audits_switches_s_start_button'====== Args={'value': 0, 'prev_value': None, 'change': True}
2019-08-20 21:07:01,105 : INFO : EventManager : Event: ======'machine_var_audits_switches_s_tilt_pendulum'====== Args={'value': 0, 'prev_value': None, 'change': True}
2019-08-20 21:07:01,106 : INFO : EventManager : Event: ======'machine_var_audits_switches_s_top_lane_left'====== Args={'value': 4, 'prev_value': None, 'change': True}
2019-08-20 21:07:01,106 : INFO : EventManager : Event: ======'machine_var_audits_switches_s_top_lane_right'====== Args={'value': 7, 'prev_value': None, 'change': True}
2019-08-20 21:07:01,106 : INFO : EventManager : Event: ======'machine_var_audits_switches_s_tournament_start_button'====== Args={'value': 0, 'prev_value': None, 'change': True}
2019-08-20 21:07:01,106 : INFO : EventManager : Event: ======'machine_var_audits_switches_s_trough_1'====== Args={'value': 8, 'prev_value': None, 'change': True}
2019-08-20 21:07:01,107 : INFO : EventManager : Event: ======'machine_var_audits_switches_s_trough_2'====== Args={'value': 0, 'prev_value': None, 'change': True}
2019-08-20 21:07:01,107 : INFO : EventManager : Event: ======'machine_var_audits_switches_s_trough_3'====== Args={'value': 0, 'prev_value': None, 'change': True}
2019-08-20 21:07:01,107 : INFO : EventManager : Event: ======'machine_var_audits_switches_s_trough_4'====== Args={'value': 0, 'prev_value': None, 'change': True}
2019-08-20 21:07:01,107 : INFO : EventManager : Event: ======'machine_var_audits_switches_s_trough_5'====== Args={'value': 0, 'prev_value': None, 'change': True}
2019-08-20 21:07:01,108 : INFO : EventManager : Event: ======'machine_var_audits_switches_s_trough_6'====== Args={'value': 0, 'prev_value': None, 'change': True}
2019-08-20 21:07:01,108 : INFO : EventManager : Event: ======'machine_var_audits_switches_s_trough_jam'====== Args={'value': 0, 'prev_value': None, 'change': True}
2019-08-20 21:07:01,108 : INFO : EventManager : Event: ======'init_phase_5'====== Args={}
2019-08-20 21:07:01,120 : INFO : EventManager : Event: ======'init_done'====== Args={}
2019-08-20 21:07:01,120 : INFO : EventManager : Event: ======'machine_reset_phase_1'====== Args={}
2019-08-20 21:07:01,136 : INFO : EventManager : Event: ======'machine_reset_phase_2'====== Args={}
2019-08-20 21:07:01,136 : INFO : EventManager : Event: ======'machine_reset_phase_3'====== Args={}
2019-08-20 21:07:01,137 : INFO : EventManager : Event: ======'mode_tilt_will_start'====== Args={'queue': <QueuedEvent>}
2019-08-20 21:07:01,138 : INFO : EventManager : Event: ======'mode_tilt_starting'====== Args={'queue': <QueuedEvent>}
2019-08-20 21:07:01,139 : INFO : Mode.tilt : Started. Priority: 1000000
2019-08-20 21:07:01,140 : INFO : EventManager : Event: ======'mode_tilt_started'====== Args={'queue': <QueuedEvent>}
2019-08-20 21:07:01,140 : INFO : EventManager : Event: ======'reset_complete'====== Args={}
2019-08-20 21:07:01,140 : INFO : EventManager : Event: ======'mode_attract_will_start'====== Args={}
2019-08-20 21:07:01,142 : INFO : EventManager : Event: ======'mode_attract_starting'====== Args={}
2019-08-20 21:07:01,142 : INFO : Mode.attract : Started. Priority: 10
2019-08-20 21:07:01,142 : INFO : EventManager : Event: ======'mode_attract_started'====== Args={}
2019-08-20 21:07:01,143 : INFO : EventManager : Event: ======'collecting_balls_complete'====== Args={}
2019-08-20 21:07:01,163 : INFO : EventManager : Event: ======'slide_press_start_created'====== Args={'_from_bcp': True}
2019-08-20 21:07:01,163 : INFO : EventManager : Event: ======'slide_press_start_active'====== Args={'_from_bcp': True}
2019-08-20 21:07:01,164 : INFO : Machine : Starting the main run loop.
2019-08-20 21:07:01,535 : INFO : BcpServer : New client connected.
2019-08-20 21:07:04,157 : INFO : EventManager : Event: ======'slide_last_game_score_slide_created'====== Args={'_from_bcp': True}
2019-08-20 21:07:04,168 : INFO : EventManager : Event: ======'slide_last_game_score_slide_active'====== Args={'_from_bcp': True}
2019-08-20 21:07:05,928 : INFO : SwitchController : <<<<<<< 's_start_button' active >>>>>>>
2019-08-20 21:07:06,816 : INFO : SwitchController : <<<<<<< 's_start_button' inactive >>>>>>>
2019-08-20 21:07:06,816 : INFO : EventManager : Event: ======'request_to_start_game'====== Args={}
2019-08-20 21:07:06,817 : INFO : EventManager : Event: ======'game_start'====== Args={'buttons': [], 'hold_time': 0.8899999999994179}
2019-08-20 21:07:06,817 : INFO : EventManager : Event: ======'mode_game_will_start'====== Args={'buttons': [], 'hold_time': 0.8899999999994179}
2019-08-20 21:07:06,817 : INFO : EventManager : Event: ======'mode_game_starting'====== Args={'buttons': [], 'hold_time': 0.8899999999994179}
2019-08-20 21:07:06,818 : INFO : EventManager : Event: ======'mode_attract_will_stop'====== Args={}
2019-08-20 21:07:06,818 : INFO : EventManager : Event: ======'mode_attract_stopping'====== Args={}
2019-08-20 21:07:06,818 : INFO : Mode.attract : Stopped.
2019-08-20 21:07:06,818 : INFO : EventManager : Event: ======'mode_attract_stopped'====== Args={}
2019-08-20 21:07:06,818 : INFO : EventManager : Event: ======'clear'====== Args={'key': 'attract'}
2019-08-20 21:07:06,819 : INFO : Mode.game : Started. Priority: 20
2019-08-20 21:07:06,819 : INFO : EventManager : Event: ======'mode_game_started'====== Args={'buttons': [], 'hold_time': 0.8899999999994179}
2019-08-20 21:07:06,826 : INFO : EventManager : Event: ======'game_will_start'====== Args={}
2019-08-20 21:07:06,827 : INFO : EventManager : Event: ======'game_starting'====== Args={'game': <Mode.game>}
2019-08-20 21:07:06,827 : INFO : EventManager : Event: ======'player_add_request'====== Args={}
2019-08-20 21:07:06,827 : INFO : EventManager : Event: ======'player_will_add'====== Args={'number': 1}
2019-08-20 21:07:06,828 : INFO : EventManager : Event: ======'player_adding'====== Args={'player': <Player 1>, 'number': 1}
2019-08-20 21:07:06,828 : INFO : EventManager : Event: ======'player_added'====== Args={'player': <Player 1>, 'num': 1}
2019-08-20 21:07:06,828 : INFO : Mode.game : Player added successfully. Total players: 1
2019-08-20 21:07:06,828 : INFO : EventManager : Event: ======'player_index'====== Args={'value': 0, 'prev_value': 0, 'change': 0, 'player_num': 1}
2019-08-20 21:07:06,829 : INFO : EventManager : Event: ======'player_number'====== Args={'value': 1, 'prev_value': 1, 'change': 0, 'player_num': 1}
2019-08-20 21:07:06,829 : INFO : EventManager : Event: ======'player_gold'====== Args={'value': 0, 'prev_value': 0, 'change': 0, 'player_num': 1}
2019-08-20 21:07:06,829 : INFO : EventManager : Event: ======'player_super_gold_acheived'====== Args={'value': 0, 'prev_value': 0, 'change': 0, 'player_num': 1}
2019-08-20 21:07:06,829 : INFO : EventManager : Event: ======'player_reputation'====== Args={'value': 0, 'prev_value': 0, 'change': 0, 'player_num': 1}
2019-08-20 21:07:06,829 : INFO : EventManager : Event: ======'player_rep_multiplier'====== Args={'value': 1.0, 'prev_value': 1.0, 'change': 0, 'player_num': 1}
2019-08-20 21:07:06,830 : INFO : EventManager : Event: ======'player_pvp_lanes_completed'====== Args={'value': 0, 'prev_value': 0, 'change': 0, 'player_num': 1}
2019-08-20 21:07:06,830 : INFO : EventManager : Event: ======'player_xp_lanes_completed'====== Args={'value': 0, 'prev_value': 0, 'change': 0, 'player_num': 1}
2019-08-20 21:07:06,830 : INFO : EventManager : Event: ======'player_quest_targets_completed'====== Args={'value': 0, 'prev_value': 0, 'change': 0, 'player_num': 1}
2019-08-20 21:07:06,831 : INFO : EventManager : Event: ======'player_score'====== Args={'value': 0, 'prev_value': 0, 'change': 0, 'player_num': 1}
2019-08-20 21:07:06,831 : INFO : EventManager : Event: ======'game_started'====== Args={}
2019-08-20 21:07:06,844 : INFO : EventManager : Event: ======'player_turn_will_start'====== Args={'player': <Player 1>, 'number': 1}
2019-08-20 21:07:06,849 : INFO : EventManager : Event: ======'slide_press_start_removed'====== Args={'_from_bcp': True}
2019-08-20 21:07:06,849 : INFO : EventManager : Event: ======'slide_last_game_score_slide_removed'====== Args={'_from_bcp': True}
2019-08-20 21:07:06,849 : INFO : EventManager : Event: ======'slide_window_blank_active'====== Args={'_from_bcp': True}
2019-08-20 21:07:06,850 : INFO : EventManager : Event: ======'player_turn_starting'====== Args={'player': <Player 1>, 'number': 1}
2019-08-20 21:07:06,850 : INFO : EventManager : Event: ======'player_ball'====== Args={'value': 1, 'prev_value': 0, 'change': 1, 'player_num': 1}
2019-08-20 21:07:06,850 : INFO : EventManager : Event: ======'player_turn_started'====== Args={'player': <Player 1>, 'number': 1}
2019-08-20 21:07:06,851 : INFO : EventManager : Event: ======'ball_will_start'====== Args={'player': 1, 'ball': 1, 'balls_remaining': 2, 'is_extra_ball': False}
2019-08-20 21:07:06,858 : INFO : EventManager : Event: ======'ball_starting'====== Args={'player': 1, 'ball': 1, 'balls_remaining': 2, 'is_extra_ball': False}
2019-08-20 21:07:06,859 : INFO : EventManager : Event: ======'mode_xp_lanes_watchdog_will_start'====== Args={'queue': <QueuedEvent>, 'player': 1, 'ball': 1, 'balls_remaining': 2, 'is_extra_ball': False}
2019-08-20 21:07:06,859 : INFO : EventManager : Event: ======'player_shot_shot_top_lane_left_enabled'====== Args={'value': True, 'prev_value': 0, 'change': 1, 'player_num': 1}
2019-08-20 21:07:06,860 : INFO : EventManager : Event: ======'player_shot_shot_top_lane_right_enabled'====== Args={'value': True, 'prev_value': 0, 'change': 1, 'player_num': 1}
2019-08-20 21:07:06,860 : INFO : EventManager : Event: ======'sg_xp_lanes_complete'====== Args={'state': 'unlit'}
2019-08-20 21:07:06,860 : INFO : EventManager : Event: ======'sg_xp_lanes_unlit_complete'====== Args={}
2019-08-20 21:07:06,861 : INFO : EventManager : Event: ======'mode_xp_lanes_watchdog_starting'====== Args={'queue': <QueuedEvent>, 'player': 1, 'ball': 1, 'balls_remaining': 2, 'is_extra_ball': False}
2019-08-20 21:07:06,861 : INFO : EventManager : Event: ======'mode_super_gold_watchdog_will_start'====== Args={'queue': <QueuedEvent>, 'player': 1, 'ball': 1, 'balls_remaining': 2, 'is_extra_ball': False}
2019-08-20 21:07:06,861 : INFO : EventManager : Event: ======'player_shot_bumpers_enabled'====== Args={'value': True, 'prev_value': 0, 'change': 1, 'player_num': 1}
2019-08-20 21:07:06,862 : INFO : EventManager : Event: ======'mode_super_gold_watchdog_starting'====== Args={'queue': <QueuedEvent>, 'player': 1, 'ball': 1, 'balls_remaining': 2, 'is_extra_ball': False}
2019-08-20 21:07:06,862 : INFO : EventManager : Event: ======'mode_quest_targets_watchdog_will_start'====== Args={'queue': <QueuedEvent>, 'player': 1, 'ball': 1, 'balls_remaining': 2, 'is_extra_ball': False}
2019-08-20 21:07:06,863 : INFO : EventManager : Event: ======'player_shot_shot_quest_target_1_enabled'====== Args={'value': True, 'prev_value': 0, 'change': 1, 'player_num': 1}
2019-08-20 21:07:06,863 : INFO : EventManager : Event: ======'player_shot_shot_quest_target_2_enabled'====== Args={'value': True, 'prev_value': 0, 'change': 1, 'player_num': 1}
2019-08-20 21:07:06,863 : INFO : EventManager : Event: ======'player_shot_shot_quest_target_3_enabled'====== Args={'value': True, 'prev_value': 0, 'change': 1, 'player_num': 1}
2019-08-20 21:07:06,864 : INFO : EventManager : Event: ======'player_shot_shot_quest_target_4_enabled'====== Args={'value': True, 'prev_value': 0, 'change': 1, 'player_num': 1}
2019-08-20 21:07:06,864 : INFO : EventManager : Event: ======'player_shot_shot_quest_target_5_enabled'====== Args={'value': True, 'prev_value': 0, 'change': 1, 'player_num': 1}
2019-08-20 21:07:06,865 : INFO : EventManager : Event: ======'sg_quest_targets_complete'====== Args={'state': 'unlit'}
2019-08-20 21:07:06,865 : INFO : EventManager : Event: ======'sg_quest_targets_unlit_complete'====== Args={}
2019-08-20 21:07:06,866 : INFO : EventManager : Event: ======'mode_quest_targets_watchdog_starting'====== Args={'queue': <QueuedEvent>, 'player': 1, 'ball': 1, 'balls_remaining': 2, 'is_extra_ball': False}
2019-08-20 21:07:06,866 : INFO : EventManager : Event: ======'mode_pvp_lanes_watchdog_will_start'====== Args={'queue': <QueuedEvent>, 'player': 1, 'ball': 1, 'balls_remaining': 2, 'is_extra_ball': False}
2019-08-20 21:07:06,866 : INFO : EventManager : Event: ======'player_shot_shot_left_return_lane_left_enabled'====== Args={'value': True, 'prev_value': 0, 'change': 1, 'player_num': 1}
2019-08-20 21:07:06,866 : INFO : EventManager : Event: ======'player_shot_shot_left_return_lane_right_enabled'====== Args={'value': True, 'prev_value': 0, 'change': 1, 'player_num': 1}
2019-08-20 21:07:06,867 : INFO : EventManager : Event: ======'player_shot_shot_right_return_lane_enabled'====== Args={'value': True, 'prev_value': 0, 'change': 1, 'player_num': 1}
2019-08-20 21:07:06,867 : INFO : EventManager : Event: ======'sg_pvp_lanes_complete'====== Args={'state': 'unlit'}
2019-08-20 21:07:06,867 : INFO : EventManager : Event: ======'sg_pvp_lanes_unlit_complete'====== Args={}
2019-08-20 21:07:06,868 : INFO : EventManager : Event: ======'mode_pvp_lanes_watchdog_starting'====== Args={'queue': <QueuedEvent>, 'player': 1, 'ball': 1, 'balls_remaining': 2, 'is_extra_ball': False}
2019-08-20 21:07:06,868 : INFO : EventManager : Event: ======'mode_base_will_start'====== Args={'queue': <QueuedEvent>, 'player': 1, 'ball': 1, 'balls_remaining': 2, 'is_extra_ball': False}
2019-08-20 21:07:06,868 : INFO : EventManager : Event: ======'mode_base_starting'====== Args={'queue': <QueuedEvent>, 'player': 1, 'ball': 1, 'balls_remaining': 2, 'is_extra_ball': False}
2019-08-20 21:07:06,869 : INFO : Mode.base : Started. Priority: 100
2019-08-20 21:07:06,869 : INFO : EventManager : Event: ======'mode_base_started'====== Args={'queue': <QueuedEvent>, 'player': 1, 'ball': 1, 'balls_remaining': 2, 'is_extra_ball': False}
2019-08-20 21:07:06,869 : INFO : Mode.pvp_lanes_watchdog : Started. Priority: 200
2019-08-20 21:07:06,869 : INFO : EventManager : Event: ======'mode_pvp_lanes_watchdog_started'====== Args={'queue': <QueuedEvent>, 'player': 1, 'ball': 1, 'balls_remaining': 2, 'is_extra_ball': False}
2019-08-20 21:07:06,870 : INFO : Mode.quest_targets_watchdog : Started. Priority: 200
2019-08-20 21:07:06,870 : INFO : EventManager : Event: ======'mode_quest_targets_watchdog_started'====== Args={'queue': <QueuedEvent>, 'player': 1, 'ball': 1, 'balls_remaining': 2, 'is_extra_ball': False}
2019-08-20 21:07:06,870 : INFO : Mode.xp_lanes_watchdog : Started. Priority: 200
2019-08-20 21:07:06,870 : INFO : EventManager : Event: ======'mode_xp_lanes_watchdog_started'====== Args={'queue': <QueuedEvent>, 'player': 1, 'ball': 1, 'balls_remaining': 2, 'is_extra_ball': False}
2019-08-20 21:07:06,870 : INFO : EventManager : Event: ======'balls_in_play'====== Args={'balls': 1}
2019-08-20 21:07:06,870 : INFO : EventManager : Event: ======'ball_started'====== Args={'player': 1, 'ball': 1, 'balls_remaining': 2, 'is_extra_ball': False}
2019-08-20 21:07:06,871 : INFO : EventManager : Event: ======'logicblock_lb_bumpers_count_updated'====== Args={'value': 0, 'enabled': True}
2019-08-20 21:07:06,871 : INFO : EventManager : Event: ======'logicblock_lb_bumpers_count_updated'====== Args={'value': 0, 'enabled': True}
2019-08-20 21:07:06,871 : INFO : EventManager : Event: ======'logicblock_lb_bumpers_resume_updated'====== Args={'value': 0, 'enabled': False}
2019-08-20 21:07:06,871 : INFO : Mode.super_gold_watchdog : Started. Priority: 200
2019-08-20 21:07:06,872 : INFO : EventManager : Event: ======'mode_super_gold_watchdog_started'====== Args={'queue': <QueuedEvent>, 'player': 1, 'ball': 1, 'balls_remaining': 2, 'is_extra_ball': False}
2019-08-20 21:07:06,895 : INFO : EventManager : Event: ======'single_player_ball_started'====== Args={}
2019-08-20 21:07:06,895 : INFO : EventManager : Event: ======'slide_base.slide_player-mode_base_started_created'====== Args={'_from_bcp': True}
2019-08-20 21:07:06,895 : INFO : EventManager : Event: ======'slide_base.slide_player-mode_base_started_active'====== Args={'_from_bcp': True}
2019-08-20 21:07:06,896 : INFO : EventManager : Event: ======'balldevice_balls_available'====== Args={}
2019-08-20 21:07:06,897 : INFO : EventManager : Event: ======'balldevice_bd_trough_ball_eject_attempt'====== Args={'balls': 1, 'target': <ball_device.bd_plunger>, 'source': <ball_device.bd_trough>, 'mechanical_eject': True, 'num_attempts': 0}
2019-08-20 21:07:06,897 : INFO : ball_device.bd_trough : Ejecting ball to <ball_device.bd_plunger>
2019-08-20 21:07:06,897 : INFO : EventManager : Event: ======'balldevice_bd_trough_ejecting_ball'====== Args={'balls': 1, 'target': <ball_device.bd_plunger>, 'source': <ball_device.bd_trough>, 'mechanical_eject': True, 'num_attempts': 0}
2019-08-20 21:07:06,898 : INFO : coil.c_trough_eject : Pulsing Driver for 20ms (1.0 pulse_power)
2019-08-20 21:07:06,898 : INFO : SwitchController : <<<<<<< 's_trough_1' inactive >>>>>>>
2019-08-20 21:07:06,989 : INFO : SwitchController : <<<<<<< 's_shooter_lane' active >>>>>>>
2019-08-20 21:07:06,990 : INFO : EventManager : Event: ======'machine_var_audits_switches_s_shooter_lane'====== Args={'value': 24, 'prev_value': 23, 'change': 1}
2019-08-20 21:07:07,487 : INFO : EventManager : Event: ======'balldevice_bd_plunger_ball_enter'====== Args={'new_balls': 1, 'unclaimed_balls': 0, 'new_available_balls': 0, 'device': <ball_device.bd_plunger>}
2019-08-20 21:07:07,489 : INFO : EventManager : Event: ======'balldevice_bd_plunger_ball_entered'====== Args={'new_balls': 0, 'device': <ball_device.bd_plunger>}
2019-08-20 21:07:07,491 : INFO : EventManager : Event: ======'balldevice_bd_plunger_ball_count_changed'====== Args={'balls': 1}
2019-08-20 21:07:07,492 : INFO : EventManager : Event: ======'balldevice_bd_trough_ball_eject_success'====== Args={'balls': 1, 'target': <ball_device.bd_plunger>}
2019-08-20 21:07:07,494 : INFO : EventManager : Event: ======'balldevice_bd_trough_ball_count_changed'====== Args={'balls': 5}
2019-08-20 21:07:07,496 : INFO : EventManager : Event: ======'balldevice_bd_plunger_ball_eject_attempt'====== Args={'balls': 1, 'target': <playfield.playfield>, 'source': <ball_device.bd_plunger>, 'mechanical_eject': True, 'num_attempts': 0}
2019-08-20 21:07:07,498 : INFO : ball_device.bd_plunger : Ejecting ball to <playfield.playfield>
2019-08-20 21:07:07,499 : INFO : EventManager : Event: ======'balldevice_bd_plunger_ejecting_ball'====== Args={'balls': 1, 'target': <playfield.playfield>, 'source': <ball_device.bd_plunger>, 'mechanical_eject': True, 'num_attempts': 0}
2019-08-20 21:07:14,909 : INFO : SwitchController : <<<<<<< 's_lockdown_button' active >>>>>>>
2019-08-20 21:07:14,909 : INFO : EventManager : Event: ======'s_lockdown_button_active'====== Args={}
2019-08-20 21:07:14,910 : INFO : EventManager : Event: ======'machine_var_audits_switches_s_lockdown_button'====== Args={'value': 16, 'prev_value': 15, 'change': 1}
2019-08-20 21:07:14,918 : INFO : coil.c_auto_plunger : Pulsing Driver for 20ms (1.0 pulse_power)
2019-08-20 21:07:14,919 : INFO : SwitchController : <<<<<<< 's_shooter_lane' inactive >>>>>>>
2019-08-20 21:07:15,925 : INFO : SwitchController : <<<<<<< 's_lockdown_button' inactive >>>>>>>
2019-08-20 21:07:18,012 : INFO : EventManager : Event: ======'balldevice_bd_plunger_ball_eject_success'====== Args={'balls': 1, 'target': <playfield.playfield>}
2019-08-20 21:07:18,012 : INFO : EventManager : Event: ======'balldevice_playfield_ball_enter'====== Args={'new_balls': 1, 'unclaimed_balls': 1, 'device': <playfield.playfield>}
2019-08-20 21:07:18,012 : INFO : EventManager : Event: ======'playfield_ball_count_change'====== Args={'balls': 1, 'change': 1}
2019-08-20 21:07:18,013 : INFO : EventManager : Event: ======'balldevice_bd_plunger_ball_count_changed'====== Args={'balls': 0}
2019-08-20 21:07:20,670 : INFO : SwitchController : <<<<<<< 's_left_pop_bumper' active >>>>>>>
2019-08-20 21:07:20,670 : INFO : EventManager : Event: ======'s_left_pop_bumper_active'====== Args={}
2019-08-20 21:07:20,671 : INFO : EventManager : Event: ======'machine_var_audits_switches_s_left_pop_bumper'====== Args={'value': 54, 'prev_value': 53, 'change': 1}
2019-08-20 21:07:20,671 : INFO : EventManager : Event: ======'player_shot_bumpers'====== Args={'value': 1, 'prev_value': 0, 'change': 1, 'player_num': 1}
2019-08-20 21:07:20,672 : INFO : EventManager : Event: ======'machine_var_audits_shots_bumpers'====== Args={'value': 185, 'prev_value': 184, 'change': 1}
2019-08-20 21:07:20,673 : INFO : EventManager : Event: ======'bumpers_hit'====== Args={'profile': 'default', 'state': 'unlit', 'advancing': True}
2019-08-20 21:07:20,679 : INFO : EventManager : Event: ======'bumpers_default_hit'====== Args={'profile': 'default', 'state': 'unlit', 'advancing': True}
2019-08-20 21:07:20,680 : INFO : EventManager : Event: ======'bumpers_default_unlit_hit'====== Args={'profile': 'default', 'state': 'unlit', 'advancing': True}
2019-08-20 21:07:20,680 : INFO : EventManager : Event: ======'bumpers_unlit_hit'====== Args={'profile': 'default', 'state': 'unlit', 'advancing': True}
2019-08-20 21:07:20,680 : INFO : EventManager : Event: ======'logicblock_lb_bumpers_count_updated'====== Args={'value': 1, 'enabled': True}
2019-08-20 21:07:20,681 : INFO : EventManager : Event: ======'counter_lb_bumpers_count_hit'====== Args={'count': 1, 'remaining': 9}
2019-08-20 21:07:20,681 : INFO : EventManager : Event: ======'logicblock_lb_bumpers_count_hit'====== Args={'count': 1, 'remaining': 9}
2019-08-20 21:07:20,681 : INFO : EventManager : Event: ======'player_gold'====== Args={'value': 10, 'prev_value': 0, 'change': 10, 'player_num': 1}
2019-08-20 21:07:20,682 : INFO : EventManager : Event: ======'player_score'====== Args={'value': 10, 'prev_value': 0, 'change': 10, 'player_num': 1}
2019-08-20 21:07:20,739 : INFO : SwitchController : <<<<<<< 's_left_pop_bumper' inactive >>>>>>>
2019-08-20 21:07:21,126 : INFO : SwitchController : <<<<<<< 's_left_pop_bumper' active >>>>>>>
2019-08-20 21:07:21,126 : INFO : EventManager : Event: ======'s_left_pop_bumper_active'====== Args={}
2019-08-20 21:07:21,126 : INFO : EventManager : Event: ======'machine_var_audits_switches_s_left_pop_bumper'====== Args={'value': 55, 'prev_value': 54, 'change': 1}
2019-08-20 21:07:21,127 : INFO : EventManager : Event: ======'machine_var_audits_shots_bumpers'====== Args={'value': 186, 'prev_value': 185, 'change': 1}
2019-08-20 21:07:21,127 : INFO : EventManager : Event: ======'bumpers_hit'====== Args={'profile': 'default', 'state': 'lit', 'advancing': False}
2019-08-20 21:07:21,128 : INFO : EventManager : Event: ======'bumpers_default_hit'====== Args={'profile': 'default', 'state': 'lit', 'advancing': False}
2019-08-20 21:07:21,128 : INFO : EventManager : Event: ======'bumpers_default_lit_hit'====== Args={'profile': 'default', 'state': 'lit', 'advancing': False}
2019-08-20 21:07:21,128 : INFO : EventManager : Event: ======'bumpers_lit_hit'====== Args={'profile': 'default', 'state': 'lit', 'advancing': False}
2019-08-20 21:07:21,128 : INFO : EventManager : Event: ======'logicblock_lb_bumpers_count_updated'====== Args={'value': 2, 'enabled': True}
2019-08-20 21:07:21,128 : INFO : EventManager : Event: ======'counter_lb_bumpers_count_hit'====== Args={'count': 2, 'remaining': 8}
2019-08-20 21:07:21,128 : INFO : EventManager : Event: ======'logicblock_lb_bumpers_count_hit'====== Args={'count': 2, 'remaining': 8}
2019-08-20 21:07:21,128 : INFO : EventManager : Event: ======'player_gold'====== Args={'value': 20, 'prev_value': 10, 'change': 10, 'player_num': 1}
2019-08-20 21:07:21,129 : INFO : EventManager : Event: ======'player_score'====== Args={'value': 20, 'prev_value': 10, 'change': 10, 'player_num': 1}
2019-08-20 21:07:21,218 : INFO : SwitchController : <<<<<<< 's_left_pop_bumper' inactive >>>>>>>
2019-08-20 21:07:22,463 : INFO : SwitchController : <<<<<<< 's_right_pop_bumper' active >>>>>>>
2019-08-20 21:07:22,463 : INFO : EventManager : Event: ======'s_right_pop_bumper_active'====== Args={}
2019-08-20 21:07:22,464 : INFO : EventManager : Event: ======'machine_var_audits_switches_s_right_pop_bumper'====== Args={'value': 58, 'prev_value': 57, 'change': 1}
2019-08-20 21:07:22,464 : INFO : EventManager : Event: ======'machine_var_audits_shots_bumpers'====== Args={'value': 187, 'prev_value': 186, 'change': 1}
2019-08-20 21:07:22,465 : INFO : EventManager : Event: ======'bumpers_hit'====== Args={'profile': 'default', 'state': 'lit', 'advancing': False}
2019-08-20 21:07:22,465 : INFO : EventManager : Event: ======'bumpers_default_hit'====== Args={'profile': 'default', 'state': 'lit', 'advancing': False}
2019-08-20 21:07:22,465 : INFO : EventManager : Event: ======'bumpers_default_lit_hit'====== Args={'profile': 'default', 'state': 'lit', 'advancing': False}
2019-08-20 21:07:22,465 : INFO : EventManager : Event: ======'bumpers_lit_hit'====== Args={'profile': 'default', 'state': 'lit', 'advancing': False}
2019-08-20 21:07:22,466 : INFO : EventManager : Event: ======'logicblock_lb_bumpers_count_updated'====== Args={'value': 3, 'enabled': True}
2019-08-20 21:07:22,466 : INFO : EventManager : Event: ======'counter_lb_bumpers_count_hit'====== Args={'count': 3, 'remaining': 7}
2019-08-20 21:07:22,466 : INFO : EventManager : Event: ======'logicblock_lb_bumpers_count_hit'====== Args={'count': 3, 'remaining': 7}
2019-08-20 21:07:22,466 : INFO : EventManager : Event: ======'player_gold'====== Args={'value': 30, 'prev_value': 20, 'change': 10, 'player_num': 1}
2019-08-20 21:07:22,466 : INFO : EventManager : Event: ======'player_score'====== Args={'value': 30, 'prev_value': 20, 'change': 10, 'player_num': 1}
2019-08-20 21:07:22,572 : INFO : SwitchController : <<<<<<< 's_right_pop_bumper' inactive >>>>>>>
2019-08-20 21:07:22,736 : INFO : SwitchController : <<<<<<< 's_right_pop_bumper' active >>>>>>>
2019-08-20 21:07:22,736 : INFO : EventManager : Event: ======'s_right_pop_bumper_active'====== Args={}
2019-08-20 21:07:22,736 : INFO : EventManager : Event: ======'machine_var_audits_switches_s_right_pop_bumper'====== Args={'value': 59, 'prev_value': 58, 'change': 1}
2019-08-20 21:07:22,737 : INFO : EventManager : Event: ======'machine_var_audits_shots_bumpers'====== Args={'value': 188, 'prev_value': 187, 'change': 1}
2019-08-20 21:07:22,737 : INFO : EventManager : Event: ======'bumpers_hit'====== Args={'profile': 'default', 'state': 'lit', 'advancing': False}
2019-08-20 21:07:22,738 : INFO : EventManager : Event: ======'bumpers_default_hit'====== Args={'profile': 'default', 'state': 'lit', 'advancing': False}
2019-08-20 21:07:22,738 : INFO : EventManager : Event: ======'bumpers_default_lit_hit'====== Args={'profile': 'default', 'state': 'lit', 'advancing': False}
2019-08-20 21:07:22,738 : INFO : EventManager : Event: ======'bumpers_lit_hit'====== Args={'profile': 'default', 'state': 'lit', 'advancing': False}
2019-08-20 21:07:22,738 : INFO : EventManager : Event: ======'logicblock_lb_bumpers_count_updated'====== Args={'value': 4, 'enabled': True}
2019-08-20 21:07:22,738 : INFO : EventManager : Event: ======'counter_lb_bumpers_count_hit'====== Args={'count': 4, 'remaining': 6}
2019-08-20 21:07:22,738 : INFO : EventManager : Event: ======'logicblock_lb_bumpers_count_hit'====== Args={'count': 4, 'remaining': 6}
2019-08-20 21:07:22,739 : INFO : EventManager : Event: ======'player_gold'====== Args={'value': 40, 'prev_value': 30, 'change': 10, 'player_num': 1}
2019-08-20 21:07:22,739 : INFO : EventManager : Event: ======'player_score'====== Args={'value': 40, 'prev_value': 30, 'change': 10, 'player_num': 1}
2019-08-20 21:07:22,828 : INFO : SwitchController : <<<<<<< 's_right_pop_bumper' inactive >>>>>>>
2019-08-20 21:07:23,924 : INFO : SwitchController : <<<<<<< 's_bottom_pop_bumper' active >>>>>>>
2019-08-20 21:07:23,924 : INFO : EventManager : Event: ======'s_bottom_pop_bumper_active'====== Args={}
2019-08-20 21:07:23,925 : INFO : EventManager : Event: ======'machine_var_audits_switches_s_bottom_pop_bumper'====== Args={'value': 75, 'prev_value': 74, 'change': 1}
2019-08-20 21:07:23,929 : INFO : EventManager : Event: ======'machine_var_audits_shots_bumpers'====== Args={'value': 189, 'prev_value': 188, 'change': 1}
2019-08-20 21:07:23,931 : INFO : EventManager : Event: ======'bumpers_hit'====== Args={'profile': 'default', 'state': 'lit', 'advancing': False}
2019-08-20 21:07:23,932 : INFO : EventManager : Event: ======'bumpers_default_hit'====== Args={'profile': 'default', 'state': 'lit', 'advancing': False}
2019-08-20 21:07:23,933 : INFO : EventManager : Event: ======'bumpers_default_lit_hit'====== Args={'profile': 'default', 'state': 'lit', 'advancing': False}
2019-08-20 21:07:23,933 : INFO : EventManager : Event: ======'bumpers_lit_hit'====== Args={'profile': 'default', 'state': 'lit', 'advancing': False}
2019-08-20 21:07:23,934 : INFO : EventManager : Event: ======'logicblock_lb_bumpers_count_updated'====== Args={'value': 5, 'enabled': True}
2019-08-20 21:07:23,935 : INFO : EventManager : Event: ======'counter_lb_bumpers_count_hit'====== Args={'count': 5, 'remaining': 5}
2019-08-20 21:07:23,935 : INFO : EventManager : Event: ======'logicblock_lb_bumpers_count_hit'====== Args={'count': 5, 'remaining': 5}
2019-08-20 21:07:23,936 : INFO : EventManager : Event: ======'player_gold'====== Args={'value': 50, 'prev_value': 40, 'change': 10, 'player_num': 1}
2019-08-20 21:07:23,937 : INFO : EventManager : Event: ======'player_score'====== Args={'value': 50, 'prev_value': 40, 'change': 10, 'player_num': 1}
2019-08-20 21:07:24,035 : INFO : SwitchController : <<<<<<< 's_bottom_pop_bumper' inactive >>>>>>>
2019-08-20 21:07:24,226 : INFO : SwitchController : <<<<<<< 's_bottom_pop_bumper' active >>>>>>>
2019-08-20 21:07:24,227 : INFO : EventManager : Event: ======'s_bottom_pop_bumper_active'====== Args={}
2019-08-20 21:07:24,228 : INFO : EventManager : Event: ======'machine_var_audits_switches_s_bottom_pop_bumper'====== Args={'value': 76, 'prev_value': 75, 'change': 1}
2019-08-20 21:07:24,231 : INFO : EventManager : Event: ======'machine_var_audits_shots_bumpers'====== Args={'value': 190, 'prev_value': 189, 'change': 1}
2019-08-20 21:07:24,233 : INFO : EventManager : Event: ======'bumpers_hit'====== Args={'profile': 'default', 'state': 'lit', 'advancing': False}
2019-08-20 21:07:24,234 : INFO : EventManager : Event: ======'bumpers_default_hit'====== Args={'profile': 'default', 'state': 'lit', 'advancing': False}
2019-08-20 21:07:24,235 : INFO : EventManager : Event: ======'bumpers_default_lit_hit'====== Args={'profile': 'default', 'state': 'lit', 'advancing': False}
2019-08-20 21:07:24,236 : INFO : EventManager : Event: ======'bumpers_lit_hit'====== Args={'profile': 'default', 'state': 'lit', 'advancing': False}
2019-08-20 21:07:24,237 : INFO : EventManager : Event: ======'logicblock_lb_bumpers_count_updated'====== Args={'value': 6, 'enabled': True}
2019-08-20 21:07:24,238 : INFO : EventManager : Event: ======'counter_lb_bumpers_count_hit'====== Args={'count': 6, 'remaining': 4}
2019-08-20 21:07:24,238 : INFO : EventManager : Event: ======'logicblock_lb_bumpers_count_hit'====== Args={'count': 6, 'remaining': 4}
2019-08-20 21:07:24,240 : INFO : EventManager : Event: ======'player_gold'====== Args={'value': 60, 'prev_value': 50, 'change': 10, 'player_num': 1}
2019-08-20 21:07:24,241 : INFO : EventManager : Event: ======'player_score'====== Args={'value': 60, 'prev_value': 50, 'change': 10, 'player_num': 1}
2019-08-20 21:07:24,325 : INFO : SwitchController : <<<<<<< 's_bottom_pop_bumper' inactive >>>>>>>
2019-08-20 21:07:24,703 : INFO : SwitchController : <<<<<<< 's_bottom_pop_bumper' active >>>>>>>
2019-08-20 21:07:24,703 : INFO : EventManager : Event: ======'s_bottom_pop_bumper_active'====== Args={}
2019-08-20 21:07:24,703 : INFO : EventManager : Event: ======'machine_var_audits_switches_s_bottom_pop_bumper'====== Args={'value': 77, 'prev_value': 76, 'change': 1}
2019-08-20 21:07:24,704 : INFO : EventManager : Event: ======'machine_var_audits_shots_bumpers'====== Args={'value': 191, 'prev_value': 190, 'change': 1}
2019-08-20 21:07:24,704 : INFO : EventManager : Event: ======'bumpers_hit'====== Args={'profile': 'default', 'state': 'lit', 'advancing': False}
2019-08-20 21:07:24,705 : INFO : EventManager : Event: ======'bumpers_default_hit'====== Args={'profile': 'default', 'state': 'lit', 'advancing': False}
2019-08-20 21:07:24,705 : INFO : EventManager : Event: ======'bumpers_default_lit_hit'====== Args={'profile': 'default', 'state': 'lit', 'advancing': False}
2019-08-20 21:07:24,705 : INFO : EventManager : Event: ======'bumpers_lit_hit'====== Args={'profile': 'default', 'state': 'lit', 'advancing': False}
2019-08-20 21:07:24,705 : INFO : EventManager : Event: ======'logicblock_lb_bumpers_count_updated'====== Args={'value': 7, 'enabled': True}
2019-08-20 21:07:24,705 : INFO : EventManager : Event: ======'counter_lb_bumpers_count_hit'====== Args={'count': 7, 'remaining': 3}
2019-08-20 21:07:24,706 : INFO : EventManager : Event: ======'logicblock_lb_bumpers_count_hit'====== Args={'count': 7, 'remaining': 3}
2019-08-20 21:07:24,707 : INFO : EventManager : Event: ======'player_gold'====== Args={'value': 70, 'prev_value': 60, 'change': 10, 'player_num': 1}
2019-08-20 21:07:24,707 : INFO : EventManager : Event: ======'player_score'====== Args={'value': 70, 'prev_value': 60, 'change': 10, 'player_num': 1}
2019-08-20 21:07:24,764 : INFO : SwitchController : <<<<<<< 's_bottom_pop_bumper' inactive >>>>>>>
2019-08-20 21:07:24,868 : INFO : SwitchController : <<<<<<< 's_bottom_pop_bumper' active >>>>>>>
2019-08-20 21:07:24,868 : INFO : EventManager : Event: ======'s_bottom_pop_bumper_active'====== Args={}
2019-08-20 21:07:24,869 : INFO : EventManager : Event: ======'machine_var_audits_switches_s_bottom_pop_bumper'====== Args={'value': 78, 'prev_value': 77, 'change': 1}
2019-08-20 21:07:24,869 : INFO : EventManager : Event: ======'machine_var_audits_shots_bumpers'====== Args={'value': 192, 'prev_value': 191, 'change': 1}
2019-08-20 21:07:24,870 : INFO : EventManager : Event: ======'bumpers_hit'====== Args={'profile': 'default', 'state': 'lit', 'advancing': False}
2019-08-20 21:07:24,870 : INFO : EventManager : Event: ======'bumpers_default_hit'====== Args={'profile': 'default', 'state': 'lit', 'advancing': False}
2019-08-20 21:07:24,870 : INFO : EventManager : Event: ======'bumpers_default_lit_hit'====== Args={'profile': 'default', 'state': 'lit', 'advancing': False}
2019-08-20 21:07:24,870 : INFO : EventManager : Event: ======'bumpers_lit_hit'====== Args={'profile': 'default', 'state': 'lit', 'advancing': False}
2019-08-20 21:07:24,871 : INFO : EventManager : Event: ======'logicblock_lb_bumpers_count_updated'====== Args={'value': 8, 'enabled': True}
2019-08-20 21:07:24,871 : INFO : EventManager : Event: ======'counter_lb_bumpers_count_hit'====== Args={'count': 8, 'remaining': 2}
2019-08-20 21:07:24,871 : INFO : EventManager : Event: ======'logicblock_lb_bumpers_count_hit'====== Args={'count': 8, 'remaining': 2}
2019-08-20 21:07:24,871 : INFO : EventManager : Event: ======'player_gold'====== Args={'value': 80, 'prev_value': 70, 'change': 10, 'player_num': 1}
2019-08-20 21:07:24,871 : INFO : EventManager : Event: ======'player_score'====== Args={'value': 80, 'prev_value': 70, 'change': 10, 'player_num': 1}
2019-08-20 21:07:24,931 : INFO : SwitchController : <<<<<<< 's_bottom_pop_bumper' inactive >>>>>>>
2019-08-20 21:07:25,133 : INFO : SwitchController : <<<<<<< 's_bottom_pop_bumper' active >>>>>>>
2019-08-20 21:07:25,133 : INFO : EventManager : Event: ======'s_bottom_pop_bumper_active'====== Args={}
2019-08-20 21:07:25,133 : INFO : EventManager : Event: ======'machine_var_audits_switches_s_bottom_pop_bumper'====== Args={'value': 79, 'prev_value': 78, 'change': 1}
2019-08-20 21:07:25,133 : INFO : EventManager : Event: ======'machine_var_audits_shots_bumpers'====== Args={'value': 193, 'prev_value': 192, 'change': 1}
2019-08-20 21:07:25,134 : INFO : EventManager : Event: ======'bumpers_hit'====== Args={'profile': 'default', 'state': 'lit', 'advancing': False}
2019-08-20 21:07:25,134 : INFO : EventManager : Event: ======'bumpers_default_hit'====== Args={'profile': 'default', 'state': 'lit', 'advancing': False}
2019-08-20 21:07:25,135 : INFO : EventManager : Event: ======'bumpers_default_lit_hit'====== Args={'profile': 'default', 'state': 'lit', 'advancing': False}
2019-08-20 21:07:25,135 : INFO : EventManager : Event: ======'bumpers_lit_hit'====== Args={'profile': 'default', 'state': 'lit', 'advancing': False}
2019-08-20 21:07:25,135 : INFO : EventManager : Event: ======'logicblock_lb_bumpers_count_updated'====== Args={'value': 9, 'enabled': True}
2019-08-20 21:07:25,135 : INFO : EventManager : Event: ======'counter_lb_bumpers_count_hit'====== Args={'count': 9, 'remaining': 1}
2019-08-20 21:07:25,135 : INFO : EventManager : Event: ======'logicblock_lb_bumpers_count_hit'====== Args={'count': 9, 'remaining': 1}
2019-08-20 21:07:25,135 : INFO : EventManager : Event: ======'player_gold'====== Args={'value': 90, 'prev_value': 80, 'change': 10, 'player_num': 1}
2019-08-20 21:07:25,135 : INFO : EventManager : Event: ======'player_score'====== Args={'value': 90, 'prev_value': 80, 'change': 10, 'player_num': 1}
2019-08-20 21:07:25,200 : INFO : SwitchController : <<<<<<< 's_bottom_pop_bumper' inactive >>>>>>>
2019-08-20 21:07:26,140 : INFO : SwitchController : <<<<<<< 's_bottom_pop_bumper' active >>>>>>>
2019-08-20 21:07:26,141 : INFO : EventManager : Event: ======'s_bottom_pop_bumper_active'====== Args={}
2019-08-20 21:07:26,141 : INFO : EventManager : Event: ======'machine_var_audits_switches_s_bottom_pop_bumper'====== Args={'value': 80, 'prev_value': 79, 'change': 1}
2019-08-20 21:07:26,141 : INFO : EventManager : Event: ======'machine_var_audits_shots_bumpers'====== Args={'value': 194, 'prev_value': 193, 'change': 1}
2019-08-20 21:07:26,142 : INFO : EventManager : Event: ======'bumpers_hit'====== Args={'profile': 'default', 'state': 'lit', 'advancing': False}
2019-08-20 21:07:26,142 : INFO : EventManager : Event: ======'bumpers_default_hit'====== Args={'profile': 'default', 'state': 'lit', 'advancing': False}
2019-08-20 21:07:26,142 : INFO : EventManager : Event: ======'bumpers_default_lit_hit'====== Args={'profile': 'default', 'state': 'lit', 'advancing': False}
2019-08-20 21:07:26,142 : INFO : EventManager : Event: ======'bumpers_lit_hit'====== Args={'profile': 'default', 'state': 'lit', 'advancing': False}
2019-08-20 21:07:26,143 : INFO : EventManager : Event: ======'logicblock_lb_bumpers_count_updated'====== Args={'value': 10, 'enabled': True}
2019-08-20 21:07:26,143 : INFO : EventManager : Event: ======'counter_lb_bumpers_count_hit'====== Args={'count': 10, 'remaining': 0}
2019-08-20 21:07:26,143 : INFO : EventManager : Event: ======'logicblock_lb_bumpers_count_hit'====== Args={'count': 10, 'remaining': 0}
2019-08-20 21:07:26,143 : INFO : EventManager : Event: ======'super_gold_go'====== Args={}
2019-08-20 21:07:26,143 : INFO : EventManager : Event: ======'logicblock_lb_bumpers_count_updated'====== Args={'value': 0, 'enabled': True}
2019-08-20 21:07:26,143 : INFO : EventManager : Event: ======'logicblock_lb_bumpers_count_updated'====== Args={'value': 0, 'enabled': False}
2019-08-20 21:07:26,144 : INFO : EventManager : Event: ======'player_gold'====== Args={'value': 100, 'prev_value': 90, 'change': 10, 'player_num': 1}
2019-08-20 21:07:26,144 : INFO : EventManager : Event: ======'player_score'====== Args={'value': 100, 'prev_value': 90, 'change': 10, 'player_num': 1}
2019-08-20 21:07:26,144 : INFO : EventManager : Event: ======'mode_super_gold_will_start'====== Args={}
2019-08-20 21:07:26,145 : INFO : EventManager : Event: ======'mode_super_gold_starting'====== Args={}
2019-08-20 21:07:26,145 : INFO : EventManager : Event: ======'start_mode_super_gold'====== Args={'priority': 0}
2019-08-20 21:07:26,145 : INFO : Mode.super_gold : Started. Priority: 300
2019-08-20 21:07:26,145 : INFO : EventManager : Event: ======'mode_super_gold_started'====== Args={}
2019-08-20 21:07:26,146 : INFO : EventManager : Event: ======'player_super_gold_acheived'====== Args={'value': 1, 'prev_value': 0, 'change': 1, 'player_num': 1}
2019-08-20 21:07:26,168 : INFO : EventManager : Event: ======'slide_super_gold_started_created'====== Args={'_from_bcp': True}
2019-08-20 21:07:26,168 : INFO : EventManager : Event: ======'slide_super_gold_started_active'====== Args={'_from_bcp': True}
2019-08-20 21:07:26,212 : INFO : SwitchController : <<<<<<< 's_bottom_pop_bumper' inactive >>>>>>>
2019-08-20 21:07:29,150 : INFO : EventManager : Event: ======'slide_super_gold_started_removed'====== Args={'_from_bcp': True}
2019-08-20 21:07:29,150 : INFO : EventManager : Event: ======'slide_base.slide_player-mode_base_started_active'====== Args={'_from_bcp': True}
2019-08-20 21:07:29,779 : INFO : SwitchController : <<<<<<< 's_left_return_lane_left' active >>>>>>>
2019-08-20 21:07:29,779 : INFO : EventManager : Event: ======'s_left_return_lane_left_active'====== Args={}
2019-08-20 21:07:29,779 : INFO : EventManager : Event: ======'sw_playfield_active'====== Args={}
2019-08-20 21:07:29,779 : INFO : EventManager : Event: ======'machine_var_audits_switches_s_left_return_lane_left'====== Args={'value': 2, 'prev_value': 1, 'change': 1}
2019-08-20 21:07:29,780 : INFO : EventManager : Event: ======'player_shot_shot_left_return_lane_left'====== Args={'value': 1, 'prev_value': 0, 'change': 1, 'player_num': 1}
2019-08-20 21:07:29,780 : INFO : EventManager : Event: ======'machine_var_audits_shots_shot_left_return_lane_left'====== Args={'value': 2, 'prev_value': 1, 'change': 1}
2019-08-20 21:07:29,786 : INFO : EventManager : Event: ======'shot_left_return_lane_left_hit'====== Args={'profile': 'default', 'state': 'unlit', 'advancing': True}
2019-08-20 21:07:29,786 : INFO : EventManager : Event: ======'shot_left_return_lane_left_default_hit'====== Args={'profile': 'default', 'state': 'unlit', 'advancing': True}
2019-08-20 21:07:29,786 : INFO : EventManager : Event: ======'shot_left_return_lane_left_default_unlit_hit'====== Args={'profile': 'default', 'state': 'unlit', 'advancing': True}
2019-08-20 21:07:29,786 : INFO : EventManager : Event: ======'shot_left_return_lane_left_unlit_hit'====== Args={'profile': 'default', 'state': 'unlit', 'advancing': True}
2019-08-20 21:07:29,787 : INFO : EventManager : Event: ======'player_score'====== Args={'value': 150, 'prev_value': 100, 'change': 50, 'player_num': 1}
2019-08-20 21:07:29,787 : INFO : EventManager : Event: ======'sg_pvp_lanes_hit'====== Args={}
2019-08-20 21:07:29,788 : INFO : EventManager : Event: ======'sg_pvp_lanes_unlit_hit'====== Args={}
2019-08-20 21:07:29,863 : INFO : SwitchController : <<<<<<< 's_left_return_lane_left' inactive >>>>>>>
2019-08-20 21:07:32,019 : INFO : SwitchController : <<<<<<< 's_left_return_lane_left' active >>>>>>>
2019-08-20 21:07:32,019 : INFO : EventManager : Event: ======'s_left_return_lane_left_active'====== Args={}
2019-08-20 21:07:32,020 : INFO : EventManager : Event: ======'sw_playfield_active'====== Args={}
2019-08-20 21:07:32,021 : INFO : EventManager : Event: ======'machine_var_audits_switches_s_left_return_lane_left'====== Args={'value': 3, 'prev_value': 2, 'change': 1}
2019-08-20 21:07:32,022 : INFO : EventManager : Event: ======'machine_var_audits_shots_shot_left_return_lane_left'====== Args={'value': 3, 'prev_value': 2, 'change': 1}
2019-08-20 21:07:32,024 : INFO : EventManager : Event: ======'shot_left_return_lane_left_hit'====== Args={'profile': 'default', 'state': 'lit', 'advancing': False}
2019-08-20 21:07:32,030 : INFO : EventManager : Event: ======'shot_left_return_lane_left_default_hit'====== Args={'profile': 'default', 'state': 'lit', 'advancing': False}
2019-08-20 21:07:32,032 : INFO : EventManager : Event: ======'shot_left_return_lane_left_default_lit_hit'====== Args={'profile': 'default', 'state': 'lit', 'advancing': False}
2019-08-20 21:07:32,032 : INFO : EventManager : Event: ======'shot_left_return_lane_left_lit_hit'====== Args={'profile': 'default', 'state': 'lit', 'advancing': False}
2019-08-20 21:07:32,032 : INFO : EventManager : Event: ======'player_score'====== Args={'value': 200, 'prev_value': 150, 'change': 50, 'player_num': 1}
2019-08-20 21:07:32,032 : INFO : EventManager : Event: ======'sg_pvp_lanes_hit'====== Args={}
2019-08-20 21:07:32,032 : INFO : EventManager : Event: ======'sg_pvp_lanes_lit_hit'====== Args={}
2019-08-20 21:07:32,105 : INFO : SwitchController : <<<<<<< 's_left_return_lane_left' inactive >>>>>>>
2019-08-20 21:07:33,129 : INFO : SwitchController : <<<<<<< 's_left_return_lane_left' active >>>>>>>
2019-08-20 21:07:33,129 : INFO : EventManager : Event: ======'s_left_return_lane_left_active'====== Args={}
2019-08-20 21:07:33,129 : INFO : EventManager : Event: ======'sw_playfield_active'====== Args={}
2019-08-20 21:07:33,129 : INFO : EventManager : Event: ======'machine_var_audits_switches_s_left_return_lane_left'====== Args={'value': 4, 'prev_value': 3, 'change': 1}
2019-08-20 21:07:33,130 : INFO : EventManager : Event: ======'machine_var_audits_shots_shot_left_return_lane_left'====== Args={'value': 4, 'prev_value': 3, 'change': 1}
2019-08-20 21:07:33,131 : INFO : EventManager : Event: ======'shot_left_return_lane_left_hit'====== Args={'profile': 'default', 'state': 'lit', 'advancing': False}
2019-08-20 21:07:33,131 : INFO : EventManager : Event: ======'shot_left_return_lane_left_default_hit'====== Args={'profile': 'default', 'state': 'lit', 'advancing': False}
2019-08-20 21:07:33,131 : INFO : EventManager : Event: ======'shot_left_return_lane_left_default_lit_hit'====== Args={'profile': 'default', 'state': 'lit', 'advancing': False}
2019-08-20 21:07:33,131 : INFO : EventManager : Event: ======'shot_left_return_lane_left_lit_hit'====== Args={'profile': 'default', 'state': 'lit', 'advancing': False}
2019-08-20 21:07:33,131 : INFO : EventManager : Event: ======'player_score'====== Args={'value': 250, 'prev_value': 200, 'change': 50, 'player_num': 1}
2019-08-20 21:07:33,131 : INFO : EventManager : Event: ======'sg_pvp_lanes_hit'====== Args={}
2019-08-20 21:07:33,132 : INFO : EventManager : Event: ======'sg_pvp_lanes_lit_hit'====== Args={}
2019-08-20 21:07:33,222 : INFO : SwitchController : <<<<<<< 's_left_return_lane_left' inactive >>>>>>>
2019-08-20 21:07:36,719 : INFO : SwitchController : <<<<<<< 's_left_pop_bumper' active >>>>>>>
2019-08-20 21:07:36,720 : INFO : EventManager : Event: ======'s_left_pop_bumper_active'====== Args={}
2019-08-20 21:07:36,721 : INFO : EventManager : Event: ======'machine_var_audits_switches_s_left_pop_bumper'====== Args={'value': 56, 'prev_value': 55, 'change': 1}
2019-08-20 21:07:36,724 : INFO : EventManager : Event: ======'machine_var_audits_shots_bumpers'====== Args={'value': 195, 'prev_value': 194, 'change': 1}
2019-08-20 21:07:36,727 : INFO : EventManager : Event: ======'bumpers_hit'====== Args={'profile': 'default', 'state': 'lit', 'advancing': False}
2019-08-20 21:07:36,737 : INFO : EventManager : Event: ======'bumpers_default_hit'====== Args={'profile': 'default', 'state': 'lit', 'advancing': False}
2019-08-20 21:07:36,738 : INFO : EventManager : Event: ======'bumpers_default_lit_hit'====== Args={'profile': 'default', 'state': 'lit', 'advancing': False}
2019-08-20 21:07:36,738 : INFO : EventManager : Event: ======'bumpers_lit_hit'====== Args={'profile': 'default', 'state': 'lit', 'advancing': False}
2019-08-20 21:07:36,738 : INFO : EventManager : Event: ======'player_gold'====== Args={'value': 130, 'prev_value': 100, 'change': 30, 'player_num': 1}
2019-08-20 21:07:36,738 : INFO : EventManager : Event: ======'player_score'====== Args={'value': 260, 'prev_value': 250, 'change': 10, 'player_num': 1}
2019-08-20 21:07:36,816 : INFO : SwitchController : <<<<<<< 's_left_pop_bumper' inactive >>>>>>>
2019-08-20 21:07:37,203 : INFO : SwitchController : <<<<<<< 's_left_pop_bumper' active >>>>>>>
2019-08-20 21:07:37,203 : INFO : EventManager : Event: ======'s_left_pop_bumper_active'====== Args={}
2019-08-20 21:07:37,203 : INFO : EventManager : Event: ======'machine_var_audits_switches_s_left_pop_bumper'====== Args={'value': 57, 'prev_value': 56, 'change': 1}
2019-08-20 21:07:37,204 : INFO : EventManager : Event: ======'machine_var_audits_shots_bumpers'====== Args={'value': 196, 'prev_value': 195, 'change': 1}
2019-08-20 21:07:37,204 : INFO : EventManager : Event: ======'bumpers_hit'====== Args={'profile': 'default', 'state': 'lit', 'advancing': False}
2019-08-20 21:07:37,204 : INFO : EventManager : Event: ======'bumpers_default_hit'====== Args={'profile': 'default', 'state': 'lit', 'advancing': False}
2019-08-20 21:07:37,205 : INFO : EventManager : Event: ======'bumpers_default_lit_hit'====== Args={'profile': 'default', 'state': 'lit', 'advancing': False}
2019-08-20 21:07:37,205 : INFO : EventManager : Event: ======'bumpers_lit_hit'====== Args={'profile': 'default', 'state': 'lit', 'advancing': False}
2019-08-20 21:07:37,205 : INFO : EventManager : Event: ======'player_gold'====== Args={'value': 160, 'prev_value': 130, 'change': 30, 'player_num': 1}
2019-08-20 21:07:37,205 : INFO : EventManager : Event: ======'player_score'====== Args={'value': 270, 'prev_value': 260, 'change': 10, 'player_num': 1}
2019-08-20 21:07:37,303 : INFO : SwitchController : <<<<<<< 's_left_pop_bumper' inactive >>>>>>>
2019-08-20 21:07:37,596 : INFO : SwitchController : <<<<<<< 's_left_pop_bumper' active >>>>>>>
2019-08-20 21:07:37,596 : INFO : EventManager : Event: ======'s_left_pop_bumper_active'====== Args={}
2019-08-20 21:07:37,597 : INFO : EventManager : Event: ======'machine_var_audits_switches_s_left_pop_bumper'====== Args={'value': 58, 'prev_value': 57, 'change': 1}
2019-08-20 21:07:37,597 : INFO : EventManager : Event: ======'machine_var_audits_shots_bumpers'====== Args={'value': 197, 'prev_value': 196, 'change': 1}
2019-08-20 21:07:37,598 : INFO : EventManager : Event: ======'bumpers_hit'====== Args={'profile': 'default', 'state': 'lit', 'advancing': False}
2019-08-20 21:07:37,598 : INFO : EventManager : Event: ======'bumpers_default_hit'====== Args={'profile': 'default', 'state': 'lit', 'advancing': False}
2019-08-20 21:07:37,598 : INFO : EventManager : Event: ======'bumpers_default_lit_hit'====== Args={'profile': 'default', 'state': 'lit', 'advancing': False}
2019-08-20 21:07:37,598 : INFO : EventManager : Event: ======'bumpers_lit_hit'====== Args={'profile': 'default', 'state': 'lit', 'advancing': False}
2019-08-20 21:07:37,598 : INFO : EventManager : Event: ======'player_gold'====== Args={'value': 190, 'prev_value': 160, 'change': 30, 'player_num': 1}
2019-08-20 21:07:37,598 : INFO : EventManager : Event: ======'player_score'====== Args={'value': 280, 'prev_value': 270, 'change': 10, 'player_num': 1}
2019-08-20 21:07:37,671 : INFO : SwitchController : <<<<<<< 's_left_pop_bumper' inactive >>>>>>>
2019-08-20 21:07:42,801 : INFO : Machine : Shutting down...
2019-08-20 21:07:42,801 : INFO : EventManager : Event: ======'shutdown'====== Args={}
2019-08-20 21:07:42,803 : INFO : root : MPF run loop ended.
