2019-08-20 20:46:17,992 : INFO : Machine : Mission Pinball Framework Core Engine v0.53.0-dev.52
2019-08-20 20:46:17,993 : INFO : Machine : Command line arguments: {'no_load_cache': False, 'create_config_cache': True, 'bcp': True, 'configfile': ['config.yaml'], 'mpfconfigfile': 'c:\\program files\\python36\\lib\\site-packages\\mpf\\mpfconfig.yaml', 'force_assets_load': False, 'jsonlogging': False, 'logfile': 'logs\\2019-08-20-20-46-17-mpf-LOLTH.log', 'pause': False, 'production': False, 'text_ui': True, 'loglevel': 15, 'consoleloglevel': 20, 'force_platform': 'smart_virtual', 'syslog_address': None, 'mc_file_name': None, 'no_sound': False}
2019-08-20 20:46:17,993 : INFO : Machine : MPF path: c:\program files\python36\lib\site-packages\mpf
2019-08-20 20:46:17,993 : INFO : Machine : Machine path: C:\Users\jgbcross\Desktop\github\WoW_Classic-Pinball
2019-08-20 20:46:17,993 : INFO : Machine : Platform: win32
2019-08-20 20:46:17,993 : INFO : Machine : Python executable location: c:\program files\python36\python.exe
2019-08-20 20:46:17,993 : INFO : Machine : Python version: 3.6.4 (64-bit)
2019-08-20 20:46:17,993 : INFO : Machine : Machine config file #1: config.yaml
2019-08-20 20:46:17,994 : INFO : ConfigProcessor : Loading config from cache: C:\Users\jgbcross\AppData\Local\Temp\b888024debe8f75c3226150033d0b8f8.mpf_cache
2019-08-20 20:46:17,995 : INFO : Machine : Initialise MPF.
2019-08-20 20:46:18,138 : INFO : EventManager : Event: ======'machine_var_credits_string'====== Args={'value': 'FREE PLAY', 'prev_value': None, 'change': True}
2019-08-20 20:46:18,162 : INFO : EventManager : Event: ======'machine_var_player1_score'====== Args={'value': 330, 'prev_value': None, 'change': True}
2019-08-20 20:46:18,162 : INFO : EventManager : Event: ======'machine_var_mpf_version'====== Args={'value': 'MPF v0.53.0-dev.52', 'prev_value': None, 'change': True}
2019-08-20 20:46:18,162 : INFO : EventManager : Event: ======'machine_var_mpf_extended_version'====== Args={'value': 'MPF v0.53.0-dev.52, Config version:5, Show version: 5, BCP version:1.1', 'prev_value': None, 'change': True}
2019-08-20 20:46:18,162 : INFO : EventManager : Event: ======'machine_var_python_version'====== Args={'value': '3.6.4', 'prev_value': None, 'change': True}
2019-08-20 20:46:18,162 : INFO : EventManager : Event: ======'machine_var_platform'====== Args={'value': 'Windows-10-10.0.18362-SP0', 'prev_value': None, 'change': True}
2019-08-20 20:46:18,162 : INFO : EventManager : Event: ======'machine_var_platform_system'====== Args={'value': 'Windows', 'prev_value': None, 'change': True}
2019-08-20 20:46:18,162 : INFO : EventManager : Event: ======'machine_var_platform_release'====== Args={'value': '10', 'prev_value': None, 'change': True}
2019-08-20 20:46:18,162 : INFO : EventManager : Event: ======'machine_var_platform_version'====== Args={'value': '10.0.18362', 'prev_value': None, 'change': True}
2019-08-20 20:46:18,162 : INFO : EventManager : Event: ======'machine_var_platform_machine'====== Args={'value': 'AMD64', 'prev_value': None, 'change': True}
2019-08-20 20:46:18,162 : INFO : EventManager : Event: ======'init_phase_1'====== Args={}
2019-08-20 20:46:18,183 : INFO : ConfigProcessor : Loading config from cache: C:\Users\jgbcross\AppData\Local\Temp\e140c0164a05ad5fcc304ee02ad77dad.mpf_cache
2019-08-20 20:46:18,186 : INFO : ConfigProcessor : Loading config from cache: C:\Users\jgbcross\AppData\Local\Temp\f59debb651560443703eed438ef87128.mpf_cache
2019-08-20 20:46:18,189 : INFO : ConfigProcessor : Loading config from cache: C:\Users\jgbcross\AppData\Local\Temp\773e72d6711483bbecf425ac3ab79443.mpf_cache
2019-08-20 20:46:18,191 : INFO : ConfigProcessor : Loading config from cache: C:\Users\jgbcross\AppData\Local\Temp\54ec261b09bad8c6580a7abaec866ef7.mpf_cache
2019-08-20 20:46:18,194 : INFO : ConfigProcessor : Loading config from cache: C:\Users\jgbcross\AppData\Local\Temp\c309900c81551d04caee6839600d76c5.mpf_cache
2019-08-20 20:46:18,196 : INFO : ConfigProcessor : Loading config from cache: C:\Users\jgbcross\AppData\Local\Temp\c7ba1d60bed6701f21aa70c0b597f7ff.mpf_cache
2019-08-20 20:46:18,198 : INFO : ConfigProcessor : Loading config from cache: C:\Users\jgbcross\AppData\Local\Temp\8e1a6a6e716428615d3205ffe45b9b4d.mpf_cache
2019-08-20 20:46:18,201 : WARNING : ConfigProcessor : Config file in cache changed: C:\Users\jgbcross\Desktop\github\WoW_Classic-Pinball\modes\super_gold\config\super_gold.yaml
2019-08-20 20:46:18,201 : INFO : ConfigProcessor : Loading config from file C:\Users\jgbcross\Desktop\github\WoW_Classic-Pinball\modes\super_gold\config\super_gold.yaml.
2019-08-20 20:46:18,204 : INFO : ConfigProcessor : Loading config: C:\Users\jgbcross\Desktop\github\WoW_Classic-Pinball\modes\super_gold\config\super_gold.yaml
2019-08-20 20:46:18,204 : INFO : ConfigProcessor : Config file cache created: C:\Users\jgbcross\AppData\Local\Temp\0d78f0fb76ce90413442c2b7a196c7da.mpf_cache
2019-08-20 20:46:18,206 : INFO : ConfigProcessor : Loading config from cache: C:\Users\jgbcross\AppData\Local\Temp\3d1b8a74ec65a169731f17cfe06cf938.mpf_cache
2019-08-20 20:46:18,245 : INFO : EventManager : Event: ======'init_phase_2'====== Args={}
2019-08-20 20:46:18,246 : INFO : SwitchController : Found active switch: ('8-32', <Platform.SmartVirtual>)
2019-08-20 20:46:18,246 : INFO : SwitchController : Found active switch: ('8-33', <Platform.SmartVirtual>)
2019-08-20 20:46:18,246 : INFO : SwitchController : Found active switch: ('8-34', <Platform.SmartVirtual>)
2019-08-20 20:46:18,246 : INFO : SwitchController : Found active switch: ('8-35', <Platform.SmartVirtual>)
2019-08-20 20:46:18,246 : INFO : SwitchController : Found active switch: ('8-36', <Platform.SmartVirtual>)
2019-08-20 20:46:18,246 : INFO : SwitchController : Found active switch: ('8-37', <Platform.SmartVirtual>)
2019-08-20 20:46:18,255 : INFO : EventManager : Event: ======'bcp_connection_attempt'====== Args={'name': 'local_display', 'host': 'localhost', 'port': 5050}
2019-08-20 20:46:18,256 : INFO : BCPClientSocket : Connecting BCP to 'local_display' at localhost:5050...
2019-08-20 20:46:20,267 : INFO : BCPClientSocket : Connected BCP to 'local_display' localhost:5050
2019-08-20 20:46:20,268 : INFO : EventManager : Event: ======'bcp_clients_connected'====== Args={}
2019-08-20 20:46:20,289 : INFO : EventManager : Event: ======'init_phase_3'====== Args={}
2019-08-20 20:46:20,289 : INFO : AssetManager : Registering Asset: attract_display_loop, File: attract_display_loop.yaml, Default Group: default, Final Config: {'load': 'preload', 'file': 'C:\\Users\\jgbcross\\Desktop\\github\\WoW_Classic-Pinball\\modes\\attract\\shows\\attract_display_loop.yaml'}
2019-08-20 20:46:20,290 : INFO : AssetManager : Registering Asset: attract_light_show, File: attract_light_show.yaml, Default Group: default, Final Config: {'load': 'preload', 'file': 'C:\\Users\\jgbcross\\Desktop\\github\\WoW_Classic-Pinball\\modes\\attract\\shows\\attract_light_show.yaml'}
2019-08-20 20:46:20,290 : INFO : AssetManager : Registering Asset: super_gold_acheived, File: super_gold_acheived.yaml, Default Group: default, Final Config: {'load': 'preload', 'file': 'C:\\Users\\jgbcross\\Desktop\\github\\WoW_Classic-Pinball\\modes\\super_gold\\shows\\super_gold_acheived.yaml'}
2019-08-20 20:46:20,290 : INFO : AssetManager : Registering Asset: super_gold_started, File: super_gold_started.yaml, Default Group: default, Final Config: {'load': 'preload', 'file': 'C:\\Users\\jgbcross\\Desktop\\github\\WoW_Classic-Pinball\\modes\\super_gold\\shows\\super_gold_started.yaml'}
2019-08-20 20:46:20,294 : INFO : EventManager : Event: ======'machine_var_master_volume'====== Args={'value': 0.5, 'prev_value': None, 'change': True}
2019-08-20 20:46:20,294 : INFO : ConfigProcessor : Loading config from cache: C:\Users\jgbcross\AppData\Local\Temp\49149998d6049df690f544dddbe8abef.mpf_cache
2019-08-20 20:46:20,299 : INFO : EventManager : Event: ======'loading_assets'====== Args={'total': 4, 'loaded': 1, 'remaining': 3, 'percent': 25}
2019-08-20 20:46:20,299 : INFO : AssetManager : Loading assets: 1/4 (25%)
2019-08-20 20:46:20,299 : INFO : ConfigProcessor : Loading config from cache: C:\Users\jgbcross\AppData\Local\Temp\6b2572f3de420627f613d21597967d85.mpf_cache
2019-08-20 20:46:20,300 : INFO : ConfigProcessor : Loading config from cache: C:\Users\jgbcross\AppData\Local\Temp\7ea283a0c9db94b9910e856d2b83198c.mpf_cache
2019-08-20 20:46:20,301 : INFO : ConfigProcessor : Loading config from cache: C:\Users\jgbcross\AppData\Local\Temp\52d6b6454cac10b256882698b3caa8c9.mpf_cache
2019-08-20 20:46:20,302 : INFO : EventManager : Event: ======'loading_assets'====== Args={'total': 4, 'loaded': 4, 'remaining': 0, 'percent': 100}
2019-08-20 20:46:20,302 : INFO : EventManager : Event: ======'asset_loading_complete'====== Args={}
2019-08-20 20:46:20,302 : INFO : AssetManager : Loading assets: 4/4 (100%)
2019-08-20 20:46:20,302 : INFO : EventManager : Event: ======'init_phase_4'====== Args={}
2019-08-20 20:46:20,316 : INFO : EventManager : Event: ======'machine_var_audits_events_game_ended'====== Args={'value': 1, 'prev_value': None, 'change': True}
2019-08-20 20:46:20,316 : INFO : EventManager : Event: ======'machine_var_audits_events_game_started'====== Args={'value': 10, 'prev_value': None, 'change': True}
2019-08-20 20:46:20,316 : INFO : EventManager : Event: ======'machine_var_audits_player_score'====== Args={'value': {'average': 330.0, 'top': [330], 'total': 1}, 'prev_value': None, 'change': True}
2019-08-20 20:46:20,316 : INFO : EventManager : Event: ======'machine_var_audits_shots_bumpers'====== Args={'value': 80, 'prev_value': None, 'change': True}
2019-08-20 20:46:20,317 : INFO : EventManager : Event: ======'machine_var_audits_shots_shot_left_return_lane_left'====== Args={'value': 1, 'prev_value': None, 'change': True}
2019-08-20 20:46:20,317 : INFO : EventManager : Event: ======'machine_var_audits_shots_shot_left_return_lane_right'====== Args={'value': 2, 'prev_value': None, 'change': True}
2019-08-20 20:46:20,317 : INFO : EventManager : Event: ======'machine_var_audits_shots_shot_quest_target_1'====== Args={'value': 5, 'prev_value': None, 'change': True}
2019-08-20 20:46:20,317 : INFO : EventManager : Event: ======'machine_var_audits_shots_shot_quest_target_2'====== Args={'value': 3, 'prev_value': None, 'change': True}
2019-08-20 20:46:20,317 : INFO : EventManager : Event: ======'machine_var_audits_shots_shot_quest_target_3'====== Args={'value': 3, 'prev_value': None, 'change': True}
2019-08-20 20:46:20,318 : INFO : EventManager : Event: ======'machine_var_audits_shots_shot_quest_target_4'====== Args={'value': 3, 'prev_value': None, 'change': True}
2019-08-20 20:46:20,318 : INFO : EventManager : Event: ======'machine_var_audits_shots_shot_quest_target_5'====== Args={'value': 3, 'prev_value': None, 'change': True}
2019-08-20 20:46:20,318 : INFO : EventManager : Event: ======'machine_var_audits_shots_shot_top_lane_left'====== Args={'value': 4, 'prev_value': None, 'change': True}
2019-08-20 20:46:20,318 : INFO : EventManager : Event: ======'machine_var_audits_shots_shot_top_lane_right'====== Args={'value': 7, 'prev_value': None, 'change': True}
2019-08-20 20:46:20,318 : INFO : EventManager : Event: ======'machine_var_audits_switches_s_ah_standup_target'====== Args={'value': 0, 'prev_value': None, 'change': True}
2019-08-20 20:46:20,318 : INFO : EventManager : Event: ======'machine_var_audits_switches_s_arena_motor_away'====== Args={'value': 0, 'prev_value': None, 'change': True}
2019-08-20 20:46:20,319 : INFO : EventManager : Event: ======'machine_var_audits_switches_s_arena_motor_home'====== Args={'value': 0, 'prev_value': None, 'change': True}
2019-08-20 20:46:20,319 : INFO : EventManager : Event: ======'machine_var_audits_switches_s_arena_opto'====== Args={'value': 0, 'prev_value': None, 'change': True}
2019-08-20 20:46:20,319 : INFO : EventManager : Event: ======'machine_var_audits_switches_s_arena_trough_1'====== Args={'value': 0, 'prev_value': None, 'change': True}
2019-08-20 20:46:20,319 : INFO : EventManager : Event: ======'machine_var_audits_switches_s_arena_trough_2'====== Args={'value': 0, 'prev_value': None, 'change': True}
2019-08-20 20:46:20,319 : INFO : EventManager : Event: ======'machine_var_audits_switches_s_arena_trough_3'====== Args={'value': 0, 'prev_value': None, 'change': True}
2019-08-20 20:46:20,319 : INFO : EventManager : Event: ======'machine_var_audits_switches_s_arena_trough_4'====== Args={'value': 0, 'prev_value': None, 'change': True}
2019-08-20 20:46:20,320 : INFO : EventManager : Event: ======'machine_var_audits_switches_s_bottom_pop_bumper'====== Args={'value': 60, 'prev_value': None, 'change': True}
2019-08-20 20:46:20,320 : INFO : EventManager : Event: ======'machine_var_audits_switches_s_center_coin'====== Args={'value': 0, 'prev_value': None, 'change': True}
2019-08-20 20:46:20,320 : INFO : EventManager : Event: ======'machine_var_audits_switches_s_center_drop_target'====== Args={'value': 0, 'prev_value': None, 'change': True}
2019-08-20 20:46:20,320 : INFO : EventManager : Event: ======'machine_var_audits_switches_s_kickback_opto'====== Args={'value': 0, 'prev_value': None, 'change': True}
2019-08-20 20:46:20,320 : INFO : EventManager : Event: ======'machine_var_audits_switches_s_left_coin'====== Args={'value': 0, 'prev_value': None, 'change': True}
2019-08-20 20:46:20,320 : INFO : EventManager : Event: ======'machine_var_audits_switches_s_left_flipper_button'====== Args={'value': 8, 'prev_value': None, 'change': True}
2019-08-20 20:46:20,321 : INFO : EventManager : Event: ======'machine_var_audits_switches_s_left_flipper_eos'====== Args={'value': 0, 'prev_value': None, 'change': True}
2019-08-20 20:46:20,321 : INFO : EventManager : Event: ======'machine_var_audits_switches_s_left_lane'====== Args={'value': 0, 'prev_value': None, 'change': True}
2019-08-20 20:46:20,321 : INFO : EventManager : Event: ======'machine_var_audits_switches_s_left_lane_target'====== Args={'value': 0, 'prev_value': None, 'change': True}
2019-08-20 20:46:20,321 : INFO : EventManager : Event: ======'machine_var_audits_switches_s_left_orbit'====== Args={'value': 0, 'prev_value': None, 'change': True}
2019-08-20 20:46:20,321 : INFO : EventManager : Event: ======'machine_var_audits_switches_s_left_outlane'====== Args={'value': 0, 'prev_value': None, 'change': True}
2019-08-20 20:46:20,322 : INFO : EventManager : Event: ======'machine_var_audits_switches_s_left_pop_bumper'====== Args={'value': 8, 'prev_value': None, 'change': True}
2019-08-20 20:46:20,322 : INFO : EventManager : Event: ======'machine_var_audits_switches_s_left_ramp_exit'====== Args={'value': 0, 'prev_value': None, 'change': True}
2019-08-20 20:46:20,322 : INFO : EventManager : Event: ======'machine_var_audits_switches_s_left_return_lane_left'====== Args={'value': 1, 'prev_value': None, 'change': True}
2019-08-20 20:46:20,322 : INFO : EventManager : Event: ======'machine_var_audits_switches_s_left_return_lane_right'====== Args={'value': 2, 'prev_value': None, 'change': True}
2019-08-20 20:46:20,322 : INFO : EventManager : Event: ======'machine_var_audits_switches_s_left_slingshot'====== Args={'value': 0, 'prev_value': None, 'change': True}
2019-08-20 20:46:20,323 : INFO : EventManager : Event: ======'machine_var_audits_switches_s_lockdown_button'====== Args={'value': 7, 'prev_value': None, 'change': True}
2019-08-20 20:46:20,323 : INFO : EventManager : Event: ======'machine_var_audits_switches_s_loot_target_bottom'====== Args={'value': 0, 'prev_value': None, 'change': True}
2019-08-20 20:46:20,323 : INFO : EventManager : Event: ======'machine_var_audits_switches_s_loot_target_top'====== Args={'value': 0, 'prev_value': None, 'change': True}
2019-08-20 20:46:20,323 : INFO : EventManager : Event: ======'machine_var_audits_switches_s_quest_target_1'====== Args={'value': 5, 'prev_value': None, 'change': True}
2019-08-20 20:46:20,324 : INFO : EventManager : Event: ======'machine_var_audits_switches_s_quest_target_2'====== Args={'value': 3, 'prev_value': None, 'change': True}
2019-08-20 20:46:20,324 : INFO : EventManager : Event: ======'machine_var_audits_switches_s_quest_target_3'====== Args={'value': 3, 'prev_value': None, 'change': True}
2019-08-20 20:46:20,324 : INFO : EventManager : Event: ======'machine_var_audits_switches_s_quest_target_4'====== Args={'value': 3, 'prev_value': None, 'change': True}
2019-08-20 20:46:20,325 : INFO : EventManager : Event: ======'machine_var_audits_switches_s_quest_target_5'====== Args={'value': 3, 'prev_value': None, 'change': True}
2019-08-20 20:46:20,325 : INFO : EventManager : Event: ======'machine_var_audits_switches_s_right_coin'====== Args={'value': 0, 'prev_value': None, 'change': True}
2019-08-20 20:46:20,325 : INFO : EventManager : Event: ======'machine_var_audits_switches_s_right_flipper_button'====== Args={'value': 6, 'prev_value': None, 'change': True}
2019-08-20 20:46:20,325 : INFO : EventManager : Event: ======'machine_var_audits_switches_s_right_flipper_eos'====== Args={'value': 0, 'prev_value': None, 'change': True}
2019-08-20 20:46:20,326 : INFO : EventManager : Event: ======'machine_var_audits_switches_s_right_orbit'====== Args={'value': 0, 'prev_value': None, 'change': True}
2019-08-20 20:46:20,326 : INFO : EventManager : Event: ======'machine_var_audits_switches_s_right_outlane'====== Args={'value': 0, 'prev_value': None, 'change': True}
2019-08-20 20:46:20,326 : INFO : EventManager : Event: ======'machine_var_audits_switches_s_right_pop_bumper'====== Args={'value': 12, 'prev_value': None, 'change': True}
2019-08-20 20:46:20,326 : INFO : EventManager : Event: ======'machine_var_audits_switches_s_right_ramp_exit'====== Args={'value': 0, 'prev_value': None, 'change': True}
2019-08-20 20:46:20,326 : INFO : EventManager : Event: ======'machine_var_audits_switches_s_right_return_lane'====== Args={'value': 0, 'prev_value': None, 'change': True}
2019-08-20 20:46:20,327 : INFO : EventManager : Event: ======'machine_var_audits_switches_s_right_scoop'====== Args={'value': 0, 'prev_value': None, 'change': True}
2019-08-20 20:46:20,327 : INFO : EventManager : Event: ======'machine_var_audits_switches_s_right_slingshot'====== Args={'value': 0, 'prev_value': None, 'change': True}
2019-08-20 20:46:20,327 : INFO : EventManager : Event: ======'machine_var_audits_switches_s_service_back'====== Args={'value': 0, 'prev_value': None, 'change': True}
2019-08-20 20:46:20,327 : INFO : EventManager : Event: ======'machine_var_audits_switches_s_service_minus'====== Args={'value': 0, 'prev_value': None, 'change': True}
2019-08-20 20:46:20,328 : INFO : EventManager : Event: ======'machine_var_audits_switches_s_service_plus'====== Args={'value': 0, 'prev_value': None, 'change': True}
2019-08-20 20:46:20,328 : INFO : EventManager : Event: ======'machine_var_audits_switches_s_service_select'====== Args={'value': 0, 'prev_value': None, 'change': True}
2019-08-20 20:46:20,328 : INFO : EventManager : Event: ======'machine_var_audits_switches_s_shooter_lane'====== Args={'value': 12, 'prev_value': None, 'change': True}
2019-08-20 20:46:20,328 : INFO : EventManager : Event: ======'machine_var_audits_switches_s_slam_tilt'====== Args={'value': 0, 'prev_value': None, 'change': True}
2019-08-20 20:46:20,329 : INFO : EventManager : Event: ======'machine_var_audits_switches_s_soulstone_target_left'====== Args={'value': 0, 'prev_value': None, 'change': True}
2019-08-20 20:46:20,329 : INFO : EventManager : Event: ======'machine_var_audits_switches_s_soulstone_target_right'====== Args={'value': 0, 'prev_value': None, 'change': True}
2019-08-20 20:46:20,329 : INFO : EventManager : Event: ======'machine_var_audits_switches_s_start_button'====== Args={'value': 0, 'prev_value': None, 'change': True}
2019-08-20 20:46:20,329 : INFO : EventManager : Event: ======'machine_var_audits_switches_s_tilt_pendulum'====== Args={'value': 0, 'prev_value': None, 'change': True}
2019-08-20 20:46:20,330 : INFO : EventManager : Event: ======'machine_var_audits_switches_s_top_lane_left'====== Args={'value': 4, 'prev_value': None, 'change': True}
2019-08-20 20:46:20,330 : INFO : EventManager : Event: ======'machine_var_audits_switches_s_top_lane_right'====== Args={'value': 7, 'prev_value': None, 'change': True}
2019-08-20 20:46:20,330 : INFO : EventManager : Event: ======'machine_var_audits_switches_s_tournament_start_button'====== Args={'value': 0, 'prev_value': None, 'change': True}
2019-08-20 20:46:20,331 : INFO : EventManager : Event: ======'machine_var_audits_switches_s_trough_1'====== Args={'value': 4, 'prev_value': None, 'change': True}
2019-08-20 20:46:20,331 : INFO : EventManager : Event: ======'machine_var_audits_switches_s_trough_2'====== Args={'value': 0, 'prev_value': None, 'change': True}
2019-08-20 20:46:20,331 : INFO : EventManager : Event: ======'machine_var_audits_switches_s_trough_3'====== Args={'value': 0, 'prev_value': None, 'change': True}
2019-08-20 20:46:20,332 : INFO : EventManager : Event: ======'machine_var_audits_switches_s_trough_4'====== Args={'value': 0, 'prev_value': None, 'change': True}
2019-08-20 20:46:20,332 : INFO : EventManager : Event: ======'machine_var_audits_switches_s_trough_5'====== Args={'value': 0, 'prev_value': None, 'change': True}
2019-08-20 20:46:20,332 : INFO : EventManager : Event: ======'machine_var_audits_switches_s_trough_6'====== Args={'value': 0, 'prev_value': None, 'change': True}
2019-08-20 20:46:20,333 : INFO : EventManager : Event: ======'machine_var_audits_switches_s_trough_jam'====== Args={'value': 0, 'prev_value': None, 'change': True}
2019-08-20 20:46:20,333 : INFO : EventManager : Event: ======'init_phase_5'====== Args={}
2019-08-20 20:46:20,345 : INFO : EventManager : Event: ======'init_done'====== Args={}
2019-08-20 20:46:20,345 : INFO : EventManager : Event: ======'machine_reset_phase_1'====== Args={}
2019-08-20 20:46:20,355 : INFO : EventManager : Event: ======'machine_reset_phase_2'====== Args={}
2019-08-20 20:46:20,355 : INFO : EventManager : Event: ======'machine_reset_phase_3'====== Args={}
2019-08-20 20:46:20,355 : INFO : EventManager : Event: ======'mode_tilt_will_start'====== Args={'queue': <QueuedEvent>}
2019-08-20 20:46:20,356 : INFO : EventManager : Event: ======'mode_tilt_starting'====== Args={'queue': <QueuedEvent>}
2019-08-20 20:46:20,357 : INFO : Mode.tilt : Started. Priority: 1000000
2019-08-20 20:46:20,357 : INFO : EventManager : Event: ======'mode_tilt_started'====== Args={'queue': <QueuedEvent>}
2019-08-20 20:46:20,358 : INFO : EventManager : Event: ======'reset_complete'====== Args={}
2019-08-20 20:46:20,358 : INFO : EventManager : Event: ======'mode_attract_will_start'====== Args={}
2019-08-20 20:46:20,358 : INFO : EventManager : Event: ======'mode_attract_starting'====== Args={}
2019-08-20 20:46:20,358 : INFO : Mode.attract : Started. Priority: 10
2019-08-20 20:46:20,358 : INFO : EventManager : Event: ======'mode_attract_started'====== Args={}
2019-08-20 20:46:20,359 : INFO : EventManager : Event: ======'collecting_balls_complete'====== Args={}
2019-08-20 20:46:20,373 : INFO : EventManager : Event: ======'slide_press_start_created'====== Args={'_from_bcp': True}
2019-08-20 20:46:20,373 : INFO : Machine : Starting the main run loop.
2019-08-20 20:46:20,374 : INFO : EventManager : Event: ======'slide_press_start_active'====== Args={'_from_bcp': True}
2019-08-20 20:46:20,531 : INFO : BcpServer : New client connected.
2019-08-20 20:46:23,368 : INFO : EventManager : Event: ======'slide_last_game_score_slide_created'====== Args={'_from_bcp': True}
2019-08-20 20:46:23,380 : INFO : EventManager : Event: ======'slide_last_game_score_slide_active'====== Args={'_from_bcp': True}
2019-08-20 20:46:23,546 : INFO : SwitchController : <<<<<<< 's_start_button' active >>>>>>>
2019-08-20 20:46:24,422 : INFO : SwitchController : <<<<<<< 's_start_button' inactive >>>>>>>
2019-08-20 20:46:24,422 : INFO : EventManager : Event: ======'request_to_start_game'====== Args={}
2019-08-20 20:46:24,423 : INFO : EventManager : Event: ======'game_start'====== Args={'buttons': [], 'hold_time': 0.875}
2019-08-20 20:46:24,423 : INFO : EventManager : Event: ======'mode_game_will_start'====== Args={'buttons': [], 'hold_time': 0.875}
2019-08-20 20:46:24,424 : INFO : EventManager : Event: ======'mode_game_starting'====== Args={'buttons': [], 'hold_time': 0.875}
2019-08-20 20:46:24,424 : INFO : EventManager : Event: ======'mode_attract_will_stop'====== Args={}
2019-08-20 20:46:24,424 : INFO : EventManager : Event: ======'mode_attract_stopping'====== Args={}
2019-08-20 20:46:24,424 : INFO : Mode.attract : Stopped.
2019-08-20 20:46:24,425 : INFO : EventManager : Event: ======'mode_attract_stopped'====== Args={}
2019-08-20 20:46:24,425 : INFO : EventManager : Event: ======'clear'====== Args={'key': 'attract'}
2019-08-20 20:46:24,425 : INFO : Mode.game : Started. Priority: 20
2019-08-20 20:46:24,425 : INFO : EventManager : Event: ======'mode_game_started'====== Args={'buttons': [], 'hold_time': 0.875}
2019-08-20 20:46:24,432 : INFO : EventManager : Event: ======'game_will_start'====== Args={}
2019-08-20 20:46:24,432 : INFO : EventManager : Event: ======'game_starting'====== Args={'game': <Mode.game>}
2019-08-20 20:46:24,433 : INFO : EventManager : Event: ======'player_add_request'====== Args={}
2019-08-20 20:46:24,433 : INFO : EventManager : Event: ======'player_will_add'====== Args={'number': 1}
2019-08-20 20:46:24,433 : INFO : EventManager : Event: ======'player_adding'====== Args={'player': <Player 1>, 'number': 1}
2019-08-20 20:46:24,433 : INFO : EventManager : Event: ======'player_added'====== Args={'player': <Player 1>, 'num': 1}
2019-08-20 20:46:24,433 : INFO : Mode.game : Player added successfully. Total players: 1
2019-08-20 20:46:24,434 : INFO : EventManager : Event: ======'player_index'====== Args={'value': 0, 'prev_value': 0, 'change': 0, 'player_num': 1}
2019-08-20 20:46:24,434 : INFO : EventManager : Event: ======'player_number'====== Args={'value': 1, 'prev_value': 1, 'change': 0, 'player_num': 1}
2019-08-20 20:46:24,434 : INFO : EventManager : Event: ======'player_gold'====== Args={'value': 0, 'prev_value': 0, 'change': 0, 'player_num': 1}
2019-08-20 20:46:24,434 : INFO : EventManager : Event: ======'player_super_gold_acheived'====== Args={'value': 0, 'prev_value': 0, 'change': 0, 'player_num': 1}
2019-08-20 20:46:24,434 : INFO : EventManager : Event: ======'player_reputation'====== Args={'value': 0, 'prev_value': 0, 'change': 0, 'player_num': 1}
2019-08-20 20:46:24,435 : INFO : EventManager : Event: ======'player_rep_multiplier'====== Args={'value': 1.0, 'prev_value': 1.0, 'change': 0, 'player_num': 1}
2019-08-20 20:46:24,435 : INFO : EventManager : Event: ======'player_pvp_lanes_completed'====== Args={'value': 0, 'prev_value': 0, 'change': 0, 'player_num': 1}
2019-08-20 20:46:24,435 : INFO : EventManager : Event: ======'player_xp_lanes_completed'====== Args={'value': 0, 'prev_value': 0, 'change': 0, 'player_num': 1}
2019-08-20 20:46:24,435 : INFO : EventManager : Event: ======'player_quest_targets_completed'====== Args={'value': 0, 'prev_value': 0, 'change': 0, 'player_num': 1}
2019-08-20 20:46:24,436 : INFO : EventManager : Event: ======'player_score'====== Args={'value': 0, 'prev_value': 0, 'change': 0, 'player_num': 1}
2019-08-20 20:46:24,437 : INFO : EventManager : Event: ======'game_started'====== Args={}
2019-08-20 20:46:24,456 : INFO : EventManager : Event: ======'player_turn_will_start'====== Args={'player': <Player 1>, 'number': 1}
2019-08-20 20:46:24,456 : INFO : EventManager : Event: ======'slide_press_start_removed'====== Args={'_from_bcp': True}
2019-08-20 20:46:24,457 : INFO : EventManager : Event: ======'slide_last_game_score_slide_removed'====== Args={'_from_bcp': True}
2019-08-20 20:46:24,457 : INFO : EventManager : Event: ======'slide_window_blank_active'====== Args={'_from_bcp': True}
2019-08-20 20:46:24,457 : INFO : EventManager : Event: ======'player_turn_starting'====== Args={'player': <Player 1>, 'number': 1}
2019-08-20 20:46:24,457 : INFO : EventManager : Event: ======'player_ball'====== Args={'value': 1, 'prev_value': 0, 'change': 1, 'player_num': 1}
2019-08-20 20:46:24,458 : INFO : EventManager : Event: ======'player_turn_started'====== Args={'player': <Player 1>, 'number': 1}
2019-08-20 20:46:24,458 : INFO : EventManager : Event: ======'ball_will_start'====== Args={'player': 1, 'ball': 1, 'balls_remaining': 2, 'is_extra_ball': False}
2019-08-20 20:46:24,465 : INFO : EventManager : Event: ======'ball_starting'====== Args={'player': 1, 'ball': 1, 'balls_remaining': 2, 'is_extra_ball': False}
2019-08-20 20:46:24,466 : INFO : EventManager : Event: ======'mode_pvp_lanes_watchdog_will_start'====== Args={'queue': <QueuedEvent>, 'player': 1, 'ball': 1, 'balls_remaining': 2, 'is_extra_ball': False}
2019-08-20 20:46:24,466 : INFO : EventManager : Event: ======'player_shot_shot_left_return_lane_left_enabled'====== Args={'value': True, 'prev_value': 0, 'change': 1, 'player_num': 1}
2019-08-20 20:46:24,467 : INFO : EventManager : Event: ======'player_shot_shot_left_return_lane_right_enabled'====== Args={'value': True, 'prev_value': 0, 'change': 1, 'player_num': 1}
2019-08-20 20:46:24,467 : INFO : EventManager : Event: ======'player_shot_shot_right_return_lane_enabled'====== Args={'value': True, 'prev_value': 0, 'change': 1, 'player_num': 1}
2019-08-20 20:46:24,468 : INFO : EventManager : Event: ======'sg_pvp_lanes_complete'====== Args={'state': 'unlit'}
2019-08-20 20:46:24,468 : INFO : EventManager : Event: ======'sg_pvp_lanes_unlit_complete'====== Args={}
2019-08-20 20:46:24,469 : INFO : EventManager : Event: ======'mode_pvp_lanes_watchdog_starting'====== Args={'queue': <QueuedEvent>, 'player': 1, 'ball': 1, 'balls_remaining': 2, 'is_extra_ball': False}
2019-08-20 20:46:24,469 : INFO : EventManager : Event: ======'mode_super_gold_watchdog_will_start'====== Args={'queue': <QueuedEvent>, 'player': 1, 'ball': 1, 'balls_remaining': 2, 'is_extra_ball': False}
2019-08-20 20:46:24,469 : INFO : EventManager : Event: ======'player_shot_bumpers_enabled'====== Args={'value': True, 'prev_value': 0, 'change': 1, 'player_num': 1}
2019-08-20 20:46:24,470 : INFO : EventManager : Event: ======'mode_super_gold_watchdog_starting'====== Args={'queue': <QueuedEvent>, 'player': 1, 'ball': 1, 'balls_remaining': 2, 'is_extra_ball': False}
2019-08-20 20:46:24,471 : INFO : EventManager : Event: ======'mode_xp_lanes_watchdog_will_start'====== Args={'queue': <QueuedEvent>, 'player': 1, 'ball': 1, 'balls_remaining': 2, 'is_extra_ball': False}
2019-08-20 20:46:24,471 : INFO : EventManager : Event: ======'player_shot_shot_top_lane_left_enabled'====== Args={'value': True, 'prev_value': 0, 'change': 1, 'player_num': 1}
2019-08-20 20:46:24,472 : INFO : EventManager : Event: ======'player_shot_shot_top_lane_right_enabled'====== Args={'value': True, 'prev_value': 0, 'change': 1, 'player_num': 1}
2019-08-20 20:46:24,472 : INFO : EventManager : Event: ======'sg_xp_lanes_complete'====== Args={'state': 'unlit'}
2019-08-20 20:46:24,472 : INFO : EventManager : Event: ======'sg_xp_lanes_unlit_complete'====== Args={}
2019-08-20 20:46:24,473 : INFO : EventManager : Event: ======'mode_xp_lanes_watchdog_starting'====== Args={'queue': <QueuedEvent>, 'player': 1, 'ball': 1, 'balls_remaining': 2, 'is_extra_ball': False}
2019-08-20 20:46:24,473 : INFO : EventManager : Event: ======'mode_quest_targets_watchdog_will_start'====== Args={'queue': <QueuedEvent>, 'player': 1, 'ball': 1, 'balls_remaining': 2, 'is_extra_ball': False}
2019-08-20 20:46:24,473 : INFO : EventManager : Event: ======'player_shot_shot_quest_target_1_enabled'====== Args={'value': True, 'prev_value': 0, 'change': 1, 'player_num': 1}
2019-08-20 20:46:24,474 : INFO : EventManager : Event: ======'player_shot_shot_quest_target_2_enabled'====== Args={'value': True, 'prev_value': 0, 'change': 1, 'player_num': 1}
2019-08-20 20:46:24,474 : INFO : EventManager : Event: ======'player_shot_shot_quest_target_3_enabled'====== Args={'value': True, 'prev_value': 0, 'change': 1, 'player_num': 1}
2019-08-20 20:46:24,475 : INFO : EventManager : Event: ======'player_shot_shot_quest_target_4_enabled'====== Args={'value': True, 'prev_value': 0, 'change': 1, 'player_num': 1}
2019-08-20 20:46:24,475 : INFO : EventManager : Event: ======'player_shot_shot_quest_target_5_enabled'====== Args={'value': True, 'prev_value': 0, 'change': 1, 'player_num': 1}
2019-08-20 20:46:24,476 : INFO : EventManager : Event: ======'sg_quest_targets_complete'====== Args={'state': 'unlit'}
2019-08-20 20:46:24,476 : INFO : EventManager : Event: ======'sg_quest_targets_unlit_complete'====== Args={}
2019-08-20 20:46:24,477 : INFO : EventManager : Event: ======'mode_quest_targets_watchdog_starting'====== Args={'queue': <QueuedEvent>, 'player': 1, 'ball': 1, 'balls_remaining': 2, 'is_extra_ball': False}
2019-08-20 20:46:24,477 : INFO : EventManager : Event: ======'mode_base_will_start'====== Args={'queue': <QueuedEvent>, 'player': 1, 'ball': 1, 'balls_remaining': 2, 'is_extra_ball': False}
2019-08-20 20:46:24,477 : INFO : EventManager : Event: ======'mode_base_starting'====== Args={'queue': <QueuedEvent>, 'player': 1, 'ball': 1, 'balls_remaining': 2, 'is_extra_ball': False}
2019-08-20 20:46:24,478 : INFO : Mode.base : Started. Priority: 100
2019-08-20 20:46:24,478 : INFO : EventManager : Event: ======'mode_base_started'====== Args={'queue': <QueuedEvent>, 'player': 1, 'ball': 1, 'balls_remaining': 2, 'is_extra_ball': False}
2019-08-20 20:46:24,478 : INFO : Mode.quest_targets_watchdog : Started. Priority: 200
2019-08-20 20:46:24,478 : INFO : EventManager : Event: ======'mode_quest_targets_watchdog_started'====== Args={'queue': <QueuedEvent>, 'player': 1, 'ball': 1, 'balls_remaining': 2, 'is_extra_ball': False}
2019-08-20 20:46:24,479 : INFO : Mode.xp_lanes_watchdog : Started. Priority: 200
2019-08-20 20:46:24,479 : INFO : EventManager : Event: ======'mode_xp_lanes_watchdog_started'====== Args={'queue': <QueuedEvent>, 'player': 1, 'ball': 1, 'balls_remaining': 2, 'is_extra_ball': False}
2019-08-20 20:46:24,479 : INFO : Mode.pvp_lanes_watchdog : Started. Priority: 200
2019-08-20 20:46:24,479 : INFO : EventManager : Event: ======'mode_pvp_lanes_watchdog_started'====== Args={'queue': <QueuedEvent>, 'player': 1, 'ball': 1, 'balls_remaining': 2, 'is_extra_ball': False}
2019-08-20 20:46:24,479 : INFO : EventManager : Event: ======'balls_in_play'====== Args={'balls': 1}
2019-08-20 20:46:24,479 : INFO : EventManager : Event: ======'ball_started'====== Args={'player': 1, 'ball': 1, 'balls_remaining': 2, 'is_extra_ball': False}
2019-08-20 20:46:24,480 : INFO : EventManager : Event: ======'logicblock_lb_bumpers_count_updated'====== Args={'value': 0, 'enabled': True}
2019-08-20 20:46:24,480 : INFO : EventManager : Event: ======'logicblock_lb_bumpers_count_updated'====== Args={'value': 0, 'enabled': True}
2019-08-20 20:46:24,480 : INFO : EventManager : Event: ======'logicblock_lb_bumpers_resume_updated'====== Args={'value': 0, 'enabled': False}
2019-08-20 20:46:24,480 : INFO : Mode.super_gold_watchdog : Started. Priority: 200
2019-08-20 20:46:24,480 : INFO : EventManager : Event: ======'mode_super_gold_watchdog_started'====== Args={'queue': <QueuedEvent>, 'player': 1, 'ball': 1, 'balls_remaining': 2, 'is_extra_ball': False}
2019-08-20 20:46:24,501 : INFO : EventManager : Event: ======'single_player_ball_started'====== Args={}
2019-08-20 20:46:24,502 : INFO : EventManager : Event: ======'slide_base.slide_player-mode_base_started_created'====== Args={'_from_bcp': True}
2019-08-20 20:46:24,502 : INFO : EventManager : Event: ======'slide_base.slide_player-mode_base_started_active'====== Args={'_from_bcp': True}
2019-08-20 20:46:24,503 : INFO : EventManager : Event: ======'balldevice_balls_available'====== Args={}
2019-08-20 20:46:24,503 : INFO : EventManager : Event: ======'balldevice_bd_trough_ball_eject_attempt'====== Args={'balls': 1, 'target': <ball_device.bd_plunger>, 'source': <ball_device.bd_trough>, 'mechanical_eject': True, 'num_attempts': 0}
2019-08-20 20:46:24,504 : INFO : ball_device.bd_trough : Ejecting ball to <ball_device.bd_plunger>
2019-08-20 20:46:24,504 : INFO : EventManager : Event: ======'balldevice_bd_trough_ejecting_ball'====== Args={'balls': 1, 'target': <ball_device.bd_plunger>, 'source': <ball_device.bd_trough>, 'mechanical_eject': True, 'num_attempts': 0}
2019-08-20 20:46:24,504 : INFO : coil.c_trough_eject : Pulsing Driver for 20ms (1.0 pulse_power)
2019-08-20 20:46:24,504 : INFO : SwitchController : <<<<<<< 's_trough_1' inactive >>>>>>>
2019-08-20 20:46:24,597 : INFO : SwitchController : <<<<<<< 's_shooter_lane' active >>>>>>>
2019-08-20 20:46:24,598 : INFO : EventManager : Event: ======'machine_var_audits_switches_s_shooter_lane'====== Args={'value': 13, 'prev_value': 12, 'change': 1}
2019-08-20 20:46:25,091 : INFO : EventManager : Event: ======'balldevice_bd_plunger_ball_enter'====== Args={'new_balls': 1, 'unclaimed_balls': 0, 'new_available_balls': 0, 'device': <ball_device.bd_plunger>}
2019-08-20 20:46:25,091 : INFO : EventManager : Event: ======'balldevice_bd_plunger_ball_entered'====== Args={'new_balls': 0, 'device': <ball_device.bd_plunger>}
2019-08-20 20:46:25,092 : INFO : EventManager : Event: ======'balldevice_bd_plunger_ball_count_changed'====== Args={'balls': 1}
2019-08-20 20:46:25,092 : INFO : EventManager : Event: ======'balldevice_bd_trough_ball_eject_success'====== Args={'balls': 1, 'target': <ball_device.bd_plunger>}
2019-08-20 20:46:25,092 : INFO : EventManager : Event: ======'balldevice_bd_trough_ball_count_changed'====== Args={'balls': 5}
2019-08-20 20:46:25,092 : INFO : EventManager : Event: ======'balldevice_bd_plunger_ball_eject_attempt'====== Args={'balls': 1, 'target': <playfield.playfield>, 'source': <ball_device.bd_plunger>, 'mechanical_eject': True, 'num_attempts': 0}
2019-08-20 20:46:25,093 : INFO : ball_device.bd_plunger : Ejecting ball to <playfield.playfield>
2019-08-20 20:46:25,093 : INFO : EventManager : Event: ======'balldevice_bd_plunger_ejecting_ball'====== Args={'balls': 1, 'target': <playfield.playfield>, 'source': <ball_device.bd_plunger>, 'mechanical_eject': True, 'num_attempts': 0}
2019-08-20 20:46:25,538 : INFO : SwitchController : <<<<<<< 's_lockdown_button' active >>>>>>>
2019-08-20 20:46:25,538 : INFO : EventManager : Event: ======'s_lockdown_button_active'====== Args={}
2019-08-20 20:46:25,540 : INFO : EventManager : Event: ======'machine_var_audits_switches_s_lockdown_button'====== Args={'value': 8, 'prev_value': 7, 'change': 1}
2019-08-20 20:46:25,565 : INFO : coil.c_auto_plunger : Pulsing Driver for 20ms (1.0 pulse_power)
2019-08-20 20:46:25,565 : INFO : SwitchController : <<<<<<< 's_shooter_lane' inactive >>>>>>>
2019-08-20 20:46:26,477 : INFO : SwitchController : <<<<<<< 's_lockdown_button' inactive >>>>>>>
2019-08-20 20:46:28,644 : INFO : EventManager : Event: ======'balldevice_bd_plunger_ball_eject_success'====== Args={'balls': 1, 'target': <playfield.playfield>}
2019-08-20 20:46:28,644 : INFO : EventManager : Event: ======'balldevice_playfield_ball_enter'====== Args={'new_balls': 1, 'unclaimed_balls': 1, 'device': <playfield.playfield>}
2019-08-20 20:46:28,644 : INFO : EventManager : Event: ======'playfield_ball_count_change'====== Args={'balls': 1, 'change': 1}
2019-08-20 20:46:28,645 : INFO : EventManager : Event: ======'balldevice_bd_plunger_ball_count_changed'====== Args={'balls': 0}
2019-08-20 20:46:31,374 : INFO : SwitchController : <<<<<<< 's_left_pop_bumper' active >>>>>>>
2019-08-20 20:46:31,374 : INFO : EventManager : Event: ======'s_left_pop_bumper_active'====== Args={}
2019-08-20 20:46:31,374 : INFO : EventManager : Event: ======'machine_var_audits_switches_s_left_pop_bumper'====== Args={'value': 9, 'prev_value': 8, 'change': 1}
2019-08-20 20:46:31,375 : INFO : EventManager : Event: ======'player_shot_bumpers'====== Args={'value': 1, 'prev_value': 0, 'change': 1, 'player_num': 1}
2019-08-20 20:46:31,376 : INFO : EventManager : Event: ======'machine_var_audits_shots_bumpers'====== Args={'value': 81, 'prev_value': 80, 'change': 1}
2019-08-20 20:46:31,381 : INFO : EventManager : Event: ======'bumpers_hit'====== Args={'profile': 'default', 'state': 'unlit', 'advancing': True}
2019-08-20 20:46:31,382 : INFO : EventManager : Event: ======'bumpers_default_hit'====== Args={'profile': 'default', 'state': 'unlit', 'advancing': True}
2019-08-20 20:46:31,382 : INFO : EventManager : Event: ======'bumpers_default_unlit_hit'====== Args={'profile': 'default', 'state': 'unlit', 'advancing': True}
2019-08-20 20:46:31,383 : INFO : EventManager : Event: ======'bumpers_unlit_hit'====== Args={'profile': 'default', 'state': 'unlit', 'advancing': True}
2019-08-20 20:46:31,383 : INFO : EventManager : Event: ======'logicblock_lb_bumpers_count_updated'====== Args={'value': 1, 'enabled': True}
2019-08-20 20:46:31,383 : INFO : EventManager : Event: ======'counter_lb_bumpers_count_hit'====== Args={'count': 1, 'remaining': 9}
2019-08-20 20:46:31,383 : INFO : EventManager : Event: ======'logicblock_lb_bumpers_count_hit'====== Args={'count': 1, 'remaining': 9}
2019-08-20 20:46:31,384 : INFO : EventManager : Event: ======'player_gold'====== Args={'value': 10, 'prev_value': 0, 'change': 10, 'player_num': 1}
2019-08-20 20:46:31,384 : INFO : EventManager : Event: ======'player_score'====== Args={'value': 10, 'prev_value': 0, 'change': 10, 'player_num': 1}
2019-08-20 20:46:31,447 : INFO : SwitchController : <<<<<<< 's_left_pop_bumper' inactive >>>>>>>
2019-08-20 20:46:32,719 : INFO : SwitchController : <<<<<<< 's_left_pop_bumper' active >>>>>>>
2019-08-20 20:46:32,719 : INFO : EventManager : Event: ======'s_left_pop_bumper_active'====== Args={}
2019-08-20 20:46:32,719 : INFO : EventManager : Event: ======'machine_var_audits_switches_s_left_pop_bumper'====== Args={'value': 10, 'prev_value': 9, 'change': 1}
2019-08-20 20:46:32,720 : INFO : EventManager : Event: ======'machine_var_audits_shots_bumpers'====== Args={'value': 82, 'prev_value': 81, 'change': 1}
2019-08-20 20:46:32,721 : INFO : EventManager : Event: ======'bumpers_hit'====== Args={'profile': 'default', 'state': 'lit', 'advancing': False}
2019-08-20 20:46:32,721 : INFO : EventManager : Event: ======'bumpers_default_hit'====== Args={'profile': 'default', 'state': 'lit', 'advancing': False}
2019-08-20 20:46:32,721 : INFO : EventManager : Event: ======'bumpers_default_lit_hit'====== Args={'profile': 'default', 'state': 'lit', 'advancing': False}
2019-08-20 20:46:32,721 : INFO : EventManager : Event: ======'bumpers_lit_hit'====== Args={'profile': 'default', 'state': 'lit', 'advancing': False}
2019-08-20 20:46:32,722 : INFO : EventManager : Event: ======'logicblock_lb_bumpers_count_updated'====== Args={'value': 2, 'enabled': True}
2019-08-20 20:46:32,722 : INFO : EventManager : Event: ======'counter_lb_bumpers_count_hit'====== Args={'count': 2, 'remaining': 8}
2019-08-20 20:46:32,722 : INFO : EventManager : Event: ======'logicblock_lb_bumpers_count_hit'====== Args={'count': 2, 'remaining': 8}
2019-08-20 20:46:32,722 : INFO : EventManager : Event: ======'player_gold'====== Args={'value': 20, 'prev_value': 10, 'change': 10, 'player_num': 1}
2019-08-20 20:46:32,722 : INFO : EventManager : Event: ======'player_score'====== Args={'value': 20, 'prev_value': 10, 'change': 10, 'player_num': 1}
2019-08-20 20:46:32,785 : INFO : SwitchController : <<<<<<< 's_left_pop_bumper' inactive >>>>>>>
2019-08-20 20:46:33,350 : INFO : SwitchController : <<<<<<< 's_left_pop_bumper' active >>>>>>>
2019-08-20 20:46:33,350 : INFO : EventManager : Event: ======'s_left_pop_bumper_active'====== Args={}
2019-08-20 20:46:33,351 : INFO : EventManager : Event: ======'machine_var_audits_switches_s_left_pop_bumper'====== Args={'value': 11, 'prev_value': 10, 'change': 1}
2019-08-20 20:46:33,351 : INFO : EventManager : Event: ======'machine_var_audits_shots_bumpers'====== Args={'value': 83, 'prev_value': 82, 'change': 1}
2019-08-20 20:46:33,352 : INFO : EventManager : Event: ======'bumpers_hit'====== Args={'profile': 'default', 'state': 'lit', 'advancing': False}
2019-08-20 20:46:33,352 : INFO : EventManager : Event: ======'bumpers_default_hit'====== Args={'profile': 'default', 'state': 'lit', 'advancing': False}
2019-08-20 20:46:33,352 : INFO : EventManager : Event: ======'bumpers_default_lit_hit'====== Args={'profile': 'default', 'state': 'lit', 'advancing': False}
2019-08-20 20:46:33,352 : INFO : EventManager : Event: ======'bumpers_lit_hit'====== Args={'profile': 'default', 'state': 'lit', 'advancing': False}
2019-08-20 20:46:33,353 : INFO : EventManager : Event: ======'logicblock_lb_bumpers_count_updated'====== Args={'value': 3, 'enabled': True}
2019-08-20 20:46:33,353 : INFO : EventManager : Event: ======'counter_lb_bumpers_count_hit'====== Args={'count': 3, 'remaining': 7}
2019-08-20 20:46:33,353 : INFO : EventManager : Event: ======'logicblock_lb_bumpers_count_hit'====== Args={'count': 3, 'remaining': 7}
2019-08-20 20:46:33,353 : INFO : EventManager : Event: ======'player_gold'====== Args={'value': 30, 'prev_value': 20, 'change': 10, 'player_num': 1}
2019-08-20 20:46:33,353 : INFO : EventManager : Event: ======'player_score'====== Args={'value': 30, 'prev_value': 20, 'change': 10, 'player_num': 1}
2019-08-20 20:46:33,440 : INFO : SwitchController : <<<<<<< 's_left_pop_bumper' inactive >>>>>>>
2019-08-20 20:46:44,944 : INFO : SwitchController : <<<<<<< 's_left_pop_bumper' active >>>>>>>
2019-08-20 20:46:44,944 : INFO : EventManager : Event: ======'s_left_pop_bumper_active'====== Args={}
2019-08-20 20:46:44,945 : INFO : EventManager : Event: ======'machine_var_audits_switches_s_left_pop_bumper'====== Args={'value': 12, 'prev_value': 11, 'change': 1}
2019-08-20 20:46:44,949 : INFO : EventManager : Event: ======'machine_var_audits_shots_bumpers'====== Args={'value': 84, 'prev_value': 83, 'change': 1}
2019-08-20 20:46:44,951 : INFO : EventManager : Event: ======'bumpers_hit'====== Args={'profile': 'default', 'state': 'lit', 'advancing': False}
2019-08-20 20:46:44,958 : INFO : EventManager : Event: ======'bumpers_default_hit'====== Args={'profile': 'default', 'state': 'lit', 'advancing': False}
2019-08-20 20:46:44,958 : INFO : EventManager : Event: ======'bumpers_default_lit_hit'====== Args={'profile': 'default', 'state': 'lit', 'advancing': False}
2019-08-20 20:46:44,958 : INFO : EventManager : Event: ======'bumpers_lit_hit'====== Args={'profile': 'default', 'state': 'lit', 'advancing': False}
2019-08-20 20:46:44,958 : INFO : EventManager : Event: ======'logicblock_lb_bumpers_count_updated'====== Args={'value': 4, 'enabled': True}
2019-08-20 20:46:44,958 : INFO : EventManager : Event: ======'counter_lb_bumpers_count_hit'====== Args={'count': 4, 'remaining': 6}
2019-08-20 20:46:44,958 : INFO : EventManager : Event: ======'logicblock_lb_bumpers_count_hit'====== Args={'count': 4, 'remaining': 6}
2019-08-20 20:46:44,959 : INFO : EventManager : Event: ======'player_gold'====== Args={'value': 40, 'prev_value': 30, 'change': 10, 'player_num': 1}
2019-08-20 20:46:44,959 : INFO : EventManager : Event: ======'player_score'====== Args={'value': 40, 'prev_value': 30, 'change': 10, 'player_num': 1}
2019-08-20 20:46:45,059 : INFO : SwitchController : <<<<<<< 's_left_pop_bumper' inactive >>>>>>>
2019-08-20 20:46:46,416 : INFO : SwitchController : <<<<<<< 's_left_pop_bumper' active >>>>>>>
2019-08-20 20:46:46,416 : INFO : EventManager : Event: ======'s_left_pop_bumper_active'====== Args={}
2019-08-20 20:46:46,417 : INFO : EventManager : Event: ======'machine_var_audits_switches_s_left_pop_bumper'====== Args={'value': 13, 'prev_value': 12, 'change': 1}
2019-08-20 20:46:46,420 : INFO : EventManager : Event: ======'machine_var_audits_shots_bumpers'====== Args={'value': 85, 'prev_value': 84, 'change': 1}
2019-08-20 20:46:46,423 : INFO : EventManager : Event: ======'bumpers_hit'====== Args={'profile': 'default', 'state': 'lit', 'advancing': False}
2019-08-20 20:46:46,424 : INFO : EventManager : Event: ======'bumpers_default_hit'====== Args={'profile': 'default', 'state': 'lit', 'advancing': False}
2019-08-20 20:46:46,425 : INFO : EventManager : Event: ======'bumpers_default_lit_hit'====== Args={'profile': 'default', 'state': 'lit', 'advancing': False}
2019-08-20 20:46:46,426 : INFO : EventManager : Event: ======'bumpers_lit_hit'====== Args={'profile': 'default', 'state': 'lit', 'advancing': False}
2019-08-20 20:46:46,427 : INFO : EventManager : Event: ======'logicblock_lb_bumpers_count_updated'====== Args={'value': 5, 'enabled': True}
2019-08-20 20:46:46,428 : INFO : EventManager : Event: ======'counter_lb_bumpers_count_hit'====== Args={'count': 5, 'remaining': 5}
2019-08-20 20:46:46,429 : INFO : EventManager : Event: ======'logicblock_lb_bumpers_count_hit'====== Args={'count': 5, 'remaining': 5}
2019-08-20 20:46:46,430 : INFO : EventManager : Event: ======'player_gold'====== Args={'value': 50, 'prev_value': 40, 'change': 10, 'player_num': 1}
2019-08-20 20:46:46,431 : INFO : EventManager : Event: ======'player_score'====== Args={'value': 50, 'prev_value': 40, 'change': 10, 'player_num': 1}
2019-08-20 20:46:46,495 : INFO : SwitchController : <<<<<<< 's_left_pop_bumper' inactive >>>>>>>
2019-08-20 20:46:46,969 : INFO : SwitchController : <<<<<<< 's_left_pop_bumper' active >>>>>>>
2019-08-20 20:46:46,969 : INFO : EventManager : Event: ======'s_left_pop_bumper_active'====== Args={}
2019-08-20 20:46:46,969 : INFO : EventManager : Event: ======'machine_var_audits_switches_s_left_pop_bumper'====== Args={'value': 14, 'prev_value': 13, 'change': 1}
2019-08-20 20:46:46,970 : INFO : EventManager : Event: ======'machine_var_audits_shots_bumpers'====== Args={'value': 86, 'prev_value': 85, 'change': 1}
2019-08-20 20:46:46,970 : INFO : EventManager : Event: ======'bumpers_hit'====== Args={'profile': 'default', 'state': 'lit', 'advancing': False}
2019-08-20 20:46:46,970 : INFO : EventManager : Event: ======'bumpers_default_hit'====== Args={'profile': 'default', 'state': 'lit', 'advancing': False}
2019-08-20 20:46:46,971 : INFO : EventManager : Event: ======'bumpers_default_lit_hit'====== Args={'profile': 'default', 'state': 'lit', 'advancing': False}
2019-08-20 20:46:46,971 : INFO : EventManager : Event: ======'bumpers_lit_hit'====== Args={'profile': 'default', 'state': 'lit', 'advancing': False}
2019-08-20 20:46:46,971 : INFO : EventManager : Event: ======'logicblock_lb_bumpers_count_updated'====== Args={'value': 6, 'enabled': True}
2019-08-20 20:46:46,971 : INFO : EventManager : Event: ======'counter_lb_bumpers_count_hit'====== Args={'count': 6, 'remaining': 4}
2019-08-20 20:46:46,971 : INFO : EventManager : Event: ======'logicblock_lb_bumpers_count_hit'====== Args={'count': 6, 'remaining': 4}
2019-08-20 20:46:46,971 : INFO : EventManager : Event: ======'player_gold'====== Args={'value': 60, 'prev_value': 50, 'change': 10, 'player_num': 1}
2019-08-20 20:46:46,971 : INFO : EventManager : Event: ======'player_score'====== Args={'value': 60, 'prev_value': 50, 'change': 10, 'player_num': 1}
2019-08-20 20:46:47,055 : INFO : SwitchController : <<<<<<< 's_left_pop_bumper' inactive >>>>>>>
2019-08-20 20:46:47,793 : INFO : SwitchController : <<<<<<< 's_left_pop_bumper' active >>>>>>>
2019-08-20 20:46:47,793 : INFO : EventManager : Event: ======'s_left_pop_bumper_active'====== Args={}
2019-08-20 20:46:47,795 : INFO : EventManager : Event: ======'machine_var_audits_switches_s_left_pop_bumper'====== Args={'value': 15, 'prev_value': 14, 'change': 1}
2019-08-20 20:46:47,798 : INFO : EventManager : Event: ======'machine_var_audits_shots_bumpers'====== Args={'value': 87, 'prev_value': 86, 'change': 1}
2019-08-20 20:46:47,800 : INFO : EventManager : Event: ======'bumpers_hit'====== Args={'profile': 'default', 'state': 'lit', 'advancing': False}
2019-08-20 20:46:47,801 : INFO : EventManager : Event: ======'bumpers_default_hit'====== Args={'profile': 'default', 'state': 'lit', 'advancing': False}
2019-08-20 20:46:47,802 : INFO : EventManager : Event: ======'bumpers_default_lit_hit'====== Args={'profile': 'default', 'state': 'lit', 'advancing': False}
2019-08-20 20:46:47,803 : INFO : EventManager : Event: ======'bumpers_lit_hit'====== Args={'profile': 'default', 'state': 'lit', 'advancing': False}
2019-08-20 20:46:47,804 : INFO : EventManager : Event: ======'logicblock_lb_bumpers_count_updated'====== Args={'value': 7, 'enabled': True}
2019-08-20 20:46:47,805 : INFO : EventManager : Event: ======'counter_lb_bumpers_count_hit'====== Args={'count': 7, 'remaining': 3}
2019-08-20 20:46:47,806 : INFO : EventManager : Event: ======'logicblock_lb_bumpers_count_hit'====== Args={'count': 7, 'remaining': 3}
2019-08-20 20:46:47,807 : INFO : EventManager : Event: ======'player_gold'====== Args={'value': 70, 'prev_value': 60, 'change': 10, 'player_num': 1}
2019-08-20 20:46:47,808 : INFO : EventManager : Event: ======'player_score'====== Args={'value': 70, 'prev_value': 60, 'change': 10, 'player_num': 1}
2019-08-20 20:46:47,868 : INFO : SwitchController : <<<<<<< 's_left_pop_bumper' inactive >>>>>>>
2019-08-20 20:46:49,823 : INFO : SwitchController : <<<<<<< 's_left_pop_bumper' active >>>>>>>
2019-08-20 20:46:49,824 : INFO : EventManager : Event: ======'s_left_pop_bumper_active'====== Args={}
2019-08-20 20:46:49,824 : INFO : EventManager : Event: ======'machine_var_audits_switches_s_left_pop_bumper'====== Args={'value': 16, 'prev_value': 15, 'change': 1}
2019-08-20 20:46:49,825 : INFO : EventManager : Event: ======'machine_var_audits_shots_bumpers'====== Args={'value': 88, 'prev_value': 87, 'change': 1}
2019-08-20 20:46:49,826 : INFO : EventManager : Event: ======'bumpers_hit'====== Args={'profile': 'default', 'state': 'lit', 'advancing': False}
2019-08-20 20:46:49,826 : INFO : EventManager : Event: ======'bumpers_default_hit'====== Args={'profile': 'default', 'state': 'lit', 'advancing': False}
2019-08-20 20:46:49,826 : INFO : EventManager : Event: ======'bumpers_default_lit_hit'====== Args={'profile': 'default', 'state': 'lit', 'advancing': False}
2019-08-20 20:46:49,831 : INFO : EventManager : Event: ======'bumpers_lit_hit'====== Args={'profile': 'default', 'state': 'lit', 'advancing': False}
2019-08-20 20:46:49,833 : INFO : EventManager : Event: ======'logicblock_lb_bumpers_count_updated'====== Args={'value': 8, 'enabled': True}
2019-08-20 20:46:49,833 : INFO : EventManager : Event: ======'counter_lb_bumpers_count_hit'====== Args={'count': 8, 'remaining': 2}
2019-08-20 20:46:49,834 : INFO : EventManager : Event: ======'logicblock_lb_bumpers_count_hit'====== Args={'count': 8, 'remaining': 2}
2019-08-20 20:46:49,834 : INFO : EventManager : Event: ======'player_gold'====== Args={'value': 80, 'prev_value': 70, 'change': 10, 'player_num': 1}
2019-08-20 20:46:49,835 : INFO : EventManager : Event: ======'player_score'====== Args={'value': 80, 'prev_value': 70, 'change': 10, 'player_num': 1}
2019-08-20 20:46:49,912 : INFO : SwitchController : <<<<<<< 's_left_pop_bumper' inactive >>>>>>>
2019-08-20 20:46:51,080 : INFO : SwitchController : <<<<<<< 's_bottom_pop_bumper' active >>>>>>>
2019-08-20 20:46:51,080 : INFO : EventManager : Event: ======'s_bottom_pop_bumper_active'====== Args={}
2019-08-20 20:46:51,082 : INFO : EventManager : Event: ======'machine_var_audits_switches_s_bottom_pop_bumper'====== Args={'value': 61, 'prev_value': 60, 'change': 1}
2019-08-20 20:46:51,085 : INFO : EventManager : Event: ======'machine_var_audits_shots_bumpers'====== Args={'value': 89, 'prev_value': 88, 'change': 1}
2019-08-20 20:46:51,088 : INFO : EventManager : Event: ======'bumpers_hit'====== Args={'profile': 'default', 'state': 'lit', 'advancing': False}
2019-08-20 20:46:51,089 : INFO : EventManager : Event: ======'bumpers_default_hit'====== Args={'profile': 'default', 'state': 'lit', 'advancing': False}
2019-08-20 20:46:51,090 : INFO : EventManager : Event: ======'bumpers_default_lit_hit'====== Args={'profile': 'default', 'state': 'lit', 'advancing': False}
2019-08-20 20:46:51,090 : INFO : EventManager : Event: ======'bumpers_lit_hit'====== Args={'profile': 'default', 'state': 'lit', 'advancing': False}
2019-08-20 20:46:51,091 : INFO : EventManager : Event: ======'logicblock_lb_bumpers_count_updated'====== Args={'value': 9, 'enabled': True}
2019-08-20 20:46:51,092 : INFO : EventManager : Event: ======'counter_lb_bumpers_count_hit'====== Args={'count': 9, 'remaining': 1}
2019-08-20 20:46:51,093 : INFO : EventManager : Event: ======'logicblock_lb_bumpers_count_hit'====== Args={'count': 9, 'remaining': 1}
2019-08-20 20:46:51,094 : INFO : EventManager : Event: ======'player_gold'====== Args={'value': 90, 'prev_value': 80, 'change': 10, 'player_num': 1}
2019-08-20 20:46:51,094 : INFO : EventManager : Event: ======'player_score'====== Args={'value': 90, 'prev_value': 80, 'change': 10, 'player_num': 1}
2019-08-20 20:46:51,179 : INFO : SwitchController : <<<<<<< 's_bottom_pop_bumper' inactive >>>>>>>
2019-08-20 20:46:53,121 : INFO : SwitchController : <<<<<<< 's_right_pop_bumper' active >>>>>>>
2019-08-20 20:46:53,121 : INFO : EventManager : Event: ======'s_right_pop_bumper_active'====== Args={}
2019-08-20 20:46:53,121 : INFO : EventManager : Event: ======'machine_var_audits_switches_s_right_pop_bumper'====== Args={'value': 13, 'prev_value': 12, 'change': 1}
2019-08-20 20:46:53,122 : INFO : EventManager : Event: ======'machine_var_audits_shots_bumpers'====== Args={'value': 90, 'prev_value': 89, 'change': 1}
2019-08-20 20:46:53,123 : INFO : EventManager : Event: ======'bumpers_hit'====== Args={'profile': 'default', 'state': 'lit', 'advancing': False}
2019-08-20 20:46:53,123 : INFO : EventManager : Event: ======'bumpers_default_hit'====== Args={'profile': 'default', 'state': 'lit', 'advancing': False}
2019-08-20 20:46:53,123 : INFO : EventManager : Event: ======'bumpers_default_lit_hit'====== Args={'profile': 'default', 'state': 'lit', 'advancing': False}
2019-08-20 20:46:53,123 : INFO : EventManager : Event: ======'bumpers_lit_hit'====== Args={'profile': 'default', 'state': 'lit', 'advancing': False}
2019-08-20 20:46:53,123 : INFO : EventManager : Event: ======'logicblock_lb_bumpers_count_updated'====== Args={'value': 10, 'enabled': True}
2019-08-20 20:46:53,124 : INFO : EventManager : Event: ======'counter_lb_bumpers_count_hit'====== Args={'count': 10, 'remaining': 0}
2019-08-20 20:46:53,124 : INFO : EventManager : Event: ======'logicblock_lb_bumpers_count_hit'====== Args={'count': 10, 'remaining': 0}
2019-08-20 20:46:53,124 : INFO : EventManager : Event: ======'super_gold_go'====== Args={}
2019-08-20 20:46:53,125 : INFO : EventManager : Event: ======'logicblock_lb_bumpers_count_updated'====== Args={'value': 0, 'enabled': True}
2019-08-20 20:46:53,125 : INFO : EventManager : Event: ======'logicblock_lb_bumpers_count_updated'====== Args={'value': 0, 'enabled': False}
2019-08-20 20:46:53,125 : INFO : EventManager : Event: ======'player_gold'====== Args={'value': 100, 'prev_value': 90, 'change': 10, 'player_num': 1}
2019-08-20 20:46:53,130 : INFO : EventManager : Event: ======'player_score'====== Args={'value': 100, 'prev_value': 90, 'change': 10, 'player_num': 1}
2019-08-20 20:46:53,131 : INFO : EventManager : Event: ======'mode_super_gold_will_start'====== Args={}
2019-08-20 20:46:53,132 : INFO : EventManager : Event: ======'mode_super_gold_starting'====== Args={}
2019-08-20 20:46:53,132 : INFO : EventManager : Event: ======'start_mode_super_gold'====== Args={'priority': 0}
2019-08-20 20:46:53,132 : INFO : Mode.super_gold : Started. Priority: 300
2019-08-20 20:46:53,132 : INFO : EventManager : Event: ======'mode_super_gold_started'====== Args={}
2019-08-20 20:46:53,154 : INFO : EventManager : Event: ======'slide_super_gold_started_created'====== Args={'_from_bcp': True}
2019-08-20 20:46:53,155 : INFO : EventManager : Event: ======'slide_super_gold_started_active'====== Args={'_from_bcp': True}
2019-08-20 20:46:53,197 : INFO : SwitchController : <<<<<<< 's_right_pop_bumper' inactive >>>>>>>
2019-08-20 20:46:56,148 : INFO : EventManager : Event: ======'slide_super_gold_started_removed'====== Args={'_from_bcp': True}
2019-08-20 20:46:56,150 : INFO : EventManager : Event: ======'slide_base.slide_player-mode_base_started_active'====== Args={'_from_bcp': True}
2019-08-20 20:46:57,408 : INFO : SwitchController : <<<<<<< 's_right_pop_bumper' active >>>>>>>
2019-08-20 20:46:57,408 : INFO : EventManager : Event: ======'s_right_pop_bumper_active'====== Args={}
2019-08-20 20:46:57,409 : INFO : EventManager : Event: ======'machine_var_audits_switches_s_right_pop_bumper'====== Args={'value': 14, 'prev_value': 13, 'change': 1}
2019-08-20 20:46:57,410 : INFO : EventManager : Event: ======'machine_var_audits_shots_bumpers'====== Args={'value': 91, 'prev_value': 90, 'change': 1}
2019-08-20 20:46:57,410 : INFO : EventManager : Event: ======'bumpers_hit'====== Args={'profile': 'default', 'state': 'lit', 'advancing': False}
2019-08-20 20:46:57,416 : INFO : EventManager : Event: ======'bumpers_default_hit'====== Args={'profile': 'default', 'state': 'lit', 'advancing': False}
2019-08-20 20:46:57,416 : INFO : EventManager : Event: ======'bumpers_default_lit_hit'====== Args={'profile': 'default', 'state': 'lit', 'advancing': False}
2019-08-20 20:46:57,416 : INFO : EventManager : Event: ======'bumpers_lit_hit'====== Args={'profile': 'default', 'state': 'lit', 'advancing': False}
2019-08-20 20:46:57,417 : INFO : EventManager : Event: ======'player_gold'====== Args={'value': 130, 'prev_value': 100, 'change': 30, 'player_num': 1}
2019-08-20 20:46:57,417 : INFO : EventManager : Event: ======'player_score'====== Args={'value': 110, 'prev_value': 100, 'change': 10, 'player_num': 1}
2019-08-20 20:46:57,468 : INFO : SwitchController : <<<<<<< 's_right_pop_bumper' inactive >>>>>>>
2019-08-20 20:47:00,963 : INFO : SwitchController : <<<<<<< 's_right_pop_bumper' active >>>>>>>
2019-08-20 20:47:00,963 : INFO : EventManager : Event: ======'s_right_pop_bumper_active'====== Args={}
2019-08-20 20:47:00,965 : INFO : EventManager : Event: ======'machine_var_audits_switches_s_right_pop_bumper'====== Args={'value': 15, 'prev_value': 14, 'change': 1}
2019-08-20 20:47:00,967 : INFO : EventManager : Event: ======'machine_var_audits_shots_bumpers'====== Args={'value': 92, 'prev_value': 91, 'change': 1}
2019-08-20 20:47:00,968 : INFO : EventManager : Event: ======'bumpers_hit'====== Args={'profile': 'default', 'state': 'lit', 'advancing': False}
2019-08-20 20:47:00,968 : INFO : EventManager : Event: ======'bumpers_default_hit'====== Args={'profile': 'default', 'state': 'lit', 'advancing': False}
2019-08-20 20:47:00,969 : INFO : EventManager : Event: ======'bumpers_default_lit_hit'====== Args={'profile': 'default', 'state': 'lit', 'advancing': False}
2019-08-20 20:47:00,973 : INFO : EventManager : Event: ======'bumpers_lit_hit'====== Args={'profile': 'default', 'state': 'lit', 'advancing': False}
2019-08-20 20:47:00,973 : INFO : EventManager : Event: ======'player_gold'====== Args={'value': 160, 'prev_value': 130, 'change': 30, 'player_num': 1}
2019-08-20 20:47:00,974 : INFO : EventManager : Event: ======'player_score'====== Args={'value': 120, 'prev_value': 110, 'change': 10, 'player_num': 1}
2019-08-20 20:47:01,044 : INFO : SwitchController : <<<<<<< 's_right_pop_bumper' inactive >>>>>>>
2019-08-20 20:47:03,296 : INFO : SwitchController : <<<<<<< 's_right_pop_bumper' active >>>>>>>
2019-08-20 20:47:03,296 : INFO : EventManager : Event: ======'s_right_pop_bumper_active'====== Args={}
2019-08-20 20:47:03,296 : INFO : EventManager : Event: ======'machine_var_audits_switches_s_right_pop_bumper'====== Args={'value': 16, 'prev_value': 15, 'change': 1}
2019-08-20 20:47:03,297 : INFO : EventManager : Event: ======'machine_var_audits_shots_bumpers'====== Args={'value': 93, 'prev_value': 92, 'change': 1}
2019-08-20 20:47:03,297 : INFO : EventManager : Event: ======'bumpers_hit'====== Args={'profile': 'default', 'state': 'lit', 'advancing': False}
2019-08-20 20:47:03,297 : INFO : EventManager : Event: ======'bumpers_default_hit'====== Args={'profile': 'default', 'state': 'lit', 'advancing': False}
2019-08-20 20:47:03,297 : INFO : EventManager : Event: ======'bumpers_default_lit_hit'====== Args={'profile': 'default', 'state': 'lit', 'advancing': False}
2019-08-20 20:47:03,297 : INFO : EventManager : Event: ======'bumpers_lit_hit'====== Args={'profile': 'default', 'state': 'lit', 'advancing': False}
2019-08-20 20:47:03,298 : INFO : EventManager : Event: ======'player_gold'====== Args={'value': 190, 'prev_value': 160, 'change': 30, 'player_num': 1}
2019-08-20 20:47:03,298 : INFO : EventManager : Event: ======'player_score'====== Args={'value': 130, 'prev_value': 120, 'change': 10, 'player_num': 1}
2019-08-20 20:47:03,396 : INFO : SwitchController : <<<<<<< 's_right_pop_bumper' inactive >>>>>>>
2019-08-20 20:47:05,145 : INFO : SwitchController : <<<<<<< 's_right_pop_bumper' active >>>>>>>
2019-08-20 20:47:05,145 : INFO : EventManager : Event: ======'s_right_pop_bumper_active'====== Args={}
2019-08-20 20:47:05,145 : INFO : EventManager : Event: ======'machine_var_audits_switches_s_right_pop_bumper'====== Args={'value': 17, 'prev_value': 16, 'change': 1}
2019-08-20 20:47:05,146 : INFO : EventManager : Event: ======'machine_var_audits_shots_bumpers'====== Args={'value': 94, 'prev_value': 93, 'change': 1}
2019-08-20 20:47:05,146 : INFO : EventManager : Event: ======'bumpers_hit'====== Args={'profile': 'default', 'state': 'lit', 'advancing': False}
2019-08-20 20:47:05,147 : INFO : EventManager : Event: ======'bumpers_default_hit'====== Args={'profile': 'default', 'state': 'lit', 'advancing': False}
2019-08-20 20:47:05,147 : INFO : EventManager : Event: ======'bumpers_default_lit_hit'====== Args={'profile': 'default', 'state': 'lit', 'advancing': False}
2019-08-20 20:47:05,147 : INFO : EventManager : Event: ======'bumpers_lit_hit'====== Args={'profile': 'default', 'state': 'lit', 'advancing': False}
2019-08-20 20:47:05,147 : INFO : EventManager : Event: ======'player_gold'====== Args={'value': 220, 'prev_value': 190, 'change': 30, 'player_num': 1}
2019-08-20 20:47:05,147 : INFO : EventManager : Event: ======'player_score'====== Args={'value': 140, 'prev_value': 130, 'change': 10, 'player_num': 1}
2019-08-20 20:47:05,229 : INFO : SwitchController : <<<<<<< 's_right_pop_bumper' inactive >>>>>>>
2019-08-20 20:47:07,447 : INFO : SwitchController : <<<<<<< 's_right_pop_bumper' active >>>>>>>
2019-08-20 20:47:07,447 : INFO : EventManager : Event: ======'s_right_pop_bumper_active'====== Args={}
2019-08-20 20:47:07,447 : INFO : EventManager : Event: ======'machine_var_audits_switches_s_right_pop_bumper'====== Args={'value': 18, 'prev_value': 17, 'change': 1}
2019-08-20 20:47:07,448 : INFO : EventManager : Event: ======'machine_var_audits_shots_bumpers'====== Args={'value': 95, 'prev_value': 94, 'change': 1}
2019-08-20 20:47:07,448 : INFO : EventManager : Event: ======'bumpers_hit'====== Args={'profile': 'default', 'state': 'lit', 'advancing': False}
2019-08-20 20:47:07,449 : INFO : EventManager : Event: ======'bumpers_default_hit'====== Args={'profile': 'default', 'state': 'lit', 'advancing': False}
2019-08-20 20:47:07,449 : INFO : EventManager : Event: ======'bumpers_default_lit_hit'====== Args={'profile': 'default', 'state': 'lit', 'advancing': False}
2019-08-20 20:47:07,449 : INFO : EventManager : Event: ======'bumpers_lit_hit'====== Args={'profile': 'default', 'state': 'lit', 'advancing': False}
2019-08-20 20:47:07,455 : INFO : EventManager : Event: ======'player_gold'====== Args={'value': 250, 'prev_value': 220, 'change': 30, 'player_num': 1}
2019-08-20 20:47:07,456 : INFO : EventManager : Event: ======'player_score'====== Args={'value': 150, 'prev_value': 140, 'change': 10, 'player_num': 1}
2019-08-20 20:47:07,508 : INFO : SwitchController : <<<<<<< 's_right_pop_bumper' inactive >>>>>>>
2019-08-20 20:47:17,076 : INFO : Machine : Shutting down...
2019-08-20 20:47:17,076 : INFO : EventManager : Event: ======'shutdown'====== Args={}
2019-08-20 20:47:17,079 : INFO : root : MPF run loop ended.
