2019-08-20 20:43:02,392 : INFO : Machine : Mission Pinball Framework Core Engine v0.53.0-dev.52
2019-08-20 20:43:02,392 : INFO : Machine : Command line arguments: {'no_load_cache': False, 'create_config_cache': True, 'bcp': True, 'configfile': ['config.yaml'], 'mpfconfigfile': 'c:\\program files\\python36\\lib\\site-packages\\mpf\\mpfconfig.yaml', 'force_assets_load': False, 'jsonlogging': False, 'logfile': 'logs\\2019-08-20-20-43-02-mpf-LOLTH.log', 'pause': False, 'production': False, 'text_ui': True, 'loglevel': 15, 'consoleloglevel': 20, 'force_platform': 'smart_virtual', 'syslog_address': None, 'mc_file_name': None, 'no_sound': False}
2019-08-20 20:43:02,392 : INFO : Machine : MPF path: c:\program files\python36\lib\site-packages\mpf
2019-08-20 20:43:02,392 : INFO : Machine : Machine path: C:\Users\jgbcross\Desktop\github\WoW_Classic-Pinball
2019-08-20 20:43:02,392 : INFO : Machine : Platform: win32
2019-08-20 20:43:02,392 : INFO : Machine : Python executable location: c:\program files\python36\python.exe
2019-08-20 20:43:02,392 : INFO : Machine : Python version: 3.6.4 (64-bit)
2019-08-20 20:43:02,392 : INFO : Machine : Machine config file #1: config.yaml
2019-08-20 20:43:02,393 : WARNING : ConfigProcessor : Cache file not found: C:\Users\jgbcross\AppData\Local\Temp\b888024debe8f75c3226150033d0b8f8.mpf_cache
2019-08-20 20:43:02,393 : INFO : ConfigProcessor : Loading config from file c:\program files\python36\lib\site-packages\mpf\mpfconfig.yaml.
2019-08-20 20:43:02,455 : INFO : ConfigProcessor : Loading config: c:\program files\python36\lib\site-packages\mpf\mpfconfig.yaml
2019-08-20 20:43:02,751 : INFO : ConfigValidator : Config spec file cache created: C:\Users\jgbcross\AppData\Local\Temp\config_spec.mpf_cache
2019-08-20 20:43:02,760 : INFO : ConfigProcessor : Loading config from file C:\Users\jgbcross\Desktop\github\WoW_Classic-Pinball\config\config.yaml.
2019-08-20 20:43:02,853 : INFO : ConfigProcessor : Loading config: C:\Users\jgbcross\Desktop\github\WoW_Classic-Pinball\config\config.yaml
2019-08-20 20:43:02,854 : INFO : ConfigProcessor : Config file cache created: C:\Users\jgbcross\AppData\Local\Temp\b888024debe8f75c3226150033d0b8f8.mpf_cache
2019-08-20 20:43:02,856 : INFO : Machine : Initialise MPF.
2019-08-20 20:43:03,028 : INFO : EventManager : Event: ======'machine_var_credits_string'====== Args={'value': 'FREE PLAY', 'prev_value': None, 'change': True}
2019-08-20 20:43:03,055 : INFO : EventManager : Event: ======'machine_var_player1_score'====== Args={'value': 330, 'prev_value': None, 'change': True}
2019-08-20 20:43:03,055 : INFO : EventManager : Event: ======'machine_var_mpf_version'====== Args={'value': 'MPF v0.53.0-dev.52', 'prev_value': None, 'change': True}
2019-08-20 20:43:03,055 : INFO : EventManager : Event: ======'machine_var_mpf_extended_version'====== Args={'value': 'MPF v0.53.0-dev.52, Config version:5, Show version: 5, BCP version:1.1', 'prev_value': None, 'change': True}
2019-08-20 20:43:03,055 : INFO : EventManager : Event: ======'machine_var_python_version'====== Args={'value': '3.6.4', 'prev_value': None, 'change': True}
2019-08-20 20:43:03,055 : INFO : EventManager : Event: ======'machine_var_platform'====== Args={'value': 'Windows-10-10.0.18362-SP0', 'prev_value': None, 'change': True}
2019-08-20 20:43:03,055 : INFO : EventManager : Event: ======'machine_var_platform_system'====== Args={'value': 'Windows', 'prev_value': None, 'change': True}
2019-08-20 20:43:03,055 : INFO : EventManager : Event: ======'machine_var_platform_release'====== Args={'value': '10', 'prev_value': None, 'change': True}
2019-08-20 20:43:03,055 : INFO : EventManager : Event: ======'machine_var_platform_version'====== Args={'value': '10.0.18362', 'prev_value': None, 'change': True}
2019-08-20 20:43:03,056 : INFO : EventManager : Event: ======'machine_var_platform_machine'====== Args={'value': 'AMD64', 'prev_value': None, 'change': True}
2019-08-20 20:43:03,056 : INFO : EventManager : Event: ======'init_phase_1'====== Args={}
2019-08-20 20:43:03,089 : WARNING : ConfigProcessor : Cache file not found: C:\Users\jgbcross\AppData\Local\Temp\c7ba1d60bed6701f21aa70c0b597f7ff.mpf_cache
2019-08-20 20:43:03,089 : INFO : ConfigProcessor : Loading config from file C:\Users\jgbcross\Desktop\github\WoW_Classic-Pinball\modes\quest_targets_watchdog\config\quest_targets_watchdog.yaml.
2019-08-20 20:43:03,097 : INFO : ConfigProcessor : Loading config: C:\Users\jgbcross\Desktop\github\WoW_Classic-Pinball\modes\quest_targets_watchdog\config\quest_targets_watchdog.yaml
2019-08-20 20:43:03,097 : INFO : ConfigProcessor : Config file cache created: C:\Users\jgbcross\AppData\Local\Temp\c7ba1d60bed6701f21aa70c0b597f7ff.mpf_cache
2019-08-20 20:43:03,099 : WARNING : ConfigProcessor : Cache file not found: C:\Users\jgbcross\AppData\Local\Temp\e140c0164a05ad5fcc304ee02ad77dad.mpf_cache
2019-08-20 20:43:03,099 : INFO : ConfigProcessor : Loading config from file C:\Users\jgbcross\Desktop\github\WoW_Classic-Pinball\modes\pvp_lanes_watchdog\config\pvp_lanes_watchdog.yaml.
2019-08-20 20:43:03,104 : INFO : ConfigProcessor : Loading config: C:\Users\jgbcross\Desktop\github\WoW_Classic-Pinball\modes\pvp_lanes_watchdog\config\pvp_lanes_watchdog.yaml
2019-08-20 20:43:03,105 : INFO : ConfigProcessor : Config file cache created: C:\Users\jgbcross\AppData\Local\Temp\e140c0164a05ad5fcc304ee02ad77dad.mpf_cache
2019-08-20 20:43:03,107 : WARNING : ConfigProcessor : Cache file not found: C:\Users\jgbcross\AppData\Local\Temp\3d1b8a74ec65a169731f17cfe06cf938.mpf_cache
2019-08-20 20:43:03,107 : INFO : ConfigProcessor : Loading config from file C:\Users\jgbcross\Desktop\github\WoW_Classic-Pinball\modes\base\config\base.yaml.
2019-08-20 20:43:03,112 : INFO : ConfigProcessor : Loading config: C:\Users\jgbcross\Desktop\github\WoW_Classic-Pinball\modes\base\config\base.yaml
2019-08-20 20:43:03,113 : INFO : ConfigProcessor : Config file cache created: C:\Users\jgbcross\AppData\Local\Temp\3d1b8a74ec65a169731f17cfe06cf938.mpf_cache
2019-08-20 20:43:03,115 : WARNING : ConfigProcessor : Cache file not found: C:\Users\jgbcross\AppData\Local\Temp\54ec261b09bad8c6580a7abaec866ef7.mpf_cache
2019-08-20 20:43:03,115 : INFO : ConfigProcessor : Loading config from file c:\program files\python36\lib\site-packages\mpf\modes\attract\config\attract.yaml.
2019-08-20 20:43:03,116 : INFO : ConfigProcessor : Loading config: c:\program files\python36\lib\site-packages\mpf\modes\attract\config\attract.yaml
2019-08-20 20:43:03,116 : INFO : ConfigProcessor : Loading config from file C:\Users\jgbcross\Desktop\github\WoW_Classic-Pinball\modes\attract\config\attract.yaml.
2019-08-20 20:43:03,118 : INFO : ConfigProcessor : Loading config: C:\Users\jgbcross\Desktop\github\WoW_Classic-Pinball\modes\attract\config\attract.yaml
2019-08-20 20:43:03,118 : INFO : ConfigProcessor : Config file cache created: C:\Users\jgbcross\AppData\Local\Temp\54ec261b09bad8c6580a7abaec866ef7.mpf_cache
2019-08-20 20:43:03,122 : WARNING : ConfigProcessor : Cache file not found: C:\Users\jgbcross\AppData\Local\Temp\f59debb651560443703eed438ef87128.mpf_cache
2019-08-20 20:43:03,122 : INFO : ConfigProcessor : Loading config from file c:\program files\python36\lib\site-packages\mpf\modes\tilt\config\tilt.yaml.
2019-08-20 20:43:03,129 : INFO : ConfigProcessor : Loading config: c:\program files\python36\lib\site-packages\mpf\modes\tilt\config\tilt.yaml
2019-08-20 20:43:03,129 : INFO : ConfigProcessor : Config file cache created: C:\Users\jgbcross\AppData\Local\Temp\f59debb651560443703eed438ef87128.mpf_cache
2019-08-20 20:43:03,133 : WARNING : ConfigProcessor : Cache file not found: C:\Users\jgbcross\AppData\Local\Temp\c309900c81551d04caee6839600d76c5.mpf_cache
2019-08-20 20:43:03,133 : INFO : ConfigProcessor : Loading config from file C:\Users\jgbcross\Desktop\github\WoW_Classic-Pinball\modes\xp_lanes_watchdog\config\xp_lanes_watchdog.yaml.
2019-08-20 20:43:03,136 : INFO : ConfigProcessor : Loading config: C:\Users\jgbcross\Desktop\github\WoW_Classic-Pinball\modes\xp_lanes_watchdog\config\xp_lanes_watchdog.yaml
2019-08-20 20:43:03,137 : INFO : ConfigProcessor : Config file cache created: C:\Users\jgbcross\AppData\Local\Temp\c309900c81551d04caee6839600d76c5.mpf_cache
2019-08-20 20:43:03,139 : WARNING : ConfigProcessor : Cache file not found: C:\Users\jgbcross\AppData\Local\Temp\773e72d6711483bbecf425ac3ab79443.mpf_cache
2019-08-20 20:43:03,139 : INFO : ConfigProcessor : Loading config from file C:\Users\jgbcross\Desktop\github\WoW_Classic-Pinball\modes\super_gold_watchdog\config\super_gold_watchdog.yaml.
2019-08-20 20:43:03,144 : INFO : ConfigProcessor : Loading config: C:\Users\jgbcross\Desktop\github\WoW_Classic-Pinball\modes\super_gold_watchdog\config\super_gold_watchdog.yaml
2019-08-20 20:43:03,145 : INFO : ConfigProcessor : Config file cache created: C:\Users\jgbcross\AppData\Local\Temp\773e72d6711483bbecf425ac3ab79443.mpf_cache
2019-08-20 20:43:03,147 : WARNING : ConfigProcessor : Cache file not found: C:\Users\jgbcross\AppData\Local\Temp\8e1a6a6e716428615d3205ffe45b9b4d.mpf_cache
2019-08-20 20:43:03,147 : INFO : ConfigProcessor : Loading config from file c:\program files\python36\lib\site-packages\mpf\modes\game\config\game.yaml.
2019-08-20 20:43:03,149 : INFO : ConfigProcessor : Loading config: c:\program files\python36\lib\site-packages\mpf\modes\game\config\game.yaml
2019-08-20 20:43:03,149 : INFO : ConfigProcessor : Config file cache created: C:\Users\jgbcross\AppData\Local\Temp\8e1a6a6e716428615d3205ffe45b9b4d.mpf_cache
2019-08-20 20:43:03,153 : WARNING : ConfigProcessor : Cache file not found: C:\Users\jgbcross\AppData\Local\Temp\0d78f0fb76ce90413442c2b7a196c7da.mpf_cache
2019-08-20 20:43:03,153 : INFO : ConfigProcessor : Loading config from file C:\Users\jgbcross\Desktop\github\WoW_Classic-Pinball\modes\super_gold\config\super_gold.yaml.
2019-08-20 20:43:03,156 : INFO : ConfigProcessor : Loading config: C:\Users\jgbcross\Desktop\github\WoW_Classic-Pinball\modes\super_gold\config\super_gold.yaml
2019-08-20 20:43:03,156 : INFO : ConfigProcessor : Config file cache created: C:\Users\jgbcross\AppData\Local\Temp\0d78f0fb76ce90413442c2b7a196c7da.mpf_cache
2019-08-20 20:43:03,195 : INFO : EventManager : Event: ======'init_phase_2'====== Args={}
2019-08-20 20:43:03,195 : INFO : SwitchController : Found active switch: ('8-32', <Platform.SmartVirtual>)
2019-08-20 20:43:03,195 : INFO : SwitchController : Found active switch: ('8-33', <Platform.SmartVirtual>)
2019-08-20 20:43:03,195 : INFO : SwitchController : Found active switch: ('8-34', <Platform.SmartVirtual>)
2019-08-20 20:43:03,195 : INFO : SwitchController : Found active switch: ('8-35', <Platform.SmartVirtual>)
2019-08-20 20:43:03,195 : INFO : SwitchController : Found active switch: ('8-36', <Platform.SmartVirtual>)
2019-08-20 20:43:03,195 : INFO : SwitchController : Found active switch: ('8-37', <Platform.SmartVirtual>)
2019-08-20 20:43:03,204 : INFO : EventManager : Event: ======'bcp_connection_attempt'====== Args={'name': 'local_display', 'host': 'localhost', 'port': 5050}
2019-08-20 20:43:03,205 : INFO : BCPClientSocket : Connecting BCP to 'local_display' at localhost:5050...
2019-08-20 20:43:06,220 : INFO : BCPClientSocket : Connected BCP to 'local_display' localhost:5050
2019-08-20 20:43:06,220 : INFO : EventManager : Event: ======'bcp_clients_connected'====== Args={}
2019-08-20 20:43:06,266 : INFO : EventManager : Event: ======'init_phase_3'====== Args={}
2019-08-20 20:43:06,267 : INFO : AssetManager : Registering Asset: attract_display_loop, File: attract_display_loop.yaml, Default Group: default, Final Config: {'load': 'preload', 'file': 'C:\\Users\\jgbcross\\Desktop\\github\\WoW_Classic-Pinball\\modes\\attract\\shows\\attract_display_loop.yaml'}
2019-08-20 20:43:06,267 : INFO : AssetManager : Registering Asset: attract_light_show, File: attract_light_show.yaml, Default Group: default, Final Config: {'load': 'preload', 'file': 'C:\\Users\\jgbcross\\Desktop\\github\\WoW_Classic-Pinball\\modes\\attract\\shows\\attract_light_show.yaml'}
2019-08-20 20:43:06,268 : INFO : AssetManager : Registering Asset: super_gold_acheived, File: super_gold_acheived.yaml, Default Group: default, Final Config: {'load': 'preload', 'file': 'C:\\Users\\jgbcross\\Desktop\\github\\WoW_Classic-Pinball\\modes\\super_gold\\shows\\super_gold_acheived.yaml'}
2019-08-20 20:43:06,268 : INFO : AssetManager : Registering Asset: super_gold_started, File: super_gold_started.yaml, Default Group: default, Final Config: {'load': 'preload', 'file': 'C:\\Users\\jgbcross\\Desktop\\github\\WoW_Classic-Pinball\\modes\\super_gold\\shows\\super_gold_started.yaml'}
2019-08-20 20:43:06,272 : INFO : EventManager : Event: ======'machine_var_master_volume'====== Args={'value': 0.5, 'prev_value': None, 'change': True}
2019-08-20 20:43:06,272 : WARNING : ConfigProcessor : Cache file not found: C:\Users\jgbcross\AppData\Local\Temp\49149998d6049df690f544dddbe8abef.mpf_cache
2019-08-20 20:43:06,272 : INFO : ConfigProcessor : Loading config from file C:\Users\jgbcross\Desktop\github\WoW_Classic-Pinball\modes\attract\shows\attract_display_loop.yaml.
2019-08-20 20:43:06,280 : INFO : ConfigProcessor : Loading config: C:\Users\jgbcross\Desktop\github\WoW_Classic-Pinball\modes\attract\shows\attract_display_loop.yaml
2019-08-20 20:43:06,280 : INFO : ConfigProcessor : Config file cache created: C:\Users\jgbcross\AppData\Local\Temp\49149998d6049df690f544dddbe8abef.mpf_cache
2019-08-20 20:43:06,286 : INFO : EventManager : Event: ======'loading_assets'====== Args={'total': 4, 'loaded': 1, 'remaining': 3, 'percent': 25}
2019-08-20 20:43:06,286 : INFO : AssetManager : Loading assets: 1/4 (25%)
2019-08-20 20:43:06,286 : WARNING : ConfigProcessor : Cache file not found: C:\Users\jgbcross\AppData\Local\Temp\6b2572f3de420627f613d21597967d85.mpf_cache
2019-08-20 20:43:06,286 : INFO : ConfigProcessor : Loading config from file C:\Users\jgbcross\Desktop\github\WoW_Classic-Pinball\modes\attract\shows\attract_light_show.yaml.
2019-08-20 20:43:06,289 : INFO : ConfigProcessor : Loading config: C:\Users\jgbcross\Desktop\github\WoW_Classic-Pinball\modes\attract\shows\attract_light_show.yaml
2019-08-20 20:43:06,290 : INFO : ConfigProcessor : Config file cache created: C:\Users\jgbcross\AppData\Local\Temp\6b2572f3de420627f613d21597967d85.mpf_cache
2019-08-20 20:43:06,291 : WARNING : ConfigProcessor : Cache file not found: C:\Users\jgbcross\AppData\Local\Temp\7ea283a0c9db94b9910e856d2b83198c.mpf_cache
2019-08-20 20:43:06,291 : INFO : ConfigProcessor : Loading config from file C:\Users\jgbcross\Desktop\github\WoW_Classic-Pinball\modes\super_gold\shows\super_gold_acheived.yaml.
2019-08-20 20:43:06,292 : INFO : ConfigProcessor : Loading config: C:\Users\jgbcross\Desktop\github\WoW_Classic-Pinball\modes\super_gold\shows\super_gold_acheived.yaml
2019-08-20 20:43:06,292 : INFO : ConfigProcessor : Config file cache created: C:\Users\jgbcross\AppData\Local\Temp\7ea283a0c9db94b9910e856d2b83198c.mpf_cache
2019-08-20 20:43:06,293 : WARNING : ConfigProcessor : Cache file not found: C:\Users\jgbcross\AppData\Local\Temp\52d6b6454cac10b256882698b3caa8c9.mpf_cache
2019-08-20 20:43:06,293 : INFO : ConfigProcessor : Loading config from file C:\Users\jgbcross\Desktop\github\WoW_Classic-Pinball\modes\super_gold\shows\super_gold_started.yaml.
2019-08-20 20:43:06,295 : INFO : ConfigProcessor : Loading config: C:\Users\jgbcross\Desktop\github\WoW_Classic-Pinball\modes\super_gold\shows\super_gold_started.yaml
2019-08-20 20:43:06,296 : INFO : ConfigProcessor : Config file cache created: C:\Users\jgbcross\AppData\Local\Temp\52d6b6454cac10b256882698b3caa8c9.mpf_cache
2019-08-20 20:43:06,297 : INFO : EventManager : Event: ======'loading_assets'====== Args={'total': 4, 'loaded': 4, 'remaining': 0, 'percent': 100}
2019-08-20 20:43:06,297 : INFO : EventManager : Event: ======'asset_loading_complete'====== Args={}
2019-08-20 20:43:06,297 : INFO : AssetManager : Loading assets: 4/4 (100%)
2019-08-20 20:43:06,297 : INFO : EventManager : Event: ======'init_phase_4'====== Args={}
2019-08-20 20:43:06,310 : INFO : EventManager : Event: ======'machine_var_audits_events_game_ended'====== Args={'value': 1, 'prev_value': None, 'change': True}
2019-08-20 20:43:06,310 : INFO : EventManager : Event: ======'machine_var_audits_events_game_started'====== Args={'value': 8, 'prev_value': None, 'change': True}
2019-08-20 20:43:06,311 : INFO : EventManager : Event: ======'machine_var_audits_player_score'====== Args={'value': {'average': 330.0, 'top': [330], 'total': 1}, 'prev_value': None, 'change': True}
2019-08-20 20:43:06,311 : INFO : EventManager : Event: ======'machine_var_audits_shots_bumpers'====== Args={'value': 61, 'prev_value': None, 'change': True}
2019-08-20 20:43:06,311 : INFO : EventManager : Event: ======'machine_var_audits_shots_shot_left_return_lane_left'====== Args={'value': 1, 'prev_value': None, 'change': True}
2019-08-20 20:43:06,311 : INFO : EventManager : Event: ======'machine_var_audits_shots_shot_left_return_lane_right'====== Args={'value': 2, 'prev_value': None, 'change': True}
2019-08-20 20:43:06,311 : INFO : EventManager : Event: ======'machine_var_audits_shots_shot_quest_target_1'====== Args={'value': 5, 'prev_value': None, 'change': True}
2019-08-20 20:43:06,312 : INFO : EventManager : Event: ======'machine_var_audits_shots_shot_quest_target_2'====== Args={'value': 3, 'prev_value': None, 'change': True}
2019-08-20 20:43:06,312 : INFO : EventManager : Event: ======'machine_var_audits_shots_shot_quest_target_3'====== Args={'value': 3, 'prev_value': None, 'change': True}
2019-08-20 20:43:06,312 : INFO : EventManager : Event: ======'machine_var_audits_shots_shot_quest_target_4'====== Args={'value': 3, 'prev_value': None, 'change': True}
2019-08-20 20:43:06,312 : INFO : EventManager : Event: ======'machine_var_audits_shots_shot_quest_target_5'====== Args={'value': 3, 'prev_value': None, 'change': True}
2019-08-20 20:43:06,312 : INFO : EventManager : Event: ======'machine_var_audits_shots_shot_top_lane_left'====== Args={'value': 4, 'prev_value': None, 'change': True}
2019-08-20 20:43:06,312 : INFO : EventManager : Event: ======'machine_var_audits_shots_shot_top_lane_right'====== Args={'value': 7, 'prev_value': None, 'change': True}
2019-08-20 20:43:06,312 : INFO : EventManager : Event: ======'machine_var_audits_switches_s_ah_standup_target'====== Args={'value': 0, 'prev_value': None, 'change': True}
2019-08-20 20:43:06,313 : INFO : EventManager : Event: ======'machine_var_audits_switches_s_arena_motor_away'====== Args={'value': 0, 'prev_value': None, 'change': True}
2019-08-20 20:43:06,313 : INFO : EventManager : Event: ======'machine_var_audits_switches_s_arena_motor_home'====== Args={'value': 0, 'prev_value': None, 'change': True}
2019-08-20 20:43:06,313 : INFO : EventManager : Event: ======'machine_var_audits_switches_s_arena_opto'====== Args={'value': 0, 'prev_value': None, 'change': True}
2019-08-20 20:43:06,313 : INFO : EventManager : Event: ======'machine_var_audits_switches_s_arena_trough_1'====== Args={'value': 0, 'prev_value': None, 'change': True}
2019-08-20 20:43:06,313 : INFO : EventManager : Event: ======'machine_var_audits_switches_s_arena_trough_2'====== Args={'value': 0, 'prev_value': None, 'change': True}
2019-08-20 20:43:06,313 : INFO : EventManager : Event: ======'machine_var_audits_switches_s_arena_trough_3'====== Args={'value': 0, 'prev_value': None, 'change': True}
2019-08-20 20:43:06,314 : INFO : EventManager : Event: ======'machine_var_audits_switches_s_arena_trough_4'====== Args={'value': 0, 'prev_value': None, 'change': True}
2019-08-20 20:43:06,314 : INFO : EventManager : Event: ======'machine_var_audits_switches_s_bottom_pop_bumper'====== Args={'value': 59, 'prev_value': None, 'change': True}
2019-08-20 20:43:06,314 : INFO : EventManager : Event: ======'machine_var_audits_switches_s_center_coin'====== Args={'value': 0, 'prev_value': None, 'change': True}
2019-08-20 20:43:06,314 : INFO : EventManager : Event: ======'machine_var_audits_switches_s_center_drop_target'====== Args={'value': 0, 'prev_value': None, 'change': True}
2019-08-20 20:43:06,314 : INFO : EventManager : Event: ======'machine_var_audits_switches_s_kickback_opto'====== Args={'value': 0, 'prev_value': None, 'change': True}
2019-08-20 20:43:06,314 : INFO : EventManager : Event: ======'machine_var_audits_switches_s_left_coin'====== Args={'value': 0, 'prev_value': None, 'change': True}
2019-08-20 20:43:06,315 : INFO : EventManager : Event: ======'machine_var_audits_switches_s_left_flipper_button'====== Args={'value': 8, 'prev_value': None, 'change': True}
2019-08-20 20:43:06,315 : INFO : EventManager : Event: ======'machine_var_audits_switches_s_left_flipper_eos'====== Args={'value': 0, 'prev_value': None, 'change': True}
2019-08-20 20:43:06,315 : INFO : EventManager : Event: ======'machine_var_audits_switches_s_left_lane'====== Args={'value': 0, 'prev_value': None, 'change': True}
2019-08-20 20:43:06,315 : INFO : EventManager : Event: ======'machine_var_audits_switches_s_left_lane_target'====== Args={'value': 0, 'prev_value': None, 'change': True}
2019-08-20 20:43:06,315 : INFO : EventManager : Event: ======'machine_var_audits_switches_s_left_orbit'====== Args={'value': 0, 'prev_value': None, 'change': True}
2019-08-20 20:43:06,315 : INFO : EventManager : Event: ======'machine_var_audits_switches_s_left_outlane'====== Args={'value': 0, 'prev_value': None, 'change': True}
2019-08-20 20:43:06,316 : INFO : EventManager : Event: ======'machine_var_audits_switches_s_left_pop_bumper'====== Args={'value': 2, 'prev_value': None, 'change': True}
2019-08-20 20:43:06,316 : INFO : EventManager : Event: ======'machine_var_audits_switches_s_left_ramp_exit'====== Args={'value': 0, 'prev_value': None, 'change': True}
2019-08-20 20:43:06,316 : INFO : EventManager : Event: ======'machine_var_audits_switches_s_left_return_lane_left'====== Args={'value': 1, 'prev_value': None, 'change': True}
2019-08-20 20:43:06,316 : INFO : EventManager : Event: ======'machine_var_audits_switches_s_left_return_lane_right'====== Args={'value': 2, 'prev_value': None, 'change': True}
2019-08-20 20:43:06,316 : INFO : EventManager : Event: ======'machine_var_audits_switches_s_left_slingshot'====== Args={'value': 0, 'prev_value': None, 'change': True}
2019-08-20 20:43:06,317 : INFO : EventManager : Event: ======'machine_var_audits_switches_s_lockdown_button'====== Args={'value': 5, 'prev_value': None, 'change': True}
2019-08-20 20:43:06,317 : INFO : EventManager : Event: ======'machine_var_audits_switches_s_loot_target_bottom'====== Args={'value': 0, 'prev_value': None, 'change': True}
2019-08-20 20:43:06,317 : INFO : EventManager : Event: ======'machine_var_audits_switches_s_loot_target_top'====== Args={'value': 0, 'prev_value': None, 'change': True}
2019-08-20 20:43:06,317 : INFO : EventManager : Event: ======'machine_var_audits_switches_s_quest_target_1'====== Args={'value': 5, 'prev_value': None, 'change': True}
2019-08-20 20:43:06,317 : INFO : EventManager : Event: ======'machine_var_audits_switches_s_quest_target_2'====== Args={'value': 3, 'prev_value': None, 'change': True}
2019-08-20 20:43:06,318 : INFO : EventManager : Event: ======'machine_var_audits_switches_s_quest_target_3'====== Args={'value': 3, 'prev_value': None, 'change': True}
2019-08-20 20:43:06,318 : INFO : EventManager : Event: ======'machine_var_audits_switches_s_quest_target_4'====== Args={'value': 3, 'prev_value': None, 'change': True}
2019-08-20 20:43:06,318 : INFO : EventManager : Event: ======'machine_var_audits_switches_s_quest_target_5'====== Args={'value': 3, 'prev_value': None, 'change': True}
2019-08-20 20:43:06,318 : INFO : EventManager : Event: ======'machine_var_audits_switches_s_right_coin'====== Args={'value': 0, 'prev_value': None, 'change': True}
2019-08-20 20:43:06,318 : INFO : EventManager : Event: ======'machine_var_audits_switches_s_right_flipper_button'====== Args={'value': 6, 'prev_value': None, 'change': True}
2019-08-20 20:43:06,319 : INFO : EventManager : Event: ======'machine_var_audits_switches_s_right_flipper_eos'====== Args={'value': 0, 'prev_value': None, 'change': True}
2019-08-20 20:43:06,319 : INFO : EventManager : Event: ======'machine_var_audits_switches_s_right_orbit'====== Args={'value': 0, 'prev_value': None, 'change': True}
2019-08-20 20:43:06,319 : INFO : EventManager : Event: ======'machine_var_audits_switches_s_right_outlane'====== Args={'value': 0, 'prev_value': None, 'change': True}
2019-08-20 20:43:06,319 : INFO : EventManager : Event: ======'machine_var_audits_switches_s_right_pop_bumper'====== Args={'value': 0, 'prev_value': None, 'change': True}
2019-08-20 20:43:06,319 : INFO : EventManager : Event: ======'machine_var_audits_switches_s_right_ramp_exit'====== Args={'value': 0, 'prev_value': None, 'change': True}
2019-08-20 20:43:06,320 : INFO : EventManager : Event: ======'machine_var_audits_switches_s_right_return_lane'====== Args={'value': 0, 'prev_value': None, 'change': True}
2019-08-20 20:43:06,320 : INFO : EventManager : Event: ======'machine_var_audits_switches_s_right_scoop'====== Args={'value': 0, 'prev_value': None, 'change': True}
2019-08-20 20:43:06,320 : INFO : EventManager : Event: ======'machine_var_audits_switches_s_right_slingshot'====== Args={'value': 0, 'prev_value': None, 'change': True}
2019-08-20 20:43:06,320 : INFO : EventManager : Event: ======'machine_var_audits_switches_s_service_back'====== Args={'value': 0, 'prev_value': None, 'change': True}
2019-08-20 20:43:06,321 : INFO : EventManager : Event: ======'machine_var_audits_switches_s_service_minus'====== Args={'value': 0, 'prev_value': None, 'change': True}
2019-08-20 20:43:06,321 : INFO : EventManager : Event: ======'machine_var_audits_switches_s_service_plus'====== Args={'value': 0, 'prev_value': None, 'change': True}
2019-08-20 20:43:06,321 : INFO : EventManager : Event: ======'machine_var_audits_switches_s_service_select'====== Args={'value': 0, 'prev_value': None, 'change': True}
2019-08-20 20:43:06,321 : INFO : EventManager : Event: ======'machine_var_audits_switches_s_shooter_lane'====== Args={'value': 10, 'prev_value': None, 'change': True}
2019-08-20 20:43:06,322 : INFO : EventManager : Event: ======'machine_var_audits_switches_s_slam_tilt'====== Args={'value': 0, 'prev_value': None, 'change': True}
2019-08-20 20:43:06,322 : INFO : EventManager : Event: ======'machine_var_audits_switches_s_soulstone_target_left'====== Args={'value': 0, 'prev_value': None, 'change': True}
2019-08-20 20:43:06,322 : INFO : EventManager : Event: ======'machine_var_audits_switches_s_soulstone_target_right'====== Args={'value': 0, 'prev_value': None, 'change': True}
2019-08-20 20:43:06,322 : INFO : EventManager : Event: ======'machine_var_audits_switches_s_start_button'====== Args={'value': 0, 'prev_value': None, 'change': True}
2019-08-20 20:43:06,323 : INFO : EventManager : Event: ======'machine_var_audits_switches_s_tilt_pendulum'====== Args={'value': 0, 'prev_value': None, 'change': True}
2019-08-20 20:43:06,323 : INFO : EventManager : Event: ======'machine_var_audits_switches_s_top_lane_left'====== Args={'value': 4, 'prev_value': None, 'change': True}
2019-08-20 20:43:06,323 : INFO : EventManager : Event: ======'machine_var_audits_switches_s_top_lane_right'====== Args={'value': 7, 'prev_value': None, 'change': True}
2019-08-20 20:43:06,323 : INFO : EventManager : Event: ======'machine_var_audits_switches_s_tournament_start_button'====== Args={'value': 0, 'prev_value': None, 'change': True}
2019-08-20 20:43:06,324 : INFO : EventManager : Event: ======'machine_var_audits_switches_s_trough_1'====== Args={'value': 4, 'prev_value': None, 'change': True}
2019-08-20 20:43:06,324 : INFO : EventManager : Event: ======'machine_var_audits_switches_s_trough_2'====== Args={'value': 0, 'prev_value': None, 'change': True}
2019-08-20 20:43:06,324 : INFO : EventManager : Event: ======'machine_var_audits_switches_s_trough_3'====== Args={'value': 0, 'prev_value': None, 'change': True}
2019-08-20 20:43:06,325 : INFO : EventManager : Event: ======'machine_var_audits_switches_s_trough_4'====== Args={'value': 0, 'prev_value': None, 'change': True}
2019-08-20 20:43:06,325 : INFO : EventManager : Event: ======'machine_var_audits_switches_s_trough_5'====== Args={'value': 0, 'prev_value': None, 'change': True}
2019-08-20 20:43:06,325 : INFO : EventManager : Event: ======'machine_var_audits_switches_s_trough_6'====== Args={'value': 0, 'prev_value': None, 'change': True}
2019-08-20 20:43:06,326 : INFO : EventManager : Event: ======'machine_var_audits_switches_s_trough_jam'====== Args={'value': 0, 'prev_value': None, 'change': True}
2019-08-20 20:43:06,326 : INFO : EventManager : Event: ======'init_phase_5'====== Args={}
2019-08-20 20:43:06,338 : INFO : EventManager : Event: ======'init_done'====== Args={}
2019-08-20 20:43:06,338 : INFO : EventManager : Event: ======'machine_reset_phase_1'====== Args={}
2019-08-20 20:43:06,347 : INFO : EventManager : Event: ======'machine_reset_phase_2'====== Args={}
2019-08-20 20:43:06,347 : INFO : EventManager : Event: ======'machine_reset_phase_3'====== Args={}
2019-08-20 20:43:06,347 : INFO : EventManager : Event: ======'mode_tilt_will_start'====== Args={'queue': <QueuedEvent>}
2019-08-20 20:43:06,348 : INFO : EventManager : Event: ======'mode_tilt_starting'====== Args={'queue': <QueuedEvent>}
2019-08-20 20:43:06,348 : INFO : Mode.tilt : Started. Priority: 1000000
2019-08-20 20:43:06,348 : INFO : EventManager : Event: ======'mode_tilt_started'====== Args={'queue': <QueuedEvent>}
2019-08-20 20:43:06,348 : INFO : EventManager : Event: ======'reset_complete'====== Args={}
2019-08-20 20:43:06,348 : INFO : EventManager : Event: ======'mode_attract_will_start'====== Args={}
2019-08-20 20:43:06,349 : INFO : EventManager : Event: ======'mode_attract_starting'====== Args={}
2019-08-20 20:43:06,349 : INFO : Mode.attract : Started. Priority: 10
2019-08-20 20:43:06,349 : INFO : EventManager : Event: ======'mode_attract_started'====== Args={}
2019-08-20 20:43:06,349 : INFO : EventManager : Event: ======'collecting_balls_complete'====== Args={}
2019-08-20 20:43:06,363 : INFO : Machine : Starting the main run loop.
2019-08-20 20:43:06,375 : INFO : EventManager : Event: ======'slide_press_start_created'====== Args={'_from_bcp': True}
2019-08-20 20:43:06,381 : INFO : EventManager : Event: ======'slide_press_start_active'====== Args={'_from_bcp': True}
2019-08-20 20:43:09,374 : INFO : EventManager : Event: ======'slide_last_game_score_slide_created'====== Args={'_from_bcp': True}
2019-08-20 20:43:09,377 : INFO : EventManager : Event: ======'slide_last_game_score_slide_active'====== Args={'_from_bcp': True}
2019-08-20 20:43:13,663 : INFO : EventManager : Event: ======'slide_press_start_removed'====== Args={'_from_bcp': True}
2019-08-20 20:43:13,665 : INFO : EventManager : Event: ======'slide_press_start_created'====== Args={'_from_bcp': True}
2019-08-20 20:43:13,668 : INFO : EventManager : Event: ======'slide_press_start_active'====== Args={'_from_bcp': True}
2019-08-20 20:43:14,837 : INFO : SwitchController : <<<<<<< 's_start_button' active >>>>>>>
2019-08-20 20:43:15,374 : INFO : EventManager : Event: ======'slide_last_game_score_slide_removed'====== Args={'_from_bcp': True}
2019-08-20 20:43:15,377 : INFO : EventManager : Event: ======'slide_last_game_score_slide_created'====== Args={'_from_bcp': True}
2019-08-20 20:43:15,381 : INFO : EventManager : Event: ======'slide_last_game_score_slide_active'====== Args={'_from_bcp': True}
2019-08-20 20:43:15,421 : INFO : SwitchController : <<<<<<< 's_start_button' inactive >>>>>>>
2019-08-20 20:43:15,422 : INFO : EventManager : Event: ======'request_to_start_game'====== Args={}
2019-08-20 20:43:15,423 : INFO : EventManager : Event: ======'game_start'====== Args={'buttons': [], 'hold_time': 0.5939999999973224}
2019-08-20 20:43:15,423 : INFO : EventManager : Event: ======'mode_game_will_start'====== Args={'buttons': [], 'hold_time': 0.5939999999973224}
2019-08-20 20:43:15,425 : INFO : EventManager : Event: ======'mode_game_starting'====== Args={'buttons': [], 'hold_time': 0.5939999999973224}
2019-08-20 20:43:15,425 : INFO : EventManager : Event: ======'mode_attract_will_stop'====== Args={}
2019-08-20 20:43:15,425 : INFO : EventManager : Event: ======'mode_attract_stopping'====== Args={}
2019-08-20 20:43:15,425 : INFO : Mode.attract : Stopped.
2019-08-20 20:43:15,427 : INFO : EventManager : Event: ======'mode_attract_stopped'====== Args={}
2019-08-20 20:43:15,427 : INFO : EventManager : Event: ======'clear'====== Args={'key': 'attract'}
2019-08-20 20:43:15,428 : INFO : Mode.game : Started. Priority: 20
2019-08-20 20:43:15,428 : INFO : EventManager : Event: ======'mode_game_started'====== Args={'buttons': [], 'hold_time': 0.5939999999973224}
2019-08-20 20:43:15,444 : INFO : EventManager : Event: ======'game_will_start'====== Args={}
2019-08-20 20:43:15,444 : INFO : EventManager : Event: ======'slide_press_start_removed'====== Args={'_from_bcp': True}
2019-08-20 20:43:15,444 : INFO : EventManager : Event: ======'slide_last_game_score_slide_removed'====== Args={'_from_bcp': True}
2019-08-20 20:43:15,445 : INFO : EventManager : Event: ======'slide_window_blank_active'====== Args={'_from_bcp': True}
2019-08-20 20:43:15,445 : INFO : EventManager : Event: ======'game_starting'====== Args={'game': <Mode.game>}
2019-08-20 20:43:15,445 : INFO : EventManager : Event: ======'player_add_request'====== Args={}
2019-08-20 20:43:15,445 : INFO : EventManager : Event: ======'player_will_add'====== Args={'number': 1}
2019-08-20 20:43:15,445 : INFO : EventManager : Event: ======'player_adding'====== Args={'player': <Player 1>, 'number': 1}
2019-08-20 20:43:15,445 : INFO : EventManager : Event: ======'player_added'====== Args={'player': <Player 1>, 'num': 1}
2019-08-20 20:43:15,445 : INFO : Mode.game : Player added successfully. Total players: 1
2019-08-20 20:43:15,445 : INFO : EventManager : Event: ======'player_index'====== Args={'value': 0, 'prev_value': 0, 'change': 0, 'player_num': 1}
2019-08-20 20:43:15,445 : INFO : EventManager : Event: ======'player_number'====== Args={'value': 1, 'prev_value': 1, 'change': 0, 'player_num': 1}
2019-08-20 20:43:15,446 : INFO : EventManager : Event: ======'player_gold'====== Args={'value': 0, 'prev_value': 0, 'change': 0, 'player_num': 1}
2019-08-20 20:43:15,446 : INFO : EventManager : Event: ======'player_super_gold_acheived'====== Args={'value': 0, 'prev_value': 0, 'change': 0, 'player_num': 1}
2019-08-20 20:43:15,446 : INFO : EventManager : Event: ======'player_reputation'====== Args={'value': 0, 'prev_value': 0, 'change': 0, 'player_num': 1}
2019-08-20 20:43:15,446 : INFO : EventManager : Event: ======'player_rep_multiplier'====== Args={'value': 1.0, 'prev_value': 1.0, 'change': 0, 'player_num': 1}
2019-08-20 20:43:15,446 : INFO : EventManager : Event: ======'player_pvp_lanes_completed'====== Args={'value': 0, 'prev_value': 0, 'change': 0, 'player_num': 1}
2019-08-20 20:43:15,446 : INFO : EventManager : Event: ======'player_xp_lanes_completed'====== Args={'value': 0, 'prev_value': 0, 'change': 0, 'player_num': 1}
2019-08-20 20:43:15,446 : INFO : EventManager : Event: ======'player_quest_targets_completed'====== Args={'value': 0, 'prev_value': 0, 'change': 0, 'player_num': 1}
2019-08-20 20:43:15,446 : INFO : EventManager : Event: ======'player_score'====== Args={'value': 0, 'prev_value': 0, 'change': 0, 'player_num': 1}
2019-08-20 20:43:15,447 : INFO : EventManager : Event: ======'game_started'====== Args={}
2019-08-20 20:43:15,458 : INFO : EventManager : Event: ======'player_turn_will_start'====== Args={'player': <Player 1>, 'number': 1}
2019-08-20 20:43:15,458 : INFO : EventManager : Event: ======'player_turn_starting'====== Args={'player': <Player 1>, 'number': 1}
2019-08-20 20:43:15,458 : INFO : EventManager : Event: ======'player_ball'====== Args={'value': 1, 'prev_value': 0, 'change': 1, 'player_num': 1}
2019-08-20 20:43:15,458 : INFO : EventManager : Event: ======'player_turn_started'====== Args={'player': <Player 1>, 'number': 1}
2019-08-20 20:43:15,464 : INFO : EventManager : Event: ======'ball_will_start'====== Args={'player': 1, 'ball': 1, 'balls_remaining': 2, 'is_extra_ball': False}
2019-08-20 20:43:15,470 : INFO : EventManager : Event: ======'ball_starting'====== Args={'player': 1, 'ball': 1, 'balls_remaining': 2, 'is_extra_ball': False}
2019-08-20 20:43:15,470 : INFO : EventManager : Event: ======'mode_quest_targets_watchdog_will_start'====== Args={'queue': <QueuedEvent>, 'player': 1, 'ball': 1, 'balls_remaining': 2, 'is_extra_ball': False}
2019-08-20 20:43:15,470 : INFO : EventManager : Event: ======'player_shot_shot_quest_target_1_enabled'====== Args={'value': True, 'prev_value': 0, 'change': 1, 'player_num': 1}
2019-08-20 20:43:15,471 : INFO : EventManager : Event: ======'player_shot_shot_quest_target_2_enabled'====== Args={'value': True, 'prev_value': 0, 'change': 1, 'player_num': 1}
2019-08-20 20:43:15,472 : INFO : EventManager : Event: ======'player_shot_shot_quest_target_3_enabled'====== Args={'value': True, 'prev_value': 0, 'change': 1, 'player_num': 1}
2019-08-20 20:43:15,472 : INFO : EventManager : Event: ======'player_shot_shot_quest_target_4_enabled'====== Args={'value': True, 'prev_value': 0, 'change': 1, 'player_num': 1}
2019-08-20 20:43:15,472 : INFO : EventManager : Event: ======'player_shot_shot_quest_target_5_enabled'====== Args={'value': True, 'prev_value': 0, 'change': 1, 'player_num': 1}
2019-08-20 20:43:15,473 : INFO : EventManager : Event: ======'sg_quest_targets_complete'====== Args={'state': 'unlit'}
2019-08-20 20:43:15,473 : INFO : EventManager : Event: ======'sg_quest_targets_unlit_complete'====== Args={}
2019-08-20 20:43:15,473 : INFO : EventManager : Event: ======'mode_quest_targets_watchdog_starting'====== Args={'queue': <QueuedEvent>, 'player': 1, 'ball': 1, 'balls_remaining': 2, 'is_extra_ball': False}
2019-08-20 20:43:15,473 : INFO : EventManager : Event: ======'mode_pvp_lanes_watchdog_will_start'====== Args={'queue': <QueuedEvent>, 'player': 1, 'ball': 1, 'balls_remaining': 2, 'is_extra_ball': False}
2019-08-20 20:43:15,474 : INFO : EventManager : Event: ======'player_shot_shot_left_return_lane_left_enabled'====== Args={'value': True, 'prev_value': 0, 'change': 1, 'player_num': 1}
2019-08-20 20:43:15,474 : INFO : EventManager : Event: ======'player_shot_shot_left_return_lane_right_enabled'====== Args={'value': True, 'prev_value': 0, 'change': 1, 'player_num': 1}
2019-08-20 20:43:15,474 : INFO : EventManager : Event: ======'player_shot_shot_right_return_lane_enabled'====== Args={'value': True, 'prev_value': 0, 'change': 1, 'player_num': 1}
2019-08-20 20:43:15,475 : INFO : EventManager : Event: ======'sg_pvp_lanes_complete'====== Args={'state': 'unlit'}
2019-08-20 20:43:15,475 : INFO : EventManager : Event: ======'sg_pvp_lanes_unlit_complete'====== Args={}
2019-08-20 20:43:15,475 : INFO : EventManager : Event: ======'mode_pvp_lanes_watchdog_starting'====== Args={'queue': <QueuedEvent>, 'player': 1, 'ball': 1, 'balls_remaining': 2, 'is_extra_ball': False}
2019-08-20 20:43:15,475 : INFO : EventManager : Event: ======'mode_xp_lanes_watchdog_will_start'====== Args={'queue': <QueuedEvent>, 'player': 1, 'ball': 1, 'balls_remaining': 2, 'is_extra_ball': False}
2019-08-20 20:43:15,475 : INFO : EventManager : Event: ======'player_shot_shot_top_lane_left_enabled'====== Args={'value': True, 'prev_value': 0, 'change': 1, 'player_num': 1}
2019-08-20 20:43:15,476 : INFO : EventManager : Event: ======'player_shot_shot_top_lane_right_enabled'====== Args={'value': True, 'prev_value': 0, 'change': 1, 'player_num': 1}
2019-08-20 20:43:15,476 : INFO : EventManager : Event: ======'sg_xp_lanes_complete'====== Args={'state': 'unlit'}
2019-08-20 20:43:15,476 : INFO : EventManager : Event: ======'sg_xp_lanes_unlit_complete'====== Args={}
2019-08-20 20:43:15,477 : INFO : EventManager : Event: ======'mode_xp_lanes_watchdog_starting'====== Args={'queue': <QueuedEvent>, 'player': 1, 'ball': 1, 'balls_remaining': 2, 'is_extra_ball': False}
2019-08-20 20:43:15,477 : INFO : EventManager : Event: ======'mode_super_gold_watchdog_will_start'====== Args={'queue': <QueuedEvent>, 'player': 1, 'ball': 1, 'balls_remaining': 2, 'is_extra_ball': False}
2019-08-20 20:43:15,477 : INFO : EventManager : Event: ======'player_shot_bumpers_enabled'====== Args={'value': True, 'prev_value': 0, 'change': 1, 'player_num': 1}
2019-08-20 20:43:15,478 : INFO : EventManager : Event: ======'mode_super_gold_watchdog_starting'====== Args={'queue': <QueuedEvent>, 'player': 1, 'ball': 1, 'balls_remaining': 2, 'is_extra_ball': False}
2019-08-20 20:43:15,478 : INFO : EventManager : Event: ======'mode_base_will_start'====== Args={'queue': <QueuedEvent>, 'player': 1, 'ball': 1, 'balls_remaining': 2, 'is_extra_ball': False}
2019-08-20 20:43:15,478 : INFO : EventManager : Event: ======'mode_base_starting'====== Args={'queue': <QueuedEvent>, 'player': 1, 'ball': 1, 'balls_remaining': 2, 'is_extra_ball': False}
2019-08-20 20:43:15,478 : INFO : Mode.base : Started. Priority: 100
2019-08-20 20:43:15,478 : INFO : EventManager : Event: ======'mode_base_started'====== Args={'queue': <QueuedEvent>, 'player': 1, 'ball': 1, 'balls_remaining': 2, 'is_extra_ball': False}
2019-08-20 20:43:15,479 : INFO : Mode.xp_lanes_watchdog : Started. Priority: 200
2019-08-20 20:43:15,479 : INFO : EventManager : Event: ======'mode_xp_lanes_watchdog_started'====== Args={'queue': <QueuedEvent>, 'player': 1, 'ball': 1, 'balls_remaining': 2, 'is_extra_ball': False}
2019-08-20 20:43:15,479 : INFO : Mode.pvp_lanes_watchdog : Started. Priority: 200
2019-08-20 20:43:15,479 : INFO : EventManager : Event: ======'mode_pvp_lanes_watchdog_started'====== Args={'queue': <QueuedEvent>, 'player': 1, 'ball': 1, 'balls_remaining': 2, 'is_extra_ball': False}
2019-08-20 20:43:15,479 : INFO : Mode.quest_targets_watchdog : Started. Priority: 200
2019-08-20 20:43:15,479 : INFO : EventManager : Event: ======'mode_quest_targets_watchdog_started'====== Args={'queue': <QueuedEvent>, 'player': 1, 'ball': 1, 'balls_remaining': 2, 'is_extra_ball': False}
2019-08-20 20:43:15,479 : INFO : EventManager : Event: ======'balls_in_play'====== Args={'balls': 1}
2019-08-20 20:43:15,479 : INFO : EventManager : Event: ======'ball_started'====== Args={'player': 1, 'ball': 1, 'balls_remaining': 2, 'is_extra_ball': False}
2019-08-20 20:43:15,479 : INFO : EventManager : Event: ======'logicblock_lb_bumpers_count_updated'====== Args={'value': 0, 'enabled': True}
2019-08-20 20:43:15,479 : INFO : EventManager : Event: ======'logicblock_lb_bumpers_count_updated'====== Args={'value': 0, 'enabled': True}
2019-08-20 20:43:15,479 : INFO : EventManager : Event: ======'logicblock_lb_bumpers_resume_updated'====== Args={'value': 0, 'enabled': False}
2019-08-20 20:43:15,479 : INFO : Mode.super_gold_watchdog : Started. Priority: 200
2019-08-20 20:43:15,479 : INFO : EventManager : Event: ======'mode_super_gold_watchdog_started'====== Args={'queue': <QueuedEvent>, 'player': 1, 'ball': 1, 'balls_remaining': 2, 'is_extra_ball': False}
2019-08-20 20:43:15,498 : INFO : EventManager : Event: ======'single_player_ball_started'====== Args={}
2019-08-20 20:43:15,498 : INFO : EventManager : Event: ======'slide_base.slide_player-mode_base_started_created'====== Args={'_from_bcp': True}
2019-08-20 20:43:15,498 : INFO : EventManager : Event: ======'balldevice_balls_available'====== Args={}
2019-08-20 20:43:15,499 : INFO : EventManager : Event: ======'balldevice_bd_trough_ball_eject_attempt'====== Args={'balls': 1, 'target': <ball_device.bd_plunger>, 'source': <ball_device.bd_trough>, 'mechanical_eject': True, 'num_attempts': 0}
2019-08-20 20:43:15,499 : INFO : ball_device.bd_trough : Ejecting ball to <ball_device.bd_plunger>
2019-08-20 20:43:15,499 : INFO : EventManager : Event: ======'balldevice_bd_trough_ejecting_ball'====== Args={'balls': 1, 'target': <ball_device.bd_plunger>, 'source': <ball_device.bd_trough>, 'mechanical_eject': True, 'num_attempts': 0}
2019-08-20 20:43:15,500 : INFO : coil.c_trough_eject : Pulsing Driver for 20ms (1.0 pulse_power)
2019-08-20 20:43:15,500 : INFO : SwitchController : <<<<<<< 's_trough_1' inactive >>>>>>>
2019-08-20 20:43:15,506 : INFO : EventManager : Event: ======'slide_base.slide_player-mode_base_started_active'====== Args={'_from_bcp': True}
2019-08-20 20:43:15,607 : INFO : SwitchController : <<<<<<< 's_shooter_lane' active >>>>>>>
2019-08-20 20:43:15,607 : INFO : EventManager : Event: ======'machine_var_audits_switches_s_shooter_lane'====== Args={'value': 11, 'prev_value': 10, 'change': 1}
2019-08-20 20:43:16,110 : INFO : EventManager : Event: ======'balldevice_bd_plunger_ball_enter'====== Args={'new_balls': 1, 'unclaimed_balls': 0, 'new_available_balls': 0, 'device': <ball_device.bd_plunger>}
2019-08-20 20:43:16,110 : INFO : EventManager : Event: ======'balldevice_bd_plunger_ball_entered'====== Args={'new_balls': 0, 'device': <ball_device.bd_plunger>}
2019-08-20 20:43:16,110 : INFO : EventManager : Event: ======'balldevice_bd_plunger_ball_count_changed'====== Args={'balls': 1}
2019-08-20 20:43:16,110 : INFO : EventManager : Event: ======'balldevice_bd_trough_ball_eject_success'====== Args={'balls': 1, 'target': <ball_device.bd_plunger>}
2019-08-20 20:43:16,110 : INFO : EventManager : Event: ======'balldevice_bd_plunger_ball_eject_attempt'====== Args={'balls': 1, 'target': <playfield.playfield>, 'source': <ball_device.bd_plunger>, 'mechanical_eject': True, 'num_attempts': 0}
2019-08-20 20:43:16,110 : INFO : EventManager : Event: ======'balldevice_bd_trough_ball_count_changed'====== Args={'balls': 5}
2019-08-20 20:43:16,111 : INFO : ball_device.bd_plunger : Ejecting ball to <playfield.playfield>
2019-08-20 20:43:16,111 : INFO : EventManager : Event: ======'balldevice_bd_plunger_ejecting_ball'====== Args={'balls': 1, 'target': <playfield.playfield>, 'source': <ball_device.bd_plunger>, 'mechanical_eject': True, 'num_attempts': 0}
2019-08-20 20:43:45,529 : INFO : BcpServer : New client connected.
2019-08-20 20:44:15,279 : INFO : SwitchController : <<<<<<< 's_lockdown_button' active >>>>>>>
2019-08-20 20:44:15,279 : INFO : EventManager : Event: ======'s_lockdown_button_active'====== Args={}
2019-08-20 20:44:15,280 : INFO : EventManager : Event: ======'machine_var_audits_switches_s_lockdown_button'====== Args={'value': 6, 'prev_value': 5, 'change': 1}
2019-08-20 20:44:15,288 : INFO : coil.c_auto_plunger : Pulsing Driver for 20ms (1.0 pulse_power)
2019-08-20 20:44:15,288 : INFO : SwitchController : <<<<<<< 's_shooter_lane' inactive >>>>>>>
2019-08-20 20:44:16,062 : INFO : SwitchController : <<<<<<< 's_lockdown_button' inactive >>>>>>>
2019-08-20 20:44:18,395 : INFO : EventManager : Event: ======'balldevice_bd_plunger_ball_eject_success'====== Args={'balls': 1, 'target': <playfield.playfield>}
2019-08-20 20:44:18,396 : INFO : EventManager : Event: ======'balldevice_playfield_ball_enter'====== Args={'new_balls': 1, 'unclaimed_balls': 1, 'device': <playfield.playfield>}
2019-08-20 20:44:18,396 : INFO : EventManager : Event: ======'playfield_ball_count_change'====== Args={'balls': 1, 'change': 1}
2019-08-20 20:44:18,397 : INFO : EventManager : Event: ======'balldevice_bd_plunger_ball_count_changed'====== Args={'balls': 0}
2019-08-20 20:44:27,926 : INFO : SwitchController : <<<<<<< 's_left_pop_bumper' active >>>>>>>
2019-08-20 20:44:27,926 : INFO : EventManager : Event: ======'s_left_pop_bumper_active'====== Args={}
2019-08-20 20:44:27,926 : INFO : EventManager : Event: ======'machine_var_audits_switches_s_left_pop_bumper'====== Args={'value': 3, 'prev_value': 2, 'change': 1}
2019-08-20 20:44:27,927 : INFO : EventManager : Event: ======'player_shot_bumpers'====== Args={'value': 1, 'prev_value': 0, 'change': 1, 'player_num': 1}
2019-08-20 20:44:27,927 : INFO : EventManager : Event: ======'machine_var_audits_shots_bumpers'====== Args={'value': 62, 'prev_value': 61, 'change': 1}
2019-08-20 20:44:27,933 : INFO : EventManager : Event: ======'bumpers_hit'====== Args={'profile': 'default', 'state': 'unlit', 'advancing': True}
2019-08-20 20:44:27,933 : INFO : EventManager : Event: ======'bumpers_default_hit'====== Args={'profile': 'default', 'state': 'unlit', 'advancing': True}
2019-08-20 20:44:27,934 : INFO : EventManager : Event: ======'bumpers_default_unlit_hit'====== Args={'profile': 'default', 'state': 'unlit', 'advancing': True}
2019-08-20 20:44:27,934 : INFO : EventManager : Event: ======'bumpers_unlit_hit'====== Args={'profile': 'default', 'state': 'unlit', 'advancing': True}
2019-08-20 20:44:27,934 : INFO : EventManager : Event: ======'logicblock_lb_bumpers_count_updated'====== Args={'value': 1, 'enabled': True}
2019-08-20 20:44:27,934 : INFO : EventManager : Event: ======'counter_lb_bumpers_count_hit'====== Args={'count': 1, 'remaining': 9}
2019-08-20 20:44:27,935 : INFO : EventManager : Event: ======'logicblock_lb_bumpers_count_hit'====== Args={'count': 1, 'remaining': 9}
2019-08-20 20:44:27,963 : INFO : SwitchController : <<<<<<< 's_left_pop_bumper' inactive >>>>>>>
2019-08-20 20:44:30,233 : INFO : SwitchController : <<<<<<< 's_left_pop_bumper' active >>>>>>>
2019-08-20 20:44:30,233 : INFO : EventManager : Event: ======'s_left_pop_bumper_active'====== Args={}
2019-08-20 20:44:30,234 : INFO : EventManager : Event: ======'machine_var_audits_switches_s_left_pop_bumper'====== Args={'value': 4, 'prev_value': 3, 'change': 1}
2019-08-20 20:44:30,235 : INFO : EventManager : Event: ======'machine_var_audits_shots_bumpers'====== Args={'value': 63, 'prev_value': 62, 'change': 1}
2019-08-20 20:44:30,235 : INFO : EventManager : Event: ======'bumpers_hit'====== Args={'profile': 'default', 'state': 'lit', 'advancing': False}
2019-08-20 20:44:30,235 : INFO : EventManager : Event: ======'bumpers_default_hit'====== Args={'profile': 'default', 'state': 'lit', 'advancing': False}
2019-08-20 20:44:30,235 : INFO : EventManager : Event: ======'bumpers_default_lit_hit'====== Args={'profile': 'default', 'state': 'lit', 'advancing': False}
2019-08-20 20:44:30,235 : INFO : EventManager : Event: ======'bumpers_lit_hit'====== Args={'profile': 'default', 'state': 'lit', 'advancing': False}
2019-08-20 20:44:30,236 : INFO : EventManager : Event: ======'logicblock_lb_bumpers_count_updated'====== Args={'value': 2, 'enabled': True}
2019-08-20 20:44:30,236 : INFO : EventManager : Event: ======'counter_lb_bumpers_count_hit'====== Args={'count': 2, 'remaining': 8}
2019-08-20 20:44:30,241 : INFO : EventManager : Event: ======'logicblock_lb_bumpers_count_hit'====== Args={'count': 2, 'remaining': 8}
2019-08-20 20:44:30,343 : INFO : SwitchController : <<<<<<< 's_left_pop_bumper' inactive >>>>>>>
2019-08-20 20:44:35,181 : INFO : SwitchController : <<<<<<< 's_right_pop_bumper' active >>>>>>>
2019-08-20 20:44:35,182 : INFO : EventManager : Event: ======'s_right_pop_bumper_active'====== Args={}
2019-08-20 20:44:35,183 : INFO : EventManager : Event: ======'machine_var_audits_switches_s_right_pop_bumper'====== Args={'value': 1, 'prev_value': 0, 'change': 1}
2019-08-20 20:44:35,186 : INFO : EventManager : Event: ======'machine_var_audits_shots_bumpers'====== Args={'value': 64, 'prev_value': 63, 'change': 1}
2019-08-20 20:44:35,189 : INFO : EventManager : Event: ======'bumpers_hit'====== Args={'profile': 'default', 'state': 'lit', 'advancing': False}
2019-08-20 20:44:35,196 : INFO : EventManager : Event: ======'bumpers_default_hit'====== Args={'profile': 'default', 'state': 'lit', 'advancing': False}
2019-08-20 20:44:35,200 : INFO : EventManager : Event: ======'bumpers_default_lit_hit'====== Args={'profile': 'default', 'state': 'lit', 'advancing': False}
2019-08-20 20:44:35,200 : INFO : EventManager : Event: ======'bumpers_lit_hit'====== Args={'profile': 'default', 'state': 'lit', 'advancing': False}
2019-08-20 20:44:35,200 : INFO : EventManager : Event: ======'logicblock_lb_bumpers_count_updated'====== Args={'value': 3, 'enabled': True}
2019-08-20 20:44:35,200 : INFO : EventManager : Event: ======'counter_lb_bumpers_count_hit'====== Args={'count': 3, 'remaining': 7}
2019-08-20 20:44:35,201 : INFO : EventManager : Event: ======'logicblock_lb_bumpers_count_hit'====== Args={'count': 3, 'remaining': 7}
2019-08-20 20:44:35,274 : INFO : SwitchController : <<<<<<< 's_right_pop_bumper' inactive >>>>>>>
2019-08-20 20:44:39,852 : INFO : SwitchController : <<<<<<< 's_right_pop_bumper' active >>>>>>>
2019-08-20 20:44:39,852 : INFO : EventManager : Event: ======'s_right_pop_bumper_active'====== Args={}
2019-08-20 20:44:39,854 : INFO : EventManager : Event: ======'machine_var_audits_switches_s_right_pop_bumper'====== Args={'value': 2, 'prev_value': 1, 'change': 1}
2019-08-20 20:44:39,857 : INFO : EventManager : Event: ======'machine_var_audits_shots_bumpers'====== Args={'value': 65, 'prev_value': 64, 'change': 1}
2019-08-20 20:44:39,860 : INFO : EventManager : Event: ======'bumpers_hit'====== Args={'profile': 'default', 'state': 'lit', 'advancing': False}
2019-08-20 20:44:39,870 : INFO : EventManager : Event: ======'bumpers_default_hit'====== Args={'profile': 'default', 'state': 'lit', 'advancing': False}
2019-08-20 20:44:39,871 : INFO : EventManager : Event: ======'bumpers_default_lit_hit'====== Args={'profile': 'default', 'state': 'lit', 'advancing': False}
2019-08-20 20:44:39,871 : INFO : EventManager : Event: ======'bumpers_lit_hit'====== Args={'profile': 'default', 'state': 'lit', 'advancing': False}
2019-08-20 20:44:39,871 : INFO : EventManager : Event: ======'logicblock_lb_bumpers_count_updated'====== Args={'value': 4, 'enabled': True}
2019-08-20 20:44:39,872 : INFO : EventManager : Event: ======'counter_lb_bumpers_count_hit'====== Args={'count': 4, 'remaining': 6}
2019-08-20 20:44:39,872 : INFO : EventManager : Event: ======'logicblock_lb_bumpers_count_hit'====== Args={'count': 4, 'remaining': 6}
2019-08-20 20:44:39,973 : INFO : SwitchController : <<<<<<< 's_right_pop_bumper' inactive >>>>>>>
2019-08-20 20:44:40,882 : INFO : SwitchController : <<<<<<< 's_right_pop_bumper' active >>>>>>>
2019-08-20 20:44:40,882 : INFO : EventManager : Event: ======'s_right_pop_bumper_active'====== Args={}
2019-08-20 20:44:40,883 : INFO : EventManager : Event: ======'machine_var_audits_switches_s_right_pop_bumper'====== Args={'value': 3, 'prev_value': 2, 'change': 1}
2019-08-20 20:44:40,883 : INFO : EventManager : Event: ======'machine_var_audits_shots_bumpers'====== Args={'value': 66, 'prev_value': 65, 'change': 1}
2019-08-20 20:44:40,884 : INFO : EventManager : Event: ======'bumpers_hit'====== Args={'profile': 'default', 'state': 'lit', 'advancing': False}
2019-08-20 20:44:40,884 : INFO : EventManager : Event: ======'bumpers_default_hit'====== Args={'profile': 'default', 'state': 'lit', 'advancing': False}
2019-08-20 20:44:40,884 : INFO : EventManager : Event: ======'bumpers_default_lit_hit'====== Args={'profile': 'default', 'state': 'lit', 'advancing': False}
2019-08-20 20:44:40,884 : INFO : EventManager : Event: ======'bumpers_lit_hit'====== Args={'profile': 'default', 'state': 'lit', 'advancing': False}
2019-08-20 20:44:40,884 : INFO : EventManager : Event: ======'logicblock_lb_bumpers_count_updated'====== Args={'value': 5, 'enabled': True}
2019-08-20 20:44:40,884 : INFO : EventManager : Event: ======'counter_lb_bumpers_count_hit'====== Args={'count': 5, 'remaining': 5}
2019-08-20 20:44:40,884 : INFO : EventManager : Event: ======'logicblock_lb_bumpers_count_hit'====== Args={'count': 5, 'remaining': 5}
2019-08-20 20:44:41,016 : INFO : SwitchController : <<<<<<< 's_right_pop_bumper' inactive >>>>>>>
2019-08-20 20:45:06,924 : INFO : Machine : Shutting down...
2019-08-20 20:45:06,924 : INFO : EventManager : Event: ======'shutdown'====== Args={}
2019-08-20 20:45:06,927 : INFO : root : MPF run loop ended.
