2019-08-20 20:43:02,568 : kivy : Factory: 194 symbols loaded
2019-08-20 20:43:02,720 : kivy : Image: Providers: img_tex, img_dds, img_sdl2, img_pil, img_gif (img_ffpyplayer ignored)
2019-08-20 20:43:02,837 : kivy : VideoGstplayer: Using Gstreamer 1.10.2.0
2019-08-20 20:43:02,837 : kivy : Video: Provider: gstplayer
2019-08-20 20:43:02,938 : kivy : Loading MPF-MC controller
2019-08-20 20:43:02,938 : mpfmc : Mission Pinball Framework Media Controller v0.53.0-dev.9
2019-08-20 20:43:02,939 : mpfmc : Mission Pinball Framework Game Engine v0.53.0-dev.52
2019-08-20 20:43:02,939 : mpfmc : Machine path: C:\Users\jgbcross\Desktop\github\WoW_Classic-Pinball
2019-08-20 20:43:02,940 : ConfigProcessor : Cache file not found: C:\Users\jgbcross\AppData\Local\Temp\a08c787954a315c79b58c86a86de328a.mpf_cache
2019-08-20 20:43:02,940 : ConfigProcessor : Loading config from file c:\program files\python36\lib\site-packages\mpfmc\mcconfig.yaml.
2019-08-20 20:43:02,982 : ConfigProcessor : Loading config: c:\program files\python36\lib\site-packages\mpfmc\mcconfig.yaml
2019-08-20 20:43:02,987 : ConfigProcessor : Loading config from file C:\Users\jgbcross\Desktop\github\WoW_Classic-Pinball\config\config.
2019-08-20 20:43:03,079 : ConfigProcessor : Loading config: C:\Users\jgbcross\Desktop\github\WoW_Classic-Pinball\config\config
2019-08-20 20:43:03,081 : ConfigProcessor : Config file cache created: C:\Users\jgbcross\AppData\Local\Temp\a08c787954a315c79b58c86a86de328a.mpf_cache
2019-08-20 20:43:03,081 : mpfmc : Starting clock at 60.0Hz
2019-08-20 20:43:03,113 : kivy : Text: Provider: sdl2
2019-08-20 20:43:03,157 : kivy : Window: Provider: sdl2
2019-08-20 20:43:03,470 : kivy : GL: Using the "OpenGL" graphics system
2019-08-20 20:43:03,474 : kivy : GL: GLEW initialization succeeded
2019-08-20 20:43:03,474 : kivy : GL: Backend used <glew>
2019-08-20 20:43:03,474 : kivy : GL: OpenGL version <b'4.6.0 NVIDIA 431.60'>
2019-08-20 20:43:03,474 : kivy : GL: OpenGL vendor <b'NVIDIA Corporation'>
2019-08-20 20:43:03,474 : kivy : GL: OpenGL renderer <b'GeForce GTX 1080 Ti/PCIe/SSE2'>
2019-08-20 20:43:03,474 : kivy : GL: OpenGL parsed version: 4, 6
2019-08-20 20:43:03,475 : kivy : GL: Shading version <b'4.60 NVIDIA'>
2019-08-20 20:43:03,475 : kivy : GL: Texture max size <32768>
2019-08-20 20:43:03,475 : kivy : GL: Texture max units <32>
2019-08-20 20:43:03,498 : kivy : Window: auto add sdl2 input provider
2019-08-20 20:43:03,498 : kivy : Window: virtual keyboard not allowed, single mode, not docked
2019-08-20 20:43:03,507 : SoundSystem : SoundSystem: Using default 'sound_system' settings
2019-08-20 20:43:05,868 : AudioInterface : Initialized
2019-08-20 20:43:05,868 : SoundSystem : No audio tracks are specified in your machine config file. a track named 'default' has been created.
2019-08-20 20:43:05,869 : kivy : Base: Start application main loop
2019-08-20 20:43:05,870 : EventManager : Event: ======'display_window_initialized'====== Args={}
2019-08-20 20:43:05,882 : mpfmc : Display: Setting 'window' as default display
2019-08-20 20:43:05,891 : EventManager : Event: ======'displays_initialized'====== Args={}
2019-08-20 20:43:05,892 : EventManager : Event: ======'slide_window_blank_created'====== Args={}
2019-08-20 20:43:05,892 : EventManager : Event: ======'display_window_ready'====== Args={}
2019-08-20 20:43:05,903 : EventManager : Event: ======'init_phase_1'====== Args={}
2019-08-20 20:43:05,921 : EventManager : Event: ======'mc_ready'====== Args={}
2019-08-20 20:43:05,921 : EventManager : Event: ======'init_phase_2'====== Args={}
2019-08-20 20:43:05,922 : ConfigProcessor : Loading config from cache: C:\Users\jgbcross\AppData\Local\Temp\54ec261b09bad8c6580a7abaec866ef7.mpf_cache
2019-08-20 20:43:05,923 : ConfigProcessor : Loading config from cache: C:\Users\jgbcross\AppData\Local\Temp\3d1b8a74ec65a169731f17cfe06cf938.mpf_cache
2019-08-20 20:43:05,927 : ConfigProcessor : Loading config from cache: C:\Users\jgbcross\AppData\Local\Temp\f59debb651560443703eed438ef87128.mpf_cache
2019-08-20 20:43:05,931 : ConfigProcessor : Loading config from cache: C:\Users\jgbcross\AppData\Local\Temp\e140c0164a05ad5fcc304ee02ad77dad.mpf_cache
2019-08-20 20:43:05,932 : ConfigProcessor : Loading config from cache: C:\Users\jgbcross\AppData\Local\Temp\773e72d6711483bbecf425ac3ab79443.mpf_cache
2019-08-20 20:43:05,932 : ConfigProcessor : Loading config from cache: C:\Users\jgbcross\AppData\Local\Temp\c7ba1d60bed6701f21aa70c0b597f7ff.mpf_cache
2019-08-20 20:43:05,933 : ConfigProcessor : Loading config from cache: C:\Users\jgbcross\AppData\Local\Temp\c309900c81551d04caee6839600d76c5.mpf_cache
2019-08-20 20:43:05,933 : ConfigProcessor : Loading config from cache: C:\Users\jgbcross\AppData\Local\Temp\8e1a6a6e716428615d3205ffe45b9b4d.mpf_cache
2019-08-20 20:43:05,934 : ConfigProcessor : Loading config from cache: C:\Users\jgbcross\AppData\Local\Temp\0d78f0fb76ce90413442c2b7a196c7da.mpf_cache
2019-08-20 20:43:05,934 : EventManager : Event: ======'init_phase_3'====== Args={}
2019-08-20 20:43:05,935 : EventManager : Event: ======'init_phase_4'====== Args={}
2019-08-20 20:43:05,935 : EventManager : Event: ======'init_phase_5'====== Args={}
2019-08-20 20:43:05,935 : EventManager : Event: ======'init_done'====== Args={}
2019-08-20 20:43:05,935 : MPF-MC BCP Server : Starting up on localhost port 5050
2019-08-20 20:43:05,938 : MPF-MC BCP Server : Waiting for a connection...
2019-08-20 20:43:05,940 : EventManager : Event: ======'client_disconnected'====== Args={'host': '127.0.0.1', 'port': 5050}
2019-08-20 20:43:06,220 : MPF-MC BCP Server : Received connection from: 127.0.0.1:58312
2019-08-20 20:43:06,233 : EventManager : Event: ======'client_connected'====== Args={'host': '127.0.0.1', 'port': 58312}
2019-08-20 20:43:06,271 : EventManager : Event: ======'machine_var_credits_string'====== Args={'value': 'FREE PLAY', 'prev_value': None, 'change': True}
2019-08-20 20:43:06,283 : EventManager : Event: ======'machine_var_player1_score'====== Args={'value': 330, 'prev_value': None, 'change': True}
2019-08-20 20:43:06,283 : EventManager : Event: ======'machine_var_mpf_version'====== Args={'value': 'MPF v0.53.0-dev.52', 'prev_value': None, 'change': True}
2019-08-20 20:43:06,283 : EventManager : Event: ======'machine_var_mpf_extended_version'====== Args={'value': 'MPF v0.53.0-dev.52, Config version:5, Show version: 5, BCP version:1.1', 'prev_value': None, 'change': True}
2019-08-20 20:43:06,283 : EventManager : Event: ======'machine_var_python_version'====== Args={'value': '3.6.4', 'prev_value': None, 'change': True}
2019-08-20 20:43:06,283 : EventManager : Event: ======'machine_var_platform'====== Args={'value': 'Windows-10-10.0.18362-SP0', 'prev_value': None, 'change': True}
2019-08-20 20:43:06,283 : EventManager : Event: ======'machine_var_platform_system'====== Args={'value': 'Windows', 'prev_value': None, 'change': True}
2019-08-20 20:43:06,283 : EventManager : Event: ======'machine_var_platform_release'====== Args={'value': '10', 'prev_value': None, 'change': True}
2019-08-20 20:43:06,283 : EventManager : Event: ======'machine_var_platform_version'====== Args={'value': '10.0.18362', 'prev_value': None, 'change': True}
2019-08-20 20:43:06,283 : EventManager : Event: ======'machine_var_platform_machine'====== Args={'value': 'AMD64', 'prev_value': None, 'change': True}
2019-08-20 20:43:06,283 : EventManager : Event: ======'machine_var_master_volume'====== Args={'value': 0.5, 'prev_value': None, 'change': True}
2019-08-20 20:43:06,321 : EventManager : Event: ======'machine_var_audits_events_game_ended'====== Args={'value': 1, 'prev_value': None, 'change': True}
2019-08-20 20:43:06,321 : EventManager : Event: ======'machine_var_audits_events_game_started'====== Args={'value': 8, 'prev_value': None, 'change': True}
2019-08-20 20:43:06,321 : EventManager : Event: ======'machine_var_audits_player_score'====== Args={'value': {'average': 330.0, 'top': [330], 'total': 1}, 'prev_value': None, 'change': True}
2019-08-20 20:43:06,321 : EventManager : Event: ======'machine_var_audits_shots_bumpers'====== Args={'value': 61, 'prev_value': None, 'change': True}
2019-08-20 20:43:06,321 : EventManager : Event: ======'machine_var_audits_shots_shot_left_return_lane_left'====== Args={'value': 1, 'prev_value': None, 'change': True}
2019-08-20 20:43:06,321 : EventManager : Event: ======'machine_var_audits_shots_shot_left_return_lane_right'====== Args={'value': 2, 'prev_value': None, 'change': True}
2019-08-20 20:43:06,321 : EventManager : Event: ======'machine_var_audits_shots_shot_quest_target_1'====== Args={'value': 5, 'prev_value': None, 'change': True}
2019-08-20 20:43:06,321 : EventManager : Event: ======'machine_var_audits_shots_shot_quest_target_2'====== Args={'value': 3, 'prev_value': None, 'change': True}
2019-08-20 20:43:06,321 : EventManager : Event: ======'machine_var_audits_shots_shot_quest_target_3'====== Args={'value': 3, 'prev_value': None, 'change': True}
2019-08-20 20:43:06,321 : EventManager : Event: ======'machine_var_audits_shots_shot_quest_target_4'====== Args={'value': 3, 'prev_value': None, 'change': True}
2019-08-20 20:43:06,321 : EventManager : Event: ======'machine_var_audits_shots_shot_quest_target_5'====== Args={'value': 3, 'prev_value': None, 'change': True}
2019-08-20 20:43:06,321 : EventManager : Event: ======'machine_var_audits_shots_shot_top_lane_left'====== Args={'value': 4, 'prev_value': None, 'change': True}
2019-08-20 20:43:06,322 : EventManager : Event: ======'machine_var_audits_shots_shot_top_lane_right'====== Args={'value': 7, 'prev_value': None, 'change': True}
2019-08-20 20:43:06,322 : EventManager : Event: ======'machine_var_audits_switches_s_ah_standup_target'====== Args={'value': 0, 'prev_value': None, 'change': True}
2019-08-20 20:43:06,322 : EventManager : Event: ======'machine_var_audits_switches_s_arena_motor_away'====== Args={'value': 0, 'prev_value': None, 'change': True}
2019-08-20 20:43:06,322 : EventManager : Event: ======'machine_var_audits_switches_s_arena_motor_home'====== Args={'value': 0, 'prev_value': None, 'change': True}
2019-08-20 20:43:06,322 : EventManager : Event: ======'machine_var_audits_switches_s_arena_opto'====== Args={'value': 0, 'prev_value': None, 'change': True}
2019-08-20 20:43:06,322 : EventManager : Event: ======'machine_var_audits_switches_s_arena_trough_1'====== Args={'value': 0, 'prev_value': None, 'change': True}
2019-08-20 20:43:06,322 : EventManager : Event: ======'machine_var_audits_switches_s_arena_trough_2'====== Args={'value': 0, 'prev_value': None, 'change': True}
2019-08-20 20:43:06,322 : EventManager : Event: ======'machine_var_audits_switches_s_arena_trough_3'====== Args={'value': 0, 'prev_value': None, 'change': True}
2019-08-20 20:43:06,322 : EventManager : Event: ======'machine_var_audits_switches_s_arena_trough_4'====== Args={'value': 0, 'prev_value': None, 'change': True}
2019-08-20 20:43:06,322 : EventManager : Event: ======'machine_var_audits_switches_s_bottom_pop_bumper'====== Args={'value': 59, 'prev_value': None, 'change': True}
2019-08-20 20:43:06,322 : EventManager : Event: ======'machine_var_audits_switches_s_center_coin'====== Args={'value': 0, 'prev_value': None, 'change': True}
2019-08-20 20:43:06,322 : EventManager : Event: ======'machine_var_audits_switches_s_center_drop_target'====== Args={'value': 0, 'prev_value': None, 'change': True}
2019-08-20 20:43:06,322 : EventManager : Event: ======'machine_var_audits_switches_s_kickback_opto'====== Args={'value': 0, 'prev_value': None, 'change': True}
2019-08-20 20:43:06,322 : EventManager : Event: ======'machine_var_audits_switches_s_left_coin'====== Args={'value': 0, 'prev_value': None, 'change': True}
2019-08-20 20:43:06,322 : EventManager : Event: ======'machine_var_audits_switches_s_left_flipper_button'====== Args={'value': 8, 'prev_value': None, 'change': True}
2019-08-20 20:43:06,323 : EventManager : Event: ======'machine_var_audits_switches_s_left_flipper_eos'====== Args={'value': 0, 'prev_value': None, 'change': True}
2019-08-20 20:43:06,323 : EventManager : Event: ======'machine_var_audits_switches_s_left_lane'====== Args={'value': 0, 'prev_value': None, 'change': True}
2019-08-20 20:43:06,323 : EventManager : Event: ======'machine_var_audits_switches_s_left_lane_target'====== Args={'value': 0, 'prev_value': None, 'change': True}
2019-08-20 20:43:06,323 : EventManager : Event: ======'machine_var_audits_switches_s_left_orbit'====== Args={'value': 0, 'prev_value': None, 'change': True}
2019-08-20 20:43:06,323 : EventManager : Event: ======'machine_var_audits_switches_s_left_outlane'====== Args={'value': 0, 'prev_value': None, 'change': True}
2019-08-20 20:43:06,323 : EventManager : Event: ======'machine_var_audits_switches_s_left_pop_bumper'====== Args={'value': 2, 'prev_value': None, 'change': True}
2019-08-20 20:43:06,323 : EventManager : Event: ======'machine_var_audits_switches_s_left_ramp_exit'====== Args={'value': 0, 'prev_value': None, 'change': True}
2019-08-20 20:43:06,323 : EventManager : Event: ======'machine_var_audits_switches_s_left_return_lane_left'====== Args={'value': 1, 'prev_value': None, 'change': True}
2019-08-20 20:43:06,323 : EventManager : Event: ======'machine_var_audits_switches_s_left_return_lane_right'====== Args={'value': 2, 'prev_value': None, 'change': True}
2019-08-20 20:43:06,323 : EventManager : Event: ======'machine_var_audits_switches_s_left_slingshot'====== Args={'value': 0, 'prev_value': None, 'change': True}
2019-08-20 20:43:06,323 : EventManager : Event: ======'machine_var_audits_switches_s_lockdown_button'====== Args={'value': 5, 'prev_value': None, 'change': True}
2019-08-20 20:43:06,323 : EventManager : Event: ======'machine_var_audits_switches_s_loot_target_bottom'====== Args={'value': 0, 'prev_value': None, 'change': True}
2019-08-20 20:43:06,323 : EventManager : Event: ======'machine_var_audits_switches_s_loot_target_top'====== Args={'value': 0, 'prev_value': None, 'change': True}
2019-08-20 20:43:06,323 : EventManager : Event: ======'machine_var_audits_switches_s_quest_target_1'====== Args={'value': 5, 'prev_value': None, 'change': True}
2019-08-20 20:43:06,324 : EventManager : Event: ======'machine_var_audits_switches_s_quest_target_2'====== Args={'value': 3, 'prev_value': None, 'change': True}
2019-08-20 20:43:06,324 : EventManager : Event: ======'machine_var_audits_switches_s_quest_target_3'====== Args={'value': 3, 'prev_value': None, 'change': True}
2019-08-20 20:43:06,324 : EventManager : Event: ======'machine_var_audits_switches_s_quest_target_4'====== Args={'value': 3, 'prev_value': None, 'change': True}
2019-08-20 20:43:06,324 : EventManager : Event: ======'machine_var_audits_switches_s_quest_target_5'====== Args={'value': 3, 'prev_value': None, 'change': True}
2019-08-20 20:43:06,324 : EventManager : Event: ======'machine_var_audits_switches_s_right_coin'====== Args={'value': 0, 'prev_value': None, 'change': True}
2019-08-20 20:43:06,324 : EventManager : Event: ======'machine_var_audits_switches_s_right_flipper_button'====== Args={'value': 6, 'prev_value': None, 'change': True}
2019-08-20 20:43:06,324 : EventManager : Event: ======'machine_var_audits_switches_s_right_flipper_eos'====== Args={'value': 0, 'prev_value': None, 'change': True}
2019-08-20 20:43:06,324 : EventManager : Event: ======'machine_var_audits_switches_s_right_orbit'====== Args={'value': 0, 'prev_value': None, 'change': True}
2019-08-20 20:43:06,324 : EventManager : Event: ======'machine_var_audits_switches_s_right_outlane'====== Args={'value': 0, 'prev_value': None, 'change': True}
2019-08-20 20:43:06,324 : EventManager : Event: ======'machine_var_audits_switches_s_right_pop_bumper'====== Args={'value': 0, 'prev_value': None, 'change': True}
2019-08-20 20:43:06,324 : EventManager : Event: ======'machine_var_audits_switches_s_right_ramp_exit'====== Args={'value': 0, 'prev_value': None, 'change': True}
2019-08-20 20:43:06,324 : EventManager : Event: ======'machine_var_audits_switches_s_right_return_lane'====== Args={'value': 0, 'prev_value': None, 'change': True}
2019-08-20 20:43:06,324 : EventManager : Event: ======'machine_var_audits_switches_s_right_scoop'====== Args={'value': 0, 'prev_value': None, 'change': True}
2019-08-20 20:43:06,325 : EventManager : Event: ======'machine_var_audits_switches_s_right_slingshot'====== Args={'value': 0, 'prev_value': None, 'change': True}
2019-08-20 20:43:06,325 : EventManager : Event: ======'machine_var_audits_switches_s_service_back'====== Args={'value': 0, 'prev_value': None, 'change': True}
2019-08-20 20:43:06,325 : EventManager : Event: ======'machine_var_audits_switches_s_service_minus'====== Args={'value': 0, 'prev_value': None, 'change': True}
2019-08-20 20:43:06,325 : EventManager : Event: ======'machine_var_audits_switches_s_service_plus'====== Args={'value': 0, 'prev_value': None, 'change': True}
2019-08-20 20:43:06,325 : EventManager : Event: ======'machine_var_audits_switches_s_service_select'====== Args={'value': 0, 'prev_value': None, 'change': True}
2019-08-20 20:43:06,325 : EventManager : Event: ======'machine_var_audits_switches_s_shooter_lane'====== Args={'value': 10, 'prev_value': None, 'change': True}
2019-08-20 20:43:06,325 : EventManager : Event: ======'machine_var_audits_switches_s_slam_tilt'====== Args={'value': 0, 'prev_value': None, 'change': True}
2019-08-20 20:43:06,325 : EventManager : Event: ======'machine_var_audits_switches_s_soulstone_target_left'====== Args={'value': 0, 'prev_value': None, 'change': True}
2019-08-20 20:43:06,325 : EventManager : Event: ======'machine_var_audits_switches_s_soulstone_target_right'====== Args={'value': 0, 'prev_value': None, 'change': True}
2019-08-20 20:43:06,325 : EventManager : Event: ======'machine_var_audits_switches_s_start_button'====== Args={'value': 0, 'prev_value': None, 'change': True}
2019-08-20 20:43:06,325 : EventManager : Event: ======'machine_var_audits_switches_s_tilt_pendulum'====== Args={'value': 0, 'prev_value': None, 'change': True}
2019-08-20 20:43:06,325 : EventManager : Event: ======'machine_var_audits_switches_s_top_lane_left'====== Args={'value': 4, 'prev_value': None, 'change': True}
2019-08-20 20:43:06,326 : EventManager : Event: ======'machine_var_audits_switches_s_top_lane_right'====== Args={'value': 7, 'prev_value': None, 'change': True}
2019-08-20 20:43:06,326 : EventManager : Event: ======'machine_var_audits_switches_s_tournament_start_button'====== Args={'value': 0, 'prev_value': None, 'change': True}
2019-08-20 20:43:06,326 : EventManager : Event: ======'machine_var_audits_switches_s_trough_1'====== Args={'value': 4, 'prev_value': None, 'change': True}
2019-08-20 20:43:06,326 : EventManager : Event: ======'machine_var_audits_switches_s_trough_2'====== Args={'value': 0, 'prev_value': None, 'change': True}
2019-08-20 20:43:06,326 : EventManager : Event: ======'machine_var_audits_switches_s_trough_3'====== Args={'value': 0, 'prev_value': None, 'change': True}
2019-08-20 20:43:06,326 : EventManager : Event: ======'machine_var_audits_switches_s_trough_4'====== Args={'value': 0, 'prev_value': None, 'change': True}
2019-08-20 20:43:06,326 : EventManager : Event: ======'machine_var_audits_switches_s_trough_5'====== Args={'value': 0, 'prev_value': None, 'change': True}
2019-08-20 20:43:06,326 : EventManager : Event: ======'machine_var_audits_switches_s_trough_6'====== Args={'value': 0, 'prev_value': None, 'change': True}
2019-08-20 20:43:06,326 : EventManager : Event: ======'machine_var_audits_switches_s_trough_jam'====== Args={'value': 0, 'prev_value': None, 'change': True}
2019-08-20 20:43:06,347 : EventManager : Event: ======'mc_reset_phase_1'====== Args={}
2019-08-20 20:43:06,347 : EventManager : Event: ======'mc_reset_phase_2'====== Args={}
2019-08-20 20:43:06,347 : EventManager : Event: ======'mc_reset_phase_3'====== Args={}
2019-08-20 20:43:06,347 : EventManager : Event: ======'mc_reset_complete'====== Args={}
2019-08-20 20:43:06,359 : EventManager : Event: ======'slides_play'====== Args={'settings': {'press_start': {'widgets': [{'type': 'Text', 'text': 'PRESS START', 'font_size': 100, 'font_name': 'FRIZQT__', 'animations': {'pre_show_slide': [{'property': ['opacity'], 'value': ['0'], 'duration': 0.5, 'relative': False, 'timing': 'after_previous', 'repeat': False, 'easing': 'linear'}, {'property': ['opacity'], 'value': ['1'], 'duration': 0.5, 'repeat': True, 'relative': False, 'timing': 'after_previous', 'easing': 'linear'}]}, '_default_settings': ['type', 'text', 'font_size', 'font_name', 'animations'], 'x': None, 'y': None, 'anchor_x': 'center', 'anchor_y': 'center', 'round_anchor_x': None, 'round_anchor_y': None, 'opacity': 1.0, 'z': 0, 'reset_animations_events': {}, 'color': [1.0, 1.0, 1.0, 1.0], 'style': [], 'adjust_top': 0, 'adjust_bottom': 0, 'adjust_left': 0, 'adjust_right': 0, 'expire': None, 'key': None, 'widget': None, 'events_when_added': [], 'events_when_removed': [], 'bitmap_font': False, 'font_kerning': True, 'bold': False, 'italic': False, 'number_grouping': False, 'min_digits': 0, 'halign': 'center', 'valign': 'middle', 'rotation': 0, 'scale': 1.0, 'casing': None}, {'type': 'Text', 'text': 'FREE PLAY', 'color': [1.0, 0.8431372549019608, 0.0, 1], 'font_name': 'FRIZQT__', 'y': '10', 'anchor_y': 'bottom', '_default_settings': ['type', 'text', 'color', 'font_name', 'y', 'anchor_y'], 'x': None, 'anchor_x': 'center', 'round_anchor_x': None, 'round_anchor_y': None, 'opacity': 1.0, 'z': 0, 'reset_animations_events': {}, 'style': [], 'adjust_top': 0, 'adjust_bottom': 0, 'adjust_left': 0, 'adjust_right': 0, 'expire': None, 'key': None, 'widget': None, 'events_when_added': [], 'events_when_removed': [], 'font_size': 15, 'bitmap_font': False, 'font_kerning': True, 'bold': False, 'italic': False, 'number_grouping': False, 'min_digits': 0, 'halign': 'center', 'valign': 'middle', 'rotation': 0, 'scale': 1.0, 'casing': None, 'animations': None}], 'transition': {'type': 'move_in', 'duration': 1.0, 'direction': 'right', 'easing': 'out_quad'}, 'target': None, 'background_color': [0.0, 0.0, 0.0, 1.0], 'priority': None, 'show': True, 'force': False, 'expire': None, 'slide': None, 'tokens': {}, 'action': 'play'}}, 'context': 'show_1', 'calling_context': 0, 'priority': 10, 'show_tokens': {}, 'start_time': 92587.046}
2019-08-20 20:43:06,359 : mpfmc : SlidePlayer: Play called with settings={'press_start': {'widgets': [{'type': 'Text', 'text': 'PRESS START', 'font_size': 100, 'font_name': 'FRIZQT__', 'animations': {'pre_show_slide': [{'property': ['opacity'], 'value': ['0'], 'duration': 0.5, 'relative': False, 'timing': 'after_previous', 'repeat': False, 'easing': 'linear'}, {'property': ['opacity'], 'value': ['1'], 'duration': 0.5, 'repeat': True, 'relative': False, 'timing': 'after_previous', 'easing': 'linear'}]}, '_default_settings': ['type', 'text', 'font_size', 'font_name', 'animations'], 'x': None, 'y': None, 'anchor_x': 'center', 'anchor_y': 'center', 'round_anchor_x': None, 'round_anchor_y': None, 'opacity': 1.0, 'z': 0, 'reset_animations_events': {}, 'color': [1.0, 1.0, 1.0, 1.0], 'style': [], 'adjust_top': 0, 'adjust_bottom': 0, 'adjust_left': 0, 'adjust_right': 0, 'expire': None, 'key': None, 'widget': None, 'events_when_added': [], 'events_when_removed': [], 'bitmap_font': False, 'font_kerning': True, 'bold': False, 'italic': False, 'number_grouping': False, 'min_digits': 0, 'halign': 'center', 'valign': 'middle', 'rotation': 0, 'scale': 1.0, 'casing': None}, {'type': 'Text', 'text': 'FREE PLAY', 'color': [1.0, 0.8431372549019608, 0.0, 1], 'font_name': 'FRIZQT__', 'y': '10', 'anchor_y': 'bottom', '_default_settings': ['type', 'text', 'color', 'font_name', 'y', 'anchor_y'], 'x': None, 'anchor_x': 'center', 'round_anchor_x': None, 'round_anchor_y': None, 'opacity': 1.0, 'z': 0, 'reset_animations_events': {}, 'style': [], 'adjust_top': 0, 'adjust_bottom': 0, 'adjust_left': 0, 'adjust_right': 0, 'expire': None, 'key': None, 'widget': None, 'events_when_added': [], 'events_when_removed': [], 'font_size': 15, 'bitmap_font': False, 'font_kerning': True, 'bold': False, 'italic': False, 'number_grouping': False, 'min_digits': 0, 'halign': 'center', 'valign': 'middle', 'rotation': 0, 'scale': 1.0, 'casing': None, 'animations': None}], 'transition': {'type': 'move_in', 'duration': 1.0, 'direction': 'right', 'easing': 'out_quad'}, 'target': None, 'background_color': [0.0, 0.0, 0.0, 1.0], 'priority': None, 'show': True, 'force': False, 'expire': None, 'slide': None, 'tokens': {}, 'action': 'play'}}
2019-08-20 20:43:06,372 : kivy : GL: NPOT texture support is available
2019-08-20 20:43:06,374 : EventManager : Event: ======'slide_press_start_created'====== Args={}
2019-08-20 20:43:06,377 : EventManager : Event: ======'slide_press_start_active'====== Args={}
2019-08-20 20:43:09,370 : EventManager : Event: ======'slides_play'====== Args={'settings': {'last_game_score_slide': {'widgets': [{'type': 'text', 'text': 'LAST GAME', 'font_size': 50, 'font_name': 'FRIZQT__', 'y': '60%', '_default_settings': ['type', 'text', 'font_size', 'font_name', 'y'], 'x': None, 'anchor_x': 'center', 'anchor_y': 'center', 'round_anchor_x': None, 'round_anchor_y': None, 'opacity': 1.0, 'z': 0, 'reset_animations_events': {}, 'color': [1.0, 1.0, 1.0, 1.0], 'style': [], 'adjust_top': 0, 'adjust_bottom': 0, 'adjust_left': 0, 'adjust_right': 0, 'expire': None, 'key': None, 'widget': None, 'events_when_added': [], 'events_when_removed': [], 'bitmap_font': False, 'font_kerning': True, 'bold': False, 'italic': False, 'number_grouping': False, 'min_digits': 0, 'halign': 'center', 'valign': 'middle', 'rotation': 0, 'scale': 1.0, 'casing': None, 'animations': None}, {'type': 'text', 'text': '(machine|player1_score)', 'number_grouping': True, 'min_digits': 2, 'font_size': 50, 'font_name': 'FRIZQT__', 'y': '40%', '_default_settings': ['type', 'text', 'number_grouping', 'min_digits', 'font_size', 'font_name', 'y'], 'x': None, 'anchor_x': 'center', 'anchor_y': 'center', 'round_anchor_x': None, 'round_anchor_y': None, 'opacity': 1.0, 'z': 0, 'reset_animations_events': {}, 'color': [1.0, 1.0, 1.0, 1.0], 'style': [], 'adjust_top': 0, 'adjust_bottom': 0, 'adjust_left': 0, 'adjust_right': 0, 'expire': None, 'key': None, 'widget': None, 'events_when_added': [], 'events_when_removed': [], 'bitmap_font': False, 'font_kerning': True, 'bold': False, 'italic': False, 'halign': 'center', 'valign': 'middle', 'rotation': 0, 'scale': 1.0, 'casing': None, 'animations': None}], 'target': None, 'background_color': [0.0, 0.0, 0.0, 1.0], 'priority': None, 'show': True, 'force': False, 'expire': None, 'slide': None, 'tokens': {}, 'action': 'play'}}, 'context': 'show_1', 'calling_context': 1, 'priority': 10, 'show_tokens': {}, 'start_time': 92590.046}
2019-08-20 20:43:09,370 : mpfmc : SlidePlayer: Play called with settings={'last_game_score_slide': {'widgets': [{'type': 'text', 'text': 'LAST GAME', 'font_size': 50, 'font_name': 'FRIZQT__', 'y': '60%', '_default_settings': ['type', 'text', 'font_size', 'font_name', 'y'], 'x': None, 'anchor_x': 'center', 'anchor_y': 'center', 'round_anchor_x': None, 'round_anchor_y': None, 'opacity': 1.0, 'z': 0, 'reset_animations_events': {}, 'color': [1.0, 1.0, 1.0, 1.0], 'style': [], 'adjust_top': 0, 'adjust_bottom': 0, 'adjust_left': 0, 'adjust_right': 0, 'expire': None, 'key': None, 'widget': None, 'events_when_added': [], 'events_when_removed': [], 'bitmap_font': False, 'font_kerning': True, 'bold': False, 'italic': False, 'number_grouping': False, 'min_digits': 0, 'halign': 'center', 'valign': 'middle', 'rotation': 0, 'scale': 1.0, 'casing': None, 'animations': None}, {'type': 'text', 'text': '(machine|player1_score)', 'number_grouping': True, 'min_digits': 2, 'font_size': 50, 'font_name': 'FRIZQT__', 'y': '40%', '_default_settings': ['type', 'text', 'number_grouping', 'min_digits', 'font_size', 'font_name', 'y'], 'x': None, 'anchor_x': 'center', 'anchor_y': 'center', 'round_anchor_x': None, 'round_anchor_y': None, 'opacity': 1.0, 'z': 0, 'reset_animations_events': {}, 'color': [1.0, 1.0, 1.0, 1.0], 'style': [], 'adjust_top': 0, 'adjust_bottom': 0, 'adjust_left': 0, 'adjust_right': 0, 'expire': None, 'key': None, 'widget': None, 'events_when_added': [], 'events_when_removed': [], 'bitmap_font': False, 'font_kerning': True, 'bold': False, 'italic': False, 'halign': 'center', 'valign': 'middle', 'rotation': 0, 'scale': 1.0, 'casing': None, 'animations': None}], 'target': None, 'background_color': [0.0, 0.0, 0.0, 1.0], 'priority': None, 'show': True, 'force': False, 'expire': None, 'slide': None, 'tokens': {}, 'action': 'play'}}
2019-08-20 20:43:09,374 : EventManager : Event: ======'slide_last_game_score_slide_created'====== Args={}
2019-08-20 20:43:09,374 : EventManager : Unordered handler for class <Text Widget text=330> on event machine_var_player1_score with priority 1. Handlers: [RegisteredHandler(callback=<bound method Text._machine_var_change of <Text Widget text=330>>, priority=1, kwargs={}, key=UUID('995c9668-6395-4a87-b7c3-1241b83fe2d0'), condition=None, blocking_facility=None), RegisteredHandler(callback=<bound method Text._machine_var_change of <Text Widget text=330>>, priority=1, kwargs={}, key=UUID('b9387705-3bba-4c5a-9069-6a1c6119e3fd'), condition=None, blocking_facility=None)]. The order of those handlers is not defined and they will be executed in random order. This might lead to race conditions and potential bugs.
2019-08-20 20:43:09,377 : EventManager : Event: ======'slide_last_game_score_slide_active'====== Args={}
2019-08-20 20:43:13,660 : EventManager : Event: ======'slides_play'====== Args={'settings': {'press_start': {'widgets': [{'type': 'Text', 'text': 'PRESS START', 'font_size': 100, 'font_name': 'FRIZQT__', 'animations': {'pre_show_slide': [{'property': ['opacity'], 'value': ['0'], 'duration': 0.5, 'relative': False, 'timing': 'after_previous', 'repeat': False, 'easing': 'linear'}, {'property': ['opacity'], 'value': ['1'], 'duration': 0.5, 'repeat': True, 'relative': False, 'timing': 'after_previous', 'easing': 'linear'}]}, '_default_settings': ['type', 'text', 'font_size', 'font_name', 'animations'], 'x': None, 'y': None, 'anchor_x': 'center', 'anchor_y': 'center', 'round_anchor_x': None, 'round_anchor_y': None, 'opacity': 1.0, 'z': 0, 'reset_animations_events': {}, 'color': [1.0, 1.0, 1.0, 1.0], 'style': [], 'adjust_top': 0, 'adjust_bottom': 0, 'adjust_left': 0, 'adjust_right': 0, 'expire': None, 'key': None, 'widget': None, 'events_when_added': [], 'events_when_removed': [], 'bitmap_font': False, 'font_kerning': True, 'bold': False, 'italic': False, 'number_grouping': False, 'min_digits': 0, 'halign': 'center', 'valign': 'middle', 'rotation': 0, 'scale': 1.0, 'casing': None}, {'type': 'Text', 'text': 'FREE PLAY', 'color': [1.0, 0.8431372549019608, 0.0, 1], 'font_name': 'FRIZQT__', 'y': '10', 'anchor_y': 'bottom', '_default_settings': ['type', 'text', 'color', 'font_name', 'y', 'anchor_y'], 'x': None, 'anchor_x': 'center', 'round_anchor_x': None, 'round_anchor_y': None, 'opacity': 1.0, 'z': 0, 'reset_animations_events': {}, 'style': [], 'adjust_top': 0, 'adjust_bottom': 0, 'adjust_left': 0, 'adjust_right': 0, 'expire': None, 'key': None, 'widget': None, 'events_when_added': [], 'events_when_removed': [], 'font_size': 15, 'bitmap_font': False, 'font_kerning': True, 'bold': False, 'italic': False, 'number_grouping': False, 'min_digits': 0, 'halign': 'center', 'valign': 'middle', 'rotation': 0, 'scale': 1.0, 'casing': None, 'animations': None}], 'transition': {'type': 'move_in', 'duration': 1.0, 'direction': 'right', 'easing': 'out_quad'}, 'target': None, 'background_color': [0.0, 0.0, 0.0, 1.0], 'priority': None, 'show': True, 'force': False, 'expire': None, 'slide': None, 'tokens': {}, 'action': 'play'}}, 'context': 'show_1', 'calling_context': 0, 'priority': 10, 'show_tokens': {}, 'start_time': 92593.046}
2019-08-20 20:43:13,661 : mpfmc : SlidePlayer: Play called with settings={'press_start': {'widgets': [{'type': 'Text', 'text': 'PRESS START', 'font_size': 100, 'font_name': 'FRIZQT__', 'animations': {'pre_show_slide': [{'property': ['opacity'], 'value': ['0'], 'duration': 0.5, 'relative': False, 'timing': 'after_previous', 'repeat': False, 'easing': 'linear'}, {'property': ['opacity'], 'value': ['1'], 'duration': 0.5, 'repeat': True, 'relative': False, 'timing': 'after_previous', 'easing': 'linear'}]}, '_default_settings': ['type', 'text', 'font_size', 'font_name', 'animations'], 'x': None, 'y': None, 'anchor_x': 'center', 'anchor_y': 'center', 'round_anchor_x': None, 'round_anchor_y': None, 'opacity': 1.0, 'z': 0, 'reset_animations_events': {}, 'color': [1.0, 1.0, 1.0, 1.0], 'style': [], 'adjust_top': 0, 'adjust_bottom': 0, 'adjust_left': 0, 'adjust_right': 0, 'expire': None, 'key': None, 'widget': None, 'events_when_added': [], 'events_when_removed': [], 'bitmap_font': False, 'font_kerning': True, 'bold': False, 'italic': False, 'number_grouping': False, 'min_digits': 0, 'halign': 'center', 'valign': 'middle', 'rotation': 0, 'scale': 1.0, 'casing': None}, {'type': 'Text', 'text': 'FREE PLAY', 'color': [1.0, 0.8431372549019608, 0.0, 1], 'font_name': 'FRIZQT__', 'y': '10', 'anchor_y': 'bottom', '_default_settings': ['type', 'text', 'color', 'font_name', 'y', 'anchor_y'], 'x': None, 'anchor_x': 'center', 'round_anchor_x': None, 'round_anchor_y': None, 'opacity': 1.0, 'z': 0, 'reset_animations_events': {}, 'style': [], 'adjust_top': 0, 'adjust_bottom': 0, 'adjust_left': 0, 'adjust_right': 0, 'expire': None, 'key': None, 'widget': None, 'events_when_added': [], 'events_when_removed': [], 'font_size': 15, 'bitmap_font': False, 'font_kerning': True, 'bold': False, 'italic': False, 'number_grouping': False, 'min_digits': 0, 'halign': 'center', 'valign': 'middle', 'rotation': 0, 'scale': 1.0, 'casing': None, 'animations': None}], 'transition': {'type': 'move_in', 'duration': 1.0, 'direction': 'right', 'easing': 'out_quad'}, 'target': None, 'background_color': [0.0, 0.0, 0.0, 1.0], 'priority': None, 'show': True, 'force': False, 'expire': None, 'slide': None, 'tokens': {}, 'action': 'play'}}
2019-08-20 20:43:13,662 : EventManager : Event: ======'slide_press_start_removed'====== Args={}
2019-08-20 20:43:13,665 : EventManager : Event: ======'slide_press_start_created'====== Args={}
2019-08-20 20:43:13,668 : EventManager : Event: ======'slide_press_start_active'====== Args={}
2019-08-20 20:43:15,353 : EventManager : Event: ======'slides_play'====== Args={'settings': {'last_game_score_slide': {'widgets': [{'type': 'text', 'text': 'LAST GAME', 'font_size': 50, 'font_name': 'FRIZQT__', 'y': '60%', '_default_settings': ['type', 'text', 'font_size', 'font_name', 'y'], 'x': None, 'anchor_x': 'center', 'anchor_y': 'center', 'round_anchor_x': None, 'round_anchor_y': None, 'opacity': 1.0, 'z': 0, 'reset_animations_events': {}, 'color': [1.0, 1.0, 1.0, 1.0], 'style': [], 'adjust_top': 0, 'adjust_bottom': 0, 'adjust_left': 0, 'adjust_right': 0, 'expire': None, 'key': None, 'widget': None, 'events_when_added': [], 'events_when_removed': [], 'bitmap_font': False, 'font_kerning': True, 'bold': False, 'italic': False, 'number_grouping': False, 'min_digits': 0, 'halign': 'center', 'valign': 'middle', 'rotation': 0, 'scale': 1.0, 'casing': None, 'animations': None}, {'type': 'text', 'text': '(machine|player1_score)', 'number_grouping': True, 'min_digits': 2, 'font_size': 50, 'font_name': 'FRIZQT__', 'y': '40%', '_default_settings': ['type', 'text', 'number_grouping', 'min_digits', 'font_size', 'font_name', 'y'], 'x': None, 'anchor_x': 'center', 'anchor_y': 'center', 'round_anchor_x': None, 'round_anchor_y': None, 'opacity': 1.0, 'z': 0, 'reset_animations_events': {}, 'color': [1.0, 1.0, 1.0, 1.0], 'style': [], 'adjust_top': 0, 'adjust_bottom': 0, 'adjust_left': 0, 'adjust_right': 0, 'expire': None, 'key': None, 'widget': None, 'events_when_added': [], 'events_when_removed': [], 'bitmap_font': False, 'font_kerning': True, 'bold': False, 'italic': False, 'halign': 'center', 'valign': 'middle', 'rotation': 0, 'scale': 1.0, 'casing': None, 'animations': None}], 'target': None, 'background_color': [0.0, 0.0, 0.0, 1.0], 'priority': None, 'show': True, 'force': False, 'expire': None, 'slide': None, 'tokens': {}, 'action': 'play'}}, 'context': 'show_1', 'calling_context': 1, 'priority': 10, 'show_tokens': {}, 'start_time': 92596.046}
2019-08-20 20:43:15,353 : mpfmc : SlidePlayer: Play called with settings={'last_game_score_slide': {'widgets': [{'type': 'text', 'text': 'LAST GAME', 'font_size': 50, 'font_name': 'FRIZQT__', 'y': '60%', '_default_settings': ['type', 'text', 'font_size', 'font_name', 'y'], 'x': None, 'anchor_x': 'center', 'anchor_y': 'center', 'round_anchor_x': None, 'round_anchor_y': None, 'opacity': 1.0, 'z': 0, 'reset_animations_events': {}, 'color': [1.0, 1.0, 1.0, 1.0], 'style': [], 'adjust_top': 0, 'adjust_bottom': 0, 'adjust_left': 0, 'adjust_right': 0, 'expire': None, 'key': None, 'widget': None, 'events_when_added': [], 'events_when_removed': [], 'bitmap_font': False, 'font_kerning': True, 'bold': False, 'italic': False, 'number_grouping': False, 'min_digits': 0, 'halign': 'center', 'valign': 'middle', 'rotation': 0, 'scale': 1.0, 'casing': None, 'animations': None}, {'type': 'text', 'text': '(machine|player1_score)', 'number_grouping': True, 'min_digits': 2, 'font_size': 50, 'font_name': 'FRIZQT__', 'y': '40%', '_default_settings': ['type', 'text', 'number_grouping', 'min_digits', 'font_size', 'font_name', 'y'], 'x': None, 'anchor_x': 'center', 'anchor_y': 'center', 'round_anchor_x': None, 'round_anchor_y': None, 'opacity': 1.0, 'z': 0, 'reset_animations_events': {}, 'color': [1.0, 1.0, 1.0, 1.0], 'style': [], 'adjust_top': 0, 'adjust_bottom': 0, 'adjust_left': 0, 'adjust_right': 0, 'expire': None, 'key': None, 'widget': None, 'events_when_added': [], 'events_when_removed': [], 'bitmap_font': False, 'font_kerning': True, 'bold': False, 'italic': False, 'halign': 'center', 'valign': 'middle', 'rotation': 0, 'scale': 1.0, 'casing': None, 'animations': None}], 'target': None, 'background_color': [0.0, 0.0, 0.0, 1.0], 'priority': None, 'show': True, 'force': False, 'expire': None, 'slide': None, 'tokens': {}, 'action': 'play'}}
2019-08-20 20:43:15,373 : EventManager : Event: ======'slide_last_game_score_slide_removed'====== Args={}
2019-08-20 20:43:15,377 : EventManager : Event: ======'slide_last_game_score_slide_created'====== Args={}
2019-08-20 20:43:15,377 : EventManager : Unordered handler for class <Text Widget text=330> on event machine_var_player1_score with priority 1. Handlers: [RegisteredHandler(callback=<bound method Text._machine_var_change of <Text Widget text=330>>, priority=1, kwargs={}, key=UUID('2f13d902-18a6-43f7-be38-8ebd2ca7f3c9'), condition=None, blocking_facility=None), RegisteredHandler(callback=<bound method Text._machine_var_change of <Text Widget text=330>>, priority=1, kwargs={}, key=UUID('baefbbc3-266c-4b60-9501-b01708e1eb7a'), condition=None, blocking_facility=None)]. The order of those handlers is not defined and they will be executed in random order. This might lead to race conditions and potential bugs.
2019-08-20 20:43:15,380 : EventManager : Event: ======'slide_last_game_score_slide_active'====== Args={}
2019-08-20 20:43:15,431 : EventManager : Event: ======'game_started'====== Args={}
2019-08-20 20:43:15,431 : EventManager : Event: ======'slides_clear'====== Args={'context': 'show_1'}
2019-08-20 20:43:15,434 : EventManager : Event: ======'slide_press_start_removed'====== Args={}
2019-08-20 20:43:15,436 : EventManager : Event: ======'slide_last_game_score_slide_removed'====== Args={}
2019-08-20 20:43:15,437 : EventManager : Event: ======'slide_window_blank_active'====== Args={}
2019-08-20 20:43:15,451 : EventManager : Event: ======'player_added'====== Args={'player': <Player 1>, 'num': 1}
2019-08-20 20:43:15,451 : EventManager : Event: ======'player_index'====== Args={'value': 0, 'prev_value': 0, 'change': 0, 'player_num': 1}
2019-08-20 20:43:15,451 : EventManager : Event: ======'player_number'====== Args={'value': 1, 'prev_value': 1, 'change': 0, 'player_num': 1}
2019-08-20 20:43:15,451 : EventManager : Event: ======'player_score'====== Args={'value': 0, 'prev_value': 0, 'change': 0, 'player_num': 1}
2019-08-20 20:43:15,451 : EventManager : Event: ======'player_gold'====== Args={'value': 0, 'prev_value': 0, 'change': 0, 'player_num': 1}
2019-08-20 20:43:15,451 : EventManager : Event: ======'player_super_gold_acheived'====== Args={'value': 0, 'prev_value': 0, 'change': 0, 'player_num': 1}
2019-08-20 20:43:15,451 : EventManager : Event: ======'player_reputation'====== Args={'value': 0, 'prev_value': 0, 'change': 0, 'player_num': 1}
2019-08-20 20:43:15,451 : EventManager : Event: ======'player_rep_multiplier'====== Args={'value': 1.0, 'prev_value': 0, 'change': 1.0, 'player_num': 1}
2019-08-20 20:43:15,452 : EventManager : Event: ======'player_pvp_lanes_completed'====== Args={'value': 0, 'prev_value': 0, 'change': 0, 'player_num': 1}
2019-08-20 20:43:15,452 : EventManager : Event: ======'player_xp_lanes_completed'====== Args={'value': 0, 'prev_value': 0, 'change': 0, 'player_num': 1}
2019-08-20 20:43:15,452 : EventManager : Event: ======'player_quest_targets_completed'====== Args={'value': 0, 'prev_value': 0, 'change': 0, 'player_num': 1}
2019-08-20 20:43:15,463 : EventManager : Event: ======'player_ball'====== Args={'value': 1, 'prev_value': 0, 'change': 1, 'player_num': 1}
2019-08-20 20:43:15,463 : EventManager : Event: ======'player_turn_start'====== Args={'number': 1, 'player': <Player 1>}
2019-08-20 20:43:15,475 : EventManager : Event: ======'player_shot_shot_quest_target_1_enabled'====== Args={'value': True, 'prev_value': 0, 'change': 1, 'player_num': 1}
2019-08-20 20:43:15,475 : EventManager : Event: ======'player_shot_shot_quest_target_2_enabled'====== Args={'value': True, 'prev_value': 0, 'change': 1, 'player_num': 1}
2019-08-20 20:43:15,475 : EventManager : Event: ======'player_shot_shot_quest_target_3_enabled'====== Args={'value': True, 'prev_value': 0, 'change': 1, 'player_num': 1}
2019-08-20 20:43:15,475 : EventManager : Event: ======'player_shot_shot_quest_target_4_enabled'====== Args={'value': True, 'prev_value': 0, 'change': 1, 'player_num': 1}
2019-08-20 20:43:15,475 : EventManager : Event: ======'player_shot_shot_quest_target_5_enabled'====== Args={'value': True, 'prev_value': 0, 'change': 1, 'player_num': 1}
2019-08-20 20:43:15,475 : EventManager : Event: ======'player_shot_shot_left_return_lane_left_enabled'====== Args={'value': True, 'prev_value': 0, 'change': 1, 'player_num': 1}
2019-08-20 20:43:15,475 : EventManager : Event: ======'player_shot_shot_left_return_lane_right_enabled'====== Args={'value': True, 'prev_value': 0, 'change': 1, 'player_num': 1}
2019-08-20 20:43:15,475 : EventManager : Event: ======'player_shot_shot_right_return_lane_enabled'====== Args={'value': True, 'prev_value': 0, 'change': 1, 'player_num': 1}
2019-08-20 20:43:15,487 : EventManager : Event: ======'player_shot_shot_top_lane_left_enabled'====== Args={'value': True, 'prev_value': 0, 'change': 1, 'player_num': 1}
2019-08-20 20:43:15,487 : EventManager : Event: ======'player_shot_shot_top_lane_right_enabled'====== Args={'value': True, 'prev_value': 0, 'change': 1, 'player_num': 1}
2019-08-20 20:43:15,487 : EventManager : Event: ======'player_shot_bumpers_enabled'====== Args={'value': True, 'prev_value': 0, 'change': 1, 'player_num': 1}
2019-08-20 20:43:15,487 : EventManager : Event: ======'slides_play'====== Args={'settings': {'widgets': {'widgets': [{'type': 'text', 'text': '(score)', 'number_grouping': True, 'min_digits': 2, 'font_size': 100, 'font_name': 'FRIZQT__', '_default_settings': ['type', 'text', 'number_grouping', 'min_digits', 'font_size', 'font_name'], 'x': None, 'y': None, 'anchor_x': 'center', 'anchor_y': 'center', 'round_anchor_x': None, 'round_anchor_y': None, 'opacity': 1.0, 'z': 0, 'reset_animations_events': {}, 'color': [1.0, 1.0, 1.0, 1.0], 'style': [], 'adjust_top': 0, 'adjust_bottom': 0, 'adjust_left': 0, 'adjust_right': 0, 'expire': None, 'key': None, 'widget': None, 'events_when_added': [], 'events_when_removed': [], 'bitmap_font': False, 'font_kerning': True, 'bold': False, 'italic': False, 'halign': 'center', 'valign': 'middle', 'rotation': 0, 'scale': 1.0, 'casing': None, 'animations': None}, {'type': 'text', 'text': 'PLAYER (number)', 'y': '10', 'x': '10', 'font_size': 50, 'font_name': 'FRIZQT__', 'anchor_x': 'left', 'anchor_y': 'bottom', '_default_settings': ['type', 'text', 'y', 'x', 'font_size', 'font_name', 'anchor_x', 'anchor_y'], 'round_anchor_x': None, 'round_anchor_y': None, 'opacity': 1.0, 'z': 0, 'reset_animations_events': {}, 'color': [1.0, 1.0, 1.0, 1.0], 'style': [], 'adjust_top': 0, 'adjust_bottom': 0, 'adjust_left': 0, 'adjust_right': 0, 'expire': None, 'key': None, 'widget': None, 'events_when_added': [], 'events_when_removed': [], 'bitmap_font': False, 'font_kerning': True, 'bold': False, 'italic': False, 'number_grouping': False, 'min_digits': 0, 'halign': 'center', 'valign': 'middle', 'rotation': 0, 'scale': 1.0, 'casing': None, 'animations': None}, {'type': 'text', 'text': 'BALL (ball)', 'y': '10', 'x': 'right-10', 'anchor_x': 'right', 'anchor_y': 'bottom', 'font_size': 50, 'font_name': 'FRIZQT__', '_default_settings': ['type', 'text', 'y', 'x', 'anchor_x', 'anchor_y', 'font_size', 'font_name'], 'round_anchor_x': None, 'round_anchor_y': None, 'opacity': 1.0, 'z': 0, 'reset_animations_events': {}, 'color': [1.0, 1.0, 1.0, 1.0], 'style': [], 'adjust_top': 0, 'adjust_bottom': 0, 'adjust_left': 0, 'adjust_right': 0, 'expire': None, 'key': None, 'widget': None, 'events_when_added': [], 'events_when_removed': [], 'bitmap_font': False, 'font_kerning': True, 'bold': False, 'italic': False, 'number_grouping': False, 'min_digits': 0, 'halign': 'center', 'valign': 'middle', 'rotation': 0, 'scale': 1.0, 'casing': None, 'animations': None}, {'type': 'text', 'text': 'Gold: (gold)', 'y': '40%', 'font_name': 'FRIZQT__', '_default_settings': ['type', 'text', 'y', 'font_name'], 'x': None, 'anchor_x': 'center', 'anchor_y': 'center', 'round_anchor_x': None, 'round_anchor_y': None, 'opacity': 1.0, 'z': 0, 'reset_animations_events': {}, 'color': [1.0, 1.0, 1.0, 1.0], 'style': [], 'adjust_top': 0, 'adjust_bottom': 0, 'adjust_left': 0, 'adjust_right': 0, 'expire': None, 'key': None, 'widget': None, 'events_when_added': [], 'events_when_removed': [], 'font_size': 15, 'bitmap_font': False, 'font_kerning': True, 'bold': False, 'italic': False, 'number_grouping': False, 'min_digits': 0, 'halign': 'center', 'valign': 'middle', 'rotation': 0, 'scale': 1.0, 'casing': None, 'animations': None}], 'target': None, 'background_color': [0.0, 0.0, 0.0, 1.0], 'priority': None, 'show': True, 'force': False, 'expire': None, 'slide': None, 'tokens': {}, 'action': 'play'}}, 'context': 'base', 'calling_context': 'mode_base_started', 'priority': 100, 'queue': '<QueuedEvent>', 'player': 1, 'ball': 1, 'balls_remaining': 2, 'is_extra_ball': False}
2019-08-20 20:43:15,487 : mpfmc : SlidePlayer: Play called with settings={'widgets': {'widgets': [{'type': 'text', 'text': '(score)', 'number_grouping': True, 'min_digits': 2, 'font_size': 100, 'font_name': 'FRIZQT__', '_default_settings': ['type', 'text', 'number_grouping', 'min_digits', 'font_size', 'font_name'], 'x': None, 'y': None, 'anchor_x': 'center', 'anchor_y': 'center', 'round_anchor_x': None, 'round_anchor_y': None, 'opacity': 1.0, 'z': 0, 'reset_animations_events': {}, 'color': [1.0, 1.0, 1.0, 1.0], 'style': [], 'adjust_top': 0, 'adjust_bottom': 0, 'adjust_left': 0, 'adjust_right': 0, 'expire': None, 'key': None, 'widget': None, 'events_when_added': [], 'events_when_removed': [], 'bitmap_font': False, 'font_kerning': True, 'bold': False, 'italic': False, 'halign': 'center', 'valign': 'middle', 'rotation': 0, 'scale': 1.0, 'casing': None, 'animations': None}, {'type': 'text', 'text': 'PLAYER (number)', 'y': '10', 'x': '10', 'font_size': 50, 'font_name': 'FRIZQT__', 'anchor_x': 'left', 'anchor_y': 'bottom', '_default_settings': ['type', 'text', 'y', 'x', 'font_size', 'font_name', 'anchor_x', 'anchor_y'], 'round_anchor_x': None, 'round_anchor_y': None, 'opacity': 1.0, 'z': 0, 'reset_animations_events': {}, 'color': [1.0, 1.0, 1.0, 1.0], 'style': [], 'adjust_top': 0, 'adjust_bottom': 0, 'adjust_left': 0, 'adjust_right': 0, 'expire': None, 'key': None, 'widget': None, 'events_when_added': [], 'events_when_removed': [], 'bitmap_font': False, 'font_kerning': True, 'bold': False, 'italic': False, 'number_grouping': False, 'min_digits': 0, 'halign': 'center', 'valign': 'middle', 'rotation': 0, 'scale': 1.0, 'casing': None, 'animations': None}, {'type': 'text', 'text': 'BALL (ball)', 'y': '10', 'x': 'right-10', 'anchor_x': 'right', 'anchor_y': 'bottom', 'font_size': 50, 'font_name': 'FRIZQT__', '_default_settings': ['type', 'text', 'y', 'x', 'anchor_x', 'anchor_y', 'font_size', 'font_name'], 'round_anchor_x': None, 'round_anchor_y': None, 'opacity': 1.0, 'z': 0, 'reset_animations_events': {}, 'color': [1.0, 1.0, 1.0, 1.0], 'style': [], 'adjust_top': 0, 'adjust_bottom': 0, 'adjust_left': 0, 'adjust_right': 0, 'expire': None, 'key': None, 'widget': None, 'events_when_added': [], 'events_when_removed': [], 'bitmap_font': False, 'font_kerning': True, 'bold': False, 'italic': False, 'number_grouping': False, 'min_digits': 0, 'halign': 'center', 'valign': 'middle', 'rotation': 0, 'scale': 1.0, 'casing': None, 'animations': None}, {'type': 'text', 'text': 'Gold: (gold)', 'y': '40%', 'font_name': 'FRIZQT__', '_default_settings': ['type', 'text', 'y', 'font_name'], 'x': None, 'anchor_x': 'center', 'anchor_y': 'center', 'round_anchor_x': None, 'round_anchor_y': None, 'opacity': 1.0, 'z': 0, 'reset_animations_events': {}, 'color': [1.0, 1.0, 1.0, 1.0], 'style': [], 'adjust_top': 0, 'adjust_bottom': 0, 'adjust_left': 0, 'adjust_right': 0, 'expire': None, 'key': None, 'widget': None, 'events_when_added': [], 'events_when_removed': [], 'font_size': 15, 'bitmap_font': False, 'font_kerning': True, 'bold': False, 'italic': False, 'number_grouping': False, 'min_digits': 0, 'halign': 'center', 'valign': 'middle', 'rotation': 0, 'scale': 1.0, 'casing': None, 'animations': None}], 'target': None, 'background_color': [0.0, 0.0, 0.0, 1.0], 'priority': None, 'show': True, 'force': False, 'expire': None, 'slide': None, 'tokens': {}, 'action': 'play'}}
2019-08-20 20:43:15,494 : EventManager : Event: ======'slide_base.slide_player-mode_base_started_created'====== Args={}
2019-08-20 20:43:15,500 : EventManager : Event: ======'slide_base.slide_player-mode_base_started_active'====== Args={}
2019-08-20 20:43:15,616 : EventManager : Event: ======'machine_var_audits_switches_s_shooter_lane'====== Args={'value': 11, 'prev_value': 10, 'change': 1}
2019-08-20 20:44:15,291 : EventManager : Event: ======'machine_var_audits_switches_s_lockdown_button'====== Args={'value': 6, 'prev_value': 5, 'change': 1}
2019-08-20 20:44:27,929 : EventManager : Event: ======'machine_var_audits_switches_s_left_pop_bumper'====== Args={'value': 3, 'prev_value': 2, 'change': 1}
2019-08-20 20:44:27,929 : EventManager : Event: ======'player_shot_bumpers'====== Args={'value': 1, 'prev_value': 0, 'change': 1, 'player_num': 1}
2019-08-20 20:44:27,941 : EventManager : Event: ======'machine_var_audits_shots_bumpers'====== Args={'value': 62, 'prev_value': 61, 'change': 1}
2019-08-20 20:44:30,239 : EventManager : Event: ======'machine_var_audits_switches_s_left_pop_bumper'====== Args={'value': 4, 'prev_value': 3, 'change': 1}
2019-08-20 20:44:30,239 : EventManager : Event: ======'machine_var_audits_shots_bumpers'====== Args={'value': 63, 'prev_value': 62, 'change': 1}
2019-08-20 20:44:35,195 : EventManager : Event: ======'machine_var_audits_switches_s_right_pop_bumper'====== Args={'value': 1, 'prev_value': 0, 'change': 1}
2019-08-20 20:44:35,195 : EventManager : Event: ======'machine_var_audits_shots_bumpers'====== Args={'value': 64, 'prev_value': 63, 'change': 1}
2019-08-20 20:44:39,863 : EventManager : Event: ======'machine_var_audits_switches_s_right_pop_bumper'====== Args={'value': 2, 'prev_value': 1, 'change': 1}
2019-08-20 20:44:39,863 : EventManager : Event: ======'machine_var_audits_shots_bumpers'====== Args={'value': 65, 'prev_value': 64, 'change': 1}
2019-08-20 20:44:40,886 : EventManager : Event: ======'machine_var_audits_switches_s_right_pop_bumper'====== Args={'value': 3, 'prev_value': 2, 'change': 1}
2019-08-20 20:44:40,886 : EventManager : Event: ======'machine_var_audits_shots_bumpers'====== Args={'value': 66, 'prev_value': 65, 'change': 1}
2019-08-20 20:45:05,945 : kivy : Base: Leaving application in progress...
2019-08-20 20:45:05,945 : mpfmc : Stopping...
2019-08-20 20:45:05,946 : EventManager : Event: ======'shutdown'====== Args={}
2019-08-20 20:45:05,946 : mpfmc : Loop rate 78.65 Hz
2019-08-20 20:45:05,946 : kivy : MC run loop ended.
2019-08-20 20:45:05,946 : kivy : Stopping child threads... (3 remaining)
2019-08-20 20:45:06,917 : mpfmc : Stopping...
2019-08-20 20:45:06,917 : EventManager : Event: ======'shutdown'====== Args={}
2019-08-20 20:45:06,917 : mpfmc : Loop rate 78.02 Hz
2019-08-20 20:45:06,946 : MPF-MC BCP Server : Stopping BCP sending thread
2019-08-20 20:45:06,951 : kivy : All child threads stopped.
