2019-08-20 20:54:00,970 : INFO : Machine : Mission Pinball Framework Core Engine v0.53.0-dev.52
2019-08-20 20:54:00,971 : INFO : Machine : Command line arguments: {'no_load_cache': False, 'create_config_cache': True, 'bcp': True, 'configfile': ['config.yaml'], 'mpfconfigfile': 'c:\\program files\\python36\\lib\\site-packages\\mpf\\mpfconfig.yaml', 'force_assets_load': False, 'jsonlogging': False, 'logfile': 'logs\\2019-08-20-20-54-00-mpf-LOLTH.log', 'pause': False, 'production': False, 'text_ui': True, 'loglevel': 15, 'consoleloglevel': 20, 'force_platform': 'smart_virtual', 'syslog_address': None, 'mc_file_name': None, 'no_sound': False}
2019-08-20 20:54:00,971 : INFO : Machine : MPF path: c:\program files\python36\lib\site-packages\mpf
2019-08-20 20:54:00,971 : INFO : Machine : Machine path: C:\Users\jgbcross\Desktop\github\WoW_Classic-Pinball
2019-08-20 20:54:00,971 : INFO : Machine : Platform: win32
2019-08-20 20:54:00,971 : INFO : Machine : Python executable location: c:\program files\python36\python.exe
2019-08-20 20:54:00,971 : INFO : Machine : Python version: 3.6.4 (64-bit)
2019-08-20 20:54:00,971 : INFO : Machine : Machine config file #1: config.yaml
2019-08-20 20:54:00,972 : INFO : ConfigProcessor : Loading config from cache: C:\Users\jgbcross\AppData\Local\Temp\b888024debe8f75c3226150033d0b8f8.mpf_cache
2019-08-20 20:54:00,973 : INFO : Machine : Initialise MPF.
2019-08-20 20:54:01,119 : INFO : EventManager : Event: ======'machine_var_credits_string'====== Args={'value': 'FREE PLAY', 'prev_value': None, 'change': True}
2019-08-20 20:54:01,143 : INFO : EventManager : Event: ======'machine_var_player1_score'====== Args={'value': 330, 'prev_value': None, 'change': True}
2019-08-20 20:54:01,143 : INFO : EventManager : Event: ======'machine_var_mpf_version'====== Args={'value': 'MPF v0.53.0-dev.52', 'prev_value': None, 'change': True}
2019-08-20 20:54:01,143 : INFO : EventManager : Event: ======'machine_var_mpf_extended_version'====== Args={'value': 'MPF v0.53.0-dev.52, Config version:5, Show version: 5, BCP version:1.1', 'prev_value': None, 'change': True}
2019-08-20 20:54:01,143 : INFO : EventManager : Event: ======'machine_var_python_version'====== Args={'value': '3.6.4', 'prev_value': None, 'change': True}
2019-08-20 20:54:01,143 : INFO : EventManager : Event: ======'machine_var_platform'====== Args={'value': 'Windows-10-10.0.18362-SP0', 'prev_value': None, 'change': True}
2019-08-20 20:54:01,143 : INFO : EventManager : Event: ======'machine_var_platform_system'====== Args={'value': 'Windows', 'prev_value': None, 'change': True}
2019-08-20 20:54:01,143 : INFO : EventManager : Event: ======'machine_var_platform_release'====== Args={'value': '10', 'prev_value': None, 'change': True}
2019-08-20 20:54:01,144 : INFO : EventManager : Event: ======'machine_var_platform_version'====== Args={'value': '10.0.18362', 'prev_value': None, 'change': True}
2019-08-20 20:54:01,144 : INFO : EventManager : Event: ======'machine_var_platform_machine'====== Args={'value': 'AMD64', 'prev_value': None, 'change': True}
2019-08-20 20:54:01,144 : INFO : EventManager : Event: ======'init_phase_1'====== Args={}
2019-08-20 20:54:01,165 : INFO : ConfigProcessor : Loading config from cache: C:\Users\jgbcross\AppData\Local\Temp\8e1a6a6e716428615d3205ffe45b9b4d.mpf_cache
2019-08-20 20:54:01,169 : INFO : ConfigProcessor : Loading config from cache: C:\Users\jgbcross\AppData\Local\Temp\0d78f0fb76ce90413442c2b7a196c7da.mpf_cache
2019-08-20 20:54:01,171 : INFO : ConfigProcessor : Loading config from cache: C:\Users\jgbcross\AppData\Local\Temp\3d1b8a74ec65a169731f17cfe06cf938.mpf_cache
2019-08-20 20:54:01,173 : INFO : ConfigProcessor : Loading config from cache: C:\Users\jgbcross\AppData\Local\Temp\e140c0164a05ad5fcc304ee02ad77dad.mpf_cache
2019-08-20 20:54:01,175 : INFO : ConfigProcessor : Loading config from cache: C:\Users\jgbcross\AppData\Local\Temp\773e72d6711483bbecf425ac3ab79443.mpf_cache
2019-08-20 20:54:01,177 : INFO : ConfigProcessor : Loading config from cache: C:\Users\jgbcross\AppData\Local\Temp\c309900c81551d04caee6839600d76c5.mpf_cache
2019-08-20 20:54:01,179 : INFO : ConfigProcessor : Loading config from cache: C:\Users\jgbcross\AppData\Local\Temp\c7ba1d60bed6701f21aa70c0b597f7ff.mpf_cache
2019-08-20 20:54:01,181 : INFO : ConfigProcessor : Loading config from cache: C:\Users\jgbcross\AppData\Local\Temp\54ec261b09bad8c6580a7abaec866ef7.mpf_cache
2019-08-20 20:54:01,184 : INFO : ConfigProcessor : Loading config from cache: C:\Users\jgbcross\AppData\Local\Temp\f59debb651560443703eed438ef87128.mpf_cache
2019-08-20 20:54:01,223 : INFO : EventManager : Event: ======'init_phase_2'====== Args={}
2019-08-20 20:54:01,224 : INFO : SwitchController : Found active switch: ('8-32', <Platform.SmartVirtual>)
2019-08-20 20:54:01,224 : INFO : SwitchController : Found active switch: ('8-33', <Platform.SmartVirtual>)
2019-08-20 20:54:01,224 : INFO : SwitchController : Found active switch: ('8-34', <Platform.SmartVirtual>)
2019-08-20 20:54:01,224 : INFO : SwitchController : Found active switch: ('8-35', <Platform.SmartVirtual>)
2019-08-20 20:54:01,224 : INFO : SwitchController : Found active switch: ('8-36', <Platform.SmartVirtual>)
2019-08-20 20:54:01,224 : INFO : SwitchController : Found active switch: ('8-37', <Platform.SmartVirtual>)
2019-08-20 20:54:01,232 : INFO : EventManager : Event: ======'bcp_connection_attempt'====== Args={'name': 'local_display', 'host': 'localhost', 'port': 5050}
2019-08-20 20:54:01,233 : INFO : BCPClientSocket : Connecting BCP to 'local_display' at localhost:5050...
2019-08-20 20:54:03,243 : INFO : BCPClientSocket : Connected BCP to 'local_display' localhost:5050
2019-08-20 20:54:03,244 : INFO : EventManager : Event: ======'bcp_clients_connected'====== Args={}
2019-08-20 20:54:03,252 : INFO : EventManager : Event: ======'machine_var_master_volume'====== Args={'value': 0.5, 'prev_value': None, 'change': True}
2019-08-20 20:54:03,276 : INFO : EventManager : Event: ======'init_phase_3'====== Args={}
2019-08-20 20:54:03,277 : INFO : AssetManager : Registering Asset: super_gold_acheived, File: super_gold_acheived.yaml, Default Group: default, Final Config: {'load': 'preload', 'file': 'C:\\Users\\jgbcross\\Desktop\\github\\WoW_Classic-Pinball\\modes\\super_gold\\shows\\super_gold_acheived.yaml'}
2019-08-20 20:54:03,277 : INFO : AssetManager : Registering Asset: super_gold_started, File: super_gold_started.yaml, Default Group: default, Final Config: {'load': 'preload', 'file': 'C:\\Users\\jgbcross\\Desktop\\github\\WoW_Classic-Pinball\\modes\\super_gold\\shows\\super_gold_started.yaml'}
2019-08-20 20:54:03,277 : INFO : AssetManager : Registering Asset: attract_display_loop, File: attract_display_loop.yaml, Default Group: default, Final Config: {'load': 'preload', 'file': 'C:\\Users\\jgbcross\\Desktop\\github\\WoW_Classic-Pinball\\modes\\attract\\shows\\attract_display_loop.yaml'}
2019-08-20 20:54:03,278 : INFO : AssetManager : Registering Asset: attract_light_show, File: attract_light_show.yaml, Default Group: default, Final Config: {'load': 'preload', 'file': 'C:\\Users\\jgbcross\\Desktop\\github\\WoW_Classic-Pinball\\modes\\attract\\shows\\attract_light_show.yaml'}
2019-08-20 20:54:03,280 : INFO : ConfigProcessor : Loading config from cache: C:\Users\jgbcross\AppData\Local\Temp\7ea283a0c9db94b9910e856d2b83198c.mpf_cache
2019-08-20 20:54:03,280 : INFO : EventManager : Event: ======'loading_assets'====== Args={'total': 4, 'loaded': 1, 'remaining': 3, 'percent': 25}
2019-08-20 20:54:03,280 : INFO : AssetManager : Loading assets: 1/4 (25%)
2019-08-20 20:54:03,281 : INFO : ConfigProcessor : Loading config from cache: C:\Users\jgbcross\AppData\Local\Temp\52d6b6454cac10b256882698b3caa8c9.mpf_cache
2019-08-20 20:54:03,282 : INFO : ConfigProcessor : Loading config from cache: C:\Users\jgbcross\AppData\Local\Temp\49149998d6049df690f544dddbe8abef.mpf_cache
2019-08-20 20:54:03,287 : INFO : ConfigProcessor : Loading config from cache: C:\Users\jgbcross\AppData\Local\Temp\6b2572f3de420627f613d21597967d85.mpf_cache
2019-08-20 20:54:03,288 : INFO : EventManager : Event: ======'loading_assets'====== Args={'total': 4, 'loaded': 4, 'remaining': 0, 'percent': 100}
2019-08-20 20:54:03,288 : INFO : EventManager : Event: ======'asset_loading_complete'====== Args={}
2019-08-20 20:54:03,288 : INFO : AssetManager : Loading assets: 4/4 (100%)
2019-08-20 20:54:03,288 : INFO : EventManager : Event: ======'init_phase_4'====== Args={}
2019-08-20 20:54:03,293 : INFO : EventManager : Event: ======'machine_var_audits_events_game_ended'====== Args={'value': 1, 'prev_value': None, 'change': True}
2019-08-20 20:54:03,294 : INFO : EventManager : Event: ======'machine_var_audits_events_game_started'====== Args={'value': 12, 'prev_value': None, 'change': True}
2019-08-20 20:54:03,294 : INFO : EventManager : Event: ======'machine_var_audits_player_score'====== Args={'value': {'average': 330.0, 'top': [330], 'total': 1}, 'prev_value': None, 'change': True}
2019-08-20 20:54:03,294 : INFO : EventManager : Event: ======'machine_var_audits_shots_bumpers'====== Args={'value': 128, 'prev_value': None, 'change': True}
2019-08-20 20:54:03,294 : INFO : EventManager : Event: ======'machine_var_audits_shots_shot_left_return_lane_left'====== Args={'value': 1, 'prev_value': None, 'change': True}
2019-08-20 20:54:03,294 : INFO : EventManager : Event: ======'machine_var_audits_shots_shot_left_return_lane_right'====== Args={'value': 2, 'prev_value': None, 'change': True}
2019-08-20 20:54:03,294 : INFO : EventManager : Event: ======'machine_var_audits_shots_shot_quest_target_1'====== Args={'value': 5, 'prev_value': None, 'change': True}
2019-08-20 20:54:03,295 : INFO : EventManager : Event: ======'machine_var_audits_shots_shot_quest_target_2'====== Args={'value': 3, 'prev_value': None, 'change': True}
2019-08-20 20:54:03,295 : INFO : EventManager : Event: ======'machine_var_audits_shots_shot_quest_target_3'====== Args={'value': 3, 'prev_value': None, 'change': True}
2019-08-20 20:54:03,295 : INFO : EventManager : Event: ======'machine_var_audits_shots_shot_quest_target_4'====== Args={'value': 3, 'prev_value': None, 'change': True}
2019-08-20 20:54:03,295 : INFO : EventManager : Event: ======'machine_var_audits_shots_shot_quest_target_5'====== Args={'value': 3, 'prev_value': None, 'change': True}
2019-08-20 20:54:03,295 : INFO : EventManager : Event: ======'machine_var_audits_shots_shot_top_lane_left'====== Args={'value': 4, 'prev_value': None, 'change': True}
2019-08-20 20:54:03,295 : INFO : EventManager : Event: ======'machine_var_audits_shots_shot_top_lane_right'====== Args={'value': 7, 'prev_value': None, 'change': True}
2019-08-20 20:54:03,296 : INFO : EventManager : Event: ======'machine_var_audits_switches_s_ah_standup_target'====== Args={'value': 0, 'prev_value': None, 'change': True}
2019-08-20 20:54:03,296 : INFO : EventManager : Event: ======'machine_var_audits_switches_s_arena_motor_away'====== Args={'value': 0, 'prev_value': None, 'change': True}
2019-08-20 20:54:03,296 : INFO : EventManager : Event: ======'machine_var_audits_switches_s_arena_motor_home'====== Args={'value': 0, 'prev_value': None, 'change': True}
2019-08-20 20:54:03,296 : INFO : EventManager : Event: ======'machine_var_audits_switches_s_arena_opto'====== Args={'value': 0, 'prev_value': None, 'change': True}
2019-08-20 20:54:03,296 : INFO : EventManager : Event: ======'machine_var_audits_switches_s_arena_trough_1'====== Args={'value': 0, 'prev_value': None, 'change': True}
2019-08-20 20:54:03,297 : INFO : EventManager : Event: ======'machine_var_audits_switches_s_arena_trough_2'====== Args={'value': 0, 'prev_value': None, 'change': True}
2019-08-20 20:54:03,297 : INFO : EventManager : Event: ======'machine_var_audits_switches_s_arena_trough_3'====== Args={'value': 0, 'prev_value': None, 'change': True}
2019-08-20 20:54:03,297 : INFO : EventManager : Event: ======'machine_var_audits_switches_s_arena_trough_4'====== Args={'value': 0, 'prev_value': None, 'change': True}
2019-08-20 20:54:03,297 : INFO : EventManager : Event: ======'machine_var_audits_switches_s_bottom_pop_bumper'====== Args={'value': 68, 'prev_value': None, 'change': True}
2019-08-20 20:54:03,297 : INFO : EventManager : Event: ======'machine_var_audits_switches_s_center_coin'====== Args={'value': 0, 'prev_value': None, 'change': True}
2019-08-20 20:54:03,297 : INFO : EventManager : Event: ======'machine_var_audits_switches_s_center_drop_target'====== Args={'value': 0, 'prev_value': None, 'change': True}
2019-08-20 20:54:03,298 : INFO : EventManager : Event: ======'machine_var_audits_switches_s_kickback_opto'====== Args={'value': 0, 'prev_value': None, 'change': True}
2019-08-20 20:54:03,298 : INFO : EventManager : Event: ======'machine_var_audits_switches_s_left_coin'====== Args={'value': 0, 'prev_value': None, 'change': True}
2019-08-20 20:54:03,298 : INFO : EventManager : Event: ======'machine_var_audits_switches_s_left_flipper_button'====== Args={'value': 8, 'prev_value': None, 'change': True}
2019-08-20 20:54:03,298 : INFO : EventManager : Event: ======'machine_var_audits_switches_s_left_flipper_eos'====== Args={'value': 0, 'prev_value': None, 'change': True}
2019-08-20 20:54:03,298 : INFO : EventManager : Event: ======'machine_var_audits_switches_s_left_lane'====== Args={'value': 0, 'prev_value': None, 'change': True}
2019-08-20 20:54:03,299 : INFO : EventManager : Event: ======'machine_var_audits_switches_s_left_lane_target'====== Args={'value': 0, 'prev_value': None, 'change': True}
2019-08-20 20:54:03,299 : INFO : EventManager : Event: ======'machine_var_audits_switches_s_left_orbit'====== Args={'value': 0, 'prev_value': None, 'change': True}
2019-08-20 20:54:03,299 : INFO : EventManager : Event: ======'machine_var_audits_switches_s_left_outlane'====== Args={'value': 0, 'prev_value': None, 'change': True}
2019-08-20 20:54:03,299 : INFO : EventManager : Event: ======'machine_var_audits_switches_s_left_pop_bumper'====== Args={'value': 22, 'prev_value': None, 'change': True}
2019-08-20 20:54:03,299 : INFO : EventManager : Event: ======'machine_var_audits_switches_s_left_ramp_exit'====== Args={'value': 0, 'prev_value': None, 'change': True}
2019-08-20 20:54:03,300 : INFO : EventManager : Event: ======'machine_var_audits_switches_s_left_return_lane_left'====== Args={'value': 1, 'prev_value': None, 'change': True}
2019-08-20 20:54:03,300 : INFO : EventManager : Event: ======'machine_var_audits_switches_s_left_return_lane_right'====== Args={'value': 2, 'prev_value': None, 'change': True}
2019-08-20 20:54:03,300 : INFO : EventManager : Event: ======'machine_var_audits_switches_s_left_slingshot'====== Args={'value': 0, 'prev_value': None, 'change': True}
2019-08-20 20:54:03,300 : INFO : EventManager : Event: ======'machine_var_audits_switches_s_lockdown_button'====== Args={'value': 10, 'prev_value': None, 'change': True}
2019-08-20 20:54:03,300 : INFO : EventManager : Event: ======'machine_var_audits_switches_s_loot_target_bottom'====== Args={'value': 0, 'prev_value': None, 'change': True}
2019-08-20 20:54:03,301 : INFO : EventManager : Event: ======'machine_var_audits_switches_s_loot_target_top'====== Args={'value': 0, 'prev_value': None, 'change': True}
2019-08-20 20:54:03,301 : INFO : EventManager : Event: ======'machine_var_audits_switches_s_quest_target_1'====== Args={'value': 5, 'prev_value': None, 'change': True}
2019-08-20 20:54:03,301 : INFO : EventManager : Event: ======'machine_var_audits_switches_s_quest_target_2'====== Args={'value': 3, 'prev_value': None, 'change': True}
2019-08-20 20:54:03,301 : INFO : EventManager : Event: ======'machine_var_audits_switches_s_quest_target_3'====== Args={'value': 3, 'prev_value': None, 'change': True}
2019-08-20 20:54:03,302 : INFO : EventManager : Event: ======'machine_var_audits_switches_s_quest_target_4'====== Args={'value': 3, 'prev_value': None, 'change': True}
2019-08-20 20:54:03,302 : INFO : EventManager : Event: ======'machine_var_audits_switches_s_quest_target_5'====== Args={'value': 3, 'prev_value': None, 'change': True}
2019-08-20 20:54:03,302 : INFO : EventManager : Event: ======'machine_var_audits_switches_s_right_coin'====== Args={'value': 0, 'prev_value': None, 'change': True}
2019-08-20 20:54:03,302 : INFO : EventManager : Event: ======'machine_var_audits_switches_s_right_flipper_button'====== Args={'value': 6, 'prev_value': None, 'change': True}
2019-08-20 20:54:03,302 : INFO : EventManager : Event: ======'machine_var_audits_switches_s_right_flipper_eos'====== Args={'value': 0, 'prev_value': None, 'change': True}
2019-08-20 20:54:03,303 : INFO : EventManager : Event: ======'machine_var_audits_switches_s_right_orbit'====== Args={'value': 0, 'prev_value': None, 'change': True}
2019-08-20 20:54:03,303 : INFO : EventManager : Event: ======'machine_var_audits_switches_s_right_outlane'====== Args={'value': 0, 'prev_value': None, 'change': True}
2019-08-20 20:54:03,303 : INFO : EventManager : Event: ======'machine_var_audits_switches_s_right_pop_bumper'====== Args={'value': 38, 'prev_value': None, 'change': True}
2019-08-20 20:54:03,304 : INFO : EventManager : Event: ======'machine_var_audits_switches_s_right_ramp_exit'====== Args={'value': 0, 'prev_value': None, 'change': True}
2019-08-20 20:54:03,304 : INFO : EventManager : Event: ======'machine_var_audits_switches_s_right_return_lane'====== Args={'value': 0, 'prev_value': None, 'change': True}
2019-08-20 20:54:03,304 : INFO : EventManager : Event: ======'machine_var_audits_switches_s_right_scoop'====== Args={'value': 0, 'prev_value': None, 'change': True}
2019-08-20 20:54:03,305 : INFO : EventManager : Event: ======'machine_var_audits_switches_s_right_slingshot'====== Args={'value': 0, 'prev_value': None, 'change': True}
2019-08-20 20:54:03,305 : INFO : EventManager : Event: ======'machine_var_audits_switches_s_service_back'====== Args={'value': 0, 'prev_value': None, 'change': True}
2019-08-20 20:54:03,305 : INFO : EventManager : Event: ======'machine_var_audits_switches_s_service_minus'====== Args={'value': 0, 'prev_value': None, 'change': True}
2019-08-20 20:54:03,305 : INFO : EventManager : Event: ======'machine_var_audits_switches_s_service_plus'====== Args={'value': 0, 'prev_value': None, 'change': True}
2019-08-20 20:54:03,306 : INFO : EventManager : Event: ======'machine_var_audits_switches_s_service_select'====== Args={'value': 0, 'prev_value': None, 'change': True}
2019-08-20 20:54:03,306 : INFO : EventManager : Event: ======'machine_var_audits_switches_s_shooter_lane'====== Args={'value': 15, 'prev_value': None, 'change': True}
2019-08-20 20:54:03,306 : INFO : EventManager : Event: ======'machine_var_audits_switches_s_slam_tilt'====== Args={'value': 0, 'prev_value': None, 'change': True}
2019-08-20 20:54:03,306 : INFO : EventManager : Event: ======'machine_var_audits_switches_s_soulstone_target_left'====== Args={'value': 0, 'prev_value': None, 'change': True}
2019-08-20 20:54:03,307 : INFO : EventManager : Event: ======'machine_var_audits_switches_s_soulstone_target_right'====== Args={'value': 0, 'prev_value': None, 'change': True}
2019-08-20 20:54:03,307 : INFO : EventManager : Event: ======'machine_var_audits_switches_s_start_button'====== Args={'value': 0, 'prev_value': None, 'change': True}
2019-08-20 20:54:03,307 : INFO : EventManager : Event: ======'machine_var_audits_switches_s_tilt_pendulum'====== Args={'value': 0, 'prev_value': None, 'change': True}
2019-08-20 20:54:03,307 : INFO : EventManager : Event: ======'machine_var_audits_switches_s_top_lane_left'====== Args={'value': 4, 'prev_value': None, 'change': True}
2019-08-20 20:54:03,308 : INFO : EventManager : Event: ======'machine_var_audits_switches_s_top_lane_right'====== Args={'value': 7, 'prev_value': None, 'change': True}
2019-08-20 20:54:03,308 : INFO : EventManager : Event: ======'machine_var_audits_switches_s_tournament_start_button'====== Args={'value': 0, 'prev_value': None, 'change': True}
2019-08-20 20:54:03,309 : INFO : EventManager : Event: ======'machine_var_audits_switches_s_trough_1'====== Args={'value': 5, 'prev_value': None, 'change': True}
2019-08-20 20:54:03,309 : INFO : EventManager : Event: ======'machine_var_audits_switches_s_trough_2'====== Args={'value': 0, 'prev_value': None, 'change': True}
2019-08-20 20:54:03,309 : INFO : EventManager : Event: ======'machine_var_audits_switches_s_trough_3'====== Args={'value': 0, 'prev_value': None, 'change': True}
2019-08-20 20:54:03,309 : INFO : EventManager : Event: ======'machine_var_audits_switches_s_trough_4'====== Args={'value': 0, 'prev_value': None, 'change': True}
2019-08-20 20:54:03,310 : INFO : EventManager : Event: ======'machine_var_audits_switches_s_trough_5'====== Args={'value': 0, 'prev_value': None, 'change': True}
2019-08-20 20:54:03,310 : INFO : EventManager : Event: ======'machine_var_audits_switches_s_trough_6'====== Args={'value': 0, 'prev_value': None, 'change': True}
2019-08-20 20:54:03,310 : INFO : EventManager : Event: ======'machine_var_audits_switches_s_trough_jam'====== Args={'value': 0, 'prev_value': None, 'change': True}
2019-08-20 20:54:03,311 : INFO : EventManager : Event: ======'init_phase_5'====== Args={}
2019-08-20 20:54:03,322 : INFO : EventManager : Event: ======'init_done'====== Args={}
2019-08-20 20:54:03,322 : INFO : EventManager : Event: ======'machine_reset_phase_1'====== Args={}
2019-08-20 20:54:03,325 : INFO : EventManager : Event: ======'machine_reset_phase_2'====== Args={}
2019-08-20 20:54:03,325 : INFO : EventManager : Event: ======'machine_reset_phase_3'====== Args={}
2019-08-20 20:54:03,325 : INFO : EventManager : Event: ======'mode_tilt_will_start'====== Args={'queue': <QueuedEvent>}
2019-08-20 20:54:03,326 : INFO : EventManager : Event: ======'mode_tilt_starting'====== Args={'queue': <QueuedEvent>}
2019-08-20 20:54:03,326 : INFO : Mode.tilt : Started. Priority: 1000000
2019-08-20 20:54:03,326 : INFO : EventManager : Event: ======'mode_tilt_started'====== Args={'queue': <QueuedEvent>}
2019-08-20 20:54:03,326 : INFO : EventManager : Event: ======'reset_complete'====== Args={}
2019-08-20 20:54:03,326 : INFO : EventManager : Event: ======'mode_attract_will_start'====== Args={}
2019-08-20 20:54:03,327 : INFO : EventManager : Event: ======'mode_attract_starting'====== Args={}
2019-08-20 20:54:03,327 : INFO : Mode.attract : Started. Priority: 10
2019-08-20 20:54:03,327 : INFO : EventManager : Event: ======'mode_attract_started'====== Args={}
2019-08-20 20:54:03,327 : INFO : EventManager : Event: ======'collecting_balls_complete'====== Args={}
2019-08-20 20:54:03,341 : INFO : Machine : Starting the main run loop.
2019-08-20 20:54:03,343 : INFO : EventManager : Event: ======'slide_press_start_created'====== Args={'_from_bcp': True}
2019-08-20 20:54:03,347 : INFO : EventManager : Event: ======'slide_press_start_active'====== Args={'_from_bcp': True}
2019-08-20 20:54:03,529 : INFO : BcpServer : New client connected.
2019-08-20 20:54:06,345 : INFO : EventManager : Event: ======'slide_last_game_score_slide_created'====== Args={'_from_bcp': True}
2019-08-20 20:54:06,357 : INFO : EventManager : Event: ======'slide_last_game_score_slide_active'====== Args={'_from_bcp': True}
2019-08-20 20:54:09,335 : INFO : EventManager : Event: ======'slide_press_start_removed'====== Args={'_from_bcp': True}
2019-08-20 20:54:09,338 : INFO : EventManager : Event: ======'slide_press_start_created'====== Args={'_from_bcp': True}
2019-08-20 20:54:09,341 : INFO : EventManager : Event: ======'slide_press_start_active'====== Args={'_from_bcp': True}
2019-08-20 20:54:09,826 : INFO : SwitchController : <<<<<<< 's_start_button' active >>>>>>>
2019-08-20 20:54:10,791 : INFO : SwitchController : <<<<<<< 's_start_button' inactive >>>>>>>
2019-08-20 20:54:10,791 : INFO : EventManager : Event: ======'request_to_start_game'====== Args={}
2019-08-20 20:54:10,791 : INFO : EventManager : Event: ======'game_start'====== Args={'buttons': [], 'hold_time': 0.9529999999940628}
2019-08-20 20:54:10,792 : INFO : EventManager : Event: ======'mode_game_will_start'====== Args={'buttons': [], 'hold_time': 0.9529999999940628}
2019-08-20 20:54:10,792 : INFO : EventManager : Event: ======'mode_game_starting'====== Args={'buttons': [], 'hold_time': 0.9529999999940628}
2019-08-20 20:54:10,793 : INFO : EventManager : Event: ======'mode_attract_will_stop'====== Args={}
2019-08-20 20:54:10,793 : INFO : EventManager : Event: ======'mode_attract_stopping'====== Args={}
2019-08-20 20:54:10,793 : INFO : Mode.attract : Stopped.
2019-08-20 20:54:10,793 : INFO : EventManager : Event: ======'mode_attract_stopped'====== Args={}
2019-08-20 20:54:10,794 : INFO : EventManager : Event: ======'clear'====== Args={'key': 'attract'}
2019-08-20 20:54:10,794 : INFO : Mode.game : Started. Priority: 20
2019-08-20 20:54:10,794 : INFO : EventManager : Event: ======'mode_game_started'====== Args={'buttons': [], 'hold_time': 0.9529999999940628}
2019-08-20 20:54:10,801 : INFO : EventManager : Event: ======'game_will_start'====== Args={}
2019-08-20 20:54:10,802 : INFO : EventManager : Event: ======'game_starting'====== Args={'game': <Mode.game>}
2019-08-20 20:54:10,802 : INFO : EventManager : Event: ======'player_add_request'====== Args={}
2019-08-20 20:54:10,802 : INFO : EventManager : Event: ======'player_will_add'====== Args={'number': 1}
2019-08-20 20:54:10,803 : INFO : EventManager : Event: ======'player_adding'====== Args={'player': <Player 1>, 'number': 1}
2019-08-20 20:54:10,803 : INFO : EventManager : Event: ======'player_added'====== Args={'player': <Player 1>, 'num': 1}
2019-08-20 20:54:10,803 : INFO : Mode.game : Player added successfully. Total players: 1
2019-08-20 20:54:10,803 : INFO : EventManager : Event: ======'player_index'====== Args={'value': 0, 'prev_value': 0, 'change': 0, 'player_num': 1}
2019-08-20 20:54:10,803 : INFO : EventManager : Event: ======'player_number'====== Args={'value': 1, 'prev_value': 1, 'change': 0, 'player_num': 1}
2019-08-20 20:54:10,803 : INFO : EventManager : Event: ======'player_gold'====== Args={'value': 0, 'prev_value': 0, 'change': 0, 'player_num': 1}
2019-08-20 20:54:10,804 : INFO : EventManager : Event: ======'player_super_gold_completed'====== Args={'value': 0, 'prev_value': 0, 'change': 0, 'player_num': 1}
2019-08-20 20:54:10,804 : INFO : EventManager : Event: ======'player_reputation'====== Args={'value': 0, 'prev_value': 0, 'change': 0, 'player_num': 1}
2019-08-20 20:54:10,804 : INFO : EventManager : Event: ======'player_rep_multiplier'====== Args={'value': 1.0, 'prev_value': 1.0, 'change': 0, 'player_num': 1}
2019-08-20 20:54:10,804 : INFO : EventManager : Event: ======'player_pvp_lanes_completed'====== Args={'value': 0, 'prev_value': 0, 'change': 0, 'player_num': 1}
2019-08-20 20:54:10,804 : INFO : EventManager : Event: ======'player_xp_lanes_completed'====== Args={'value': 0, 'prev_value': 0, 'change': 0, 'player_num': 1}
2019-08-20 20:54:10,805 : INFO : EventManager : Event: ======'player_quest_targets_completed'====== Args={'value': 0, 'prev_value': 0, 'change': 0, 'player_num': 1}
2019-08-20 20:54:10,805 : INFO : EventManager : Event: ======'player_score'====== Args={'value': 0, 'prev_value': 0, 'change': 0, 'player_num': 1}
2019-08-20 20:54:10,805 : INFO : EventManager : Event: ======'game_started'====== Args={}
2019-08-20 20:54:10,822 : INFO : EventManager : Event: ======'player_turn_will_start'====== Args={'player': <Player 1>, 'number': 1}
2019-08-20 20:54:10,822 : INFO : EventManager : Event: ======'slide_last_game_score_slide_removed'====== Args={'_from_bcp': True}
2019-08-20 20:54:10,823 : INFO : EventManager : Event: ======'slide_press_start_removed'====== Args={'_from_bcp': True}
2019-08-20 20:54:10,823 : INFO : EventManager : Event: ======'slide_window_blank_active'====== Args={'_from_bcp': True}
2019-08-20 20:54:10,823 : INFO : EventManager : Event: ======'player_turn_starting'====== Args={'player': <Player 1>, 'number': 1}
2019-08-20 20:54:10,823 : INFO : EventManager : Event: ======'player_ball'====== Args={'value': 1, 'prev_value': 0, 'change': 1, 'player_num': 1}
2019-08-20 20:54:10,824 : INFO : EventManager : Event: ======'player_turn_started'====== Args={'player': <Player 1>, 'number': 1}
2019-08-20 20:54:10,825 : INFO : EventManager : Event: ======'ball_will_start'====== Args={'player': 1, 'ball': 1, 'balls_remaining': 2, 'is_extra_ball': False}
2019-08-20 20:54:10,832 : INFO : EventManager : Event: ======'ball_starting'====== Args={'player': 1, 'ball': 1, 'balls_remaining': 2, 'is_extra_ball': False}
2019-08-20 20:54:10,832 : INFO : EventManager : Event: ======'mode_pvp_lanes_watchdog_will_start'====== Args={'queue': <QueuedEvent>, 'player': 1, 'ball': 1, 'balls_remaining': 2, 'is_extra_ball': False}
2019-08-20 20:54:10,832 : INFO : EventManager : Event: ======'player_shot_shot_left_return_lane_left_enabled'====== Args={'value': True, 'prev_value': 0, 'change': 1, 'player_num': 1}
2019-08-20 20:54:10,833 : INFO : EventManager : Event: ======'player_shot_shot_left_return_lane_right_enabled'====== Args={'value': True, 'prev_value': 0, 'change': 1, 'player_num': 1}
2019-08-20 20:54:10,834 : INFO : EventManager : Event: ======'player_shot_shot_right_return_lane_enabled'====== Args={'value': True, 'prev_value': 0, 'change': 1, 'player_num': 1}
2019-08-20 20:54:10,834 : INFO : EventManager : Event: ======'sg_pvp_lanes_complete'====== Args={'state': 'unlit'}
2019-08-20 20:54:10,834 : INFO : EventManager : Event: ======'sg_pvp_lanes_unlit_complete'====== Args={}
2019-08-20 20:54:10,835 : INFO : EventManager : Event: ======'mode_pvp_lanes_watchdog_starting'====== Args={'queue': <QueuedEvent>, 'player': 1, 'ball': 1, 'balls_remaining': 2, 'is_extra_ball': False}
2019-08-20 20:54:10,835 : INFO : EventManager : Event: ======'mode_super_gold_watchdog_will_start'====== Args={'queue': <QueuedEvent>, 'player': 1, 'ball': 1, 'balls_remaining': 2, 'is_extra_ball': False}
2019-08-20 20:54:10,835 : INFO : EventManager : Event: ======'player_shot_bumpers_enabled'====== Args={'value': True, 'prev_value': 0, 'change': 1, 'player_num': 1}
2019-08-20 20:54:10,837 : INFO : EventManager : Event: ======'mode_super_gold_watchdog_starting'====== Args={'queue': <QueuedEvent>, 'player': 1, 'ball': 1, 'balls_remaining': 2, 'is_extra_ball': False}
2019-08-20 20:54:10,837 : INFO : EventManager : Event: ======'mode_xp_lanes_watchdog_will_start'====== Args={'queue': <QueuedEvent>, 'player': 1, 'ball': 1, 'balls_remaining': 2, 'is_extra_ball': False}
2019-08-20 20:54:10,837 : INFO : EventManager : Event: ======'player_shot_shot_top_lane_left_enabled'====== Args={'value': True, 'prev_value': 0, 'change': 1, 'player_num': 1}
2019-08-20 20:54:10,837 : INFO : EventManager : Event: ======'player_shot_shot_top_lane_right_enabled'====== Args={'value': True, 'prev_value': 0, 'change': 1, 'player_num': 1}
2019-08-20 20:54:10,838 : INFO : EventManager : Event: ======'sg_xp_lanes_complete'====== Args={'state': 'unlit'}
2019-08-20 20:54:10,838 : INFO : EventManager : Event: ======'sg_xp_lanes_unlit_complete'====== Args={}
2019-08-20 20:54:10,839 : INFO : EventManager : Event: ======'mode_xp_lanes_watchdog_starting'====== Args={'queue': <QueuedEvent>, 'player': 1, 'ball': 1, 'balls_remaining': 2, 'is_extra_ball': False}
2019-08-20 20:54:10,839 : INFO : EventManager : Event: ======'mode_quest_targets_watchdog_will_start'====== Args={'queue': <QueuedEvent>, 'player': 1, 'ball': 1, 'balls_remaining': 2, 'is_extra_ball': False}
2019-08-20 20:54:10,839 : INFO : EventManager : Event: ======'player_shot_shot_quest_target_1_enabled'====== Args={'value': True, 'prev_value': 0, 'change': 1, 'player_num': 1}
2019-08-20 20:54:10,840 : INFO : EventManager : Event: ======'player_shot_shot_quest_target_2_enabled'====== Args={'value': True, 'prev_value': 0, 'change': 1, 'player_num': 1}
2019-08-20 20:54:10,841 : INFO : EventManager : Event: ======'player_shot_shot_quest_target_3_enabled'====== Args={'value': True, 'prev_value': 0, 'change': 1, 'player_num': 1}
2019-08-20 20:54:10,841 : INFO : EventManager : Event: ======'player_shot_shot_quest_target_4_enabled'====== Args={'value': True, 'prev_value': 0, 'change': 1, 'player_num': 1}
2019-08-20 20:54:10,842 : INFO : EventManager : Event: ======'player_shot_shot_quest_target_5_enabled'====== Args={'value': True, 'prev_value': 0, 'change': 1, 'player_num': 1}
2019-08-20 20:54:10,842 : INFO : EventManager : Event: ======'sg_quest_targets_complete'====== Args={'state': 'unlit'}
2019-08-20 20:54:10,843 : INFO : EventManager : Event: ======'sg_quest_targets_unlit_complete'====== Args={}
2019-08-20 20:54:10,843 : INFO : EventManager : Event: ======'mode_quest_targets_watchdog_starting'====== Args={'queue': <QueuedEvent>, 'player': 1, 'ball': 1, 'balls_remaining': 2, 'is_extra_ball': False}
2019-08-20 20:54:10,843 : INFO : EventManager : Event: ======'mode_base_will_start'====== Args={'queue': <QueuedEvent>, 'player': 1, 'ball': 1, 'balls_remaining': 2, 'is_extra_ball': False}
2019-08-20 20:54:10,843 : INFO : EventManager : Event: ======'mode_base_starting'====== Args={'queue': <QueuedEvent>, 'player': 1, 'ball': 1, 'balls_remaining': 2, 'is_extra_ball': False}
2019-08-20 20:54:10,844 : INFO : Mode.base : Started. Priority: 100
2019-08-20 20:54:10,844 : INFO : EventManager : Event: ======'mode_base_started'====== Args={'queue': <QueuedEvent>, 'player': 1, 'ball': 1, 'balls_remaining': 2, 'is_extra_ball': False}
2019-08-20 20:54:10,845 : INFO : Mode.quest_targets_watchdog : Started. Priority: 200
2019-08-20 20:54:10,845 : INFO : EventManager : Event: ======'mode_quest_targets_watchdog_started'====== Args={'queue': <QueuedEvent>, 'player': 1, 'ball': 1, 'balls_remaining': 2, 'is_extra_ball': False}
2019-08-20 20:54:10,845 : INFO : Mode.xp_lanes_watchdog : Started. Priority: 200
2019-08-20 20:54:10,845 : INFO : EventManager : Event: ======'mode_xp_lanes_watchdog_started'====== Args={'queue': <QueuedEvent>, 'player': 1, 'ball': 1, 'balls_remaining': 2, 'is_extra_ball': False}
2019-08-20 20:54:10,845 : INFO : Mode.pvp_lanes_watchdog : Started. Priority: 200
2019-08-20 20:54:10,845 : INFO : EventManager : Event: ======'mode_pvp_lanes_watchdog_started'====== Args={'queue': <QueuedEvent>, 'player': 1, 'ball': 1, 'balls_remaining': 2, 'is_extra_ball': False}
2019-08-20 20:54:10,846 : INFO : EventManager : Event: ======'balls_in_play'====== Args={'balls': 1}
2019-08-20 20:54:10,846 : INFO : EventManager : Event: ======'ball_started'====== Args={'player': 1, 'ball': 1, 'balls_remaining': 2, 'is_extra_ball': False}
2019-08-20 20:54:10,847 : INFO : EventManager : Event: ======'logicblock_lb_bumpers_count_updated'====== Args={'value': 0, 'enabled': True}
2019-08-20 20:54:10,847 : INFO : EventManager : Event: ======'logicblock_lb_bumpers_count_updated'====== Args={'value': 0, 'enabled': True}
2019-08-20 20:54:10,847 : INFO : EventManager : Event: ======'logicblock_lb_bumpers_resume_updated'====== Args={'value': 0, 'enabled': False}
2019-08-20 20:54:10,847 : INFO : Mode.super_gold_watchdog : Started. Priority: 200
2019-08-20 20:54:10,847 : INFO : EventManager : Event: ======'mode_super_gold_watchdog_started'====== Args={'queue': <QueuedEvent>, 'player': 1, 'ball': 1, 'balls_remaining': 2, 'is_extra_ball': False}
2019-08-20 20:54:10,869 : INFO : EventManager : Event: ======'single_player_ball_started'====== Args={}
2019-08-20 20:54:10,869 : INFO : EventManager : Event: ======'slide_base.slide_player-mode_base_started_created'====== Args={'_from_bcp': True}
2019-08-20 20:54:10,869 : INFO : EventManager : Event: ======'slide_base.slide_player-mode_base_started_active'====== Args={'_from_bcp': True}
2019-08-20 20:54:10,870 : INFO : EventManager : Event: ======'balldevice_balls_available'====== Args={}
2019-08-20 20:54:10,871 : INFO : EventManager : Event: ======'balldevice_bd_trough_ball_eject_attempt'====== Args={'balls': 1, 'target': <ball_device.bd_plunger>, 'source': <ball_device.bd_trough>, 'mechanical_eject': True, 'num_attempts': 0}
2019-08-20 20:54:10,871 : INFO : ball_device.bd_trough : Ejecting ball to <ball_device.bd_plunger>
2019-08-20 20:54:10,871 : INFO : EventManager : Event: ======'balldevice_bd_trough_ejecting_ball'====== Args={'balls': 1, 'target': <ball_device.bd_plunger>, 'source': <ball_device.bd_trough>, 'mechanical_eject': True, 'num_attempts': 0}
2019-08-20 20:54:10,872 : INFO : coil.c_trough_eject : Pulsing Driver for 20ms (1.0 pulse_power)
2019-08-20 20:54:10,872 : INFO : SwitchController : <<<<<<< 's_trough_1' inactive >>>>>>>
2019-08-20 20:54:10,982 : INFO : SwitchController : <<<<<<< 's_shooter_lane' active >>>>>>>
2019-08-20 20:54:10,983 : INFO : EventManager : Event: ======'machine_var_audits_switches_s_shooter_lane'====== Args={'value': 16, 'prev_value': 15, 'change': 1}
2019-08-20 20:54:11,482 : INFO : EventManager : Event: ======'balldevice_bd_plunger_ball_enter'====== Args={'new_balls': 1, 'unclaimed_balls': 0, 'new_available_balls': 0, 'device': <ball_device.bd_plunger>}
2019-08-20 20:54:11,482 : INFO : EventManager : Event: ======'balldevice_bd_plunger_ball_entered'====== Args={'new_balls': 0, 'device': <ball_device.bd_plunger>}
2019-08-20 20:54:11,483 : INFO : EventManager : Event: ======'balldevice_bd_plunger_ball_count_changed'====== Args={'balls': 1}
2019-08-20 20:54:11,483 : INFO : EventManager : Event: ======'balldevice_bd_trough_ball_eject_success'====== Args={'balls': 1, 'target': <ball_device.bd_plunger>}
2019-08-20 20:54:11,483 : INFO : EventManager : Event: ======'balldevice_bd_trough_ball_count_changed'====== Args={'balls': 5}
2019-08-20 20:54:11,484 : INFO : EventManager : Event: ======'balldevice_bd_plunger_ball_eject_attempt'====== Args={'balls': 1, 'target': <playfield.playfield>, 'source': <ball_device.bd_plunger>, 'mechanical_eject': True, 'num_attempts': 0}
2019-08-20 20:54:11,484 : INFO : ball_device.bd_plunger : Ejecting ball to <playfield.playfield>
2019-08-20 20:54:11,484 : INFO : EventManager : Event: ======'balldevice_bd_plunger_ejecting_ball'====== Args={'balls': 1, 'target': <playfield.playfield>, 'source': <ball_device.bd_plunger>, 'mechanical_eject': True, 'num_attempts': 0}
2019-08-20 20:54:15,455 : INFO : SwitchController : <<<<<<< 's_lockdown_button' active >>>>>>>
2019-08-20 20:54:15,455 : INFO : EventManager : Event: ======'s_lockdown_button_active'====== Args={}
2019-08-20 20:54:15,456 : INFO : EventManager : Event: ======'machine_var_audits_switches_s_lockdown_button'====== Args={'value': 11, 'prev_value': 10, 'change': 1}
2019-08-20 20:54:15,464 : INFO : coil.c_auto_plunger : Pulsing Driver for 20ms (1.0 pulse_power)
2019-08-20 20:54:15,464 : INFO : SwitchController : <<<<<<< 's_shooter_lane' inactive >>>>>>>
2019-08-20 20:54:16,394 : INFO : SwitchController : <<<<<<< 's_lockdown_button' inactive >>>>>>>
2019-08-20 20:54:18,546 : INFO : EventManager : Event: ======'balldevice_bd_plunger_ball_eject_success'====== Args={'balls': 1, 'target': <playfield.playfield>}
2019-08-20 20:54:18,547 : INFO : EventManager : Event: ======'balldevice_playfield_ball_enter'====== Args={'new_balls': 1, 'unclaimed_balls': 1, 'device': <playfield.playfield>}
2019-08-20 20:54:18,548 : INFO : EventManager : Event: ======'playfield_ball_count_change'====== Args={'balls': 1, 'change': 1}
2019-08-20 20:54:18,550 : INFO : EventManager : Event: ======'balldevice_bd_plunger_ball_count_changed'====== Args={'balls': 0}
2019-08-20 20:54:21,509 : INFO : SwitchController : <<<<<<< 's_left_pop_bumper' active >>>>>>>
2019-08-20 20:54:21,509 : INFO : EventManager : Event: ======'s_left_pop_bumper_active'====== Args={}
2019-08-20 20:54:21,509 : INFO : EventManager : Event: ======'machine_var_audits_switches_s_left_pop_bumper'====== Args={'value': 23, 'prev_value': 22, 'change': 1}
2019-08-20 20:54:21,510 : INFO : EventManager : Event: ======'player_shot_bumpers'====== Args={'value': 1, 'prev_value': 0, 'change': 1, 'player_num': 1}
2019-08-20 20:54:21,510 : INFO : EventManager : Event: ======'machine_var_audits_shots_bumpers'====== Args={'value': 129, 'prev_value': 128, 'change': 1}
2019-08-20 20:54:21,516 : INFO : EventManager : Event: ======'bumpers_hit'====== Args={'profile': 'default', 'state': 'unlit', 'advancing': True}
2019-08-20 20:54:21,517 : INFO : EventManager : Event: ======'bumpers_default_hit'====== Args={'profile': 'default', 'state': 'unlit', 'advancing': True}
2019-08-20 20:54:21,517 : INFO : EventManager : Event: ======'bumpers_default_unlit_hit'====== Args={'profile': 'default', 'state': 'unlit', 'advancing': True}
2019-08-20 20:54:21,517 : INFO : EventManager : Event: ======'bumpers_unlit_hit'====== Args={'profile': 'default', 'state': 'unlit', 'advancing': True}
2019-08-20 20:54:21,518 : INFO : EventManager : Event: ======'logicblock_lb_bumpers_count_updated'====== Args={'value': 1, 'enabled': True}
2019-08-20 20:54:21,518 : INFO : EventManager : Event: ======'counter_lb_bumpers_count_hit'====== Args={'count': 1, 'remaining': 9}
2019-08-20 20:54:21,518 : INFO : EventManager : Event: ======'logicblock_lb_bumpers_count_hit'====== Args={'count': 1, 'remaining': 9}
2019-08-20 20:54:21,518 : INFO : EventManager : Event: ======'player_gold'====== Args={'value': 10, 'prev_value': 0, 'change': 10, 'player_num': 1}
2019-08-20 20:54:21,518 : INFO : EventManager : Event: ======'player_score'====== Args={'value': 10, 'prev_value': 0, 'change': 10, 'player_num': 1}
2019-08-20 20:54:21,557 : INFO : SwitchController : <<<<<<< 's_left_pop_bumper' inactive >>>>>>>
2019-08-20 20:54:24,692 : INFO : SwitchController : <<<<<<< 's_bottom_pop_bumper' active >>>>>>>
2019-08-20 20:54:24,692 : INFO : EventManager : Event: ======'s_bottom_pop_bumper_active'====== Args={}
2019-08-20 20:54:24,692 : INFO : EventManager : Event: ======'machine_var_audits_switches_s_bottom_pop_bumper'====== Args={'value': 69, 'prev_value': 68, 'change': 1}
2019-08-20 20:54:24,693 : INFO : EventManager : Event: ======'machine_var_audits_shots_bumpers'====== Args={'value': 130, 'prev_value': 129, 'change': 1}
2019-08-20 20:54:24,694 : INFO : EventManager : Event: ======'bumpers_hit'====== Args={'profile': 'default', 'state': 'lit', 'advancing': False}
2019-08-20 20:54:24,694 : INFO : EventManager : Event: ======'bumpers_default_hit'====== Args={'profile': 'default', 'state': 'lit', 'advancing': False}
2019-08-20 20:54:24,694 : INFO : EventManager : Event: ======'bumpers_default_lit_hit'====== Args={'profile': 'default', 'state': 'lit', 'advancing': False}
2019-08-20 20:54:24,694 : INFO : EventManager : Event: ======'bumpers_lit_hit'====== Args={'profile': 'default', 'state': 'lit', 'advancing': False}
2019-08-20 20:54:24,694 : INFO : EventManager : Event: ======'logicblock_lb_bumpers_count_updated'====== Args={'value': 2, 'enabled': True}
2019-08-20 20:54:24,695 : INFO : EventManager : Event: ======'counter_lb_bumpers_count_hit'====== Args={'count': 2, 'remaining': 8}
2019-08-20 20:54:24,695 : INFO : EventManager : Event: ======'logicblock_lb_bumpers_count_hit'====== Args={'count': 2, 'remaining': 8}
2019-08-20 20:54:24,695 : INFO : EventManager : Event: ======'player_gold'====== Args={'value': 20, 'prev_value': 10, 'change': 10, 'player_num': 1}
2019-08-20 20:54:24,695 : INFO : EventManager : Event: ======'player_score'====== Args={'value': 20, 'prev_value': 10, 'change': 10, 'player_num': 1}
2019-08-20 20:54:24,805 : INFO : SwitchController : <<<<<<< 's_bottom_pop_bumper' inactive >>>>>>>
2019-08-20 20:54:26,360 : INFO : SwitchController : <<<<<<< 's_right_pop_bumper' active >>>>>>>
2019-08-20 20:54:26,361 : INFO : EventManager : Event: ======'s_right_pop_bumper_active'====== Args={}
2019-08-20 20:54:26,362 : INFO : EventManager : Event: ======'machine_var_audits_switches_s_right_pop_bumper'====== Args={'value': 39, 'prev_value': 38, 'change': 1}
2019-08-20 20:54:26,365 : INFO : EventManager : Event: ======'machine_var_audits_shots_bumpers'====== Args={'value': 131, 'prev_value': 130, 'change': 1}
2019-08-20 20:54:26,368 : INFO : EventManager : Event: ======'bumpers_hit'====== Args={'profile': 'default', 'state': 'lit', 'advancing': False}
2019-08-20 20:54:26,369 : INFO : EventManager : Event: ======'bumpers_default_hit'====== Args={'profile': 'default', 'state': 'lit', 'advancing': False}
2019-08-20 20:54:26,370 : INFO : EventManager : Event: ======'bumpers_default_lit_hit'====== Args={'profile': 'default', 'state': 'lit', 'advancing': False}
2019-08-20 20:54:26,371 : INFO : EventManager : Event: ======'bumpers_lit_hit'====== Args={'profile': 'default', 'state': 'lit', 'advancing': False}
2019-08-20 20:54:26,372 : INFO : EventManager : Event: ======'logicblock_lb_bumpers_count_updated'====== Args={'value': 3, 'enabled': True}
2019-08-20 20:54:26,372 : INFO : EventManager : Event: ======'counter_lb_bumpers_count_hit'====== Args={'count': 3, 'remaining': 7}
2019-08-20 20:54:26,372 : INFO : EventManager : Event: ======'logicblock_lb_bumpers_count_hit'====== Args={'count': 3, 'remaining': 7}
2019-08-20 20:54:26,372 : INFO : EventManager : Event: ======'player_gold'====== Args={'value': 30, 'prev_value': 20, 'change': 10, 'player_num': 1}
2019-08-20 20:54:26,373 : INFO : EventManager : Event: ======'player_score'====== Args={'value': 30, 'prev_value': 20, 'change': 10, 'player_num': 1}
2019-08-20 20:54:26,457 : INFO : SwitchController : <<<<<<< 's_right_pop_bumper' inactive >>>>>>>
2019-08-20 20:54:27,205 : INFO : SwitchController : <<<<<<< 's_right_pop_bumper' active >>>>>>>
2019-08-20 20:54:27,205 : INFO : EventManager : Event: ======'s_right_pop_bumper_active'====== Args={}
2019-08-20 20:54:27,206 : INFO : EventManager : Event: ======'machine_var_audits_switches_s_right_pop_bumper'====== Args={'value': 40, 'prev_value': 39, 'change': 1}
2019-08-20 20:54:27,209 : INFO : EventManager : Event: ======'machine_var_audits_shots_bumpers'====== Args={'value': 132, 'prev_value': 131, 'change': 1}
2019-08-20 20:54:27,211 : INFO : EventManager : Event: ======'bumpers_hit'====== Args={'profile': 'default', 'state': 'lit', 'advancing': False}
2019-08-20 20:54:27,212 : INFO : EventManager : Event: ======'bumpers_default_hit'====== Args={'profile': 'default', 'state': 'lit', 'advancing': False}
2019-08-20 20:54:27,213 : INFO : EventManager : Event: ======'bumpers_default_lit_hit'====== Args={'profile': 'default', 'state': 'lit', 'advancing': False}
2019-08-20 20:54:27,214 : INFO : EventManager : Event: ======'bumpers_lit_hit'====== Args={'profile': 'default', 'state': 'lit', 'advancing': False}
2019-08-20 20:54:27,215 : INFO : EventManager : Event: ======'logicblock_lb_bumpers_count_updated'====== Args={'value': 4, 'enabled': True}
2019-08-20 20:54:27,216 : INFO : EventManager : Event: ======'counter_lb_bumpers_count_hit'====== Args={'count': 4, 'remaining': 6}
2019-08-20 20:54:27,217 : INFO : EventManager : Event: ======'logicblock_lb_bumpers_count_hit'====== Args={'count': 4, 'remaining': 6}
2019-08-20 20:54:27,218 : INFO : EventManager : Event: ======'player_gold'====== Args={'value': 40, 'prev_value': 30, 'change': 10, 'player_num': 1}
2019-08-20 20:54:27,220 : INFO : EventManager : Event: ======'player_score'====== Args={'value': 40, 'prev_value': 30, 'change': 10, 'player_num': 1}
2019-08-20 20:54:27,291 : INFO : SwitchController : <<<<<<< 's_right_pop_bumper' inactive >>>>>>>
2019-08-20 20:54:28,130 : INFO : SwitchController : <<<<<<< 's_right_pop_bumper' active >>>>>>>
2019-08-20 20:54:28,130 : INFO : EventManager : Event: ======'s_right_pop_bumper_active'====== Args={}
2019-08-20 20:54:28,130 : INFO : EventManager : Event: ======'machine_var_audits_switches_s_right_pop_bumper'====== Args={'value': 41, 'prev_value': 40, 'change': 1}
2019-08-20 20:54:28,131 : INFO : EventManager : Event: ======'machine_var_audits_shots_bumpers'====== Args={'value': 133, 'prev_value': 132, 'change': 1}
2019-08-20 20:54:28,132 : INFO : EventManager : Event: ======'bumpers_hit'====== Args={'profile': 'default', 'state': 'lit', 'advancing': False}
2019-08-20 20:54:28,132 : INFO : EventManager : Event: ======'bumpers_default_hit'====== Args={'profile': 'default', 'state': 'lit', 'advancing': False}
2019-08-20 20:54:28,132 : INFO : EventManager : Event: ======'bumpers_default_lit_hit'====== Args={'profile': 'default', 'state': 'lit', 'advancing': False}
2019-08-20 20:54:28,132 : INFO : EventManager : Event: ======'bumpers_lit_hit'====== Args={'profile': 'default', 'state': 'lit', 'advancing': False}
2019-08-20 20:54:28,132 : INFO : EventManager : Event: ======'logicblock_lb_bumpers_count_updated'====== Args={'value': 5, 'enabled': True}
2019-08-20 20:54:28,132 : INFO : EventManager : Event: ======'counter_lb_bumpers_count_hit'====== Args={'count': 5, 'remaining': 5}
2019-08-20 20:54:28,132 : INFO : EventManager : Event: ======'logicblock_lb_bumpers_count_hit'====== Args={'count': 5, 'remaining': 5}
2019-08-20 20:54:28,132 : INFO : EventManager : Event: ======'player_gold'====== Args={'value': 50, 'prev_value': 40, 'change': 10, 'player_num': 1}
2019-08-20 20:54:28,133 : INFO : EventManager : Event: ======'player_score'====== Args={'value': 50, 'prev_value': 40, 'change': 10, 'player_num': 1}
2019-08-20 20:54:28,194 : INFO : SwitchController : <<<<<<< 's_right_pop_bumper' inactive >>>>>>>
2019-08-20 20:54:28,534 : INFO : SwitchController : <<<<<<< 's_right_pop_bumper' active >>>>>>>
2019-08-20 20:54:28,534 : INFO : EventManager : Event: ======'s_right_pop_bumper_active'====== Args={}
2019-08-20 20:54:28,536 : INFO : EventManager : Event: ======'machine_var_audits_switches_s_right_pop_bumper'====== Args={'value': 42, 'prev_value': 41, 'change': 1}
2019-08-20 20:54:28,539 : INFO : EventManager : Event: ======'machine_var_audits_shots_bumpers'====== Args={'value': 134, 'prev_value': 133, 'change': 1}
2019-08-20 20:54:28,541 : INFO : EventManager : Event: ======'bumpers_hit'====== Args={'profile': 'default', 'state': 'lit', 'advancing': False}
2019-08-20 20:54:28,542 : INFO : EventManager : Event: ======'bumpers_default_hit'====== Args={'profile': 'default', 'state': 'lit', 'advancing': False}
2019-08-20 20:54:28,543 : INFO : EventManager : Event: ======'bumpers_default_lit_hit'====== Args={'profile': 'default', 'state': 'lit', 'advancing': False}
2019-08-20 20:54:28,544 : INFO : EventManager : Event: ======'bumpers_lit_hit'====== Args={'profile': 'default', 'state': 'lit', 'advancing': False}
2019-08-20 20:54:28,545 : INFO : EventManager : Event: ======'logicblock_lb_bumpers_count_updated'====== Args={'value': 6, 'enabled': True}
2019-08-20 20:54:28,546 : INFO : EventManager : Event: ======'counter_lb_bumpers_count_hit'====== Args={'count': 6, 'remaining': 4}
2019-08-20 20:54:28,547 : INFO : EventManager : Event: ======'logicblock_lb_bumpers_count_hit'====== Args={'count': 6, 'remaining': 4}
2019-08-20 20:54:28,548 : INFO : EventManager : Event: ======'player_gold'====== Args={'value': 60, 'prev_value': 50, 'change': 10, 'player_num': 1}
2019-08-20 20:54:28,549 : INFO : EventManager : Event: ======'player_score'====== Args={'value': 60, 'prev_value': 50, 'change': 10, 'player_num': 1}
2019-08-20 20:54:28,613 : INFO : SwitchController : <<<<<<< 's_right_pop_bumper' inactive >>>>>>>
2019-08-20 20:54:28,738 : INFO : SwitchController : <<<<<<< 's_right_pop_bumper' active >>>>>>>
2019-08-20 20:54:28,738 : INFO : EventManager : Event: ======'s_right_pop_bumper_active'====== Args={}
2019-08-20 20:54:28,738 : INFO : EventManager : Event: ======'machine_var_audits_switches_s_right_pop_bumper'====== Args={'value': 43, 'prev_value': 42, 'change': 1}
2019-08-20 20:54:28,739 : INFO : EventManager : Event: ======'machine_var_audits_shots_bumpers'====== Args={'value': 135, 'prev_value': 134, 'change': 1}
2019-08-20 20:54:28,739 : INFO : EventManager : Event: ======'bumpers_hit'====== Args={'profile': 'default', 'state': 'lit', 'advancing': False}
2019-08-20 20:54:28,739 : INFO : EventManager : Event: ======'bumpers_default_hit'====== Args={'profile': 'default', 'state': 'lit', 'advancing': False}
2019-08-20 20:54:28,739 : INFO : EventManager : Event: ======'bumpers_default_lit_hit'====== Args={'profile': 'default', 'state': 'lit', 'advancing': False}
2019-08-20 20:54:28,739 : INFO : EventManager : Event: ======'bumpers_lit_hit'====== Args={'profile': 'default', 'state': 'lit', 'advancing': False}
2019-08-20 20:54:28,740 : INFO : EventManager : Event: ======'logicblock_lb_bumpers_count_updated'====== Args={'value': 7, 'enabled': True}
2019-08-20 20:54:28,740 : INFO : EventManager : Event: ======'counter_lb_bumpers_count_hit'====== Args={'count': 7, 'remaining': 3}
2019-08-20 20:54:28,740 : INFO : EventManager : Event: ======'logicblock_lb_bumpers_count_hit'====== Args={'count': 7, 'remaining': 3}
2019-08-20 20:54:28,740 : INFO : EventManager : Event: ======'player_gold'====== Args={'value': 70, 'prev_value': 60, 'change': 10, 'player_num': 1}
2019-08-20 20:54:28,740 : INFO : EventManager : Event: ======'player_score'====== Args={'value': 70, 'prev_value': 60, 'change': 10, 'player_num': 1}
2019-08-20 20:54:28,816 : INFO : SwitchController : <<<<<<< 's_right_pop_bumper' inactive >>>>>>>
2019-08-20 20:54:29,050 : INFO : SwitchController : <<<<<<< 's_right_pop_bumper' active >>>>>>>
2019-08-20 20:54:29,050 : INFO : EventManager : Event: ======'s_right_pop_bumper_active'====== Args={}
2019-08-20 20:54:29,050 : INFO : EventManager : Event: ======'machine_var_audits_switches_s_right_pop_bumper'====== Args={'value': 44, 'prev_value': 43, 'change': 1}
2019-08-20 20:54:29,051 : INFO : EventManager : Event: ======'machine_var_audits_shots_bumpers'====== Args={'value': 136, 'prev_value': 135, 'change': 1}
2019-08-20 20:54:29,051 : INFO : EventManager : Event: ======'bumpers_hit'====== Args={'profile': 'default', 'state': 'lit', 'advancing': False}
2019-08-20 20:54:29,051 : INFO : EventManager : Event: ======'bumpers_default_hit'====== Args={'profile': 'default', 'state': 'lit', 'advancing': False}
2019-08-20 20:54:29,051 : INFO : EventManager : Event: ======'bumpers_default_lit_hit'====== Args={'profile': 'default', 'state': 'lit', 'advancing': False}
2019-08-20 20:54:29,052 : INFO : EventManager : Event: ======'bumpers_lit_hit'====== Args={'profile': 'default', 'state': 'lit', 'advancing': False}
2019-08-20 20:54:29,052 : INFO : EventManager : Event: ======'logicblock_lb_bumpers_count_updated'====== Args={'value': 8, 'enabled': True}
2019-08-20 20:54:29,052 : INFO : EventManager : Event: ======'counter_lb_bumpers_count_hit'====== Args={'count': 8, 'remaining': 2}
2019-08-20 20:54:29,052 : INFO : EventManager : Event: ======'logicblock_lb_bumpers_count_hit'====== Args={'count': 8, 'remaining': 2}
2019-08-20 20:54:29,052 : INFO : EventManager : Event: ======'player_gold'====== Args={'value': 80, 'prev_value': 70, 'change': 10, 'player_num': 1}
2019-08-20 20:54:29,052 : INFO : EventManager : Event: ======'player_score'====== Args={'value': 80, 'prev_value': 70, 'change': 10, 'player_num': 1}
2019-08-20 20:54:29,151 : INFO : SwitchController : <<<<<<< 's_right_pop_bumper' inactive >>>>>>>
2019-08-20 20:54:29,417 : INFO : SwitchController : <<<<<<< 's_right_pop_bumper' active >>>>>>>
2019-08-20 20:54:29,417 : INFO : EventManager : Event: ======'s_right_pop_bumper_active'====== Args={}
2019-08-20 20:54:29,417 : INFO : EventManager : Event: ======'machine_var_audits_switches_s_right_pop_bumper'====== Args={'value': 45, 'prev_value': 44, 'change': 1}
2019-08-20 20:54:29,418 : INFO : EventManager : Event: ======'machine_var_audits_shots_bumpers'====== Args={'value': 137, 'prev_value': 136, 'change': 1}
2019-08-20 20:54:29,419 : INFO : EventManager : Event: ======'bumpers_hit'====== Args={'profile': 'default', 'state': 'lit', 'advancing': False}
2019-08-20 20:54:29,419 : INFO : EventManager : Event: ======'bumpers_default_hit'====== Args={'profile': 'default', 'state': 'lit', 'advancing': False}
2019-08-20 20:54:29,419 : INFO : EventManager : Event: ======'bumpers_default_lit_hit'====== Args={'profile': 'default', 'state': 'lit', 'advancing': False}
2019-08-20 20:54:29,419 : INFO : EventManager : Event: ======'bumpers_lit_hit'====== Args={'profile': 'default', 'state': 'lit', 'advancing': False}
2019-08-20 20:54:29,419 : INFO : EventManager : Event: ======'logicblock_lb_bumpers_count_updated'====== Args={'value': 9, 'enabled': True}
2019-08-20 20:54:29,419 : INFO : EventManager : Event: ======'counter_lb_bumpers_count_hit'====== Args={'count': 9, 'remaining': 1}
2019-08-20 20:54:29,420 : INFO : EventManager : Event: ======'logicblock_lb_bumpers_count_hit'====== Args={'count': 9, 'remaining': 1}
2019-08-20 20:54:29,420 : INFO : EventManager : Event: ======'player_gold'====== Args={'value': 90, 'prev_value': 80, 'change': 10, 'player_num': 1}
2019-08-20 20:54:29,420 : INFO : EventManager : Event: ======'player_score'====== Args={'value': 90, 'prev_value': 80, 'change': 10, 'player_num': 1}
2019-08-20 20:54:29,513 : INFO : SwitchController : <<<<<<< 's_right_pop_bumper' inactive >>>>>>>
2019-08-20 20:54:30,782 : INFO : SwitchController : <<<<<<< 's_right_pop_bumper' active >>>>>>>
2019-08-20 20:54:30,782 : INFO : EventManager : Event: ======'s_right_pop_bumper_active'====== Args={}
2019-08-20 20:54:30,782 : INFO : EventManager : Event: ======'machine_var_audits_switches_s_right_pop_bumper'====== Args={'value': 46, 'prev_value': 45, 'change': 1}
2019-08-20 20:54:30,783 : INFO : EventManager : Event: ======'machine_var_audits_shots_bumpers'====== Args={'value': 138, 'prev_value': 137, 'change': 1}
2019-08-20 20:54:30,783 : INFO : EventManager : Event: ======'bumpers_hit'====== Args={'profile': 'default', 'state': 'lit', 'advancing': False}
2019-08-20 20:54:30,783 : INFO : EventManager : Event: ======'bumpers_default_hit'====== Args={'profile': 'default', 'state': 'lit', 'advancing': False}
2019-08-20 20:54:30,784 : INFO : EventManager : Event: ======'bumpers_default_lit_hit'====== Args={'profile': 'default', 'state': 'lit', 'advancing': False}
2019-08-20 20:54:30,784 : INFO : EventManager : Event: ======'bumpers_lit_hit'====== Args={'profile': 'default', 'state': 'lit', 'advancing': False}
2019-08-20 20:54:30,784 : INFO : EventManager : Event: ======'logicblock_lb_bumpers_count_updated'====== Args={'value': 10, 'enabled': True}
2019-08-20 20:54:30,784 : INFO : EventManager : Event: ======'counter_lb_bumpers_count_hit'====== Args={'count': 10, 'remaining': 0}
2019-08-20 20:54:30,784 : INFO : EventManager : Event: ======'logicblock_lb_bumpers_count_hit'====== Args={'count': 10, 'remaining': 0}
2019-08-20 20:54:30,784 : INFO : EventManager : Event: ======'super_gold_go'====== Args={}
2019-08-20 20:54:30,784 : INFO : EventManager : Event: ======'logicblock_lb_bumpers_count_updated'====== Args={'value': 0, 'enabled': True}
2019-08-20 20:54:30,785 : INFO : EventManager : Event: ======'logicblock_lb_bumpers_count_updated'====== Args={'value': 0, 'enabled': False}
2019-08-20 20:54:30,785 : INFO : EventManager : Event: ======'player_gold'====== Args={'value': 100, 'prev_value': 90, 'change': 10, 'player_num': 1}
2019-08-20 20:54:30,785 : INFO : EventManager : Event: ======'player_score'====== Args={'value': 100, 'prev_value': 90, 'change': 10, 'player_num': 1}
2019-08-20 20:54:30,785 : INFO : EventManager : Event: ======'mode_super_gold_will_start'====== Args={}
2019-08-20 20:54:30,786 : INFO : EventManager : Event: ======'mode_super_gold_starting'====== Args={}
2019-08-20 20:54:30,786 : INFO : EventManager : Event: ======'start_mode_super_gold'====== Args={'priority': 0}
2019-08-20 20:54:30,786 : INFO : Mode.super_gold : Started. Priority: 300
2019-08-20 20:54:30,786 : INFO : EventManager : Event: ======'mode_super_gold_started'====== Args={}
2019-08-20 20:54:30,812 : INFO : EventManager : Event: ======'slide_super_gold_started_created'====== Args={'_from_bcp': True}
2019-08-20 20:54:30,812 : INFO : EventManager : Event: ======'slide_super_gold_started_active'====== Args={'_from_bcp': True}
2019-08-20 20:54:30,873 : INFO : SwitchController : <<<<<<< 's_right_pop_bumper' inactive >>>>>>>
2019-08-20 20:54:33,808 : INFO : EventManager : Event: ======'slide_super_gold_started_removed'====== Args={'_from_bcp': True}
2019-08-20 20:54:33,810 : INFO : EventManager : Event: ======'slide_base.slide_player-mode_base_started_active'====== Args={'_from_bcp': True}
2019-08-20 20:54:35,002 : INFO : SwitchController : <<<<<<< 's_right_pop_bumper' active >>>>>>>
2019-08-20 20:54:35,002 : INFO : EventManager : Event: ======'s_right_pop_bumper_active'====== Args={}
2019-08-20 20:54:35,002 : INFO : EventManager : Event: ======'machine_var_audits_switches_s_right_pop_bumper'====== Args={'value': 47, 'prev_value': 46, 'change': 1}
2019-08-20 20:54:35,003 : INFO : EventManager : Event: ======'machine_var_audits_shots_bumpers'====== Args={'value': 139, 'prev_value': 138, 'change': 1}
2019-08-20 20:54:35,004 : INFO : EventManager : Event: ======'bumpers_hit'====== Args={'profile': 'default', 'state': 'lit', 'advancing': False}
2019-08-20 20:54:35,004 : INFO : EventManager : Event: ======'bumpers_default_hit'====== Args={'profile': 'default', 'state': 'lit', 'advancing': False}
2019-08-20 20:54:35,004 : INFO : EventManager : Event: ======'bumpers_default_lit_hit'====== Args={'profile': 'default', 'state': 'lit', 'advancing': False}
2019-08-20 20:54:35,004 : INFO : EventManager : Event: ======'bumpers_lit_hit'====== Args={'profile': 'default', 'state': 'lit', 'advancing': False}
2019-08-20 20:54:35,004 : INFO : EventManager : Event: ======'player_gold'====== Args={'value': 130, 'prev_value': 100, 'change': 30, 'player_num': 1}
2019-08-20 20:54:35,004 : INFO : EventManager : Event: ======'player_score'====== Args={'value': 110, 'prev_value': 100, 'change': 10, 'player_num': 1}
2019-08-20 20:54:35,086 : INFO : SwitchController : <<<<<<< 's_right_pop_bumper' inactive >>>>>>>
2019-08-20 20:54:35,825 : INFO : SwitchController : <<<<<<< 's_right_pop_bumper' active >>>>>>>
2019-08-20 20:54:35,825 : INFO : EventManager : Event: ======'s_right_pop_bumper_active'====== Args={}
2019-08-20 20:54:35,826 : INFO : EventManager : Event: ======'machine_var_audits_switches_s_right_pop_bumper'====== Args={'value': 48, 'prev_value': 47, 'change': 1}
2019-08-20 20:54:35,826 : INFO : EventManager : Event: ======'machine_var_audits_shots_bumpers'====== Args={'value': 140, 'prev_value': 139, 'change': 1}
2019-08-20 20:54:35,827 : INFO : EventManager : Event: ======'bumpers_hit'====== Args={'profile': 'default', 'state': 'lit', 'advancing': False}
2019-08-20 20:54:35,827 : INFO : EventManager : Event: ======'bumpers_default_hit'====== Args={'profile': 'default', 'state': 'lit', 'advancing': False}
2019-08-20 20:54:35,827 : INFO : EventManager : Event: ======'bumpers_default_lit_hit'====== Args={'profile': 'default', 'state': 'lit', 'advancing': False}
2019-08-20 20:54:35,828 : INFO : EventManager : Event: ======'bumpers_lit_hit'====== Args={'profile': 'default', 'state': 'lit', 'advancing': False}
2019-08-20 20:54:35,828 : INFO : EventManager : Event: ======'player_gold'====== Args={'value': 160, 'prev_value': 130, 'change': 30, 'player_num': 1}
2019-08-20 20:54:35,828 : INFO : EventManager : Event: ======'player_score'====== Args={'value': 120, 'prev_value': 110, 'change': 10, 'player_num': 1}
2019-08-20 20:54:35,922 : INFO : SwitchController : <<<<<<< 's_right_pop_bumper' inactive >>>>>>>
2019-08-20 20:54:36,278 : INFO : SwitchController : <<<<<<< 's_right_pop_bumper' active >>>>>>>
2019-08-20 20:54:36,278 : INFO : EventManager : Event: ======'s_right_pop_bumper_active'====== Args={}
2019-08-20 20:54:36,280 : INFO : EventManager : Event: ======'machine_var_audits_switches_s_right_pop_bumper'====== Args={'value': 49, 'prev_value': 48, 'change': 1}
2019-08-20 20:54:36,283 : INFO : EventManager : Event: ======'machine_var_audits_shots_bumpers'====== Args={'value': 141, 'prev_value': 140, 'change': 1}
2019-08-20 20:54:36,285 : INFO : EventManager : Event: ======'bumpers_hit'====== Args={'profile': 'default', 'state': 'lit', 'advancing': False}
2019-08-20 20:54:36,287 : INFO : EventManager : Event: ======'bumpers_default_hit'====== Args={'profile': 'default', 'state': 'lit', 'advancing': False}
2019-08-20 20:54:36,287 : INFO : EventManager : Event: ======'bumpers_default_lit_hit'====== Args={'profile': 'default', 'state': 'lit', 'advancing': False}
2019-08-20 20:54:36,288 : INFO : EventManager : Event: ======'bumpers_lit_hit'====== Args={'profile': 'default', 'state': 'lit', 'advancing': False}
2019-08-20 20:54:36,289 : INFO : EventManager : Event: ======'player_gold'====== Args={'value': 190, 'prev_value': 160, 'change': 30, 'player_num': 1}
2019-08-20 20:54:36,291 : INFO : EventManager : Event: ======'player_score'====== Args={'value': 130, 'prev_value': 120, 'change': 10, 'player_num': 1}
2019-08-20 20:54:36,369 : INFO : SwitchController : <<<<<<< 's_right_pop_bumper' inactive >>>>>>>
2019-08-20 20:54:40,660 : INFO : SwitchController : <<<<<<< 's_trough_1' active >>>>>>>
2019-08-20 20:54:40,660 : INFO : EventManager : Event: ======'machine_var_audits_switches_s_trough_1'====== Args={'value': 6, 'prev_value': 5, 'change': 1}
2019-08-20 20:54:41,165 : INFO : EventManager : Event: ======'balldevice_bd_trough_ball_count_changed'====== Args={'balls': 6}
2019-08-20 20:54:41,166 : INFO : EventManager : Event: ======'balldevice_captured_from_playfield'====== Args={'balls': 1}
2019-08-20 20:54:41,167 : INFO : EventManager : Event: ======'sw_playfield_active'====== Args={'balls': 1}
2019-08-20 20:54:41,169 : INFO : EventManager : Event: ======'playfield_ball_count_change'====== Args={'balls': 0, 'change': -1}
2019-08-20 20:54:41,171 : INFO : EventManager : Event: ======'balldevice_bd_trough_ball_enter'====== Args={'new_balls': 1, 'unclaimed_balls': 1, 'new_available_balls': 1, 'device': <ball_device.bd_trough>}
2019-08-20 20:54:41,173 : INFO : EventManager : Event: ======'ball_drain'====== Args={'device': <ball_device.bd_trough>, 'balls': 1}
2019-08-20 20:54:41,174 : INFO : EventManager : Event: ======'ball_will_end'====== Args={}
2019-08-20 20:54:41,176 : INFO : EventManager : Event: ======'balldevice_balls_available'====== Args={}
2019-08-20 20:54:41,177 : INFO : EventManager : Event: ======'balldevice_bd_trough_ball_entered'====== Args={'new_balls': 1, 'device': <ball_device.bd_trough>}
2019-08-20 20:54:41,179 : INFO : EventManager : Event: ======'player_tilt_warnings'====== Args={'value': 0, 'prev_value': 0, 'change': 0, 'player_num': 1}
2019-08-20 20:54:41,181 : INFO : EventManager : Event: ======'ball_ending'====== Args={}
2019-08-20 20:54:41,181 : INFO : EventManager : Event: ======'mode_super_gold_will_stop'====== Args={}
2019-08-20 20:54:41,181 : INFO : EventManager : Event: ======'mode_super_gold_stopping'====== Args={}
2019-08-20 20:54:41,182 : INFO : EventManager : Event: ======'mode_quest_targets_watchdog_will_stop'====== Args={}
2019-08-20 20:54:41,182 : INFO : EventManager : Event: ======'mode_quest_targets_watchdog_stopping'====== Args={}
2019-08-20 20:54:41,182 : INFO : EventManager : Event: ======'mode_xp_lanes_watchdog_will_stop'====== Args={}
2019-08-20 20:54:41,182 : INFO : EventManager : Event: ======'mode_xp_lanes_watchdog_stopping'====== Args={}
2019-08-20 20:54:41,182 : INFO : EventManager : Event: ======'mode_pvp_lanes_watchdog_will_stop'====== Args={}
2019-08-20 20:54:41,182 : INFO : EventManager : Event: ======'mode_pvp_lanes_watchdog_stopping'====== Args={}
2019-08-20 20:54:41,182 : INFO : EventManager : Event: ======'mode_super_gold_watchdog_will_stop'====== Args={}
2019-08-20 20:54:41,182 : INFO : EventManager : Event: ======'mode_super_gold_watchdog_stopping'====== Args={}
2019-08-20 20:54:41,182 : INFO : EventManager : Event: ======'mode_base_will_stop'====== Args={}
2019-08-20 20:54:41,182 : INFO : EventManager : Event: ======'mode_base_stopping'====== Args={}
2019-08-20 20:54:41,183 : INFO : Mode.base : Stopped.
2019-08-20 20:54:41,183 : INFO : EventManager : Event: ======'mode_base_stopped'====== Args={}
2019-08-20 20:54:41,183 : INFO : EventManager : Event: ======'clear'====== Args={'key': 'base'}
2019-08-20 20:54:41,183 : INFO : Mode.super_gold_watchdog : Stopped.
2019-08-20 20:54:41,184 : INFO : EventManager : Event: ======'mode_super_gold_watchdog_stopped'====== Args={}
2019-08-20 20:54:41,184 : INFO : EventManager : Event: ======'clear'====== Args={'key': 'super_gold_watchdog'}
2019-08-20 20:54:41,184 : INFO : Mode.pvp_lanes_watchdog : Stopped.
2019-08-20 20:54:41,184 : INFO : EventManager : Event: ======'mode_pvp_lanes_watchdog_stopped'====== Args={}
2019-08-20 20:54:41,185 : INFO : EventManager : Event: ======'clear'====== Args={'key': 'pvp_lanes_watchdog'}
2019-08-20 20:54:41,185 : INFO : Mode.xp_lanes_watchdog : Stopped.
2019-08-20 20:54:41,185 : INFO : EventManager : Event: ======'mode_xp_lanes_watchdog_stopped'====== Args={}
2019-08-20 20:54:41,186 : INFO : EventManager : Event: ======'clear'====== Args={'key': 'xp_lanes_watchdog'}
2019-08-20 20:54:41,186 : INFO : Mode.quest_targets_watchdog : Stopped.
2019-08-20 20:54:41,186 : INFO : EventManager : Event: ======'mode_quest_targets_watchdog_stopped'====== Args={}
2019-08-20 20:54:41,187 : INFO : EventManager : Event: ======'clear'====== Args={'key': 'quest_targets_watchdog'}
2019-08-20 20:54:41,187 : INFO : Mode.super_gold : Stopped.
2019-08-20 20:54:41,188 : INFO : EventManager : Event: ======'mode_super_gold_stopped'====== Args={}
2019-08-20 20:54:41,188 : INFO : EventManager : Event: ======'clear'====== Args={'key': 'super_gold'}
2019-08-20 20:54:41,208 : INFO : EventManager : Event: ======'ball_ended'====== Args={}
2019-08-20 20:54:41,208 : INFO : EventManager : Event: ======'slide_base.slide_player-mode_base_started_removed'====== Args={'_from_bcp': True}
2019-08-20 20:54:41,209 : INFO : EventManager : Event: ======'slide_window_blank_active'====== Args={'_from_bcp': True}
2019-08-20 20:54:41,209 : INFO : EventManager : Event: ======'player_turn_will_end'====== Args={'player': <Player 1>, 'number': 1}
2019-08-20 20:54:41,217 : INFO : EventManager : Event: ======'player_turn_ending'====== Args={'player': <Player 1>, 'number': 1}
2019-08-20 20:54:41,217 : INFO : EventManager : Event: ======'player_turn_ended'====== Args={'player': <Player 1>, 'number': 1}
2019-08-20 20:54:41,217 : INFO : EventManager : Event: ======'player_turn_will_start'====== Args={'player': <Player 1>, 'number': 1}
2019-08-20 20:54:41,218 : INFO : EventManager : Event: ======'player_turn_starting'====== Args={'player': <Player 1>, 'number': 1}
2019-08-20 20:54:41,218 : INFO : EventManager : Event: ======'player_ball'====== Args={'value': 2, 'prev_value': 1, 'change': 1, 'player_num': 1}
2019-08-20 20:54:41,218 : INFO : EventManager : Event: ======'player_turn_started'====== Args={'player': <Player 1>, 'number': 1}
2019-08-20 20:54:41,218 : INFO : EventManager : Event: ======'ball_will_start'====== Args={'player': 1, 'ball': 2, 'balls_remaining': 1, 'is_extra_ball': False}
2019-08-20 20:54:41,225 : INFO : EventManager : Event: ======'ball_starting'====== Args={'player': 1, 'ball': 2, 'balls_remaining': 1, 'is_extra_ball': False}
2019-08-20 20:54:41,226 : INFO : EventManager : Event: ======'mode_pvp_lanes_watchdog_will_start'====== Args={'queue': <QueuedEvent>, 'player': 1, 'ball': 2, 'balls_remaining': 1, 'is_extra_ball': False}
2019-08-20 20:54:41,226 : INFO : EventManager : Event: ======'sg_pvp_lanes_complete'====== Args={'state': 'unlit'}
2019-08-20 20:54:41,226 : INFO : EventManager : Event: ======'sg_pvp_lanes_unlit_complete'====== Args={}
2019-08-20 20:54:41,227 : INFO : EventManager : Event: ======'mode_pvp_lanes_watchdog_starting'====== Args={'queue': <QueuedEvent>, 'player': 1, 'ball': 2, 'balls_remaining': 1, 'is_extra_ball': False}
2019-08-20 20:54:41,227 : INFO : EventManager : Event: ======'mode_super_gold_watchdog_will_start'====== Args={'queue': <QueuedEvent>, 'player': 1, 'ball': 2, 'balls_remaining': 1, 'is_extra_ball': False}
2019-08-20 20:54:41,228 : INFO : EventManager : Event: ======'mode_super_gold_watchdog_starting'====== Args={'queue': <QueuedEvent>, 'player': 1, 'ball': 2, 'balls_remaining': 1, 'is_extra_ball': False}
2019-08-20 20:54:41,229 : INFO : EventManager : Event: ======'mode_xp_lanes_watchdog_will_start'====== Args={'queue': <QueuedEvent>, 'player': 1, 'ball': 2, 'balls_remaining': 1, 'is_extra_ball': False}
2019-08-20 20:54:41,229 : INFO : EventManager : Event: ======'sg_xp_lanes_complete'====== Args={'state': 'unlit'}
2019-08-20 20:54:41,229 : INFO : EventManager : Event: ======'sg_xp_lanes_unlit_complete'====== Args={}
2019-08-20 20:54:41,230 : INFO : EventManager : Event: ======'mode_xp_lanes_watchdog_starting'====== Args={'queue': <QueuedEvent>, 'player': 1, 'ball': 2, 'balls_remaining': 1, 'is_extra_ball': False}
2019-08-20 20:54:41,230 : INFO : EventManager : Event: ======'mode_quest_targets_watchdog_will_start'====== Args={'queue': <QueuedEvent>, 'player': 1, 'ball': 2, 'balls_remaining': 1, 'is_extra_ball': False}
2019-08-20 20:54:41,231 : INFO : EventManager : Event: ======'sg_quest_targets_complete'====== Args={'state': 'unlit'}
2019-08-20 20:54:41,231 : INFO : EventManager : Event: ======'sg_quest_targets_unlit_complete'====== Args={}
2019-08-20 20:54:41,232 : INFO : EventManager : Event: ======'mode_quest_targets_watchdog_starting'====== Args={'queue': <QueuedEvent>, 'player': 1, 'ball': 2, 'balls_remaining': 1, 'is_extra_ball': False}
2019-08-20 20:54:41,232 : INFO : EventManager : Event: ======'mode_base_will_start'====== Args={'queue': <QueuedEvent>, 'player': 1, 'ball': 2, 'balls_remaining': 1, 'is_extra_ball': False}
2019-08-20 20:54:41,232 : INFO : EventManager : Event: ======'mode_base_starting'====== Args={'queue': <QueuedEvent>, 'player': 1, 'ball': 2, 'balls_remaining': 1, 'is_extra_ball': False}
2019-08-20 20:54:41,233 : INFO : Mode.base : Started. Priority: 100
2019-08-20 20:54:41,233 : INFO : EventManager : Event: ======'mode_base_started'====== Args={'queue': <QueuedEvent>, 'player': 1, 'ball': 2, 'balls_remaining': 1, 'is_extra_ball': False}
2019-08-20 20:54:41,233 : INFO : Mode.quest_targets_watchdog : Started. Priority: 200
2019-08-20 20:54:41,233 : INFO : EventManager : Event: ======'mode_quest_targets_watchdog_started'====== Args={'queue': <QueuedEvent>, 'player': 1, 'ball': 2, 'balls_remaining': 1, 'is_extra_ball': False}
2019-08-20 20:54:41,234 : INFO : Mode.xp_lanes_watchdog : Started. Priority: 200
2019-08-20 20:54:41,234 : INFO : EventManager : Event: ======'mode_xp_lanes_watchdog_started'====== Args={'queue': <QueuedEvent>, 'player': 1, 'ball': 2, 'balls_remaining': 1, 'is_extra_ball': False}
2019-08-20 20:54:41,234 : INFO : Mode.pvp_lanes_watchdog : Started. Priority: 200
2019-08-20 20:54:41,234 : INFO : EventManager : Event: ======'mode_pvp_lanes_watchdog_started'====== Args={'queue': <QueuedEvent>, 'player': 1, 'ball': 2, 'balls_remaining': 1, 'is_extra_ball': False}
2019-08-20 20:54:41,234 : INFO : EventManager : Event: ======'balls_in_play'====== Args={'balls': 1}
2019-08-20 20:54:41,234 : INFO : EventManager : Event: ======'ball_started'====== Args={'player': 1, 'ball': 2, 'balls_remaining': 1, 'is_extra_ball': False}
2019-08-20 20:54:41,235 : INFO : EventManager : Event: ======'logicblock_lb_bumpers_count_updated'====== Args={'value': 0, 'enabled': False}
2019-08-20 20:54:41,235 : INFO : EventManager : Event: ======'logicblock_lb_bumpers_resume_updated'====== Args={'value': 0, 'enabled': False}
2019-08-20 20:54:41,235 : INFO : Mode.super_gold_watchdog : Started. Priority: 200
2019-08-20 20:54:41,235 : INFO : EventManager : Event: ======'mode_super_gold_watchdog_started'====== Args={'queue': <QueuedEvent>, 'player': 1, 'ball': 2, 'balls_remaining': 1, 'is_extra_ball': False}
2019-08-20 20:54:41,256 : INFO : EventManager : Event: ======'single_player_ball_started'====== Args={}
2019-08-20 20:54:41,257 : INFO : EventManager : Event: ======'slide_base.slide_player-mode_base_started_created'====== Args={'_from_bcp': True}
2019-08-20 20:54:41,257 : INFO : EventManager : Event: ======'balldevice_balls_available'====== Args={}
2019-08-20 20:54:41,258 : INFO : EventManager : Event: ======'balldevice_bd_trough_ball_eject_attempt'====== Args={'balls': 1, 'target': <ball_device.bd_plunger>, 'source': <ball_device.bd_trough>, 'mechanical_eject': True, 'num_attempts': 0}
2019-08-20 20:54:41,259 : INFO : ball_device.bd_trough : Ejecting ball to <ball_device.bd_plunger>
2019-08-20 20:54:41,259 : INFO : EventManager : Event: ======'balldevice_bd_trough_ejecting_ball'====== Args={'balls': 1, 'target': <ball_device.bd_plunger>, 'source': <ball_device.bd_trough>, 'mechanical_eject': True, 'num_attempts': 0}
2019-08-20 20:54:41,259 : INFO : EventManager : Event: ======'slide_base.slide_player-mode_base_started_active'====== Args={'_from_bcp': True}
2019-08-20 20:54:41,260 : INFO : coil.c_trough_eject : Pulsing Driver for 20ms (1.0 pulse_power)
2019-08-20 20:54:41,260 : INFO : SwitchController : <<<<<<< 's_trough_1' inactive >>>>>>>
2019-08-20 20:54:41,350 : INFO : SwitchController : <<<<<<< 's_shooter_lane' active >>>>>>>
2019-08-20 20:54:41,350 : INFO : EventManager : Event: ======'machine_var_audits_switches_s_shooter_lane'====== Args={'value': 17, 'prev_value': 16, 'change': 1}
2019-08-20 20:54:41,609 : WARNING : SwitchController : Received duplicate switch state 0 for switch s_trough_1 from the platform interface. Log Code: Log-SwitchController-1 (https://docs.missionpinball.org/en/dev/logs/Log-SwitchController-1.html)
2019-08-20 20:54:41,845 : INFO : EventManager : Event: ======'balldevice_bd_plunger_ball_enter'====== Args={'new_balls': 1, 'unclaimed_balls': 0, 'new_available_balls': 0, 'device': <ball_device.bd_plunger>}
2019-08-20 20:54:41,845 : INFO : EventManager : Event: ======'balldevice_bd_plunger_ball_entered'====== Args={'new_balls': 0, 'device': <ball_device.bd_plunger>}
2019-08-20 20:54:41,846 : INFO : EventManager : Event: ======'balldevice_bd_plunger_ball_count_changed'====== Args={'balls': 1}
2019-08-20 20:54:41,846 : INFO : EventManager : Event: ======'balldevice_bd_trough_ball_eject_success'====== Args={'balls': 1, 'target': <ball_device.bd_plunger>}
2019-08-20 20:54:41,846 : INFO : EventManager : Event: ======'balldevice_bd_trough_ball_count_changed'====== Args={'balls': 5}
2019-08-20 20:54:41,847 : INFO : EventManager : Event: ======'balldevice_bd_plunger_ball_eject_attempt'====== Args={'balls': 1, 'target': <playfield.playfield>, 'source': <ball_device.bd_plunger>, 'mechanical_eject': True, 'num_attempts': 0}
2019-08-20 20:54:41,847 : INFO : ball_device.bd_plunger : Ejecting ball to <playfield.playfield>
2019-08-20 20:54:41,848 : INFO : EventManager : Event: ======'balldevice_bd_plunger_ejecting_ball'====== Args={'balls': 1, 'target': <playfield.playfield>, 'source': <ball_device.bd_plunger>, 'mechanical_eject': True, 'num_attempts': 0}
2019-08-20 20:54:46,332 : INFO : SwitchController : <<<<<<< 's_lockdown_button' active >>>>>>>
2019-08-20 20:54:46,332 : INFO : EventManager : Event: ======'s_lockdown_button_active'====== Args={}
2019-08-20 20:54:46,334 : INFO : EventManager : Event: ======'machine_var_audits_switches_s_lockdown_button'====== Args={'value': 12, 'prev_value': 11, 'change': 1}
2019-08-20 20:54:46,347 : INFO : coil.c_auto_plunger : Pulsing Driver for 20ms (1.0 pulse_power)
2019-08-20 20:54:46,348 : INFO : SwitchController : <<<<<<< 's_shooter_lane' inactive >>>>>>>
2019-08-20 20:54:47,519 : INFO : SwitchController : <<<<<<< 's_lockdown_button' inactive >>>>>>>
2019-08-20 20:54:49,466 : INFO : EventManager : Event: ======'balldevice_bd_plunger_ball_eject_success'====== Args={'balls': 1, 'target': <playfield.playfield>}
2019-08-20 20:54:49,466 : INFO : EventManager : Event: ======'balldevice_playfield_ball_enter'====== Args={'new_balls': 1, 'unclaimed_balls': 1, 'device': <playfield.playfield>}
2019-08-20 20:54:49,466 : INFO : EventManager : Event: ======'playfield_ball_count_change'====== Args={'balls': 1, 'change': 1}
2019-08-20 20:54:49,467 : INFO : EventManager : Event: ======'balldevice_bd_plunger_ball_count_changed'====== Args={'balls': 0}
2019-08-20 20:54:58,187 : INFO : SwitchController : <<<<<<< 's_left_pop_bumper' active >>>>>>>
2019-08-20 20:54:58,187 : INFO : EventManager : Event: ======'s_left_pop_bumper_active'====== Args={}
2019-08-20 20:54:58,188 : INFO : EventManager : Event: ======'machine_var_audits_switches_s_left_pop_bumper'====== Args={'value': 24, 'prev_value': 23, 'change': 1}
2019-08-20 20:54:58,189 : INFO : EventManager : Event: ======'machine_var_audits_shots_bumpers'====== Args={'value': 142, 'prev_value': 141, 'change': 1}
2019-08-20 20:54:58,195 : INFO : EventManager : Event: ======'bumpers_hit'====== Args={'profile': 'default', 'state': 'lit', 'advancing': False}
2019-08-20 20:54:58,195 : INFO : EventManager : Event: ======'bumpers_default_hit'====== Args={'profile': 'default', 'state': 'lit', 'advancing': False}
2019-08-20 20:54:58,196 : INFO : EventManager : Event: ======'bumpers_default_lit_hit'====== Args={'profile': 'default', 'state': 'lit', 'advancing': False}
2019-08-20 20:54:58,196 : INFO : EventManager : Event: ======'bumpers_lit_hit'====== Args={'profile': 'default', 'state': 'lit', 'advancing': False}
2019-08-20 20:54:58,196 : INFO : EventManager : Event: ======'player_gold'====== Args={'value': 200, 'prev_value': 190, 'change': 10, 'player_num': 1}
2019-08-20 20:54:58,197 : INFO : EventManager : Event: ======'player_score'====== Args={'value': 140, 'prev_value': 130, 'change': 10, 'player_num': 1}
2019-08-20 20:54:58,269 : INFO : SwitchController : <<<<<<< 's_left_pop_bumper' inactive >>>>>>>
2019-08-20 20:55:00,233 : INFO : SwitchController : <<<<<<< 's_left_pop_bumper' active >>>>>>>
2019-08-20 20:55:00,233 : INFO : EventManager : Event: ======'s_left_pop_bumper_active'====== Args={}
2019-08-20 20:55:00,233 : INFO : EventManager : Event: ======'machine_var_audits_switches_s_left_pop_bumper'====== Args={'value': 25, 'prev_value': 24, 'change': 1}
2019-08-20 20:55:00,234 : INFO : EventManager : Event: ======'machine_var_audits_shots_bumpers'====== Args={'value': 143, 'prev_value': 142, 'change': 1}
2019-08-20 20:55:00,235 : INFO : EventManager : Event: ======'bumpers_hit'====== Args={'profile': 'default', 'state': 'lit', 'advancing': False}
2019-08-20 20:55:00,235 : INFO : EventManager : Event: ======'bumpers_default_hit'====== Args={'profile': 'default', 'state': 'lit', 'advancing': False}
2019-08-20 20:55:00,235 : INFO : EventManager : Event: ======'bumpers_default_lit_hit'====== Args={'profile': 'default', 'state': 'lit', 'advancing': False}
2019-08-20 20:55:00,235 : INFO : EventManager : Event: ======'bumpers_lit_hit'====== Args={'profile': 'default', 'state': 'lit', 'advancing': False}
2019-08-20 20:55:00,235 : INFO : EventManager : Event: ======'player_gold'====== Args={'value': 210, 'prev_value': 200, 'change': 10, 'player_num': 1}
2019-08-20 20:55:00,235 : INFO : EventManager : Event: ======'player_score'====== Args={'value': 150, 'prev_value': 140, 'change': 10, 'player_num': 1}
2019-08-20 20:55:00,311 : INFO : SwitchController : <<<<<<< 's_left_pop_bumper' inactive >>>>>>>
2019-08-20 20:55:01,945 : INFO : SwitchController : <<<<<<< 's_left_pop_bumper' active >>>>>>>
2019-08-20 20:55:01,945 : INFO : EventManager : Event: ======'s_left_pop_bumper_active'====== Args={}
2019-08-20 20:55:01,945 : INFO : EventManager : Event: ======'machine_var_audits_switches_s_left_pop_bumper'====== Args={'value': 26, 'prev_value': 25, 'change': 1}
2019-08-20 20:55:01,946 : INFO : EventManager : Event: ======'machine_var_audits_shots_bumpers'====== Args={'value': 144, 'prev_value': 143, 'change': 1}
2019-08-20 20:55:01,947 : INFO : EventManager : Event: ======'bumpers_hit'====== Args={'profile': 'default', 'state': 'lit', 'advancing': False}
2019-08-20 20:55:01,947 : INFO : EventManager : Event: ======'bumpers_default_hit'====== Args={'profile': 'default', 'state': 'lit', 'advancing': False}
2019-08-20 20:55:01,947 : INFO : EventManager : Event: ======'bumpers_default_lit_hit'====== Args={'profile': 'default', 'state': 'lit', 'advancing': False}
2019-08-20 20:55:01,947 : INFO : EventManager : Event: ======'bumpers_lit_hit'====== Args={'profile': 'default', 'state': 'lit', 'advancing': False}
2019-08-20 20:55:01,947 : INFO : EventManager : Event: ======'player_gold'====== Args={'value': 220, 'prev_value': 210, 'change': 10, 'player_num': 1}
2019-08-20 20:55:01,948 : INFO : EventManager : Event: ======'player_score'====== Args={'value': 160, 'prev_value': 150, 'change': 10, 'player_num': 1}
2019-08-20 20:55:02,046 : INFO : SwitchController : <<<<<<< 's_left_pop_bumper' inactive >>>>>>>
2019-08-20 20:55:03,693 : INFO : SwitchController : <<<<<<< 's_bottom_pop_bumper' active >>>>>>>
2019-08-20 20:55:03,693 : INFO : EventManager : Event: ======'s_bottom_pop_bumper_active'====== Args={}
2019-08-20 20:55:03,694 : INFO : EventManager : Event: ======'machine_var_audits_switches_s_bottom_pop_bumper'====== Args={'value': 70, 'prev_value': 69, 'change': 1}
2019-08-20 20:55:03,697 : INFO : EventManager : Event: ======'machine_var_audits_shots_bumpers'====== Args={'value': 145, 'prev_value': 144, 'change': 1}
2019-08-20 20:55:03,699 : INFO : EventManager : Event: ======'bumpers_hit'====== Args={'profile': 'default', 'state': 'lit', 'advancing': False}
2019-08-20 20:55:03,700 : INFO : EventManager : Event: ======'bumpers_default_hit'====== Args={'profile': 'default', 'state': 'lit', 'advancing': False}
2019-08-20 20:55:03,700 : INFO : EventManager : Event: ======'bumpers_default_lit_hit'====== Args={'profile': 'default', 'state': 'lit', 'advancing': False}
2019-08-20 20:55:03,701 : INFO : EventManager : Event: ======'bumpers_lit_hit'====== Args={'profile': 'default', 'state': 'lit', 'advancing': False}
2019-08-20 20:55:03,701 : INFO : EventManager : Event: ======'player_gold'====== Args={'value': 230, 'prev_value': 220, 'change': 10, 'player_num': 1}
2019-08-20 20:55:03,701 : INFO : EventManager : Event: ======'player_score'====== Args={'value': 170, 'prev_value': 160, 'change': 10, 'player_num': 1}
2019-08-20 20:55:03,794 : INFO : SwitchController : <<<<<<< 's_bottom_pop_bumper' inactive >>>>>>>
2019-08-20 20:55:06,544 : INFO : SwitchController : <<<<<<< 's_right_pop_bumper' active >>>>>>>
2019-08-20 20:55:06,544 : INFO : EventManager : Event: ======'s_right_pop_bumper_active'====== Args={}
2019-08-20 20:55:06,544 : INFO : EventManager : Event: ======'machine_var_audits_switches_s_right_pop_bumper'====== Args={'value': 50, 'prev_value': 49, 'change': 1}
2019-08-20 20:55:06,545 : INFO : EventManager : Event: ======'machine_var_audits_shots_bumpers'====== Args={'value': 146, 'prev_value': 145, 'change': 1}
2019-08-20 20:55:06,545 : INFO : EventManager : Event: ======'bumpers_hit'====== Args={'profile': 'default', 'state': 'lit', 'advancing': False}
2019-08-20 20:55:06,545 : INFO : EventManager : Event: ======'bumpers_default_hit'====== Args={'profile': 'default', 'state': 'lit', 'advancing': False}
2019-08-20 20:55:06,545 : INFO : EventManager : Event: ======'bumpers_default_lit_hit'====== Args={'profile': 'default', 'state': 'lit', 'advancing': False}
2019-08-20 20:55:06,545 : INFO : EventManager : Event: ======'bumpers_lit_hit'====== Args={'profile': 'default', 'state': 'lit', 'advancing': False}
2019-08-20 20:55:06,545 : INFO : EventManager : Event: ======'player_gold'====== Args={'value': 240, 'prev_value': 230, 'change': 10, 'player_num': 1}
2019-08-20 20:55:06,546 : INFO : EventManager : Event: ======'player_score'====== Args={'value': 180, 'prev_value': 170, 'change': 10, 'player_num': 1}
2019-08-20 20:55:06,613 : INFO : SwitchController : <<<<<<< 's_right_pop_bumper' inactive >>>>>>>
2019-08-20 20:55:07,344 : INFO : SwitchController : <<<<<<< 's_right_pop_bumper' active >>>>>>>
2019-08-20 20:55:07,344 : INFO : EventManager : Event: ======'s_right_pop_bumper_active'====== Args={}
2019-08-20 20:55:07,344 : INFO : EventManager : Event: ======'machine_var_audits_switches_s_right_pop_bumper'====== Args={'value': 51, 'prev_value': 50, 'change': 1}
2019-08-20 20:55:07,345 : INFO : EventManager : Event: ======'machine_var_audits_shots_bumpers'====== Args={'value': 147, 'prev_value': 146, 'change': 1}
2019-08-20 20:55:07,346 : INFO : EventManager : Event: ======'bumpers_hit'====== Args={'profile': 'default', 'state': 'lit', 'advancing': False}
2019-08-20 20:55:07,346 : INFO : EventManager : Event: ======'bumpers_default_hit'====== Args={'profile': 'default', 'state': 'lit', 'advancing': False}
2019-08-20 20:55:07,346 : INFO : EventManager : Event: ======'bumpers_default_lit_hit'====== Args={'profile': 'default', 'state': 'lit', 'advancing': False}
2019-08-20 20:55:07,346 : INFO : EventManager : Event: ======'bumpers_lit_hit'====== Args={'profile': 'default', 'state': 'lit', 'advancing': False}
2019-08-20 20:55:07,346 : INFO : EventManager : Event: ======'player_gold'====== Args={'value': 250, 'prev_value': 240, 'change': 10, 'player_num': 1}
2019-08-20 20:55:07,346 : INFO : EventManager : Event: ======'player_score'====== Args={'value': 190, 'prev_value': 180, 'change': 10, 'player_num': 1}
2019-08-20 20:55:07,428 : INFO : SwitchController : <<<<<<< 's_right_pop_bumper' inactive >>>>>>>
2019-08-20 20:55:08,613 : INFO : SwitchController : <<<<<<< 's_right_pop_bumper' active >>>>>>>
2019-08-20 20:55:08,613 : INFO : EventManager : Event: ======'s_right_pop_bumper_active'====== Args={}
2019-08-20 20:55:08,615 : INFO : EventManager : Event: ======'machine_var_audits_switches_s_right_pop_bumper'====== Args={'value': 52, 'prev_value': 51, 'change': 1}
2019-08-20 20:55:08,618 : INFO : EventManager : Event: ======'machine_var_audits_shots_bumpers'====== Args={'value': 148, 'prev_value': 147, 'change': 1}
2019-08-20 20:55:08,621 : INFO : EventManager : Event: ======'bumpers_hit'====== Args={'profile': 'default', 'state': 'lit', 'advancing': False}
2019-08-20 20:55:08,628 : INFO : EventManager : Event: ======'bumpers_default_hit'====== Args={'profile': 'default', 'state': 'lit', 'advancing': False}
2019-08-20 20:55:08,633 : INFO : EventManager : Event: ======'bumpers_default_lit_hit'====== Args={'profile': 'default', 'state': 'lit', 'advancing': False}
2019-08-20 20:55:08,633 : INFO : EventManager : Event: ======'bumpers_lit_hit'====== Args={'profile': 'default', 'state': 'lit', 'advancing': False}
2019-08-20 20:55:08,633 : INFO : EventManager : Event: ======'player_gold'====== Args={'value': 260, 'prev_value': 250, 'change': 10, 'player_num': 1}
2019-08-20 20:55:08,633 : INFO : EventManager : Event: ======'player_score'====== Args={'value': 200, 'prev_value': 190, 'change': 10, 'player_num': 1}
2019-08-20 20:55:08,690 : INFO : SwitchController : <<<<<<< 's_right_pop_bumper' inactive >>>>>>>
2019-08-20 20:55:09,542 : INFO : SwitchController : <<<<<<< 's_right_pop_bumper' active >>>>>>>
2019-08-20 20:55:09,543 : INFO : EventManager : Event: ======'s_right_pop_bumper_active'====== Args={}
2019-08-20 20:55:09,544 : INFO : EventManager : Event: ======'machine_var_audits_switches_s_right_pop_bumper'====== Args={'value': 53, 'prev_value': 52, 'change': 1}
2019-08-20 20:55:09,547 : INFO : EventManager : Event: ======'machine_var_audits_shots_bumpers'====== Args={'value': 149, 'prev_value': 148, 'change': 1}
2019-08-20 20:55:09,549 : INFO : EventManager : Event: ======'bumpers_hit'====== Args={'profile': 'default', 'state': 'lit', 'advancing': False}
2019-08-20 20:55:09,550 : INFO : EventManager : Event: ======'bumpers_default_hit'====== Args={'profile': 'default', 'state': 'lit', 'advancing': False}
2019-08-20 20:55:09,551 : INFO : EventManager : Event: ======'bumpers_default_lit_hit'====== Args={'profile': 'default', 'state': 'lit', 'advancing': False}
2019-08-20 20:55:09,552 : INFO : EventManager : Event: ======'bumpers_lit_hit'====== Args={'profile': 'default', 'state': 'lit', 'advancing': False}
2019-08-20 20:55:09,553 : INFO : EventManager : Event: ======'player_gold'====== Args={'value': 270, 'prev_value': 260, 'change': 10, 'player_num': 1}
2019-08-20 20:55:09,554 : INFO : EventManager : Event: ======'player_score'====== Args={'value': 210, 'prev_value': 200, 'change': 10, 'player_num': 1}
2019-08-20 20:55:09,630 : INFO : SwitchController : <<<<<<< 's_right_pop_bumper' inactive >>>>>>>
2019-08-20 20:58:19,039 : INFO : Machine : Shutting down...
2019-08-20 20:58:19,039 : INFO : EventManager : Event: ======'shutdown'====== Args={}
2019-08-20 20:58:19,042 : INFO : root : MPF run loop ended.
