2019-08-20 21:06:58,917 : kivy : Factory: 194 symbols loaded
2019-08-20 21:06:58,987 : kivy : Image: Providers: img_tex, img_dds, img_sdl2, img_pil, img_gif (img_ffpyplayer ignored)
2019-08-20 21:06:59,024 : kivy : VideoGstplayer: Using Gstreamer 1.10.2.0
2019-08-20 21:06:59,024 : kivy : Video: Provider: gstplayer
2019-08-20 21:06:59,061 : kivy : Loading MPF-MC controller
2019-08-20 21:06:59,061 : mpfmc : Mission Pinball Framework Media Controller v0.53.0-dev.9
2019-08-20 21:06:59,062 : mpfmc : Mission Pinball Framework Game Engine v0.53.0-dev.52
2019-08-20 21:06:59,062 : mpfmc : Machine path: C:\Users\jgbcross\Desktop\github\WoW_Classic-Pinball
2019-08-20 21:06:59,080 : ConfigProcessor : Config file in cache changed: C:\Users\jgbcross\Desktop\github\WoW_Classic-Pinball\config\config
2019-08-20 21:06:59,080 : ConfigProcessor : Loading config from file c:\program files\python36\lib\site-packages\mpfmc\mcconfig.yaml.
2019-08-20 21:06:59,127 : ConfigProcessor : Loading config: c:\program files\python36\lib\site-packages\mpfmc\mcconfig.yaml
2019-08-20 21:06:59,132 : ConfigProcessor : Loading config from file C:\Users\jgbcross\Desktop\github\WoW_Classic-Pinball\config\config.
2019-08-20 21:06:59,223 : ConfigProcessor : Loading config: C:\Users\jgbcross\Desktop\github\WoW_Classic-Pinball\config\config
2019-08-20 21:06:59,225 : ConfigProcessor : Config file cache created: C:\Users\jgbcross\AppData\Local\Temp\a08c787954a315c79b58c86a86de328a.mpf_cache
2019-08-20 21:06:59,225 : mpfmc : Starting clock at 60.0Hz
2019-08-20 21:06:59,233 : kivy : Text: Provider: sdl2
2019-08-20 21:06:59,254 : kivy : Window: Provider: sdl2
2019-08-20 21:06:59,547 : kivy : GL: Using the "OpenGL" graphics system
2019-08-20 21:06:59,549 : kivy : GL: GLEW initialization succeeded
2019-08-20 21:06:59,550 : kivy : GL: Backend used <glew>
2019-08-20 21:06:59,550 : kivy : GL: OpenGL version <b'4.6.0 NVIDIA 431.60'>
2019-08-20 21:06:59,550 : kivy : GL: OpenGL vendor <b'NVIDIA Corporation'>
2019-08-20 21:06:59,550 : kivy : GL: OpenGL renderer <b'GeForce GTX 1080 Ti/PCIe/SSE2'>
2019-08-20 21:06:59,550 : kivy : GL: OpenGL parsed version: 4, 6
2019-08-20 21:06:59,550 : kivy : GL: Shading version <b'4.60 NVIDIA'>
2019-08-20 21:06:59,550 : kivy : GL: Texture max size <32768>
2019-08-20 21:06:59,550 : kivy : GL: Texture max units <32>
2019-08-20 21:06:59,563 : kivy : Window: auto add sdl2 input provider
2019-08-20 21:06:59,563 : kivy : Window: virtual keyboard not allowed, single mode, not docked
2019-08-20 21:06:59,567 : SoundSystem : SoundSystem: Using default 'sound_system' settings
2019-08-20 21:07:00,244 : AudioInterface : Initialized
2019-08-20 21:07:00,244 : SoundSystem : No audio tracks are specified in your machine config file. a track named 'default' has been created.
2019-08-20 21:07:00,245 : kivy : Base: Start application main loop
2019-08-20 21:07:00,246 : EventManager : Event: ======'display_window_initialized'====== Args={}
2019-08-20 21:07:00,258 : mpfmc : Display: Setting 'window' as default display
2019-08-20 21:07:00,263 : EventManager : Event: ======'displays_initialized'====== Args={}
2019-08-20 21:07:00,264 : EventManager : Event: ======'slide_window_blank_created'====== Args={}
2019-08-20 21:07:00,264 : EventManager : Event: ======'display_window_ready'====== Args={}
2019-08-20 21:07:00,271 : EventManager : Event: ======'init_phase_1'====== Args={}
2019-08-20 21:07:00,289 : EventManager : Event: ======'mc_ready'====== Args={}
2019-08-20 21:07:00,289 : EventManager : Event: ======'init_phase_2'====== Args={}
2019-08-20 21:07:00,290 : ConfigProcessor : Loading config from cache: C:\Users\jgbcross\AppData\Local\Temp\8e1a6a6e716428615d3205ffe45b9b4d.mpf_cache
2019-08-20 21:07:00,291 : ConfigProcessor : Loading config from cache: C:\Users\jgbcross\AppData\Local\Temp\f59debb651560443703eed438ef87128.mpf_cache
2019-08-20 21:07:00,295 : ConfigProcessor : Loading config from cache: C:\Users\jgbcross\AppData\Local\Temp\e140c0164a05ad5fcc304ee02ad77dad.mpf_cache
2019-08-20 21:07:00,296 : ConfigProcessor : Loading config from cache: C:\Users\jgbcross\AppData\Local\Temp\c309900c81551d04caee6839600d76c5.mpf_cache
2019-08-20 21:07:00,296 : ConfigProcessor : Loading config from cache: C:\Users\jgbcross\AppData\Local\Temp\c7ba1d60bed6701f21aa70c0b597f7ff.mpf_cache
2019-08-20 21:07:00,297 : ConfigProcessor : Loading config from cache: C:\Users\jgbcross\AppData\Local\Temp\54ec261b09bad8c6580a7abaec866ef7.mpf_cache
2019-08-20 21:07:00,297 : ConfigProcessor : Loading config from cache: C:\Users\jgbcross\AppData\Local\Temp\773e72d6711483bbecf425ac3ab79443.mpf_cache
2019-08-20 21:07:00,298 : ConfigProcessor : Loading config from cache: C:\Users\jgbcross\AppData\Local\Temp\0d78f0fb76ce90413442c2b7a196c7da.mpf_cache
2019-08-20 21:07:00,298 : ConfigProcessor : Loading config from cache: C:\Users\jgbcross\AppData\Local\Temp\3d1b8a74ec65a169731f17cfe06cf938.mpf_cache
2019-08-20 21:07:00,302 : EventManager : Event: ======'init_phase_3'====== Args={}
2019-08-20 21:07:00,303 : EventManager : Event: ======'init_phase_4'====== Args={}
2019-08-20 21:07:00,303 : EventManager : Event: ======'init_phase_5'====== Args={}
2019-08-20 21:07:00,303 : EventManager : Event: ======'init_done'====== Args={}
2019-08-20 21:07:00,303 : MPF-MC BCP Server : Starting up on localhost port 5050
2019-08-20 21:07:00,306 : MPF-MC BCP Server : Waiting for a connection...
2019-08-20 21:07:00,308 : EventManager : Event: ======'client_disconnected'====== Args={'host': '127.0.0.1', 'port': 5050}
2019-08-20 21:07:01,030 : MPF-MC BCP Server : Received connection from: 127.0.0.1:58800
2019-08-20 21:07:01,035 : EventManager : Event: ======'client_connected'====== Args={'host': '127.0.0.1', 'port': 58800}
2019-08-20 21:07:01,059 : EventManager : Event: ======'machine_var_credits_string'====== Args={'value': 'FREE PLAY', 'prev_value': None, 'change': True}
2019-08-20 21:07:01,059 : EventManager : Event: ======'machine_var_player1_score'====== Args={'value': 330, 'prev_value': None, 'change': True}
2019-08-20 21:07:01,059 : EventManager : Event: ======'machine_var_mpf_version'====== Args={'value': 'MPF v0.53.0-dev.52', 'prev_value': None, 'change': True}
2019-08-20 21:07:01,059 : EventManager : Event: ======'machine_var_mpf_extended_version'====== Args={'value': 'MPF v0.53.0-dev.52, Config version:5, Show version: 5, BCP version:1.1', 'prev_value': None, 'change': True}
2019-08-20 21:07:01,059 : EventManager : Event: ======'machine_var_python_version'====== Args={'value': '3.6.4', 'prev_value': None, 'change': True}
2019-08-20 21:07:01,059 : EventManager : Event: ======'machine_var_platform'====== Args={'value': 'Windows-10-10.0.18362-SP0', 'prev_value': None, 'change': True}
2019-08-20 21:07:01,059 : EventManager : Event: ======'machine_var_platform_system'====== Args={'value': 'Windows', 'prev_value': None, 'change': True}
2019-08-20 21:07:01,059 : EventManager : Event: ======'machine_var_platform_release'====== Args={'value': '10', 'prev_value': None, 'change': True}
2019-08-20 21:07:01,059 : EventManager : Event: ======'machine_var_platform_version'====== Args={'value': '10.0.18362', 'prev_value': None, 'change': True}
2019-08-20 21:07:01,059 : EventManager : Event: ======'machine_var_platform_machine'====== Args={'value': 'AMD64', 'prev_value': None, 'change': True}
2019-08-20 21:07:01,059 : EventManager : Event: ======'machine_var_master_volume'====== Args={'value': 0.5, 'prev_value': None, 'change': True}
2019-08-20 21:07:01,096 : EventManager : Event: ======'machine_var_audits_events_game_ended'====== Args={'value': 1, 'prev_value': None, 'change': True}
2019-08-20 21:07:01,096 : EventManager : Event: ======'machine_var_audits_events_game_started'====== Args={'value': 17, 'prev_value': None, 'change': True}
2019-08-20 21:07:01,096 : EventManager : Event: ======'machine_var_audits_player_score'====== Args={'value': {'average': 330.0, 'top': [330], 'total': 1}, 'prev_value': None, 'change': True}
2019-08-20 21:07:01,096 : EventManager : Event: ======'machine_var_audits_shots_bumpers'====== Args={'value': 184, 'prev_value': None, 'change': True}
2019-08-20 21:07:01,096 : EventManager : Event: ======'machine_var_audits_shots_shot_left_return_lane_left'====== Args={'value': 1, 'prev_value': None, 'change': True}
2019-08-20 21:07:01,096 : EventManager : Event: ======'machine_var_audits_shots_shot_left_return_lane_right'====== Args={'value': 2, 'prev_value': None, 'change': True}
2019-08-20 21:07:01,096 : EventManager : Event: ======'machine_var_audits_shots_shot_quest_target_1'====== Args={'value': 5, 'prev_value': None, 'change': True}
2019-08-20 21:07:01,096 : EventManager : Event: ======'machine_var_audits_shots_shot_quest_target_2'====== Args={'value': 3, 'prev_value': None, 'change': True}
2019-08-20 21:07:01,096 : EventManager : Event: ======'machine_var_audits_shots_shot_quest_target_3'====== Args={'value': 3, 'prev_value': None, 'change': True}
2019-08-20 21:07:01,096 : EventManager : Event: ======'machine_var_audits_shots_shot_quest_target_4'====== Args={'value': 3, 'prev_value': None, 'change': True}
2019-08-20 21:07:01,096 : EventManager : Event: ======'machine_var_audits_shots_shot_quest_target_5'====== Args={'value': 3, 'prev_value': None, 'change': True}
2019-08-20 21:07:01,096 : EventManager : Event: ======'machine_var_audits_shots_shot_top_lane_left'====== Args={'value': 4, 'prev_value': None, 'change': True}
2019-08-20 21:07:01,096 : EventManager : Event: ======'machine_var_audits_shots_shot_top_lane_right'====== Args={'value': 7, 'prev_value': None, 'change': True}
2019-08-20 21:07:01,097 : EventManager : Event: ======'machine_var_audits_switches_s_ah_standup_target'====== Args={'value': 0, 'prev_value': None, 'change': True}
2019-08-20 21:07:01,097 : EventManager : Event: ======'machine_var_audits_switches_s_arena_motor_away'====== Args={'value': 0, 'prev_value': None, 'change': True}
2019-08-20 21:07:01,097 : EventManager : Event: ======'machine_var_audits_switches_s_arena_motor_home'====== Args={'value': 0, 'prev_value': None, 'change': True}
2019-08-20 21:07:01,097 : EventManager : Event: ======'machine_var_audits_switches_s_arena_opto'====== Args={'value': 0, 'prev_value': None, 'change': True}
2019-08-20 21:07:01,097 : EventManager : Event: ======'machine_var_audits_switches_s_arena_trough_1'====== Args={'value': 0, 'prev_value': None, 'change': True}
2019-08-20 21:07:01,097 : EventManager : Event: ======'machine_var_audits_switches_s_arena_trough_2'====== Args={'value': 0, 'prev_value': None, 'change': True}
2019-08-20 21:07:01,097 : EventManager : Event: ======'machine_var_audits_switches_s_arena_trough_3'====== Args={'value': 0, 'prev_value': None, 'change': True}
2019-08-20 21:07:01,097 : EventManager : Event: ======'machine_var_audits_switches_s_arena_trough_4'====== Args={'value': 0, 'prev_value': None, 'change': True}
2019-08-20 21:07:01,097 : EventManager : Event: ======'machine_var_audits_switches_s_bottom_pop_bumper'====== Args={'value': 74, 'prev_value': None, 'change': True}
2019-08-20 21:07:01,097 : EventManager : Event: ======'machine_var_audits_switches_s_center_coin'====== Args={'value': 0, 'prev_value': None, 'change': True}
2019-08-20 21:07:01,097 : EventManager : Event: ======'machine_var_audits_switches_s_center_drop_target'====== Args={'value': 0, 'prev_value': None, 'change': True}
2019-08-20 21:07:01,097 : EventManager : Event: ======'machine_var_audits_switches_s_kickback_opto'====== Args={'value': 0, 'prev_value': None, 'change': True}
2019-08-20 21:07:01,097 : EventManager : Event: ======'machine_var_audits_switches_s_left_coin'====== Args={'value': 0, 'prev_value': None, 'change': True}
2019-08-20 21:07:01,098 : EventManager : Event: ======'machine_var_audits_switches_s_left_flipper_button'====== Args={'value': 8, 'prev_value': None, 'change': True}
2019-08-20 21:07:01,098 : EventManager : Event: ======'machine_var_audits_switches_s_left_flipper_eos'====== Args={'value': 0, 'prev_value': None, 'change': True}
2019-08-20 21:07:01,098 : EventManager : Event: ======'machine_var_audits_switches_s_left_lane'====== Args={'value': 0, 'prev_value': None, 'change': True}
2019-08-20 21:07:01,098 : EventManager : Event: ======'machine_var_audits_switches_s_left_lane_target'====== Args={'value': 0, 'prev_value': None, 'change': True}
2019-08-20 21:07:01,098 : EventManager : Event: ======'machine_var_audits_switches_s_left_orbit'====== Args={'value': 0, 'prev_value': None, 'change': True}
2019-08-20 21:07:01,098 : EventManager : Event: ======'machine_var_audits_switches_s_left_outlane'====== Args={'value': 0, 'prev_value': None, 'change': True}
2019-08-20 21:07:01,098 : EventManager : Event: ======'machine_var_audits_switches_s_left_pop_bumper'====== Args={'value': 53, 'prev_value': None, 'change': True}
2019-08-20 21:07:01,098 : EventManager : Event: ======'machine_var_audits_switches_s_left_ramp_exit'====== Args={'value': 0, 'prev_value': None, 'change': True}
2019-08-20 21:07:01,098 : EventManager : Event: ======'machine_var_audits_switches_s_left_return_lane_left'====== Args={'value': 1, 'prev_value': None, 'change': True}
2019-08-20 21:07:01,098 : EventManager : Event: ======'machine_var_audits_switches_s_left_return_lane_right'====== Args={'value': 2, 'prev_value': None, 'change': True}
2019-08-20 21:07:01,108 : EventManager : Event: ======'machine_var_audits_switches_s_left_slingshot'====== Args={'value': 0, 'prev_value': None, 'change': True}
2019-08-20 21:07:01,108 : EventManager : Event: ======'machine_var_audits_switches_s_lockdown_button'====== Args={'value': 15, 'prev_value': None, 'change': True}
2019-08-20 21:07:01,108 : EventManager : Event: ======'machine_var_audits_switches_s_loot_target_bottom'====== Args={'value': 0, 'prev_value': None, 'change': True}
2019-08-20 21:07:01,108 : EventManager : Event: ======'machine_var_audits_switches_s_loot_target_top'====== Args={'value': 0, 'prev_value': None, 'change': True}
2019-08-20 21:07:01,108 : EventManager : Event: ======'machine_var_audits_switches_s_quest_target_1'====== Args={'value': 5, 'prev_value': None, 'change': True}
2019-08-20 21:07:01,108 : EventManager : Event: ======'machine_var_audits_switches_s_quest_target_2'====== Args={'value': 3, 'prev_value': None, 'change': True}
2019-08-20 21:07:01,108 : EventManager : Event: ======'machine_var_audits_switches_s_quest_target_3'====== Args={'value': 3, 'prev_value': None, 'change': True}
2019-08-20 21:07:01,108 : EventManager : Event: ======'machine_var_audits_switches_s_quest_target_4'====== Args={'value': 3, 'prev_value': None, 'change': True}
2019-08-20 21:07:01,108 : EventManager : Event: ======'machine_var_audits_switches_s_quest_target_5'====== Args={'value': 3, 'prev_value': None, 'change': True}
2019-08-20 21:07:01,108 : EventManager : Event: ======'machine_var_audits_switches_s_right_coin'====== Args={'value': 0, 'prev_value': None, 'change': True}
2019-08-20 21:07:01,108 : EventManager : Event: ======'machine_var_audits_switches_s_right_flipper_button'====== Args={'value': 6, 'prev_value': None, 'change': True}
2019-08-20 21:07:01,108 : EventManager : Event: ======'machine_var_audits_switches_s_right_flipper_eos'====== Args={'value': 0, 'prev_value': None, 'change': True}
2019-08-20 21:07:01,108 : EventManager : Event: ======'machine_var_audits_switches_s_right_orbit'====== Args={'value': 0, 'prev_value': None, 'change': True}
2019-08-20 21:07:01,108 : EventManager : Event: ======'machine_var_audits_switches_s_right_outlane'====== Args={'value': 0, 'prev_value': None, 'change': True}
2019-08-20 21:07:01,109 : EventManager : Event: ======'machine_var_audits_switches_s_right_pop_bumper'====== Args={'value': 57, 'prev_value': None, 'change': True}
2019-08-20 21:07:01,109 : EventManager : Event: ======'machine_var_audits_switches_s_right_ramp_exit'====== Args={'value': 0, 'prev_value': None, 'change': True}
2019-08-20 21:07:01,109 : EventManager : Event: ======'machine_var_audits_switches_s_right_return_lane'====== Args={'value': 0, 'prev_value': None, 'change': True}
2019-08-20 21:07:01,109 : EventManager : Event: ======'machine_var_audits_switches_s_right_scoop'====== Args={'value': 0, 'prev_value': None, 'change': True}
2019-08-20 21:07:01,109 : EventManager : Event: ======'machine_var_audits_switches_s_right_slingshot'====== Args={'value': 0, 'prev_value': None, 'change': True}
2019-08-20 21:07:01,109 : EventManager : Event: ======'machine_var_audits_switches_s_service_back'====== Args={'value': 0, 'prev_value': None, 'change': True}
2019-08-20 21:07:01,109 : EventManager : Event: ======'machine_var_audits_switches_s_service_minus'====== Args={'value': 0, 'prev_value': None, 'change': True}
2019-08-20 21:07:01,109 : EventManager : Event: ======'machine_var_audits_switches_s_service_plus'====== Args={'value': 0, 'prev_value': None, 'change': True}
2019-08-20 21:07:01,109 : EventManager : Event: ======'machine_var_audits_switches_s_service_select'====== Args={'value': 0, 'prev_value': None, 'change': True}
2019-08-20 21:07:01,109 : EventManager : Event: ======'machine_var_audits_switches_s_shooter_lane'====== Args={'value': 23, 'prev_value': None, 'change': True}
2019-08-20 21:07:01,109 : EventManager : Event: ======'machine_var_audits_switches_s_slam_tilt'====== Args={'value': 0, 'prev_value': None, 'change': True}
2019-08-20 21:07:01,109 : EventManager : Event: ======'machine_var_audits_switches_s_soulstone_target_left'====== Args={'value': 0, 'prev_value': None, 'change': True}
2019-08-20 21:07:01,109 : EventManager : Event: ======'machine_var_audits_switches_s_soulstone_target_right'====== Args={'value': 0, 'prev_value': None, 'change': True}
2019-08-20 21:07:01,109 : EventManager : Event: ======'machine_var_audits_switches_s_start_button'====== Args={'value': 0, 'prev_value': None, 'change': True}
2019-08-20 21:07:01,109 : EventManager : Event: ======'machine_var_audits_switches_s_tilt_pendulum'====== Args={'value': 0, 'prev_value': None, 'change': True}
2019-08-20 21:07:01,109 : EventManager : Event: ======'machine_var_audits_switches_s_top_lane_left'====== Args={'value': 4, 'prev_value': None, 'change': True}
2019-08-20 21:07:01,109 : EventManager : Event: ======'machine_var_audits_switches_s_top_lane_right'====== Args={'value': 7, 'prev_value': None, 'change': True}
2019-08-20 21:07:01,109 : EventManager : Event: ======'machine_var_audits_switches_s_tournament_start_button'====== Args={'value': 0, 'prev_value': None, 'change': True}
2019-08-20 21:07:01,109 : EventManager : Event: ======'machine_var_audits_switches_s_trough_1'====== Args={'value': 8, 'prev_value': None, 'change': True}
2019-08-20 21:07:01,109 : EventManager : Event: ======'machine_var_audits_switches_s_trough_2'====== Args={'value': 0, 'prev_value': None, 'change': True}
2019-08-20 21:07:01,110 : EventManager : Event: ======'machine_var_audits_switches_s_trough_3'====== Args={'value': 0, 'prev_value': None, 'change': True}
2019-08-20 21:07:01,110 : EventManager : Event: ======'machine_var_audits_switches_s_trough_4'====== Args={'value': 0, 'prev_value': None, 'change': True}
2019-08-20 21:07:01,110 : EventManager : Event: ======'machine_var_audits_switches_s_trough_5'====== Args={'value': 0, 'prev_value': None, 'change': True}
2019-08-20 21:07:01,110 : EventManager : Event: ======'machine_var_audits_switches_s_trough_6'====== Args={'value': 0, 'prev_value': None, 'change': True}
2019-08-20 21:07:01,110 : EventManager : Event: ======'machine_var_audits_switches_s_trough_jam'====== Args={'value': 0, 'prev_value': None, 'change': True}
2019-08-20 21:07:01,133 : EventManager : Event: ======'mc_reset_phase_1'====== Args={}
2019-08-20 21:07:01,133 : EventManager : Event: ======'mc_reset_phase_2'====== Args={}
2019-08-20 21:07:01,134 : EventManager : Event: ======'mc_reset_phase_3'====== Args={}
2019-08-20 21:07:01,134 : EventManager : Event: ======'mc_reset_complete'====== Args={}
2019-08-20 21:07:01,146 : EventManager : Event: ======'slides_play'====== Args={'settings': {'press_start': {'widgets': [{'type': 'Text', 'text': 'PRESS START', 'font_size': 100, 'font_name': 'FRIZQT__', 'animations': {'pre_show_slide': [{'property': ['opacity'], 'value': ['0'], 'duration': 0.5, 'relative': False, 'timing': 'after_previous', 'repeat': False, 'easing': 'linear'}, {'property': ['opacity'], 'value': ['1'], 'duration': 0.5, 'repeat': True, 'relative': False, 'timing': 'after_previous', 'easing': 'linear'}]}, '_default_settings': ['type', 'text', 'font_size', 'font_name', 'animations'], 'x': None, 'y': None, 'anchor_x': 'center', 'anchor_y': 'center', 'round_anchor_x': None, 'round_anchor_y': None, 'opacity': 1.0, 'z': 0, 'reset_animations_events': {}, 'color': [1.0, 1.0, 1.0, 1.0], 'style': [], 'adjust_top': 0, 'adjust_bottom': 0, 'adjust_left': 0, 'adjust_right': 0, 'expire': None, 'key': None, 'widget': None, 'events_when_added': [], 'events_when_removed': [], 'bitmap_font': False, 'font_kerning': True, 'bold': False, 'italic': False, 'number_grouping': False, 'min_digits': 0, 'halign': 'center', 'valign': 'middle', 'rotation': 0, 'scale': 1.0, 'casing': None}, {'type': 'Text', 'text': 'FREE PLAY', 'color': [1.0, 0.8431372549019608, 0.0, 1], 'font_name': 'FRIZQT__', 'y': '10', 'anchor_y': 'bottom', '_default_settings': ['type', 'text', 'color', 'font_name', 'y', 'anchor_y'], 'x': None, 'anchor_x': 'center', 'round_anchor_x': None, 'round_anchor_y': None, 'opacity': 1.0, 'z': 0, 'reset_animations_events': {}, 'style': [], 'adjust_top': 0, 'adjust_bottom': 0, 'adjust_left': 0, 'adjust_right': 0, 'expire': None, 'key': None, 'widget': None, 'events_when_added': [], 'events_when_removed': [], 'font_size': 15, 'bitmap_font': False, 'font_kerning': True, 'bold': False, 'italic': False, 'number_grouping': False, 'min_digits': 0, 'halign': 'center', 'valign': 'middle', 'rotation': 0, 'scale': 1.0, 'casing': None, 'animations': None}], 'transition': {'type': 'move_in', 'duration': 1.0, 'direction': 'right', 'easing': 'out_quad'}, 'target': None, 'background_color': [0.0, 0.0, 0.0, 1.0], 'priority': None, 'show': True, 'force': False, 'expire': None, 'slide': None, 'tokens': {}, 'action': 'play'}}, 'context': 'show_1', 'calling_context': 0, 'priority': 10, 'show_tokens': {}, 'start_time': 94021.843}
2019-08-20 21:07:01,147 : mpfmc : SlidePlayer: Play called with settings={'press_start': {'widgets': [{'type': 'Text', 'text': 'PRESS START', 'font_size': 100, 'font_name': 'FRIZQT__', 'animations': {'pre_show_slide': [{'property': ['opacity'], 'value': ['0'], 'duration': 0.5, 'relative': False, 'timing': 'after_previous', 'repeat': False, 'easing': 'linear'}, {'property': ['opacity'], 'value': ['1'], 'duration': 0.5, 'repeat': True, 'relative': False, 'timing': 'after_previous', 'easing': 'linear'}]}, '_default_settings': ['type', 'text', 'font_size', 'font_name', 'animations'], 'x': None, 'y': None, 'anchor_x': 'center', 'anchor_y': 'center', 'round_anchor_x': None, 'round_anchor_y': None, 'opacity': 1.0, 'z': 0, 'reset_animations_events': {}, 'color': [1.0, 1.0, 1.0, 1.0], 'style': [], 'adjust_top': 0, 'adjust_bottom': 0, 'adjust_left': 0, 'adjust_right': 0, 'expire': None, 'key': None, 'widget': None, 'events_when_added': [], 'events_when_removed': [], 'bitmap_font': False, 'font_kerning': True, 'bold': False, 'italic': False, 'number_grouping': False, 'min_digits': 0, 'halign': 'center', 'valign': 'middle', 'rotation': 0, 'scale': 1.0, 'casing': None}, {'type': 'Text', 'text': 'FREE PLAY', 'color': [1.0, 0.8431372549019608, 0.0, 1], 'font_name': 'FRIZQT__', 'y': '10', 'anchor_y': 'bottom', '_default_settings': ['type', 'text', 'color', 'font_name', 'y', 'anchor_y'], 'x': None, 'anchor_x': 'center', 'round_anchor_x': None, 'round_anchor_y': None, 'opacity': 1.0, 'z': 0, 'reset_animations_events': {}, 'style': [], 'adjust_top': 0, 'adjust_bottom': 0, 'adjust_left': 0, 'adjust_right': 0, 'expire': None, 'key': None, 'widget': None, 'events_when_added': [], 'events_when_removed': [], 'font_size': 15, 'bitmap_font': False, 'font_kerning': True, 'bold': False, 'italic': False, 'number_grouping': False, 'min_digits': 0, 'halign': 'center', 'valign': 'middle', 'rotation': 0, 'scale': 1.0, 'casing': None, 'animations': None}], 'transition': {'type': 'move_in', 'duration': 1.0, 'direction': 'right', 'easing': 'out_quad'}, 'target': None, 'background_color': [0.0, 0.0, 0.0, 1.0], 'priority': None, 'show': True, 'force': False, 'expire': None, 'slide': None, 'tokens': {}, 'action': 'play'}}
2019-08-20 21:07:01,153 : kivy : GL: NPOT texture support is available
2019-08-20 21:07:01,155 : EventManager : Event: ======'slide_press_start_created'====== Args={}
2019-08-20 21:07:01,158 : EventManager : Event: ======'slide_press_start_active'====== Args={}
2019-08-20 21:07:04,152 : EventManager : Event: ======'slides_play'====== Args={'settings': {'last_game_score_slide': {'widgets': [{'type': 'text', 'text': 'LAST GAME', 'font_size': 50, 'font_name': 'FRIZQT__', 'y': '60%', '_default_settings': ['type', 'text', 'font_size', 'font_name', 'y'], 'x': None, 'anchor_x': 'center', 'anchor_y': 'center', 'round_anchor_x': None, 'round_anchor_y': None, 'opacity': 1.0, 'z': 0, 'reset_animations_events': {}, 'color': [1.0, 1.0, 1.0, 1.0], 'style': [], 'adjust_top': 0, 'adjust_bottom': 0, 'adjust_left': 0, 'adjust_right': 0, 'expire': None, 'key': None, 'widget': None, 'events_when_added': [], 'events_when_removed': [], 'bitmap_font': False, 'font_kerning': True, 'bold': False, 'italic': False, 'number_grouping': False, 'min_digits': 0, 'halign': 'center', 'valign': 'middle', 'rotation': 0, 'scale': 1.0, 'casing': None, 'animations': None}, {'type': 'text', 'text': '(machine|player1_score)', 'number_grouping': True, 'min_digits': 2, 'font_size': 50, 'font_name': 'FRIZQT__', 'y': '40%', '_default_settings': ['type', 'text', 'number_grouping', 'min_digits', 'font_size', 'font_name', 'y'], 'x': None, 'anchor_x': 'center', 'anchor_y': 'center', 'round_anchor_x': None, 'round_anchor_y': None, 'opacity': 1.0, 'z': 0, 'reset_animations_events': {}, 'color': [1.0, 1.0, 1.0, 1.0], 'style': [], 'adjust_top': 0, 'adjust_bottom': 0, 'adjust_left': 0, 'adjust_right': 0, 'expire': None, 'key': None, 'widget': None, 'events_when_added': [], 'events_when_removed': [], 'bitmap_font': False, 'font_kerning': True, 'bold': False, 'italic': False, 'halign': 'center', 'valign': 'middle', 'rotation': 0, 'scale': 1.0, 'casing': None, 'animations': None}], 'target': None, 'background_color': [0.0, 0.0, 0.0, 1.0], 'priority': None, 'show': True, 'force': False, 'expire': None, 'slide': None, 'tokens': {}, 'action': 'play'}}, 'context': 'show_1', 'calling_context': 1, 'priority': 10, 'show_tokens': {}, 'start_time': 94024.843}
2019-08-20 21:07:04,152 : mpfmc : SlidePlayer: Play called with settings={'last_game_score_slide': {'widgets': [{'type': 'text', 'text': 'LAST GAME', 'font_size': 50, 'font_name': 'FRIZQT__', 'y': '60%', '_default_settings': ['type', 'text', 'font_size', 'font_name', 'y'], 'x': None, 'anchor_x': 'center', 'anchor_y': 'center', 'round_anchor_x': None, 'round_anchor_y': None, 'opacity': 1.0, 'z': 0, 'reset_animations_events': {}, 'color': [1.0, 1.0, 1.0, 1.0], 'style': [], 'adjust_top': 0, 'adjust_bottom': 0, 'adjust_left': 0, 'adjust_right': 0, 'expire': None, 'key': None, 'widget': None, 'events_when_added': [], 'events_when_removed': [], 'bitmap_font': False, 'font_kerning': True, 'bold': False, 'italic': False, 'number_grouping': False, 'min_digits': 0, 'halign': 'center', 'valign': 'middle', 'rotation': 0, 'scale': 1.0, 'casing': None, 'animations': None}, {'type': 'text', 'text': '(machine|player1_score)', 'number_grouping': True, 'min_digits': 2, 'font_size': 50, 'font_name': 'FRIZQT__', 'y': '40%', '_default_settings': ['type', 'text', 'number_grouping', 'min_digits', 'font_size', 'font_name', 'y'], 'x': None, 'anchor_x': 'center', 'anchor_y': 'center', 'round_anchor_x': None, 'round_anchor_y': None, 'opacity': 1.0, 'z': 0, 'reset_animations_events': {}, 'color': [1.0, 1.0, 1.0, 1.0], 'style': [], 'adjust_top': 0, 'adjust_bottom': 0, 'adjust_left': 0, 'adjust_right': 0, 'expire': None, 'key': None, 'widget': None, 'events_when_added': [], 'events_when_removed': [], 'bitmap_font': False, 'font_kerning': True, 'bold': False, 'italic': False, 'halign': 'center', 'valign': 'middle', 'rotation': 0, 'scale': 1.0, 'casing': None, 'animations': None}], 'target': None, 'background_color': [0.0, 0.0, 0.0, 1.0], 'priority': None, 'show': True, 'force': False, 'expire': None, 'slide': None, 'tokens': {}, 'action': 'play'}}
2019-08-20 21:07:04,156 : EventManager : Event: ======'slide_last_game_score_slide_created'====== Args={}
2019-08-20 21:07:04,157 : EventManager : Unordered handler for class <Text Widget text=330> on event machine_var_player1_score with priority 1. Handlers: [RegisteredHandler(callback=<bound method Text._machine_var_change of <Text Widget text=330>>, priority=1, kwargs={}, key=UUID('502762b4-2011-434b-9c19-ac1c7940e07e'), condition=None, blocking_facility=None), RegisteredHandler(callback=<bound method Text._machine_var_change of <Text Widget text=330>>, priority=1, kwargs={}, key=UUID('73822020-f592-4874-9445-15bba1ff6e44'), condition=None, blocking_facility=None)]. The order of those handlers is not defined and they will be executed in random order. This might lead to race conditions and potential bugs.
2019-08-20 21:07:04,159 : EventManager : Event: ======'slide_last_game_score_slide_active'====== Args={}
2019-08-20 21:07:06,828 : EventManager : Event: ======'game_started'====== Args={}
2019-08-20 21:07:06,828 : EventManager : Event: ======'slides_clear'====== Args={'context': 'show_1'}
2019-08-20 21:07:06,829 : EventManager : Event: ======'slide_press_start_removed'====== Args={}
2019-08-20 21:07:06,829 : EventManager : Event: ======'slide_last_game_score_slide_removed'====== Args={}
2019-08-20 21:07:06,830 : EventManager : Event: ======'slide_window_blank_active'====== Args={}
2019-08-20 21:07:06,841 : EventManager : Event: ======'player_added'====== Args={'player': <Player 1>, 'num': 1}
2019-08-20 21:07:06,841 : EventManager : Event: ======'player_index'====== Args={'value': 0, 'prev_value': 0, 'change': 0, 'player_num': 1}
2019-08-20 21:07:06,841 : EventManager : Event: ======'player_number'====== Args={'value': 1, 'prev_value': 1, 'change': 0, 'player_num': 1}
2019-08-20 21:07:06,841 : EventManager : Event: ======'player_score'====== Args={'value': 0, 'prev_value': 0, 'change': 0, 'player_num': 1}
2019-08-20 21:07:06,841 : EventManager : Event: ======'player_gold'====== Args={'value': 0, 'prev_value': 0, 'change': 0, 'player_num': 1}
2019-08-20 21:07:06,841 : EventManager : Event: ======'player_super_gold_acheived'====== Args={'value': 0, 'prev_value': 0, 'change': 0, 'player_num': 1}
2019-08-20 21:07:06,841 : EventManager : Event: ======'player_reputation'====== Args={'value': 0, 'prev_value': 0, 'change': 0, 'player_num': 1}
2019-08-20 21:07:06,841 : EventManager : Event: ======'player_rep_multiplier'====== Args={'value': 1.0, 'prev_value': 0, 'change': 1.0, 'player_num': 1}
2019-08-20 21:07:06,841 : EventManager : Event: ======'player_pvp_lanes_completed'====== Args={'value': 0, 'prev_value': 0, 'change': 0, 'player_num': 1}
2019-08-20 21:07:06,842 : EventManager : Event: ======'player_xp_lanes_completed'====== Args={'value': 0, 'prev_value': 0, 'change': 0, 'player_num': 1}
2019-08-20 21:07:06,842 : EventManager : Event: ======'player_quest_targets_completed'====== Args={'value': 0, 'prev_value': 0, 'change': 0, 'player_num': 1}
2019-08-20 21:07:06,853 : EventManager : Event: ======'player_ball'====== Args={'value': 1, 'prev_value': 0, 'change': 1, 'player_num': 1}
2019-08-20 21:07:06,853 : EventManager : Event: ======'player_turn_start'====== Args={'number': 1, 'player': <Player 1>}
2019-08-20 21:07:06,865 : EventManager : Event: ======'player_shot_shot_top_lane_left_enabled'====== Args={'value': True, 'prev_value': 0, 'change': 1, 'player_num': 1}
2019-08-20 21:07:06,865 : EventManager : Event: ======'player_shot_shot_top_lane_right_enabled'====== Args={'value': True, 'prev_value': 0, 'change': 1, 'player_num': 1}
2019-08-20 21:07:06,865 : EventManager : Event: ======'player_shot_bumpers_enabled'====== Args={'value': True, 'prev_value': 0, 'change': 1, 'player_num': 1}
2019-08-20 21:07:06,865 : EventManager : Event: ======'player_shot_shot_quest_target_1_enabled'====== Args={'value': True, 'prev_value': 0, 'change': 1, 'player_num': 1}
2019-08-20 21:07:06,865 : EventManager : Event: ======'player_shot_shot_quest_target_2_enabled'====== Args={'value': True, 'prev_value': 0, 'change': 1, 'player_num': 1}
2019-08-20 21:07:06,865 : EventManager : Event: ======'player_shot_shot_quest_target_3_enabled'====== Args={'value': True, 'prev_value': 0, 'change': 1, 'player_num': 1}
2019-08-20 21:07:06,865 : EventManager : Event: ======'player_shot_shot_quest_target_4_enabled'====== Args={'value': True, 'prev_value': 0, 'change': 1, 'player_num': 1}
2019-08-20 21:07:06,865 : EventManager : Event: ======'player_shot_shot_quest_target_5_enabled'====== Args={'value': True, 'prev_value': 0, 'change': 1, 'player_num': 1}
2019-08-20 21:07:06,877 : EventManager : Event: ======'player_shot_shot_left_return_lane_left_enabled'====== Args={'value': True, 'prev_value': 0, 'change': 1, 'player_num': 1}
2019-08-20 21:07:06,877 : EventManager : Event: ======'player_shot_shot_left_return_lane_right_enabled'====== Args={'value': True, 'prev_value': 0, 'change': 1, 'player_num': 1}
2019-08-20 21:07:06,877 : EventManager : Event: ======'player_shot_shot_right_return_lane_enabled'====== Args={'value': True, 'prev_value': 0, 'change': 1, 'player_num': 1}
2019-08-20 21:07:06,877 : EventManager : Event: ======'slides_play'====== Args={'settings': {'widgets': {'widgets': [{'type': 'text', 'text': '(score)', 'number_grouping': True, 'min_digits': 2, 'font_size': 100, 'font_name': 'FRIZQT__', '_default_settings': ['type', 'text', 'number_grouping', 'min_digits', 'font_size', 'font_name'], 'x': None, 'y': None, 'anchor_x': 'center', 'anchor_y': 'center', 'round_anchor_x': None, 'round_anchor_y': None, 'opacity': 1.0, 'z': 0, 'reset_animations_events': {}, 'color': [1.0, 1.0, 1.0, 1.0], 'style': [], 'adjust_top': 0, 'adjust_bottom': 0, 'adjust_left': 0, 'adjust_right': 0, 'expire': None, 'key': None, 'widget': None, 'events_when_added': [], 'events_when_removed': [], 'bitmap_font': False, 'font_kerning': True, 'bold': False, 'italic': False, 'halign': 'center', 'valign': 'middle', 'rotation': 0, 'scale': 1.0, 'casing': None, 'animations': None}, {'type': 'text', 'text': 'PLAYER (number)', 'y': '10', 'x': '10', 'font_size': 50, 'font_name': 'FRIZQT__', 'anchor_x': 'left', 'anchor_y': 'bottom', '_default_settings': ['type', 'text', 'y', 'x', 'font_size', 'font_name', 'anchor_x', 'anchor_y'], 'round_anchor_x': None, 'round_anchor_y': None, 'opacity': 1.0, 'z': 0, 'reset_animations_events': {}, 'color': [1.0, 1.0, 1.0, 1.0], 'style': [], 'adjust_top': 0, 'adjust_bottom': 0, 'adjust_left': 0, 'adjust_right': 0, 'expire': None, 'key': None, 'widget': None, 'events_when_added': [], 'events_when_removed': [], 'bitmap_font': False, 'font_kerning': True, 'bold': False, 'italic': False, 'number_grouping': False, 'min_digits': 0, 'halign': 'center', 'valign': 'middle', 'rotation': 0, 'scale': 1.0, 'casing': None, 'animations': None}, {'type': 'text', 'text': 'BALL (ball)', 'y': '10', 'x': 'right-10', 'anchor_x': 'right', 'anchor_y': 'bottom', 'font_size': 50, 'font_name': 'FRIZQT__', '_default_settings': ['type', 'text', 'y', 'x', 'anchor_x', 'anchor_y', 'font_size', 'font_name'], 'round_anchor_x': None, 'round_anchor_y': None, 'opacity': 1.0, 'z': 0, 'reset_animations_events': {}, 'color': [1.0, 1.0, 1.0, 1.0], 'style': [], 'adjust_top': 0, 'adjust_bottom': 0, 'adjust_left': 0, 'adjust_right': 0, 'expire': None, 'key': None, 'widget': None, 'events_when_added': [], 'events_when_removed': [], 'bitmap_font': False, 'font_kerning': True, 'bold': False, 'italic': False, 'number_grouping': False, 'min_digits': 0, 'halign': 'center', 'valign': 'middle', 'rotation': 0, 'scale': 1.0, 'casing': None, 'animations': None}, {'type': 'text', 'text': 'Gold: (gold)', 'y': '40%', 'font_name': 'FRIZQT__', '_default_settings': ['type', 'text', 'y', 'font_name'], 'x': None, 'anchor_x': 'center', 'anchor_y': 'center', 'round_anchor_x': None, 'round_anchor_y': None, 'opacity': 1.0, 'z': 0, 'reset_animations_events': {}, 'color': [1.0, 1.0, 1.0, 1.0], 'style': [], 'adjust_top': 0, 'adjust_bottom': 0, 'adjust_left': 0, 'adjust_right': 0, 'expire': None, 'key': None, 'widget': None, 'events_when_added': [], 'events_when_removed': [], 'font_size': 15, 'bitmap_font': False, 'font_kerning': True, 'bold': False, 'italic': False, 'number_grouping': False, 'min_digits': 0, 'halign': 'center', 'valign': 'middle', 'rotation': 0, 'scale': 1.0, 'casing': None, 'animations': None}], 'target': None, 'background_color': [0.0, 0.0, 0.0, 1.0], 'priority': None, 'show': True, 'force': False, 'expire': None, 'slide': None, 'tokens': {}, 'action': 'play'}}, 'context': 'base', 'calling_context': 'mode_base_started', 'priority': 100, 'queue': '<QueuedEvent>', 'player': 1, 'ball': 1, 'balls_remaining': 2, 'is_extra_ball': False}
2019-08-20 21:07:06,877 : mpfmc : SlidePlayer: Play called with settings={'widgets': {'widgets': [{'type': 'text', 'text': '(score)', 'number_grouping': True, 'min_digits': 2, 'font_size': 100, 'font_name': 'FRIZQT__', '_default_settings': ['type', 'text', 'number_grouping', 'min_digits', 'font_size', 'font_name'], 'x': None, 'y': None, 'anchor_x': 'center', 'anchor_y': 'center', 'round_anchor_x': None, 'round_anchor_y': None, 'opacity': 1.0, 'z': 0, 'reset_animations_events': {}, 'color': [1.0, 1.0, 1.0, 1.0], 'style': [], 'adjust_top': 0, 'adjust_bottom': 0, 'adjust_left': 0, 'adjust_right': 0, 'expire': None, 'key': None, 'widget': None, 'events_when_added': [], 'events_when_removed': [], 'bitmap_font': False, 'font_kerning': True, 'bold': False, 'italic': False, 'halign': 'center', 'valign': 'middle', 'rotation': 0, 'scale': 1.0, 'casing': None, 'animations': None}, {'type': 'text', 'text': 'PLAYER (number)', 'y': '10', 'x': '10', 'font_size': 50, 'font_name': 'FRIZQT__', 'anchor_x': 'left', 'anchor_y': 'bottom', '_default_settings': ['type', 'text', 'y', 'x', 'font_size', 'font_name', 'anchor_x', 'anchor_y'], 'round_anchor_x': None, 'round_anchor_y': None, 'opacity': 1.0, 'z': 0, 'reset_animations_events': {}, 'color': [1.0, 1.0, 1.0, 1.0], 'style': [], 'adjust_top': 0, 'adjust_bottom': 0, 'adjust_left': 0, 'adjust_right': 0, 'expire': None, 'key': None, 'widget': None, 'events_when_added': [], 'events_when_removed': [], 'bitmap_font': False, 'font_kerning': True, 'bold': False, 'italic': False, 'number_grouping': False, 'min_digits': 0, 'halign': 'center', 'valign': 'middle', 'rotation': 0, 'scale': 1.0, 'casing': None, 'animations': None}, {'type': 'text', 'text': 'BALL (ball)', 'y': '10', 'x': 'right-10', 'anchor_x': 'right', 'anchor_y': 'bottom', 'font_size': 50, 'font_name': 'FRIZQT__', '_default_settings': ['type', 'text', 'y', 'x', 'anchor_x', 'anchor_y', 'font_size', 'font_name'], 'round_anchor_x': None, 'round_anchor_y': None, 'opacity': 1.0, 'z': 0, 'reset_animations_events': {}, 'color': [1.0, 1.0, 1.0, 1.0], 'style': [], 'adjust_top': 0, 'adjust_bottom': 0, 'adjust_left': 0, 'adjust_right': 0, 'expire': None, 'key': None, 'widget': None, 'events_when_added': [], 'events_when_removed': [], 'bitmap_font': False, 'font_kerning': True, 'bold': False, 'italic': False, 'number_grouping': False, 'min_digits': 0, 'halign': 'center', 'valign': 'middle', 'rotation': 0, 'scale': 1.0, 'casing': None, 'animations': None}, {'type': 'text', 'text': 'Gold: (gold)', 'y': '40%', 'font_name': 'FRIZQT__', '_default_settings': ['type', 'text', 'y', 'font_name'], 'x': None, 'anchor_x': 'center', 'anchor_y': 'center', 'round_anchor_x': None, 'round_anchor_y': None, 'opacity': 1.0, 'z': 0, 'reset_animations_events': {}, 'color': [1.0, 1.0, 1.0, 1.0], 'style': [], 'adjust_top': 0, 'adjust_bottom': 0, 'adjust_left': 0, 'adjust_right': 0, 'expire': None, 'key': None, 'widget': None, 'events_when_added': [], 'events_when_removed': [], 'font_size': 15, 'bitmap_font': False, 'font_kerning': True, 'bold': False, 'italic': False, 'number_grouping': False, 'min_digits': 0, 'halign': 'center', 'valign': 'middle', 'rotation': 0, 'scale': 1.0, 'casing': None, 'animations': None}], 'target': None, 'background_color': [0.0, 0.0, 0.0, 1.0], 'priority': None, 'show': True, 'force': False, 'expire': None, 'slide': None, 'tokens': {}, 'action': 'play'}}
2019-08-20 21:07:06,884 : EventManager : Event: ======'slide_base.slide_player-mode_base_started_created'====== Args={}
2019-08-20 21:07:06,890 : EventManager : Event: ======'slide_base.slide_player-mode_base_started_active'====== Args={}
2019-08-20 21:07:07,002 : EventManager : Event: ======'machine_var_audits_switches_s_shooter_lane'====== Args={'value': 24, 'prev_value': 23, 'change': 1}
2019-08-20 21:07:14,921 : EventManager : Event: ======'machine_var_audits_switches_s_lockdown_button'====== Args={'value': 16, 'prev_value': 15, 'change': 1}
2019-08-20 21:07:20,679 : EventManager : Event: ======'machine_var_audits_switches_s_left_pop_bumper'====== Args={'value': 54, 'prev_value': 53, 'change': 1}
2019-08-20 21:07:20,679 : EventManager : Event: ======'player_shot_bumpers'====== Args={'value': 1, 'prev_value': 0, 'change': 1, 'player_num': 1}
2019-08-20 21:07:20,679 : EventManager : Event: ======'machine_var_audits_shots_bumpers'====== Args={'value': 185, 'prev_value': 184, 'change': 1}
2019-08-20 21:07:20,690 : EventManager : Event: ======'player_gold'====== Args={'value': 10, 'prev_value': 0, 'change': 10, 'player_num': 1}
2019-08-20 21:07:20,690 : EventManager : Event: ======'player_score'====== Args={'value': 10, 'prev_value': 0, 'change': 10, 'player_num': 1}
2019-08-20 21:07:21,129 : EventManager : Event: ======'machine_var_audits_switches_s_left_pop_bumper'====== Args={'value': 55, 'prev_value': 54, 'change': 1}
2019-08-20 21:07:21,129 : EventManager : Event: ======'machine_var_audits_shots_bumpers'====== Args={'value': 186, 'prev_value': 185, 'change': 1}
2019-08-20 21:07:21,129 : EventManager : Event: ======'player_gold'====== Args={'value': 20, 'prev_value': 10, 'change': 10, 'player_num': 1}
2019-08-20 21:07:21,141 : EventManager : Event: ======'player_score'====== Args={'value': 20, 'prev_value': 10, 'change': 10, 'player_num': 1}
2019-08-20 21:07:22,472 : EventManager : Event: ======'machine_var_audits_switches_s_right_pop_bumper'====== Args={'value': 58, 'prev_value': 57, 'change': 1}
2019-08-20 21:07:22,472 : EventManager : Event: ======'machine_var_audits_shots_bumpers'====== Args={'value': 187, 'prev_value': 186, 'change': 1}
2019-08-20 21:07:22,472 : EventManager : Event: ======'player_gold'====== Args={'value': 30, 'prev_value': 20, 'change': 10, 'player_num': 1}
2019-08-20 21:07:22,472 : EventManager : Event: ======'player_score'====== Args={'value': 30, 'prev_value': 20, 'change': 10, 'player_num': 1}
2019-08-20 21:07:22,746 : EventManager : Event: ======'machine_var_audits_switches_s_right_pop_bumper'====== Args={'value': 59, 'prev_value': 58, 'change': 1}
2019-08-20 21:07:22,746 : EventManager : Event: ======'machine_var_audits_shots_bumpers'====== Args={'value': 188, 'prev_value': 187, 'change': 1}
2019-08-20 21:07:22,746 : EventManager : Event: ======'player_gold'====== Args={'value': 40, 'prev_value': 30, 'change': 10, 'player_num': 1}
2019-08-20 21:07:22,746 : EventManager : Event: ======'player_score'====== Args={'value': 40, 'prev_value': 30, 'change': 10, 'player_num': 1}
2019-08-20 21:07:23,937 : EventManager : Event: ======'machine_var_audits_switches_s_bottom_pop_bumper'====== Args={'value': 75, 'prev_value': 74, 'change': 1}
2019-08-20 21:07:23,937 : EventManager : Event: ======'machine_var_audits_shots_bumpers'====== Args={'value': 189, 'prev_value': 188, 'change': 1}
2019-08-20 21:07:23,938 : EventManager : Event: ======'player_gold'====== Args={'value': 50, 'prev_value': 40, 'change': 10, 'player_num': 1}
2019-08-20 21:07:23,949 : EventManager : Event: ======'player_score'====== Args={'value': 50, 'prev_value': 40, 'change': 10, 'player_num': 1}
2019-08-20 21:07:24,234 : EventManager : Event: ======'machine_var_audits_switches_s_bottom_pop_bumper'====== Args={'value': 76, 'prev_value': 75, 'change': 1}
2019-08-20 21:07:24,234 : EventManager : Event: ======'machine_var_audits_shots_bumpers'====== Args={'value': 190, 'prev_value': 189, 'change': 1}
2019-08-20 21:07:24,246 : EventManager : Event: ======'player_gold'====== Args={'value': 60, 'prev_value': 50, 'change': 10, 'player_num': 1}
2019-08-20 21:07:24,246 : EventManager : Event: ======'player_score'====== Args={'value': 60, 'prev_value': 50, 'change': 10, 'player_num': 1}
2019-08-20 21:07:24,709 : EventManager : Event: ======'machine_var_audits_switches_s_bottom_pop_bumper'====== Args={'value': 77, 'prev_value': 76, 'change': 1}
2019-08-20 21:07:24,709 : EventManager : Event: ======'machine_var_audits_shots_bumpers'====== Args={'value': 191, 'prev_value': 190, 'change': 1}
2019-08-20 21:07:24,709 : EventManager : Event: ======'player_gold'====== Args={'value': 70, 'prev_value': 60, 'change': 10, 'player_num': 1}
2019-08-20 21:07:24,709 : EventManager : Event: ======'player_score'====== Args={'value': 70, 'prev_value': 60, 'change': 10, 'player_num': 1}
2019-08-20 21:07:24,872 : EventManager : Event: ======'machine_var_audits_switches_s_bottom_pop_bumper'====== Args={'value': 78, 'prev_value': 77, 'change': 1}
2019-08-20 21:07:24,872 : EventManager : Event: ======'machine_var_audits_shots_bumpers'====== Args={'value': 192, 'prev_value': 191, 'change': 1}
2019-08-20 21:07:24,872 : EventManager : Event: ======'player_gold'====== Args={'value': 80, 'prev_value': 70, 'change': 10, 'player_num': 1}
2019-08-20 21:07:24,884 : EventManager : Event: ======'player_score'====== Args={'value': 80, 'prev_value': 70, 'change': 10, 'player_num': 1}
2019-08-20 21:07:25,145 : EventManager : Event: ======'machine_var_audits_switches_s_bottom_pop_bumper'====== Args={'value': 79, 'prev_value': 78, 'change': 1}
2019-08-20 21:07:25,145 : EventManager : Event: ======'machine_var_audits_shots_bumpers'====== Args={'value': 193, 'prev_value': 192, 'change': 1}
2019-08-20 21:07:25,145 : EventManager : Event: ======'player_gold'====== Args={'value': 90, 'prev_value': 80, 'change': 10, 'player_num': 1}
2019-08-20 21:07:25,145 : EventManager : Event: ======'player_score'====== Args={'value': 90, 'prev_value': 80, 'change': 10, 'player_num': 1}
2019-08-20 21:07:26,142 : EventManager : Event: ======'machine_var_audits_switches_s_bottom_pop_bumper'====== Args={'value': 80, 'prev_value': 79, 'change': 1}
2019-08-20 21:07:26,154 : EventManager : Event: ======'machine_var_audits_shots_bumpers'====== Args={'value': 194, 'prev_value': 193, 'change': 1}
2019-08-20 21:07:26,154 : EventManager : Event: ======'player_gold'====== Args={'value': 100, 'prev_value': 90, 'change': 10, 'player_num': 1}
2019-08-20 21:07:26,154 : EventManager : Event: ======'player_score'====== Args={'value': 100, 'prev_value': 90, 'change': 10, 'player_num': 1}
2019-08-20 21:07:26,154 : EventManager : Event: ======'slides_play'====== Args={'settings': {'super_gold_started': {'widgets': [{'type': 'Text', 'text': 'SUPER GOLD', 'color': [1.0, 0.8431372549019608, 0.0, 1], 'font_size': 100, 'font_name': 'FRIZQT__', 'y': '50', 'anchor_y': 'bottom', '_default_settings': ['type', 'text', 'color', 'font_size', 'font_name', 'y', 'anchor_y'], 'x': None, 'anchor_x': 'center', 'round_anchor_x': None, 'round_anchor_y': None, 'opacity': 1.0, 'z': 0, 'reset_animations_events': {}, 'style': [], 'adjust_top': 0, 'adjust_bottom': 0, 'adjust_left': 0, 'adjust_right': 0, 'expire': None, 'key': None, 'widget': None, 'events_when_added': [], 'events_when_removed': [], 'bitmap_font': False, 'font_kerning': True, 'bold': False, 'italic': False, 'number_grouping': False, 'min_digits': 0, 'halign': 'center', 'valign': 'middle', 'rotation': 0, 'scale': 1.0, 'casing': None, 'animations': None}], 'transition': {'type': 'move_in', 'duration': 1.0, 'direction': 'right', 'easing': 'out_quad'}, 'target': None, 'background_color': [0.0, 0.0, 0.0, 1.0], 'priority': None, 'show': True, 'force': False, 'expire': None, 'slide': None, 'tokens': {}, 'action': 'play'}}, 'context': 'show_15', 'calling_context': 0, 'priority': 300, 'show_tokens': {}, 'start_time': 94046.843}
2019-08-20 21:07:26,154 : EventManager : Event: ======'player_super_gold_acheived'====== Args={'value': 1, 'prev_value': 0, 'change': 1, 'player_num': 1}
2019-08-20 21:07:26,156 : mpfmc : SlidePlayer: Play called with settings={'super_gold_started': {'widgets': [{'type': 'Text', 'text': 'SUPER GOLD', 'color': [1.0, 0.8431372549019608, 0.0, 1], 'font_size': 100, 'font_name': 'FRIZQT__', 'y': '50', 'anchor_y': 'bottom', '_default_settings': ['type', 'text', 'color', 'font_size', 'font_name', 'y', 'anchor_y'], 'x': None, 'anchor_x': 'center', 'round_anchor_x': None, 'round_anchor_y': None, 'opacity': 1.0, 'z': 0, 'reset_animations_events': {}, 'style': [], 'adjust_top': 0, 'adjust_bottom': 0, 'adjust_left': 0, 'adjust_right': 0, 'expire': None, 'key': None, 'widget': None, 'events_when_added': [], 'events_when_removed': [], 'bitmap_font': False, 'font_kerning': True, 'bold': False, 'italic': False, 'number_grouping': False, 'min_digits': 0, 'halign': 'center', 'valign': 'middle', 'rotation': 0, 'scale': 1.0, 'casing': None, 'animations': None}], 'transition': {'type': 'move_in', 'duration': 1.0, 'direction': 'right', 'easing': 'out_quad'}, 'target': None, 'background_color': [0.0, 0.0, 0.0, 1.0], 'priority': None, 'show': True, 'force': False, 'expire': None, 'slide': None, 'tokens': {}, 'action': 'play'}}
2019-08-20 21:07:26,158 : EventManager : Event: ======'slide_super_gold_started_created'====== Args={}
2019-08-20 21:07:26,162 : EventManager : Event: ======'slide_super_gold_started_active'====== Args={}
2019-08-20 21:07:29,149 : EventManager : Event: ======'slides_clear'====== Args={'context': 'show_15'}
2019-08-20 21:07:29,149 : EventManager : Event: ======'slide_super_gold_started_removed'====== Args={}
2019-08-20 21:07:29,150 : EventManager : Event: ======'slide_base.slide_player-mode_base_started_active'====== Args={}
2019-08-20 21:07:29,790 : EventManager : Event: ======'machine_var_audits_switches_s_left_return_lane_left'====== Args={'value': 2, 'prev_value': 1, 'change': 1}
2019-08-20 21:07:29,790 : EventManager : Event: ======'player_shot_shot_left_return_lane_left'====== Args={'value': 1, 'prev_value': 0, 'change': 1, 'player_num': 1}
2019-08-20 21:07:29,790 : EventManager : Event: ======'machine_var_audits_shots_shot_left_return_lane_left'====== Args={'value': 2, 'prev_value': 1, 'change': 1}
2019-08-20 21:07:29,790 : EventManager : Event: ======'player_score'====== Args={'value': 150, 'prev_value': 100, 'change': 50, 'player_num': 1}
2019-08-20 21:07:32,024 : EventManager : Event: ======'machine_var_audits_switches_s_left_return_lane_left'====== Args={'value': 3, 'prev_value': 2, 'change': 1}
2019-08-20 21:07:32,036 : EventManager : Event: ======'machine_var_audits_shots_shot_left_return_lane_left'====== Args={'value': 3, 'prev_value': 2, 'change': 1}
2019-08-20 21:07:32,036 : EventManager : Event: ======'player_score'====== Args={'value': 200, 'prev_value': 150, 'change': 50, 'player_num': 1}
2019-08-20 21:07:33,135 : EventManager : Event: ======'machine_var_audits_switches_s_left_return_lane_left'====== Args={'value': 4, 'prev_value': 3, 'change': 1}
2019-08-20 21:07:33,135 : EventManager : Event: ======'machine_var_audits_shots_shot_left_return_lane_left'====== Args={'value': 4, 'prev_value': 3, 'change': 1}
2019-08-20 21:07:33,135 : EventManager : Event: ======'player_score'====== Args={'value': 250, 'prev_value': 200, 'change': 50, 'player_num': 1}
2019-08-20 21:07:36,724 : EventManager : Event: ======'machine_var_audits_switches_s_left_pop_bumper'====== Args={'value': 56, 'prev_value': 55, 'change': 1}
2019-08-20 21:07:36,736 : EventManager : Event: ======'machine_var_audits_shots_bumpers'====== Args={'value': 195, 'prev_value': 194, 'change': 1}
2019-08-20 21:07:36,749 : EventManager : Event: ======'player_gold'====== Args={'value': 130, 'prev_value': 100, 'change': 30, 'player_num': 1}
2019-08-20 21:07:36,749 : EventManager : Event: ======'player_score'====== Args={'value': 260, 'prev_value': 250, 'change': 10, 'player_num': 1}
2019-08-20 21:07:37,205 : EventManager : Event: ======'machine_var_audits_switches_s_left_pop_bumper'====== Args={'value': 57, 'prev_value': 56, 'change': 1}
2019-08-20 21:07:37,205 : EventManager : Event: ======'machine_var_audits_shots_bumpers'====== Args={'value': 196, 'prev_value': 195, 'change': 1}
2019-08-20 21:07:37,217 : EventManager : Event: ======'player_gold'====== Args={'value': 160, 'prev_value': 130, 'change': 30, 'player_num': 1}
2019-08-20 21:07:37,217 : EventManager : Event: ======'player_score'====== Args={'value': 270, 'prev_value': 260, 'change': 10, 'player_num': 1}
2019-08-20 21:07:37,601 : EventManager : Event: ======'machine_var_audits_switches_s_left_pop_bumper'====== Args={'value': 58, 'prev_value': 57, 'change': 1}
2019-08-20 21:07:37,601 : EventManager : Event: ======'machine_var_audits_shots_bumpers'====== Args={'value': 197, 'prev_value': 196, 'change': 1}
2019-08-20 21:07:37,601 : EventManager : Event: ======'player_gold'====== Args={'value': 190, 'prev_value': 160, 'change': 30, 'player_num': 1}
2019-08-20 21:07:37,601 : EventManager : Event: ======'player_score'====== Args={'value': 280, 'prev_value': 270, 'change': 10, 'player_num': 1}
2019-08-20 21:07:42,244 : kivy : Base: Leaving application in progress...
2019-08-20 21:07:42,245 : mpfmc : Stopping...
2019-08-20 21:07:42,245 : EventManager : Event: ======'shutdown'====== Args={}
2019-08-20 21:07:42,245 : mpfmc : Loop rate 78.59 Hz
2019-08-20 21:07:42,245 : kivy : MC run loop ended.
2019-08-20 21:07:42,245 : kivy : Stopping child threads... (3 remaining)
2019-08-20 21:07:42,792 : mpfmc : Stopping...
2019-08-20 21:07:42,792 : EventManager : Event: ======'shutdown'====== Args={}
2019-08-20 21:07:42,792 : mpfmc : Loop rate 77.58 Hz
2019-08-20 21:07:42,818 : MPF-MC BCP Server : Stopping BCP sending thread
2019-08-20 21:07:42,848 : kivy : All child threads stopped.
